[0.031s] Invoking command in '/home/azizi/kuka_ws/build/kr16_grasping': AMENT_PREFIX_PATH=/home/azizi/kuka_ws/install/rviz_visual_tools:${AMENT_PREFIX_PATH} CMAKE_PREFIX_PATH=/home/azizi/kuka_ws/install/rviz_visual_tools:/opt/ros/galactic LD_LIBRARY_PATH=/home/azizi/kuka_ws/install/rviz_visual_tools/lib:${LD_LIBRARY_PATH} /usr/bin/cmake --build /home/azizi/kuka_ws/build/kr16_grasping -- -j4 -l4
[0.239s] [ 33%] Built target grasp
[0.248s] [ 66%] Built target pick_place
[0.257s] [100%] Built target grasping
[0.281s] Invoked command in '/home/azizi/kuka_ws/build/kr16_grasping' returned '0': AMENT_PREFIX_PATH=/home/azizi/kuka_ws/install/rviz_visual_tools:${AMENT_PREFIX_PATH} CMAKE_PREFIX_PATH=/home/azizi/kuka_ws/install/rviz_visual_tools:/opt/ros/galactic LD_LIBRARY_PATH=/home/azizi/kuka_ws/install/rviz_visual_tools/lib:${LD_LIBRARY_PATH} /usr/bin/cmake --build /home/azizi/kuka_ws/build/kr16_grasping -- -j4 -l4
[0.335s] Invoking command in '/home/azizi/kuka_ws/build/kr16_grasping': AMENT_PREFIX_PATH=/home/azizi/kuka_ws/install/rviz_visual_tools:${AMENT_PREFIX_PATH} CMAKE_PREFIX_PATH=/home/azizi/kuka_ws/install/rviz_visual_tools:/opt/ros/galactic LD_LIBRARY_PATH=/home/azizi/kuka_ws/install/rviz_visual_tools/lib:${LD_LIBRARY_PATH} /usr/bin/cmake --install /home/azizi/kuka_ws/build/kr16_grasping
[0.351s] -- Install configuration: "Release"
[0.352s] -- Up-to-date: /home/azizi/kuka_ws/install/kr16_grasping/share/kr16_grasping/src
[0.352s] -- Up-to-date: /home/azizi/kuka_ws/install/kr16_grasping/share/kr16_grasping/src/dummy_joint_states.cpp
[0.352s] -- Up-to-date: /home/azizi/kuka_ws/install/kr16_grasping/share/kr16_grasping/src/pick_place.cpp
[0.352s] -- Up-to-date: /home/azizi/kuka_ws/install/kr16_grasping/share/kr16_grasping/src/grasping.cpp
[0.353s] -- Up-to-date: /home/azizi/kuka_ws/install/kr16_grasping/share/kr16_grasping/src/test_grasp.cpp
[0.353s] -- Up-to-date: /home/azizi/kuka_ws/install/kr16_grasping/share/kr16_grasping/launch
[0.353s] -- Up-to-date: /home/azizi/kuka_ws/install/kr16_grasping/share/kr16_grasping/launch/grasping_kuka.launch.py
[0.354s] -- Up-to-date: /home/azizi/kuka_ws/install/kr16_grasping/share/kr16_grasping/launch/state_publisher.launch.py
[0.354s] -- Up-to-date: /home/azizi/kuka_ws/install/kr16_grasping/share/kr16_grasping/launch/move_group.rviz
[0.355s] -- Up-to-date: /home/azizi/kuka_ws/install/kr16_grasping/share/kr16_grasping/launch/move_group.launch.py
[0.355s] -- Up-to-date: /home/azizi/kuka_ws/install/kr16_grasping/share/kr16_grasping/launch/rviz.launch.py
[0.356s] -- Up-to-date: /home/azizi/kuka_ws/install/kr16_grasping/share/kr16_grasping/launch/pick_place.launch.py
[0.356s] -- Up-to-date: /home/azizi/kuka_ws/install/kr16_grasping/share/kr16_grasping/launch/model.rviz
[0.356s] -- Up-to-date: /home/azizi/kuka_ws/install/kr16_grasping/share/kr16_grasping/launch/grasp_kuka.launch.py
[0.357s] -- Up-to-date: /home/azizi/kuka_ws/install/kr16_grasping/share/kr16_grasping/scripts
[0.357s] -- Up-to-date: /home/azizi/kuka_ws/install/kr16_grasping/lib/kr16_grasping/grasping
[0.357s] -- Up-to-date: /home/azizi/kuka_ws/install/kr16_grasping/lib/kr16_grasping/pick_place
[0.358s] -- Up-to-date: /home/azizi/kuka_ws/install/kr16_grasping/lib/kr16_grasping/grasp
[0.358s] -- Up-to-date: /home/azizi/kuka_ws/install/kr16_grasping/share/ament_index/resource_index/package_run_dependencies/kr16_grasping
[0.358s] -- Up-to-date: /home/azizi/kuka_ws/install/kr16_grasping/share/ament_index/resource_index/parent_prefix_path/kr16_grasping
[0.358s] -- Up-to-date: /home/azizi/kuka_ws/install/kr16_grasping/share/kr16_grasping/environment/ament_prefix_path.sh
[0.358s] -- Up-to-date: /home/azizi/kuka_ws/install/kr16_grasping/share/kr16_grasping/environment/ament_prefix_path.dsv
[0.359s] -- Up-to-date: /home/azizi/kuka_ws/install/kr16_grasping/share/kr16_grasping/environment/path.sh
[0.359s] -- Up-to-date: /home/azizi/kuka_ws/install/kr16_grasping/share/kr16_grasping/environment/path.dsv
[0.359s] -- Up-to-date: /home/azizi/kuka_ws/install/kr16_grasping/share/kr16_grasping/local_setup.bash
[0.359s] -- Up-to-date: /home/azizi/kuka_ws/install/kr16_grasping/share/kr16_grasping/local_setup.sh
[0.359s] -- Up-to-date: /home/azizi/kuka_ws/install/kr16_grasping/share/kr16_grasping/local_setup.zsh
[0.360s] -- Up-to-date: /home/azizi/kuka_ws/install/kr16_grasping/share/kr16_grasping/local_setup.dsv
[0.360s] -- Installing: /home/azizi/kuka_ws/install/kr16_grasping/share/kr16_grasping/package.dsv
[0.364s] -- Up-to-date: /home/azizi/kuka_ws/install/kr16_grasping/share/ament_index/resource_index/packages/kr16_grasping
[0.364s] -- Up-to-date: /home/azizi/kuka_ws/install/kr16_grasping/share/kr16_grasping/cmake/kr16_graspingConfig.cmake
[0.365s] -- Up-to-date: /home/azizi/kuka_ws/install/kr16_grasping/share/kr16_grasping/cmake/kr16_graspingConfig-version.cmake
[0.365s] -- Up-to-date: /home/azizi/kuka_ws/install/kr16_grasping/share/kr16_grasping/package.xml
[0.366s] Invoked command in '/home/azizi/kuka_ws/build/kr16_grasping' returned '0': AMENT_PREFIX_PATH=/home/azizi/kuka_ws/install/rviz_visual_tools:${AMENT_PREFIX_PATH} CMAKE_PREFIX_PATH=/home/azizi/kuka_ws/install/rviz_visual_tools:/opt/ros/galactic LD_LIBRARY_PATH=/home/azizi/kuka_ws/install/rviz_visual_tools/lib:${LD_LIBRARY_PATH} /usr/bin/cmake --install /home/azizi/kuka_ws/build/kr16_grasping
