[0.023s] Invoking command in '/home/azizi/kuka_ws/build/kr16_grasping': AMENT_PREFIX_PATH=/home/azizi/kuka_ws/install/rviz_visual_tools:${AMENT_PREFIX_PATH} CMAKE_PREFIX_PATH=/home/azizi/kuka_ws/install/rviz_visual_tools:/opt/ros/galactic LD_LIBRARY_PATH=/home/azizi/kuka_ws/install/rviz_visual_tools/lib:${LD_LIBRARY_PATH} /usr/bin/cmake --build /home/azizi/kuka_ws/build/kr16_grasping -- -j4 -l4
[0.178s] [ 33%] Built target grasp
[0.180s] [ 66%] Built target pick_place
[0.193s] [100%] Built target grasping
[0.210s] Invoked command in '/home/azizi/kuka_ws/build/kr16_grasping' returned '0': AMENT_PREFIX_PATH=/home/azizi/kuka_ws/install/rviz_visual_tools:${AMENT_PREFIX_PATH} CMAKE_PREFIX_PATH=/home/azizi/kuka_ws/install/rviz_visual_tools:/opt/ros/galactic LD_LIBRARY_PATH=/home/azizi/kuka_ws/install/rviz_visual_tools/lib:${LD_LIBRARY_PATH} /usr/bin/cmake --build /home/azizi/kuka_ws/build/kr16_grasping -- -j4 -l4
[0.258s] Invoking command in '/home/azizi/kuka_ws/build/kr16_grasping': AMENT_PREFIX_PATH=/home/azizi/kuka_ws/install/rviz_visual_tools:${AMENT_PREFIX_PATH} CMAKE_PREFIX_PATH=/home/azizi/kuka_ws/install/rviz_visual_tools:/opt/ros/galactic LD_LIBRARY_PATH=/home/azizi/kuka_ws/install/rviz_visual_tools/lib:${LD_LIBRARY_PATH} /usr/bin/cmake --install /home/azizi/kuka_ws/build/kr16_grasping
[0.272s] -- Install configuration: "Release"
[0.273s] -- Up-to-date: /home/azizi/kuka_ws/install/kr16_grasping/share/kr16_grasping/src
[0.273s] -- Up-to-date: /home/azizi/kuka_ws/install/kr16_grasping/share/kr16_grasping/src/dummy_joint_states.cpp
[0.273s] -- Up-to-date: /home/azizi/kuka_ws/install/kr16_grasping/share/kr16_grasping/src/pick_place.cpp
[0.273s] -- Up-to-date: /home/azizi/kuka_ws/install/kr16_grasping/share/kr16_grasping/src/grasping.cpp
[0.273s] -- Up-to-date: /home/azizi/kuka_ws/install/kr16_grasping/share/kr16_grasping/src/test_grasp.cpp
[0.273s] -- Up-to-date: /home/azizi/kuka_ws/install/kr16_grasping/share/kr16_grasping/launch
[0.274s] -- Up-to-date: /home/azizi/kuka_ws/install/kr16_grasping/share/kr16_grasping/launch/grasping_kuka.launch.py
[0.274s] -- Up-to-date: /home/azizi/kuka_ws/install/kr16_grasping/share/kr16_grasping/launch/state_publisher.launch.py
[0.274s] -- Up-to-date: /home/azizi/kuka_ws/install/kr16_grasping/share/kr16_grasping/launch/move_group.rviz
[0.274s] -- Up-to-date: /home/azizi/kuka_ws/install/kr16_grasping/share/kr16_grasping/launch/move_group.launch.py
[0.275s] -- Up-to-date: /home/azizi/kuka_ws/install/kr16_grasping/share/kr16_grasping/launch/rviz.launch.py
[0.275s] -- Up-to-date: /home/azizi/kuka_ws/install/kr16_grasping/share/kr16_grasping/launch/pick_place.launch.py
[0.275s] -- Up-to-date: /home/azizi/kuka_ws/install/kr16_grasping/share/kr16_grasping/launch/model.rviz
[0.275s] -- Up-to-date: /home/azizi/kuka_ws/install/kr16_grasping/share/kr16_grasping/launch/grasp_kuka.launch.py
[0.276s] -- Up-to-date: /home/azizi/kuka_ws/install/kr16_grasping/share/kr16_grasping/scripts
[0.276s] -- Up-to-date: /home/azizi/kuka_ws/install/kr16_grasping/lib/kr16_grasping/grasping
[0.276s] -- Up-to-date: /home/azizi/kuka_ws/install/kr16_grasping/lib/kr16_grasping/pick_place
[0.277s] -- Up-to-date: /home/azizi/kuka_ws/install/kr16_grasping/lib/kr16_grasping/grasp
[0.277s] -- Up-to-date: /home/azizi/kuka_ws/install/kr16_grasping/share/ament_index/resource_index/package_run_dependencies/kr16_grasping
[0.277s] -- Up-to-date: /home/azizi/kuka_ws/install/kr16_grasping/share/ament_index/resource_index/parent_prefix_path/kr16_grasping
[0.277s] -- Up-to-date: /home/azizi/kuka_ws/install/kr16_grasping/share/kr16_grasping/environment/ament_prefix_path.sh
[0.277s] -- Up-to-date: /home/azizi/kuka_ws/install/kr16_grasping/share/kr16_grasping/environment/ament_prefix_path.dsv
[0.278s] -- Up-to-date: /home/azizi/kuka_ws/install/kr16_grasping/share/kr16_grasping/environment/path.sh
[0.278s] -- Up-to-date: /home/azizi/kuka_ws/install/kr16_grasping/share/kr16_grasping/environment/path.dsv
[0.278s] -- Up-to-date: /home/azizi/kuka_ws/install/kr16_grasping/share/kr16_grasping/local_setup.bash
[0.278s] -- Up-to-date: /home/azizi/kuka_ws/install/kr16_grasping/share/kr16_grasping/local_setup.sh
[0.279s] -- Up-to-date: /home/azizi/kuka_ws/install/kr16_grasping/share/kr16_grasping/local_setup.zsh
[0.282s] -- Up-to-date: /home/azizi/kuka_ws/install/kr16_grasping/share/kr16_grasping/local_setup.dsv
[0.282s] -- Installing: /home/azizi/kuka_ws/install/kr16_grasping/share/kr16_grasping/package.dsv
[0.282s] -- Up-to-date: /home/azizi/kuka_ws/install/kr16_grasping/share/ament_index/resource_index/packages/kr16_grasping
[0.283s] -- Up-to-date: /home/azizi/kuka_ws/install/kr16_grasping/share/kr16_grasping/cmake/kr16_graspingConfig.cmake
[0.283s] -- Up-to-date: /home/azizi/kuka_ws/install/kr16_grasping/share/kr16_grasping/cmake/kr16_graspingConfig-version.cmake
[0.283s] -- Up-to-date: /home/azizi/kuka_ws/install/kr16_grasping/share/kr16_grasping/package.xml
[0.284s] Invoked command in '/home/azizi/kuka_ws/build/kr16_grasping' returned '0': AMENT_PREFIX_PATH=/home/azizi/kuka_ws/install/rviz_visual_tools:${AMENT_PREFIX_PATH} CMAKE_PREFIX_PATH=/home/azizi/kuka_ws/install/rviz_visual_tools:/opt/ros/galactic LD_LIBRARY_PATH=/home/azizi/kuka_ws/install/rviz_visual_tools/lib:${LD_LIBRARY_PATH} /usr/bin/cmake --install /home/azizi/kuka_ws/build/kr16_grasping
