[0.059s] Invoking command in '/home/azizi/kuka_ws/build/rviz_visual_tools': CMAKE_PREFIX_PATH=/opt/ros/galactic /usr/bin/cmake --build /home/azizi/kuka_ws/build/rviz_visual_tools -- -j4 -l4
[0.269s] [  2%] [34m[1mAutomatic MOC for target gtest[0m
[0.280s] [  5%] [34m[1mAutomatic MOC for target rviz_visual_tools_remote_control[0m
[0.282s] [ 10%] [34m[1mAutomatic MOC for target gtest_main[0m
[0.284s] [ 10%] [34m[1mAutomatic MOC for target rviz_visual_tools_gui[0m
[0.352s] [ 10%] Built target gtest_main_autogen
[0.391s] [ 10%] Built target gtest_autogen
[0.408s] [ 10%] Built target rviz_visual_tools_gui_autogen
[0.412s] [ 10%] Built target rviz_visual_tools_remote_control_autogen
[0.426s] [ 17%] Built target gtest
[0.427s] [ 25%] Built target gtest_main
[0.477s] [ 33%] Built target rviz_visual_tools_remote_control
[0.537s] [ 35%] [34m[1mAutomatic MOC for target rviz_visual_tools[0m
[0.553s] [ 48%] Built target rviz_visual_tools_gui
[0.593s] [ 48%] Built target rviz_visual_tools_autogen
[0.719s] [ 58%] Built target rviz_visual_tools
[0.777s] [ 61%] [34m[1mAutomatic MOC for target rviz_visual_tools_rvt_test[0m
[0.820s] [ 64%] [34m[1mAutomatic MOC for target rviz_visual_tools_demo[0m
[0.828s] [ 66%] [34m[1mAutomatic MOC for target rviz_visual_tools_imarker_simple[0m
[0.915s] [ 66%] Built target rviz_visual_tools_rvt_test_autogen
[0.916s] [ 66%] Built target rviz_visual_tools_imarker_simple_autogen
[0.916s] [ 66%] Built target rviz_visual_tools_demo_autogen
[1.004s] [ 74%] Built target rviz_visual_tools_rvt_test
[1.012s] [ 82%] Built target rviz_visual_tools_demo
[1.030s] [ 89%] Built target rviz_visual_tools_imarker_simple
[1.075s] [ 92%] [34m[1mAutomatic MOC for target rviz_visual_tools_imarker_simple_demo[0m
[1.113s] [ 92%] Built target rviz_visual_tools_imarker_simple_demo_autogen
[1.192s] [100%] Built target rviz_visual_tools_imarker_simple_demo
[1.214s] Invoked command in '/home/azizi/kuka_ws/build/rviz_visual_tools' returned '0': CMAKE_PREFIX_PATH=/opt/ros/galactic /usr/bin/cmake --build /home/azizi/kuka_ws/build/rviz_visual_tools -- -j4 -l4
[1.368s] Invoking command in '/home/azizi/kuka_ws/build/rviz_visual_tools': CMAKE_PREFIX_PATH=/opt/ros/galactic /usr/bin/cmake --install /home/azizi/kuka_ws/build/rviz_visual_tools
[1.390s] -- Install configuration: "Release"
[1.391s] -- Up-to-date: /home/azizi/kuka_ws/install/rviz_visual_tools/share/rviz_visual_tools/plugin_description.xml
[1.391s] -- Up-to-date: /home/azizi/kuka_ws/install/rviz_visual_tools/lib/librviz_visual_tools.so
[1.392s] -- Up-to-date: /home/azizi/kuka_ws/install/rviz_visual_tools/lib/librviz_visual_tools_remote_control.so
[1.393s] -- Up-to-date: /home/azizi/kuka_ws/install/rviz_visual_tools/lib/librviz_visual_tools_gui.so
[1.394s] -- Up-to-date: /home/azizi/kuka_ws/install/rviz_visual_tools/lib/librviz_visual_tools_imarker_simple.so
[1.395s] -- Up-to-date: /home/azizi/kuka_ws/install/rviz_visual_tools/lib/rviz_visual_tools/rviz_visual_tools_demo
[1.396s] -- Up-to-date: /home/azizi/kuka_ws/install/rviz_visual_tools/lib/rviz_visual_tools/rviz_visual_tools_imarker_simple_demo
[1.397s] -- Up-to-date: /home/azizi/kuka_ws/install/rviz_visual_tools/include
[1.398s] -- Up-to-date: /home/azizi/kuka_ws/install/rviz_visual_tools/include/rviz_visual_tools
[1.399s] -- Up-to-date: /home/azizi/kuka_ws/install/rviz_visual_tools/include/rviz_visual_tools/key_tool.hpp
[1.399s] -- Up-to-date: /home/azizi/kuka_ws/install/rviz_visual_tools/include/rviz_visual_tools/imarker_simple.hpp
[1.399s] -- Up-to-date: /home/azizi/kuka_ws/install/rviz_visual_tools/include/rviz_visual_tools/rviz_visual_tools_gui.hpp
[1.401s] -- Up-to-date: /home/azizi/kuka_ws/install/rviz_visual_tools/include/rviz_visual_tools/rviz_visual_tools.hpp
[1.402s] -- Up-to-date: /home/azizi/kuka_ws/install/rviz_visual_tools/include/rviz_visual_tools/tf_visual_tools.hpp
[1.406s] -- Up-to-date: /home/azizi/kuka_ws/install/rviz_visual_tools/include/rviz_visual_tools/remote_reciever.hpp
[1.406s] -- Up-to-date: /home/azizi/kuka_ws/install/rviz_visual_tools/include/rviz_visual_tools/remote_control.hpp
[1.407s] -- Up-to-date: /home/azizi/kuka_ws/install/rviz_visual_tools/share/rviz_visual_tools/launch
[1.407s] -- Up-to-date: /home/azizi/kuka_ws/install/rviz_visual_tools/share/rviz_visual_tools/launch/demo_rviz.launch.py
[1.407s] -- Up-to-date: /home/azizi/kuka_ws/install/rviz_visual_tools/share/rviz_visual_tools/launch/demo.rviz
[1.408s] -- Up-to-date: /home/azizi/kuka_ws/install/rviz_visual_tools/share/rviz_visual_tools/launch/demo_combined.launch.py
[1.408s] -- Up-to-date: /home/azizi/kuka_ws/install/rviz_visual_tools/share/rviz_visual_tools/launch/rvt_test.launch
[1.408s] -- Up-to-date: /home/azizi/kuka_ws/install/rviz_visual_tools/share/rviz_visual_tools/environment/library_path.sh
[1.408s] -- Up-to-date: /home/azizi/kuka_ws/install/rviz_visual_tools/share/rviz_visual_tools/environment/library_path.dsv
[1.408s] -- Up-to-date: /home/azizi/kuka_ws/install/rviz_visual_tools/share/ament_index/resource_index/package_run_dependencies/rviz_visual_tools
[1.409s] -- Up-to-date: /home/azizi/kuka_ws/install/rviz_visual_tools/share/ament_index/resource_index/parent_prefix_path/rviz_visual_tools
[1.409s] -- Up-to-date: /home/azizi/kuka_ws/install/rviz_visual_tools/share/rviz_visual_tools/environment/ament_prefix_path.sh
[1.410s] -- Up-to-date: /home/azizi/kuka_ws/install/rviz_visual_tools/share/rviz_visual_tools/environment/ament_prefix_path.dsv
[1.415s] -- Up-to-date: /home/azizi/kuka_ws/install/rviz_visual_tools/share/rviz_visual_tools/environment/path.sh
[1.415s] -- Up-to-date: /home/azizi/kuka_ws/install/rviz_visual_tools/share/rviz_visual_tools/environment/path.dsv
[1.415s] -- Up-to-date: /home/azizi/kuka_ws/install/rviz_visual_tools/share/rviz_visual_tools/local_setup.bash
[1.415s] -- Up-to-date: /home/azizi/kuka_ws/install/rviz_visual_tools/share/rviz_visual_tools/local_setup.sh
[1.416s] -- Up-to-date: /home/azizi/kuka_ws/install/rviz_visual_tools/share/rviz_visual_tools/local_setup.zsh
[1.416s] -- Up-to-date: /home/azizi/kuka_ws/install/rviz_visual_tools/share/rviz_visual_tools/local_setup.dsv
[1.416s] -- Installing: /home/azizi/kuka_ws/install/rviz_visual_tools/share/rviz_visual_tools/package.dsv
[1.416s] -- Up-to-date: /home/azizi/kuka_ws/install/rviz_visual_tools/share/ament_index/resource_index/packages/rviz_visual_tools
[1.417s] -- Up-to-date: /home/azizi/kuka_ws/install/rviz_visual_tools/share/ament_index/resource_index/rviz_common__pluginlib__plugin/rviz_visual_tools
[1.417s] -- Up-to-date: /home/azizi/kuka_ws/install/rviz_visual_tools/share/rviz_visual_tools/cmake/export_rviz_visual_toolsExport.cmake
[1.417s] -- Up-to-date: /home/azizi/kuka_ws/install/rviz_visual_tools/share/rviz_visual_tools/cmake/export_rviz_visual_toolsExport-release.cmake
[1.417s] -- Up-to-date: /home/azizi/kuka_ws/install/rviz_visual_tools/share/rviz_visual_tools/cmake/ament_cmake_export_targets-extras.cmake
[1.417s] -- Up-to-date: /home/azizi/kuka_ws/install/rviz_visual_tools/share/rviz_visual_tools/cmake/ament_cmake_export_dependencies-extras.cmake
[1.418s] -- Up-to-date: /home/azizi/kuka_ws/install/rviz_visual_tools/share/rviz_visual_tools/cmake/ament_cmake_export_include_directories-extras.cmake
[1.418s] -- Up-to-date: /home/azizi/kuka_ws/install/rviz_visual_tools/share/rviz_visual_tools/cmake/ament_cmake_export_libraries-extras.cmake
[1.418s] -- Up-to-date: /home/azizi/kuka_ws/install/rviz_visual_tools/share/rviz_visual_tools/cmake/rviz_visual_toolsConfig.cmake
[1.418s] -- Up-to-date: /home/azizi/kuka_ws/install/rviz_visual_tools/share/rviz_visual_tools/cmake/rviz_visual_toolsConfig-version.cmake
[1.418s] -- Up-to-date: /home/azizi/kuka_ws/install/rviz_visual_tools/share/rviz_visual_tools/package.xml
[1.419s] Invoked command in '/home/azizi/kuka_ws/build/rviz_visual_tools' returned '0': CMAKE_PREFIX_PATH=/opt/ros/galactic /usr/bin/cmake --install /home/azizi/kuka_ws/build/rviz_visual_tools
