[0.061s] Invoking command in '/home/azizi/kuka_ws/build/kr16_scripts': CMAKE_PREFIX_PATH=/opt/ros/galactic /usr/bin/cmake --build /home/azizi/kuka_ws/build/kr16_scripts -- -j4 -l4
[0.211s] Invoked command in '/home/azizi/kuka_ws/build/kr16_scripts' returned '0': CMAKE_PREFIX_PATH=/opt/ros/galactic /usr/bin/cmake --build /home/azizi/kuka_ws/build/kr16_scripts -- -j4 -l4
[0.327s] Invoking command in '/home/azizi/kuka_ws/build/kr16_scripts': CMAKE_PREFIX_PATH=/opt/ros/galactic /usr/bin/cmake --install /home/azizi/kuka_ws/build/kr16_scripts
[0.374s] -- Install configuration: "Release"
[0.376s] -- Up-to-date: /home/azizi/kuka_ws/install/kr16_scripts/share/ament_index/resource_index/package_run_dependencies/kr16_scripts
[0.378s] -- Up-to-date: /home/azizi/kuka_ws/install/kr16_scripts/share/ament_index/resource_index/parent_prefix_path/kr16_scripts
[0.378s] -- Up-to-date: /home/azizi/kuka_ws/install/kr16_scripts/share/kr16_scripts/environment/ament_prefix_path.sh
[0.379s] -- Up-to-date: /home/azizi/kuka_ws/install/kr16_scripts/share/kr16_scripts/environment/ament_prefix_path.dsv
[0.379s] -- Up-to-date: /home/azizi/kuka_ws/install/kr16_scripts/share/kr16_scripts/environment/path.sh
[0.384s] -- Up-to-date: /home/azizi/kuka_ws/install/kr16_scripts/share/kr16_scripts/environment/path.dsv
[0.384s] -- Up-to-date: /home/azizi/kuka_ws/install/kr16_scripts/share/kr16_scripts/local_setup.bash
[0.384s] -- Up-to-date: /home/azizi/kuka_ws/install/kr16_scripts/share/kr16_scripts/local_setup.sh
[0.384s] -- Up-to-date: /home/azizi/kuka_ws/install/kr16_scripts/share/kr16_scripts/local_setup.zsh
[0.385s] -- Up-to-date: /home/azizi/kuka_ws/install/kr16_scripts/share/kr16_scripts/local_setup.dsv
[0.385s] -- Installing: /home/azizi/kuka_ws/install/kr16_scripts/share/kr16_scripts/package.dsv
[0.385s] -- Up-to-date: /home/azizi/kuka_ws/install/kr16_scripts/share/ament_index/resource_index/packages/kr16_scripts
[0.385s] -- Up-to-date: /home/azizi/kuka_ws/install/kr16_scripts/share/kr16_scripts/cmake/kr16_scriptsConfig.cmake
[0.385s] -- Up-to-date: /home/azizi/kuka_ws/install/kr16_scripts/share/kr16_scripts/cmake/kr16_scriptsConfig-version.cmake
[0.386s] -- Up-to-date: /home/azizi/kuka_ws/install/kr16_scripts/share/kr16_scripts/package.xml
[0.386s] Invoked command in '/home/azizi/kuka_ws/build/kr16_scripts' returned '0': CMAKE_PREFIX_PATH=/opt/ros/galactic /usr/bin/cmake --install /home/azizi/kuka_ws/build/kr16_scripts
