[0.312s] DEBUG:colcon:Command line arguments: ['/usr/bin/colcon', 'build', '--mixin', 'release']
[0.313s] DEBUG:colcon:Parsed command line arguments: Namespace(allow_overriding=[], ament_cmake_args=None, base_paths=['.'], build_base='build', catkin_cmake_args=None, catkin_skip_building_tests=False, cmake_args=['-DCMAKE_BUILD_TYPE=Release'], cmake_clean_cache=False, cmake_clean_first=False, cmake_force_configure=False, cmake_target=None, cmake_target_skip_unavailable=False, continue_on_error=False, event_handlers=None, executor='parallel', ignore_user_meta=False, install_base='install', log_base=None, log_level=None, main=<bound method BuildVerb.main of <colcon_core.verb.build.BuildVerb object at 0x7f99f9470be0>>, merge_install=False, metas=['./colcon.meta'], mixin=['release'], mixin_files=None, mixin_verb=('build',), packages_above=None, packages_above_and_dependencies=None, packages_above_depth=None, packages_end=None, packages_ignore=None, packages_ignore_regex=None, packages_select=None, packages_select_build_failed=False, packages_select_by_dep=None, packages_select_regex=None, packages_select_test_failures=False, packages_skip=None, packages_skip_build_finished=False, packages_skip_by_dep=None, packages_skip_regex=None, packages_skip_test_passed=False, packages_skip_up_to=None, packages_start=None, packages_up_to=None, packages_up_to_regex=None, parallel_workers=4, paths=None, symlink_install=False, test_result_base=None, verb_extension=<colcon_core.verb.build.BuildVerb object at 0x7f99f9470be0>, verb_name='build', verb_parser=<colcon_mixin.mixin.mixin_argument.MixinArgumentDecorator object at 0x7f99f947d1f0>)
[0.321s] Level 1:colcon.colcon_core.package_discovery:discover_packages(colcon_meta) check parameters
[0.321s] Level 1:colcon.colcon_core.package_discovery:discover_packages(recursive) check parameters
[0.321s] Level 1:colcon.colcon_core.package_discovery:discover_packages(ignore) check parameters
[0.321s] Level 1:colcon.colcon_core.package_discovery:discover_packages(path) check parameters
[0.321s] Level 1:colcon.colcon_core.package_discovery:discover_packages(colcon_meta) discover
[0.321s] Level 1:colcon.colcon_core.package_discovery:discover_packages(recursive) discover
[0.321s] INFO:colcon.colcon_core.package_discovery:Crawling recursively for packages in '/home/azizi/kuka_ws'
[0.321s] Level 1:colcon.colcon_core.package_identification:_identify(.) by extensions ['ignore', 'ignore_ament_install']
[0.322s] Level 1:colcon.colcon_core.package_identification:_identify(.) by extension 'ignore'
[0.322s] Level 1:colcon.colcon_core.package_identification:_identify(.) by extension 'ignore_ament_install'
[0.322s] Level 1:colcon.colcon_core.package_identification:_identify(.) by extensions ['colcon_pkg']
[0.322s] Level 1:colcon.colcon_core.package_identification:_identify(.) by extension 'colcon_pkg'
[0.322s] Level 1:colcon.colcon_core.package_identification:_identify(.) by extensions ['colcon_meta']
[0.322s] Level 1:colcon.colcon_core.package_identification:_identify(.) by extension 'colcon_meta'
[0.322s] Level 1:colcon.colcon_core.package_identification:_identify(.) by extensions ['ros']
[0.322s] Level 1:colcon.colcon_core.package_identification:_identify(.) by extension 'ros'
[0.342s] Level 1:colcon.colcon_core.package_identification:_identify(.) by extensions ['cmake', 'python']
[0.342s] Level 1:colcon.colcon_core.package_identification:_identify(.) by extension 'cmake'
[0.342s] Level 1:colcon.colcon_core.package_identification:_identify(.) by extension 'python'
[0.342s] Level 1:colcon.colcon_core.package_identification:_identify(.) by extensions ['python_setup_py']
[0.342s] Level 1:colcon.colcon_core.package_identification:_identify(.) by extension 'python_setup_py'
[0.342s] Level 1:colcon.colcon_core.package_identification:_identify(build) by extensions ['ignore', 'ignore_ament_install']
[0.343s] Level 1:colcon.colcon_core.package_identification:_identify(build) by extension 'ignore'
[0.343s] Level 1:colcon.colcon_core.package_identification:_identify(build) ignored
[0.343s] Level 1:colcon.colcon_core.package_identification:_identify(install) by extensions ['ignore', 'ignore_ament_install']
[0.343s] Level 1:colcon.colcon_core.package_identification:_identify(install) by extension 'ignore'
[0.343s] Level 1:colcon.colcon_core.package_identification:_identify(install) ignored
[0.343s] Level 1:colcon.colcon_core.package_identification:_identify(log) by extensions ['ignore', 'ignore_ament_install']
[0.344s] Level 1:colcon.colcon_core.package_identification:_identify(log) by extension 'ignore'
[0.344s] Level 1:colcon.colcon_core.package_identification:_identify(log) ignored
[0.344s] Level 1:colcon.colcon_core.package_identification:_identify(src) by extensions ['ignore', 'ignore_ament_install']
[0.344s] Level 1:colcon.colcon_core.package_identification:_identify(src) by extension 'ignore'
[0.344s] Level 1:colcon.colcon_core.package_identification:_identify(src) by extension 'ignore_ament_install'
[0.344s] Level 1:colcon.colcon_core.package_identification:_identify(src) by extensions ['colcon_pkg']
[0.344s] Level 1:colcon.colcon_core.package_identification:_identify(src) by extension 'colcon_pkg'
[0.344s] Level 1:colcon.colcon_core.package_identification:_identify(src) by extensions ['colcon_meta']
[0.344s] Level 1:colcon.colcon_core.package_identification:_identify(src) by extension 'colcon_meta'
[0.344s] Level 1:colcon.colcon_core.package_identification:_identify(src) by extensions ['ros']
[0.344s] Level 1:colcon.colcon_core.package_identification:_identify(src) by extension 'ros'
[0.345s] Level 1:colcon.colcon_core.package_identification:_identify(src) by extensions ['cmake', 'python']
[0.345s] Level 1:colcon.colcon_core.package_identification:_identify(src) by extension 'cmake'
[0.345s] Level 1:colcon.colcon_core.package_identification:_identify(src) by extension 'python'
[0.345s] Level 1:colcon.colcon_core.package_identification:_identify(src) by extensions ['python_setup_py']
[0.345s] Level 1:colcon.colcon_core.package_identification:_identify(src) by extension 'python_setup_py'
[0.345s] Level 1:colcon.colcon_core.package_identification:_identify(src/get_pose_client) by extensions ['ignore', 'ignore_ament_install']
[0.345s] Level 1:colcon.colcon_core.package_identification:_identify(src/get_pose_client) by extension 'ignore'
[0.345s] Level 1:colcon.colcon_core.package_identification:_identify(src/get_pose_client) by extension 'ignore_ament_install'
[0.345s] Level 1:colcon.colcon_core.package_identification:_identify(src/get_pose_client) by extensions ['colcon_pkg']
[0.346s] Level 1:colcon.colcon_core.package_identification:_identify(src/get_pose_client) by extension 'colcon_pkg'
[0.346s] Level 1:colcon.colcon_core.package_identification:_identify(src/get_pose_client) by extensions ['colcon_meta']
[0.346s] Level 1:colcon.colcon_core.package_identification:_identify(src/get_pose_client) by extension 'colcon_meta'
[0.346s] Level 1:colcon.colcon_core.package_identification:_identify(src/get_pose_client) by extensions ['ros']
[0.346s] Level 1:colcon.colcon_core.package_identification:_identify(src/get_pose_client) by extension 'ros'
[0.349s] DEBUG:colcon.colcon_core.package_identification:Package 'src/get_pose_client' with type 'ros.ament_cmake' and name 'get_pose_client'
[0.350s] Level 1:colcon.colcon_core.package_identification:_identify(src/kr16_description) by extensions ['ignore', 'ignore_ament_install']
[0.350s] Level 1:colcon.colcon_core.package_identification:_identify(src/kr16_description) by extension 'ignore'
[0.350s] Level 1:colcon.colcon_core.package_identification:_identify(src/kr16_description) by extension 'ignore_ament_install'
[0.350s] Level 1:colcon.colcon_core.package_identification:_identify(src/kr16_description) by extensions ['colcon_pkg']
[0.350s] Level 1:colcon.colcon_core.package_identification:_identify(src/kr16_description) by extension 'colcon_pkg'
[0.350s] Level 1:colcon.colcon_core.package_identification:_identify(src/kr16_description) by extensions ['colcon_meta']
[0.350s] Level 1:colcon.colcon_core.package_identification:_identify(src/kr16_description) by extension 'colcon_meta'
[0.350s] Level 1:colcon.colcon_core.package_identification:_identify(src/kr16_description) by extensions ['ros']
[0.350s] Level 1:colcon.colcon_core.package_identification:_identify(src/kr16_description) by extension 'ros'
[0.351s] DEBUG:colcon.colcon_core.package_identification:Package 'src/kr16_description' with type 'ros.ament_cmake' and name 'kr16_description'
[0.352s] Level 1:colcon.colcon_core.package_identification:_identify(src/kr16_grasping) by extensions ['ignore', 'ignore_ament_install']
[0.352s] Level 1:colcon.colcon_core.package_identification:_identify(src/kr16_grasping) by extension 'ignore'
[0.352s] Level 1:colcon.colcon_core.package_identification:_identify(src/kr16_grasping) by extension 'ignore_ament_install'
[0.352s] Level 1:colcon.colcon_core.package_identification:_identify(src/kr16_grasping) by extensions ['colcon_pkg']
[0.352s] Level 1:colcon.colcon_core.package_identification:_identify(src/kr16_grasping) by extension 'colcon_pkg'
[0.352s] Level 1:colcon.colcon_core.package_identification:_identify(src/kr16_grasping) by extensions ['colcon_meta']
[0.352s] Level 1:colcon.colcon_core.package_identification:_identify(src/kr16_grasping) by extension 'colcon_meta'
[0.352s] Level 1:colcon.colcon_core.package_identification:_identify(src/kr16_grasping) by extensions ['ros']
[0.352s] Level 1:colcon.colcon_core.package_identification:_identify(src/kr16_grasping) by extension 'ros'
[0.355s] DEBUG:colcon.colcon_core.package_identification:Package 'src/kr16_grasping' with type 'ros.ament_cmake' and name 'kr16_grasping'
[0.355s] Level 1:colcon.colcon_core.package_identification:_identify(src/kr16_scripts) by extensions ['ignore', 'ignore_ament_install']
[0.355s] Level 1:colcon.colcon_core.package_identification:_identify(src/kr16_scripts) by extension 'ignore'
[0.355s] Level 1:colcon.colcon_core.package_identification:_identify(src/kr16_scripts) by extension 'ignore_ament_install'
[0.355s] Level 1:colcon.colcon_core.package_identification:_identify(src/kr16_scripts) by extensions ['colcon_pkg']
[0.355s] Level 1:colcon.colcon_core.package_identification:_identify(src/kr16_scripts) by extension 'colcon_pkg'
[0.355s] Level 1:colcon.colcon_core.package_identification:_identify(src/kr16_scripts) by extensions ['colcon_meta']
[0.355s] Level 1:colcon.colcon_core.package_identification:_identify(src/kr16_scripts) by extension 'colcon_meta'
[0.355s] Level 1:colcon.colcon_core.package_identification:_identify(src/kr16_scripts) by extensions ['ros']
[0.356s] Level 1:colcon.colcon_core.package_identification:_identify(src/kr16_scripts) by extension 'ros'
[0.356s] DEBUG:colcon.colcon_core.package_identification:Package 'src/kr16_scripts' with type 'ros.ament_cmake' and name 'kr16_scripts'
[0.356s] Level 1:colcon.colcon_core.package_identification:_identify(src/kuka_kr16_moveit_config) by extensions ['ignore', 'ignore_ament_install']
[0.357s] Level 1:colcon.colcon_core.package_identification:_identify(src/kuka_kr16_moveit_config) by extension 'ignore'
[0.357s] Level 1:colcon.colcon_core.package_identification:_identify(src/kuka_kr16_moveit_config) by extension 'ignore_ament_install'
[0.357s] Level 1:colcon.colcon_core.package_identification:_identify(src/kuka_kr16_moveit_config) by extensions ['colcon_pkg']
[0.357s] Level 1:colcon.colcon_core.package_identification:_identify(src/kuka_kr16_moveit_config) by extension 'colcon_pkg'
[0.357s] Level 1:colcon.colcon_core.package_identification:_identify(src/kuka_kr16_moveit_config) by extensions ['colcon_meta']
[0.357s] Level 1:colcon.colcon_core.package_identification:_identify(src/kuka_kr16_moveit_config) by extension 'colcon_meta'
[0.357s] Level 1:colcon.colcon_core.package_identification:_identify(src/kuka_kr16_moveit_config) by extensions ['ros']
[0.357s] Level 1:colcon.colcon_core.package_identification:_identify(src/kuka_kr16_moveit_config) by extension 'ros'
[0.358s] DEBUG:colcon.colcon_core.package_identification:Package 'src/kuka_kr16_moveit_config' with type 'ros.ament_cmake' and name 'kuka_kr16_moveit_config'
[0.358s] Level 1:colcon.colcon_core.package_identification:_identify(src/rviz) by extensions ['ignore', 'ignore_ament_install']
[0.359s] Level 1:colcon.colcon_core.package_identification:_identify(src/rviz) by extension 'ignore'
[0.359s] Level 1:colcon.colcon_core.package_identification:_identify(src/rviz) by extension 'ignore_ament_install'
[0.359s] Level 1:colcon.colcon_core.package_identification:_identify(src/rviz) by extensions ['colcon_pkg']
[0.359s] Level 1:colcon.colcon_core.package_identification:_identify(src/rviz) by extension 'colcon_pkg'
[0.359s] Level 1:colcon.colcon_core.package_identification:_identify(src/rviz) by extensions ['colcon_meta']
[0.359s] Level 1:colcon.colcon_core.package_identification:_identify(src/rviz) by extension 'colcon_meta'
[0.359s] Level 1:colcon.colcon_core.package_identification:_identify(src/rviz) by extensions ['ros']
[0.359s] Level 1:colcon.colcon_core.package_identification:_identify(src/rviz) by extension 'ros'
[0.359s] Level 1:colcon.colcon_core.package_identification:_identify(src/rviz) by extensions ['cmake', 'python']
[0.359s] Level 1:colcon.colcon_core.package_identification:_identify(src/rviz) by extension 'cmake'
[0.359s] Level 1:colcon.colcon_core.package_identification:_identify(src/rviz) by extension 'python'
[0.360s] Level 1:colcon.colcon_core.package_identification:_identify(src/rviz) by extensions ['python_setup_py']
[0.360s] Level 1:colcon.colcon_core.package_identification:_identify(src/rviz) by extension 'python_setup_py'
[0.360s] Level 1:colcon.colcon_core.package_identification:_identify(src/rviz_visual_tools) by extensions ['ignore', 'ignore_ament_install']
[0.360s] Level 1:colcon.colcon_core.package_identification:_identify(src/rviz_visual_tools) by extension 'ignore'
[0.360s] Level 1:colcon.colcon_core.package_identification:_identify(src/rviz_visual_tools) by extension 'ignore_ament_install'
[0.360s] Level 1:colcon.colcon_core.package_identification:_identify(src/rviz_visual_tools) by extensions ['colcon_pkg']
[0.360s] Level 1:colcon.colcon_core.package_identification:_identify(src/rviz_visual_tools) by extension 'colcon_pkg'
[0.360s] Level 1:colcon.colcon_core.package_identification:_identify(src/rviz_visual_tools) by extensions ['colcon_meta']
[0.360s] Level 1:colcon.colcon_core.package_identification:_identify(src/rviz_visual_tools) by extension 'colcon_meta'
[0.360s] Level 1:colcon.colcon_core.package_identification:_identify(src/rviz_visual_tools) by extensions ['ros']
[0.361s] Level 1:colcon.colcon_core.package_identification:_identify(src/rviz_visual_tools) by extension 'ros'
[0.364s] DEBUG:colcon.colcon_core.package_identification:Package 'src/rviz_visual_tools' with type 'ros.ament_cmake' and name 'rviz_visual_tools'
[0.364s] Level 1:colcon.colcon_core.package_discovery:discover_packages(recursive) using defaults
[0.364s] Level 1:colcon.colcon_core.package_discovery:discover_packages(ignore) discover
[0.364s] Level 1:colcon.colcon_core.package_discovery:discover_packages(ignore) using defaults
[0.364s] Level 1:colcon.colcon_core.package_discovery:discover_packages(path) discover
[0.364s] Level 1:colcon.colcon_core.package_discovery:discover_packages(path) using defaults
[0.399s] Level 5:colcon.colcon_core.verb:set package 'get_pose_client' build argument 'cmake_args' from command line to '['-DCMAKE_BUILD_TYPE=Release']'
[0.399s] Level 5:colcon.colcon_core.verb:set package 'get_pose_client' build argument 'cmake_target' from command line to 'None'
[0.400s] Level 5:colcon.colcon_core.verb:set package 'get_pose_client' build argument 'cmake_target_skip_unavailable' from command line to 'False'
[0.400s] Level 5:colcon.colcon_core.verb:set package 'get_pose_client' build argument 'cmake_clean_cache' from command line to 'False'
[0.400s] Level 5:colcon.colcon_core.verb:set package 'get_pose_client' build argument 'cmake_clean_first' from command line to 'False'
[0.400s] Level 5:colcon.colcon_core.verb:set package 'get_pose_client' build argument 'cmake_force_configure' from command line to 'False'
[0.400s] Level 5:colcon.colcon_core.verb:set package 'get_pose_client' build argument 'ament_cmake_args' from command line to 'None'
[0.400s] Level 5:colcon.colcon_core.verb:set package 'get_pose_client' build argument 'catkin_cmake_args' from command line to 'None'
[0.400s] Level 5:colcon.colcon_core.verb:set package 'get_pose_client' build argument 'catkin_skip_building_tests' from command line to 'False'
[0.400s] DEBUG:colcon.colcon_core.verb:Building package 'get_pose_client' with the following arguments: {'ament_cmake_args': None, 'build_base': '/home/azizi/kuka_ws/build/get_pose_client', 'catkin_cmake_args': None, 'catkin_skip_building_tests': False, 'cmake_args': ['-DCMAKE_BUILD_TYPE=Release'], 'cmake_clean_cache': False, 'cmake_clean_first': False, 'cmake_force_configure': False, 'cmake_target': None, 'cmake_target_skip_unavailable': False, 'install_base': '/home/azizi/kuka_ws/install/get_pose_client', 'merge_install': False, 'path': '/home/azizi/kuka_ws/src/get_pose_client', 'symlink_install': False, 'test_result_base': None}
[0.401s] Level 5:colcon.colcon_core.verb:set package 'kr16_description' build argument 'cmake_args' from command line to '['-DCMAKE_BUILD_TYPE=Release']'
[0.401s] Level 5:colcon.colcon_core.verb:set package 'kr16_description' build argument 'cmake_target' from command line to 'None'
[0.401s] Level 5:colcon.colcon_core.verb:set package 'kr16_description' build argument 'cmake_target_skip_unavailable' from command line to 'False'
[0.401s] Level 5:colcon.colcon_core.verb:set package 'kr16_description' build argument 'cmake_clean_cache' from command line to 'False'
[0.402s] Level 5:colcon.colcon_core.verb:set package 'kr16_description' build argument 'cmake_clean_first' from command line to 'False'
[0.402s] Level 5:colcon.colcon_core.verb:set package 'kr16_description' build argument 'cmake_force_configure' from command line to 'False'
[0.402s] Level 5:colcon.colcon_core.verb:set package 'kr16_description' build argument 'ament_cmake_args' from command line to 'None'
[0.402s] Level 5:colcon.colcon_core.verb:set package 'kr16_description' build argument 'catkin_cmake_args' from command line to 'None'
[0.402s] Level 5:colcon.colcon_core.verb:set package 'kr16_description' build argument 'catkin_skip_building_tests' from command line to 'False'
[0.402s] DEBUG:colcon.colcon_core.verb:Building package 'kr16_description' with the following arguments: {'ament_cmake_args': None, 'build_base': '/home/azizi/kuka_ws/build/kr16_description', 'catkin_cmake_args': None, 'catkin_skip_building_tests': False, 'cmake_args': ['-DCMAKE_BUILD_TYPE=Release'], 'cmake_clean_cache': False, 'cmake_clean_first': False, 'cmake_force_configure': False, 'cmake_target': None, 'cmake_target_skip_unavailable': False, 'install_base': '/home/azizi/kuka_ws/install/kr16_description', 'merge_install': False, 'path': '/home/azizi/kuka_ws/src/kr16_description', 'symlink_install': False, 'test_result_base': None}
[0.403s] Level 5:colcon.colcon_core.verb:set package 'kr16_scripts' build argument 'cmake_args' from command line to '['-DCMAKE_BUILD_TYPE=Release']'
[0.403s] Level 5:colcon.colcon_core.verb:set package 'kr16_scripts' build argument 'cmake_target' from command line to 'None'
[0.403s] Level 5:colcon.colcon_core.verb:set package 'kr16_scripts' build argument 'cmake_target_skip_unavailable' from command line to 'False'
[0.403s] Level 5:colcon.colcon_core.verb:set package 'kr16_scripts' build argument 'cmake_clean_cache' from command line to 'False'
[0.403s] Level 5:colcon.colcon_core.verb:set package 'kr16_scripts' build argument 'cmake_clean_first' from command line to 'False'
[0.404s] Level 5:colcon.colcon_core.verb:set package 'kr16_scripts' build argument 'cmake_force_configure' from command line to 'False'
[0.404s] Level 5:colcon.colcon_core.verb:set package 'kr16_scripts' build argument 'ament_cmake_args' from command line to 'None'
[0.404s] Level 5:colcon.colcon_core.verb:set package 'kr16_scripts' build argument 'catkin_cmake_args' from command line to 'None'
[0.404s] Level 5:colcon.colcon_core.verb:set package 'kr16_scripts' build argument 'catkin_skip_building_tests' from command line to 'False'
[0.404s] DEBUG:colcon.colcon_core.verb:Building package 'kr16_scripts' with the following arguments: {'ament_cmake_args': None, 'build_base': '/home/azizi/kuka_ws/build/kr16_scripts', 'catkin_cmake_args': None, 'catkin_skip_building_tests': False, 'cmake_args': ['-DCMAKE_BUILD_TYPE=Release'], 'cmake_clean_cache': False, 'cmake_clean_first': False, 'cmake_force_configure': False, 'cmake_target': None, 'cmake_target_skip_unavailable': False, 'install_base': '/home/azizi/kuka_ws/install/kr16_scripts', 'merge_install': False, 'path': '/home/azizi/kuka_ws/src/kr16_scripts', 'symlink_install': False, 'test_result_base': None}
[0.405s] Level 5:colcon.colcon_core.verb:set package 'rviz_visual_tools' build argument 'cmake_args' from command line to '['-DCMAKE_BUILD_TYPE=Release']'
[0.405s] Level 5:colcon.colcon_core.verb:set package 'rviz_visual_tools' build argument 'cmake_target' from command line to 'None'
[0.405s] Level 5:colcon.colcon_core.verb:set package 'rviz_visual_tools' build argument 'cmake_target_skip_unavailable' from command line to 'False'
[0.405s] Level 5:colcon.colcon_core.verb:set package 'rviz_visual_tools' build argument 'cmake_clean_cache' from command line to 'False'
[0.405s] Level 5:colcon.colcon_core.verb:set package 'rviz_visual_tools' build argument 'cmake_clean_first' from command line to 'False'
[0.405s] Level 5:colcon.colcon_core.verb:set package 'rviz_visual_tools' build argument 'cmake_force_configure' from command line to 'False'
[0.405s] Level 5:colcon.colcon_core.verb:set package 'rviz_visual_tools' build argument 'ament_cmake_args' from command line to 'None'
[0.405s] Level 5:colcon.colcon_core.verb:set package 'rviz_visual_tools' build argument 'catkin_cmake_args' from command line to 'None'
[0.406s] Level 5:colcon.colcon_core.verb:set package 'rviz_visual_tools' build argument 'catkin_skip_building_tests' from command line to 'False'
[0.406s] DEBUG:colcon.colcon_core.verb:Building package 'rviz_visual_tools' with the following arguments: {'ament_cmake_args': None, 'build_base': '/home/azizi/kuka_ws/build/rviz_visual_tools', 'catkin_cmake_args': None, 'catkin_skip_building_tests': False, 'cmake_args': ['-DCMAKE_BUILD_TYPE=Release'], 'cmake_clean_cache': False, 'cmake_clean_first': False, 'cmake_force_configure': False, 'cmake_target': None, 'cmake_target_skip_unavailable': False, 'install_base': '/home/azizi/kuka_ws/install/rviz_visual_tools', 'merge_install': False, 'path': '/home/azizi/kuka_ws/src/rviz_visual_tools', 'symlink_install': False, 'test_result_base': None}
[0.407s] Level 5:colcon.colcon_core.verb:set package 'kr16_grasping' build argument 'cmake_args' from command line to '['-DCMAKE_BUILD_TYPE=Release']'
[0.407s] Level 5:colcon.colcon_core.verb:set package 'kr16_grasping' build argument 'cmake_target' from command line to 'None'
[0.407s] Level 5:colcon.colcon_core.verb:set package 'kr16_grasping' build argument 'cmake_target_skip_unavailable' from command line to 'False'
[0.407s] Level 5:colcon.colcon_core.verb:set package 'kr16_grasping' build argument 'cmake_clean_cache' from command line to 'False'
[0.407s] Level 5:colcon.colcon_core.verb:set package 'kr16_grasping' build argument 'cmake_clean_first' from command line to 'False'
[0.407s] Level 5:colcon.colcon_core.verb:set package 'kr16_grasping' build argument 'cmake_force_configure' from command line to 'False'
[0.407s] Level 5:colcon.colcon_core.verb:set package 'kr16_grasping' build argument 'ament_cmake_args' from command line to 'None'
[0.407s] Level 5:colcon.colcon_core.verb:set package 'kr16_grasping' build argument 'catkin_cmake_args' from command line to 'None'
[0.407s] Level 5:colcon.colcon_core.verb:set package 'kr16_grasping' build argument 'catkin_skip_building_tests' from command line to 'False'
[0.408s] DEBUG:colcon.colcon_core.verb:Building package 'kr16_grasping' with the following arguments: {'ament_cmake_args': None, 'build_base': '/home/azizi/kuka_ws/build/kr16_grasping', 'catkin_cmake_args': None, 'catkin_skip_building_tests': False, 'cmake_args': ['-DCMAKE_BUILD_TYPE=Release'], 'cmake_clean_cache': False, 'cmake_clean_first': False, 'cmake_force_configure': False, 'cmake_target': None, 'cmake_target_skip_unavailable': False, 'install_base': '/home/azizi/kuka_ws/install/kr16_grasping', 'merge_install': False, 'path': '/home/azizi/kuka_ws/src/kr16_grasping', 'symlink_install': False, 'test_result_base': None}
[0.409s] Level 5:colcon.colcon_core.verb:set package 'kuka_kr16_moveit_config' build argument 'cmake_args' from command line to '['-DCMAKE_BUILD_TYPE=Release']'
[0.409s] Level 5:colcon.colcon_core.verb:set package 'kuka_kr16_moveit_config' build argument 'cmake_target' from command line to 'None'
[0.409s] Level 5:colcon.colcon_core.verb:set package 'kuka_kr16_moveit_config' build argument 'cmake_target_skip_unavailable' from command line to 'False'
[0.409s] Level 5:colcon.colcon_core.verb:set package 'kuka_kr16_moveit_config' build argument 'cmake_clean_cache' from command line to 'False'
[0.409s] Level 5:colcon.colcon_core.verb:set package 'kuka_kr16_moveit_config' build argument 'cmake_clean_first' from command line to 'False'
[0.409s] Level 5:colcon.colcon_core.verb:set package 'kuka_kr16_moveit_config' build argument 'cmake_force_configure' from command line to 'False'
[0.409s] Level 5:colcon.colcon_core.verb:set package 'kuka_kr16_moveit_config' build argument 'ament_cmake_args' from command line to 'None'
[0.409s] Level 5:colcon.colcon_core.verb:set package 'kuka_kr16_moveit_config' build argument 'catkin_cmake_args' from command line to 'None'
[0.409s] Level 5:colcon.colcon_core.verb:set package 'kuka_kr16_moveit_config' build argument 'catkin_skip_building_tests' from command line to 'False'
[0.409s] DEBUG:colcon.colcon_core.verb:Building package 'kuka_kr16_moveit_config' with the following arguments: {'ament_cmake_args': None, 'build_base': '/home/azizi/kuka_ws/build/kuka_kr16_moveit_config', 'catkin_cmake_args': None, 'catkin_skip_building_tests': False, 'cmake_args': ['-DCMAKE_BUILD_TYPE=Release'], 'cmake_clean_cache': False, 'cmake_clean_first': False, 'cmake_force_configure': False, 'cmake_target': None, 'cmake_target_skip_unavailable': False, 'install_base': '/home/azizi/kuka_ws/install/kuka_kr16_moveit_config', 'merge_install': False, 'path': '/home/azizi/kuka_ws/src/kuka_kr16_moveit_config', 'symlink_install': False, 'test_result_base': None}
[0.415s] INFO:colcon.colcon_core.executor:Executing jobs using 'parallel' executor
[0.420s] DEBUG:colcon.colcon_parallel_executor.executor.parallel:run_until_complete
[0.420s] INFO:colcon.colcon_ros.task.ament_cmake.build:Building ROS package in '/home/azizi/kuka_ws/src/kr16_description' with build type 'ament_cmake'
[0.421s] INFO:colcon.colcon_cmake.task.cmake.build:Building CMake package in '/home/azizi/kuka_ws/src/kr16_description'
[0.441s] INFO:colcon.colcon_core.plugin_system:Skipping extension 'colcon_core.shell.bat': Not used on non-Windows systems
[0.442s] INFO:colcon.colcon_core.shell:Skip shell extension 'powershell' for command environment: Not usable outside of PowerShell
[0.442s] DEBUG:colcon.colcon_core.shell:Skip shell extension 'dsv' for command environment
[0.449s] INFO:colcon.colcon_ros.task.ament_cmake.build:Building ROS package in '/home/azizi/kuka_ws/src/rviz_visual_tools' with build type 'ament_cmake'
[0.450s] INFO:colcon.colcon_cmake.task.cmake.build:Building CMake package in '/home/azizi/kuka_ws/src/rviz_visual_tools'
[0.452s] INFO:colcon.colcon_core.shell:Skip shell extension 'powershell' for command environment: Not usable outside of PowerShell
[0.452s] DEBUG:colcon.colcon_core.shell:Skip shell extension 'dsv' for command environment
[0.460s] INFO:colcon.colcon_ros.task.ament_cmake.build:Building ROS package in '/home/azizi/kuka_ws/src/get_pose_client' with build type 'ament_cmake'
[0.461s] INFO:colcon.colcon_cmake.task.cmake.build:Building CMake package in '/home/azizi/kuka_ws/src/get_pose_client'
[0.463s] INFO:colcon.colcon_core.shell:Skip shell extension 'powershell' for command environment: Not usable outside of PowerShell
[0.463s] DEBUG:colcon.colcon_core.shell:Skip shell extension 'dsv' for command environment
[0.470s] INFO:colcon.colcon_ros.task.ament_cmake.build:Building ROS package in '/home/azizi/kuka_ws/src/kr16_scripts' with build type 'ament_cmake'
[0.471s] INFO:colcon.colcon_cmake.task.cmake.build:Building CMake package in '/home/azizi/kuka_ws/src/kr16_scripts'
[0.473s] INFO:colcon.colcon_core.shell:Skip shell extension 'powershell' for command environment: Not usable outside of PowerShell
[0.473s] DEBUG:colcon.colcon_core.shell:Skip shell extension 'dsv' for command environment
[0.496s] DEBUG:colcon.colcon_core.event_handler.log_command:Invoking command in '/home/azizi/kuka_ws/build/kr16_description': CMAKE_PREFIX_PATH=/opt/ros/galactic /usr/bin/cmake --build /home/azizi/kuka_ws/build/kr16_description -- -j4 -l4
[0.507s] DEBUG:colcon.colcon_core.event_handler.log_command:Invoking command in '/home/azizi/kuka_ws/build/rviz_visual_tools': CMAKE_PREFIX_PATH=/opt/ros/galactic /usr/bin/cmake --build /home/azizi/kuka_ws/build/rviz_visual_tools -- -j4 -l4
[0.517s] DEBUG:colcon.colcon_core.event_handler.log_command:Invoking command in '/home/azizi/kuka_ws/build/get_pose_client': CMAKE_PREFIX_PATH=/opt/ros/galactic /usr/bin/cmake --build /home/azizi/kuka_ws/build/get_pose_client -- -j4 -l4
[0.528s] DEBUG:colcon.colcon_core.event_handler.log_command:Invoking command in '/home/azizi/kuka_ws/build/kr16_scripts': CMAKE_PREFIX_PATH=/opt/ros/galactic /usr/bin/cmake --build /home/azizi/kuka_ws/build/kr16_scripts -- -j4 -l4
[0.608s] DEBUG:colcon.colcon_core.event_handler.log_command:Invoked command in '/home/azizi/kuka_ws/build/kr16_description' returned '0': CMAKE_PREFIX_PATH=/opt/ros/galactic /usr/bin/cmake --build /home/azizi/kuka_ws/build/kr16_description -- -j4 -l4
[0.643s] DEBUG:colcon.colcon_core.event_handler.log_command:Invoked command in '/home/azizi/kuka_ws/build/get_pose_client' returned '0': CMAKE_PREFIX_PATH=/opt/ros/galactic /usr/bin/cmake --build /home/azizi/kuka_ws/build/get_pose_client -- -j4 -l4
[0.701s] DEBUG:colcon.colcon_core.event_handler.log_command:Invoked command in '/home/azizi/kuka_ws/build/kr16_scripts' returned '0': CMAKE_PREFIX_PATH=/opt/ros/galactic /usr/bin/cmake --build /home/azizi/kuka_ws/build/kr16_scripts -- -j4 -l4
[0.787s] DEBUG:colcon.colcon_core.event_handler.log_command:Invoking command in '/home/azizi/kuka_ws/build/get_pose_client': CMAKE_PREFIX_PATH=/opt/ros/galactic /usr/bin/cmake --install /home/azizi/kuka_ws/build/get_pose_client
[0.810s] DEBUG:colcon.colcon_core.event_handler.log_command:Invoking command in '/home/azizi/kuka_ws/build/kr16_description': CMAKE_PREFIX_PATH=/opt/ros/galactic /usr/bin/cmake --install /home/azizi/kuka_ws/build/kr16_description
[0.830s] Level 1:colcon.colcon_core.environment:create_environment_scripts_only(get_pose_client)
[0.838s] DEBUG:colcon.colcon_core.event_handler.log_command:Invoked command in '/home/azizi/kuka_ws/build/get_pose_client' returned '0': CMAKE_PREFIX_PATH=/opt/ros/galactic /usr/bin/cmake --install /home/azizi/kuka_ws/build/get_pose_client
[0.845s] Level 1:colcon.colcon_core.environment:checking '/home/azizi/kuka_ws/install/get_pose_client' for CMake module files
[0.870s] Level 1:colcon.colcon_core.environment:checking '/home/azizi/kuka_ws/install/get_pose_client' for CMake config files
[0.870s] Level 1:colcon.colcon_core.shell:create_environment_hook('get_pose_client', 'cmake_prefix_path')
[0.872s] INFO:colcon.colcon_core.shell:Creating environment hook '/home/azizi/kuka_ws/install/get_pose_client/share/get_pose_client/hook/cmake_prefix_path.ps1'
[0.874s] INFO:colcon.colcon_core.shell:Creating environment descriptor '/home/azizi/kuka_ws/install/get_pose_client/share/get_pose_client/hook/cmake_prefix_path.dsv'
[0.875s] INFO:colcon.colcon_core.shell:Creating environment hook '/home/azizi/kuka_ws/install/get_pose_client/share/get_pose_client/hook/cmake_prefix_path.sh'
[0.877s] Level 1:colcon.colcon_core.environment:checking '/home/azizi/kuka_ws/install/get_pose_client/bin'
[0.878s] Level 1:colcon.colcon_core.environment:checking '/home/azizi/kuka_ws/install/get_pose_client/lib/pkgconfig/get_pose_client.pc'
[0.878s] Level 1:colcon.colcon_core.environment:checking '/home/azizi/kuka_ws/install/get_pose_client/lib/python3.8/site-packages'
[0.882s] INFO:colcon.colcon_core.shell:Creating package script '/home/azizi/kuka_ws/install/get_pose_client/share/get_pose_client/package.ps1'
[0.884s] INFO:colcon.colcon_core.shell:Creating package descriptor '/home/azizi/kuka_ws/install/get_pose_client/share/get_pose_client/package.dsv'
[0.886s] INFO:colcon.colcon_core.shell:Creating package script '/home/azizi/kuka_ws/install/get_pose_client/share/get_pose_client/package.sh'
[0.888s] INFO:colcon.colcon_core.shell:Creating package script '/home/azizi/kuka_ws/install/get_pose_client/share/get_pose_client/package.bash'
[0.890s] INFO:colcon.colcon_core.shell:Creating package script '/home/azizi/kuka_ws/install/get_pose_client/share/get_pose_client/package.zsh'
[0.892s] Level 1:colcon.colcon_core.environment:create_file_with_runtime_dependencies(/home/azizi/kuka_ws/install/get_pose_client/share/colcon-core/packages/get_pose_client)
[0.927s] DEBUG:colcon.colcon_core.event_handler.log_command:Invoking command in '/home/azizi/kuka_ws/build/kr16_scripts': CMAKE_PREFIX_PATH=/opt/ros/galactic /usr/bin/cmake --install /home/azizi/kuka_ws/build/kr16_scripts
[0.930s] Level 1:colcon.colcon_core.environment:create_environment_scripts_only(kr16_description)
[0.932s] DEBUG:colcon.colcon_core.event_handler.log_command:Invoked command in '/home/azizi/kuka_ws/build/kr16_description' returned '0': CMAKE_PREFIX_PATH=/opt/ros/galactic /usr/bin/cmake --install /home/azizi/kuka_ws/build/kr16_description
[0.935s] Level 1:colcon.colcon_core.environment:checking '/home/azizi/kuka_ws/install/kr16_description' for CMake module files
[0.937s] Level 1:colcon.colcon_core.environment:checking '/home/azizi/kuka_ws/install/kr16_description' for CMake config files
[0.938s] Level 1:colcon.colcon_core.shell:create_environment_hook('kr16_description', 'cmake_prefix_path')
[0.940s] INFO:colcon.colcon_core.shell:Creating environment hook '/home/azizi/kuka_ws/install/kr16_description/share/kr16_description/hook/cmake_prefix_path.ps1'
[0.941s] INFO:colcon.colcon_core.shell:Creating environment descriptor '/home/azizi/kuka_ws/install/kr16_description/share/kr16_description/hook/cmake_prefix_path.dsv'
[0.942s] INFO:colcon.colcon_core.shell:Creating environment hook '/home/azizi/kuka_ws/install/kr16_description/share/kr16_description/hook/cmake_prefix_path.sh'
[0.944s] Level 1:colcon.colcon_core.environment:checking '/home/azizi/kuka_ws/install/kr16_description/bin'
[0.944s] Level 1:colcon.colcon_core.environment:checking '/home/azizi/kuka_ws/install/kr16_description/lib/pkgconfig/kr16_description.pc'
[0.945s] Level 1:colcon.colcon_core.environment:checking '/home/azizi/kuka_ws/install/kr16_description/lib/python3.8/site-packages'
[0.947s] INFO:colcon.colcon_core.shell:Creating package script '/home/azizi/kuka_ws/install/kr16_description/share/kr16_description/package.ps1'
[0.950s] INFO:colcon.colcon_core.shell:Creating package descriptor '/home/azizi/kuka_ws/install/kr16_description/share/kr16_description/package.dsv'
[0.959s] INFO:colcon.colcon_core.shell:Creating package script '/home/azizi/kuka_ws/install/kr16_description/share/kr16_description/package.sh'
[0.962s] INFO:colcon.colcon_core.shell:Creating package script '/home/azizi/kuka_ws/install/kr16_description/share/kr16_description/package.bash'
[0.967s] INFO:colcon.colcon_core.shell:Creating package script '/home/azizi/kuka_ws/install/kr16_description/share/kr16_description/package.zsh'
[0.968s] Level 1:colcon.colcon_core.environment:create_file_with_runtime_dependencies(/home/azizi/kuka_ws/install/kr16_description/share/colcon-core/packages/kr16_description)
[0.980s] Level 1:colcon.colcon_core.environment:create_environment_scripts_only(kr16_scripts)
[0.981s] DEBUG:colcon.colcon_core.event_handler.log_command:Invoked command in '/home/azizi/kuka_ws/build/kr16_scripts' returned '0': CMAKE_PREFIX_PATH=/opt/ros/galactic /usr/bin/cmake --install /home/azizi/kuka_ws/build/kr16_scripts
[0.984s] Level 1:colcon.colcon_core.environment:checking '/home/azizi/kuka_ws/install/kr16_scripts' for CMake module files
[0.985s] Level 1:colcon.colcon_core.environment:checking '/home/azizi/kuka_ws/install/kr16_scripts' for CMake config files
[0.986s] Level 1:colcon.colcon_core.shell:create_environment_hook('kr16_scripts', 'cmake_prefix_path')
[0.987s] INFO:colcon.colcon_core.shell:Creating environment hook '/home/azizi/kuka_ws/install/kr16_scripts/share/kr16_scripts/hook/cmake_prefix_path.ps1'
[0.988s] INFO:colcon.colcon_core.shell:Creating environment descriptor '/home/azizi/kuka_ws/install/kr16_scripts/share/kr16_scripts/hook/cmake_prefix_path.dsv'
[0.990s] INFO:colcon.colcon_core.shell:Creating environment hook '/home/azizi/kuka_ws/install/kr16_scripts/share/kr16_scripts/hook/cmake_prefix_path.sh'
[0.992s] Level 1:colcon.colcon_core.environment:checking '/home/azizi/kuka_ws/install/kr16_scripts/bin'
[0.992s] Level 1:colcon.colcon_core.environment:checking '/home/azizi/kuka_ws/install/kr16_scripts/lib/pkgconfig/kr16_scripts.pc'
[0.993s] Level 1:colcon.colcon_core.environment:checking '/home/azizi/kuka_ws/install/kr16_scripts/lib/python3.8/site-packages'
[0.995s] INFO:colcon.colcon_core.shell:Creating package script '/home/azizi/kuka_ws/install/kr16_scripts/share/kr16_scripts/package.ps1'
[0.996s] INFO:colcon.colcon_core.shell:Creating package descriptor '/home/azizi/kuka_ws/install/kr16_scripts/share/kr16_scripts/package.dsv'
[0.997s] INFO:colcon.colcon_core.shell:Creating package script '/home/azizi/kuka_ws/install/kr16_scripts/share/kr16_scripts/package.sh'
[0.999s] INFO:colcon.colcon_core.shell:Creating package script '/home/azizi/kuka_ws/install/kr16_scripts/share/kr16_scripts/package.bash'
[1.000s] INFO:colcon.colcon_core.shell:Creating package script '/home/azizi/kuka_ws/install/kr16_scripts/share/kr16_scripts/package.zsh'
[1.001s] Level 1:colcon.colcon_core.environment:create_file_with_runtime_dependencies(/home/azizi/kuka_ws/install/kr16_scripts/share/colcon-core/packages/kr16_scripts)
[1.013s] Level 1:colcon.colcon_core.environment:create_environment_scripts_only(get_pose_client)
[1.016s] Level 1:colcon.colcon_core.environment:checking '/home/azizi/kuka_ws/install/get_pose_client' for CMake module files
[1.018s] Level 1:colcon.colcon_core.environment:checking '/home/azizi/kuka_ws/install/get_pose_client' for CMake config files
[1.019s] Level 1:colcon.colcon_core.shell:create_environment_hook('get_pose_client', 'cmake_prefix_path')
[1.021s] INFO:colcon.colcon_core.shell:Creating environment hook '/home/azizi/kuka_ws/install/get_pose_client/share/get_pose_client/hook/cmake_prefix_path.ps1'
[1.022s] INFO:colcon.colcon_core.shell:Creating environment descriptor '/home/azizi/kuka_ws/install/get_pose_client/share/get_pose_client/hook/cmake_prefix_path.dsv'
[1.023s] INFO:colcon.colcon_core.shell:Creating environment hook '/home/azizi/kuka_ws/install/get_pose_client/share/get_pose_client/hook/cmake_prefix_path.sh'
[1.025s] Level 1:colcon.colcon_core.environment:checking '/home/azizi/kuka_ws/install/get_pose_client/bin'
[1.027s] Level 1:colcon.colcon_core.environment:checking '/home/azizi/kuka_ws/install/get_pose_client/lib/pkgconfig/get_pose_client.pc'
[1.028s] Level 1:colcon.colcon_core.environment:checking '/home/azizi/kuka_ws/install/get_pose_client/lib/python3.8/site-packages'
[1.030s] INFO:colcon.colcon_core.shell:Creating package script '/home/azizi/kuka_ws/install/get_pose_client/share/get_pose_client/package.ps1'
[1.031s] INFO:colcon.colcon_core.shell:Creating package descriptor '/home/azizi/kuka_ws/install/get_pose_client/share/get_pose_client/package.dsv'
[1.033s] INFO:colcon.colcon_core.shell:Creating package script '/home/azizi/kuka_ws/install/get_pose_client/share/get_pose_client/package.sh'
[1.034s] INFO:colcon.colcon_core.shell:Creating package script '/home/azizi/kuka_ws/install/get_pose_client/share/get_pose_client/package.bash'
[1.036s] INFO:colcon.colcon_core.shell:Creating package script '/home/azizi/kuka_ws/install/get_pose_client/share/get_pose_client/package.zsh'
[1.037s] Level 1:colcon.colcon_core.environment:create_file_with_runtime_dependencies(/home/azizi/kuka_ws/install/get_pose_client/share/colcon-core/packages/get_pose_client)
[1.054s] Level 1:colcon.colcon_core.environment:create_environment_scripts_only(kr16_description)
[1.058s] Level 1:colcon.colcon_core.environment:checking '/home/azizi/kuka_ws/install/kr16_description' for CMake module files
[1.059s] Level 1:colcon.colcon_core.environment:checking '/home/azizi/kuka_ws/install/kr16_description' for CMake config files
[1.060s] Level 1:colcon.colcon_core.shell:create_environment_hook('kr16_description', 'cmake_prefix_path')
[1.062s] INFO:colcon.colcon_core.shell:Creating environment hook '/home/azizi/kuka_ws/install/kr16_description/share/kr16_description/hook/cmake_prefix_path.ps1'
[1.063s] INFO:colcon.colcon_core.shell:Creating environment descriptor '/home/azizi/kuka_ws/install/kr16_description/share/kr16_description/hook/cmake_prefix_path.dsv'
[1.064s] INFO:colcon.colcon_core.shell:Creating environment hook '/home/azizi/kuka_ws/install/kr16_description/share/kr16_description/hook/cmake_prefix_path.sh'
[1.066s] Level 1:colcon.colcon_core.environment:checking '/home/azizi/kuka_ws/install/kr16_description/bin'
[1.066s] Level 1:colcon.colcon_core.environment:checking '/home/azizi/kuka_ws/install/kr16_description/lib/pkgconfig/kr16_description.pc'
[1.066s] Level 1:colcon.colcon_core.environment:checking '/home/azizi/kuka_ws/install/kr16_description/lib/python3.8/site-packages'
[1.068s] INFO:colcon.colcon_core.shell:Creating package script '/home/azizi/kuka_ws/install/kr16_description/share/kr16_description/package.ps1'
[1.070s] INFO:colcon.colcon_core.shell:Creating package descriptor '/home/azizi/kuka_ws/install/kr16_description/share/kr16_description/package.dsv'
[1.071s] INFO:colcon.colcon_core.shell:Creating package script '/home/azizi/kuka_ws/install/kr16_description/share/kr16_description/package.sh'
[1.072s] INFO:colcon.colcon_core.shell:Creating package script '/home/azizi/kuka_ws/install/kr16_description/share/kr16_description/package.bash'
[1.074s] INFO:colcon.colcon_core.shell:Creating package script '/home/azizi/kuka_ws/install/kr16_description/share/kr16_description/package.zsh'
[1.075s] Level 1:colcon.colcon_core.environment:create_file_with_runtime_dependencies(/home/azizi/kuka_ws/install/kr16_description/share/colcon-core/packages/kr16_description)
[1.077s] INFO:colcon.colcon_ros.task.ament_cmake.build:Building ROS package in '/home/azizi/kuka_ws/src/kuka_kr16_moveit_config' with build type 'ament_cmake'
[1.078s] INFO:colcon.colcon_cmake.task.cmake.build:Building CMake package in '/home/azizi/kuka_ws/src/kuka_kr16_moveit_config'
[1.079s] INFO:colcon.colcon_core.shell:Skip shell extension 'powershell' for command environment: Not usable outside of PowerShell
[1.079s] DEBUG:colcon.colcon_core.shell:Skip shell extension 'dsv' for command environment
[1.107s] Level 1:colcon.colcon_core.environment:create_environment_scripts_only(kr16_scripts)
[1.109s] Level 1:colcon.colcon_core.environment:checking '/home/azizi/kuka_ws/install/kr16_scripts' for CMake module files
[1.110s] Level 1:colcon.colcon_core.environment:checking '/home/azizi/kuka_ws/install/kr16_scripts' for CMake config files
[1.111s] Level 1:colcon.colcon_core.shell:create_environment_hook('kr16_scripts', 'cmake_prefix_path')
[1.112s] INFO:colcon.colcon_core.shell:Creating environment hook '/home/azizi/kuka_ws/install/kr16_scripts/share/kr16_scripts/hook/cmake_prefix_path.ps1'
[1.113s] INFO:colcon.colcon_core.shell:Creating environment descriptor '/home/azizi/kuka_ws/install/kr16_scripts/share/kr16_scripts/hook/cmake_prefix_path.dsv'
[1.114s] INFO:colcon.colcon_core.shell:Creating environment hook '/home/azizi/kuka_ws/install/kr16_scripts/share/kr16_scripts/hook/cmake_prefix_path.sh'
[1.116s] Level 1:colcon.colcon_core.environment:checking '/home/azizi/kuka_ws/install/kr16_scripts/bin'
[1.116s] Level 1:colcon.colcon_core.environment:checking '/home/azizi/kuka_ws/install/kr16_scripts/lib/pkgconfig/kr16_scripts.pc'
[1.117s] Level 1:colcon.colcon_core.environment:checking '/home/azizi/kuka_ws/install/kr16_scripts/lib/python3.8/site-packages'
[1.121s] INFO:colcon.colcon_core.shell:Creating package script '/home/azizi/kuka_ws/install/kr16_scripts/share/kr16_scripts/package.ps1'
[1.122s] INFO:colcon.colcon_core.shell:Creating package descriptor '/home/azizi/kuka_ws/install/kr16_scripts/share/kr16_scripts/package.dsv'
[1.124s] INFO:colcon.colcon_core.shell:Creating package script '/home/azizi/kuka_ws/install/kr16_scripts/share/kr16_scripts/package.sh'
[1.127s] INFO:colcon.colcon_core.shell:Creating package script '/home/azizi/kuka_ws/install/kr16_scripts/share/kr16_scripts/package.bash'
[1.129s] INFO:colcon.colcon_core.shell:Creating package script '/home/azizi/kuka_ws/install/kr16_scripts/share/kr16_scripts/package.zsh'
[1.130s] Level 1:colcon.colcon_core.environment:create_file_with_runtime_dependencies(/home/azizi/kuka_ws/install/kr16_scripts/share/colcon-core/packages/kr16_scripts)
[1.144s] DEBUG:colcon.colcon_core.event_handler.log_command:Invoking command in '/home/azizi/kuka_ws/build/kuka_kr16_moveit_config': AMENT_PREFIX_PATH=/home/azizi/kuka_ws/install/kr16_description:${AMENT_PREFIX_PATH} CMAKE_PREFIX_PATH=/home/azizi/kuka_ws/install/kr16_description:/opt/ros/galactic /usr/bin/cmake --build /home/azizi/kuka_ws/build/kuka_kr16_moveit_config -- -j4 -l4
[1.304s] DEBUG:colcon.colcon_core.event_handler.log_command:Invoked command in '/home/azizi/kuka_ws/build/kuka_kr16_moveit_config' returned '0': AMENT_PREFIX_PATH=/home/azizi/kuka_ws/install/kr16_description:${AMENT_PREFIX_PATH} CMAKE_PREFIX_PATH=/home/azizi/kuka_ws/install/kr16_description:/opt/ros/galactic /usr/bin/cmake --build /home/azizi/kuka_ws/build/kuka_kr16_moveit_config -- -j4 -l4
[1.415s] DEBUG:colcon.colcon_core.event_handler.log_command:Invoking command in '/home/azizi/kuka_ws/build/kuka_kr16_moveit_config': AMENT_PREFIX_PATH=/home/azizi/kuka_ws/install/kr16_description:${AMENT_PREFIX_PATH} CMAKE_PREFIX_PATH=/home/azizi/kuka_ws/install/kr16_description:/opt/ros/galactic /usr/bin/cmake --install /home/azizi/kuka_ws/build/kuka_kr16_moveit_config
[1.479s] Level 1:colcon.colcon_core.environment:create_environment_scripts_only(kuka_kr16_moveit_config)
[1.482s] Level 1:colcon.colcon_core.environment:checking '/home/azizi/kuka_ws/install/kuka_kr16_moveit_config' for CMake module files
[1.484s] Level 1:colcon.colcon_core.environment:checking '/home/azizi/kuka_ws/install/kuka_kr16_moveit_config' for CMake config files
[1.484s] Level 1:colcon.colcon_core.shell:create_environment_hook('kuka_kr16_moveit_config', 'cmake_prefix_path')
[1.486s] INFO:colcon.colcon_core.shell:Creating environment hook '/home/azizi/kuka_ws/install/kuka_kr16_moveit_config/share/kuka_kr16_moveit_config/hook/cmake_prefix_path.ps1'
[1.494s] INFO:colcon.colcon_core.shell:Creating environment descriptor '/home/azizi/kuka_ws/install/kuka_kr16_moveit_config/share/kuka_kr16_moveit_config/hook/cmake_prefix_path.dsv'
[1.495s] INFO:colcon.colcon_core.shell:Creating environment hook '/home/azizi/kuka_ws/install/kuka_kr16_moveit_config/share/kuka_kr16_moveit_config/hook/cmake_prefix_path.sh'
[1.508s] Level 1:colcon.colcon_core.environment:checking '/home/azizi/kuka_ws/install/kuka_kr16_moveit_config/bin'
[1.508s] Level 1:colcon.colcon_core.environment:checking '/home/azizi/kuka_ws/install/kuka_kr16_moveit_config/lib/pkgconfig/kuka_kr16_moveit_config.pc'
[1.508s] Level 1:colcon.colcon_core.environment:checking '/home/azizi/kuka_ws/install/kuka_kr16_moveit_config/lib/python3.8/site-packages'
[1.510s] INFO:colcon.colcon_core.shell:Creating package script '/home/azizi/kuka_ws/install/kuka_kr16_moveit_config/share/kuka_kr16_moveit_config/package.ps1'
[1.513s] INFO:colcon.colcon_core.shell:Creating package descriptor '/home/azizi/kuka_ws/install/kuka_kr16_moveit_config/share/kuka_kr16_moveit_config/package.dsv'
[1.515s] INFO:colcon.colcon_core.shell:Creating package script '/home/azizi/kuka_ws/install/kuka_kr16_moveit_config/share/kuka_kr16_moveit_config/package.sh'
[1.517s] INFO:colcon.colcon_core.shell:Creating package script '/home/azizi/kuka_ws/install/kuka_kr16_moveit_config/share/kuka_kr16_moveit_config/package.bash'
[1.519s] INFO:colcon.colcon_core.shell:Creating package script '/home/azizi/kuka_ws/install/kuka_kr16_moveit_config/share/kuka_kr16_moveit_config/package.zsh'
[1.520s] Level 1:colcon.colcon_core.environment:create_file_with_runtime_dependencies(/home/azizi/kuka_ws/install/kuka_kr16_moveit_config/share/colcon-core/packages/kuka_kr16_moveit_config)
[1.530s] DEBUG:colcon.colcon_core.event_handler.log_command:Invoked command in '/home/azizi/kuka_ws/build/kuka_kr16_moveit_config' returned '0': AMENT_PREFIX_PATH=/home/azizi/kuka_ws/install/kr16_description:${AMENT_PREFIX_PATH} CMAKE_PREFIX_PATH=/home/azizi/kuka_ws/install/kr16_description:/opt/ros/galactic /usr/bin/cmake --install /home/azizi/kuka_ws/build/kuka_kr16_moveit_config
[1.596s] Level 1:colcon.colcon_core.environment:create_environment_scripts_only(kuka_kr16_moveit_config)
[1.599s] Level 1:colcon.colcon_core.environment:checking '/home/azizi/kuka_ws/install/kuka_kr16_moveit_config' for CMake module files
[1.600s] Level 1:colcon.colcon_core.environment:checking '/home/azizi/kuka_ws/install/kuka_kr16_moveit_config' for CMake config files
[1.601s] Level 1:colcon.colcon_core.shell:create_environment_hook('kuka_kr16_moveit_config', 'cmake_prefix_path')
[1.603s] INFO:colcon.colcon_core.shell:Creating environment hook '/home/azizi/kuka_ws/install/kuka_kr16_moveit_config/share/kuka_kr16_moveit_config/hook/cmake_prefix_path.ps1'
[1.605s] INFO:colcon.colcon_core.shell:Creating environment descriptor '/home/azizi/kuka_ws/install/kuka_kr16_moveit_config/share/kuka_kr16_moveit_config/hook/cmake_prefix_path.dsv'
[1.606s] INFO:colcon.colcon_core.shell:Creating environment hook '/home/azizi/kuka_ws/install/kuka_kr16_moveit_config/share/kuka_kr16_moveit_config/hook/cmake_prefix_path.sh'
[1.607s] Level 1:colcon.colcon_core.environment:checking '/home/azizi/kuka_ws/install/kuka_kr16_moveit_config/bin'
[1.608s] Level 1:colcon.colcon_core.environment:checking '/home/azizi/kuka_ws/install/kuka_kr16_moveit_config/lib/pkgconfig/kuka_kr16_moveit_config.pc'
[1.608s] Level 1:colcon.colcon_core.environment:checking '/home/azizi/kuka_ws/install/kuka_kr16_moveit_config/lib/python3.8/site-packages'
[1.610s] INFO:colcon.colcon_core.shell:Creating package script '/home/azizi/kuka_ws/install/kuka_kr16_moveit_config/share/kuka_kr16_moveit_config/package.ps1'
[1.611s] INFO:colcon.colcon_core.shell:Creating package descriptor '/home/azizi/kuka_ws/install/kuka_kr16_moveit_config/share/kuka_kr16_moveit_config/package.dsv'
[1.612s] INFO:colcon.colcon_core.shell:Creating package script '/home/azizi/kuka_ws/install/kuka_kr16_moveit_config/share/kuka_kr16_moveit_config/package.sh'
[1.614s] INFO:colcon.colcon_core.shell:Creating package script '/home/azizi/kuka_ws/install/kuka_kr16_moveit_config/share/kuka_kr16_moveit_config/package.bash'
[1.615s] INFO:colcon.colcon_core.shell:Creating package script '/home/azizi/kuka_ws/install/kuka_kr16_moveit_config/share/kuka_kr16_moveit_config/package.zsh'
[1.616s] Level 1:colcon.colcon_core.environment:create_file_with_runtime_dependencies(/home/azizi/kuka_ws/install/kuka_kr16_moveit_config/share/colcon-core/packages/kuka_kr16_moveit_config)
[1.736s] DEBUG:colcon.colcon_core.event_handler.log_command:Invoked command in '/home/azizi/kuka_ws/build/rviz_visual_tools' returned '0': CMAKE_PREFIX_PATH=/opt/ros/galactic /usr/bin/cmake --build /home/azizi/kuka_ws/build/rviz_visual_tools -- -j4 -l4
[1.852s] DEBUG:colcon.colcon_core.event_handler.log_command:Invoking command in '/home/azizi/kuka_ws/build/rviz_visual_tools': CMAKE_PREFIX_PATH=/opt/ros/galactic /usr/bin/cmake --install /home/azizi/kuka_ws/build/rviz_visual_tools
[1.913s] Level 1:colcon.colcon_core.environment:create_environment_scripts_only(rviz_visual_tools)
[1.916s] Level 1:colcon.colcon_core.environment:checking '/home/azizi/kuka_ws/install/rviz_visual_tools' for CMake module files
[1.918s] DEBUG:colcon.colcon_core.event_handler.log_command:Invoked command in '/home/azizi/kuka_ws/build/rviz_visual_tools' returned '0': CMAKE_PREFIX_PATH=/opt/ros/galactic /usr/bin/cmake --install /home/azizi/kuka_ws/build/rviz_visual_tools
[1.919s] Level 1:colcon.colcon_core.environment:checking '/home/azizi/kuka_ws/install/rviz_visual_tools' for CMake config files
[1.920s] Level 1:colcon.colcon_core.shell:create_environment_hook('rviz_visual_tools', 'cmake_prefix_path')
[1.921s] INFO:colcon.colcon_core.shell:Creating environment hook '/home/azizi/kuka_ws/install/rviz_visual_tools/share/rviz_visual_tools/hook/cmake_prefix_path.ps1'
[1.923s] INFO:colcon.colcon_core.shell:Creating environment descriptor '/home/azizi/kuka_ws/install/rviz_visual_tools/share/rviz_visual_tools/hook/cmake_prefix_path.dsv'
[1.924s] INFO:colcon.colcon_core.shell:Creating environment hook '/home/azizi/kuka_ws/install/rviz_visual_tools/share/rviz_visual_tools/hook/cmake_prefix_path.sh'
[1.925s] Level 1:colcon.colcon_core.environment:checking '/home/azizi/kuka_ws/install/rviz_visual_tools/lib'
[1.926s] Level 1:colcon.colcon_core.shell:create_environment_hook('rviz_visual_tools', 'ld_library_path_lib')
[1.928s] INFO:colcon.colcon_core.shell:Creating environment hook '/home/azizi/kuka_ws/install/rviz_visual_tools/share/rviz_visual_tools/hook/ld_library_path_lib.ps1'
[1.929s] INFO:colcon.colcon_core.shell:Creating environment descriptor '/home/azizi/kuka_ws/install/rviz_visual_tools/share/rviz_visual_tools/hook/ld_library_path_lib.dsv'
[1.930s] INFO:colcon.colcon_core.shell:Creating environment hook '/home/azizi/kuka_ws/install/rviz_visual_tools/share/rviz_visual_tools/hook/ld_library_path_lib.sh'
[1.931s] Level 1:colcon.colcon_core.environment:checking '/home/azizi/kuka_ws/install/rviz_visual_tools/bin'
[1.931s] Level 1:colcon.colcon_core.environment:checking '/home/azizi/kuka_ws/install/rviz_visual_tools/lib/pkgconfig/rviz_visual_tools.pc'
[1.932s] Level 1:colcon.colcon_core.environment:checking '/home/azizi/kuka_ws/install/rviz_visual_tools/lib/python3.8/site-packages'
[1.934s] INFO:colcon.colcon_core.shell:Creating package script '/home/azizi/kuka_ws/install/rviz_visual_tools/share/rviz_visual_tools/package.ps1'
[1.935s] INFO:colcon.colcon_core.shell:Creating package descriptor '/home/azizi/kuka_ws/install/rviz_visual_tools/share/rviz_visual_tools/package.dsv'
[1.936s] INFO:colcon.colcon_core.shell:Creating package script '/home/azizi/kuka_ws/install/rviz_visual_tools/share/rviz_visual_tools/package.sh'
[1.937s] INFO:colcon.colcon_core.shell:Creating package script '/home/azizi/kuka_ws/install/rviz_visual_tools/share/rviz_visual_tools/package.bash'
[1.938s] INFO:colcon.colcon_core.shell:Creating package script '/home/azizi/kuka_ws/install/rviz_visual_tools/share/rviz_visual_tools/package.zsh'
[1.939s] Level 1:colcon.colcon_core.environment:create_file_with_runtime_dependencies(/home/azizi/kuka_ws/install/rviz_visual_tools/share/colcon-core/packages/rviz_visual_tools)
[2.074s] Level 1:colcon.colcon_core.environment:create_environment_scripts_only(rviz_visual_tools)
[2.076s] Level 1:colcon.colcon_core.environment:checking '/home/azizi/kuka_ws/install/rviz_visual_tools' for CMake module files
[2.078s] Level 1:colcon.colcon_core.environment:checking '/home/azizi/kuka_ws/install/rviz_visual_tools' for CMake config files
[2.078s] Level 1:colcon.colcon_core.shell:create_environment_hook('rviz_visual_tools', 'cmake_prefix_path')
[2.080s] INFO:colcon.colcon_core.shell:Creating environment hook '/home/azizi/kuka_ws/install/rviz_visual_tools/share/rviz_visual_tools/hook/cmake_prefix_path.ps1'
[2.081s] INFO:colcon.colcon_core.shell:Creating environment descriptor '/home/azizi/kuka_ws/install/rviz_visual_tools/share/rviz_visual_tools/hook/cmake_prefix_path.dsv'
[2.082s] INFO:colcon.colcon_core.shell:Creating environment hook '/home/azizi/kuka_ws/install/rviz_visual_tools/share/rviz_visual_tools/hook/cmake_prefix_path.sh'
[2.083s] Level 1:colcon.colcon_core.environment:checking '/home/azizi/kuka_ws/install/rviz_visual_tools/lib'
[2.083s] Level 1:colcon.colcon_core.shell:create_environment_hook('rviz_visual_tools', 'ld_library_path_lib')
[2.085s] INFO:colcon.colcon_core.shell:Creating environment hook '/home/azizi/kuka_ws/install/rviz_visual_tools/share/rviz_visual_tools/hook/ld_library_path_lib.ps1'
[2.087s] INFO:colcon.colcon_core.shell:Creating environment descriptor '/home/azizi/kuka_ws/install/rviz_visual_tools/share/rviz_visual_tools/hook/ld_library_path_lib.dsv'
[2.087s] INFO:colcon.colcon_core.shell:Creating environment hook '/home/azizi/kuka_ws/install/rviz_visual_tools/share/rviz_visual_tools/hook/ld_library_path_lib.sh'
[2.088s] Level 1:colcon.colcon_core.environment:checking '/home/azizi/kuka_ws/install/rviz_visual_tools/bin'
[2.089s] Level 1:colcon.colcon_core.environment:checking '/home/azizi/kuka_ws/install/rviz_visual_tools/lib/pkgconfig/rviz_visual_tools.pc'
[2.089s] Level 1:colcon.colcon_core.environment:checking '/home/azizi/kuka_ws/install/rviz_visual_tools/lib/python3.8/site-packages'
[2.091s] INFO:colcon.colcon_core.shell:Creating package script '/home/azizi/kuka_ws/install/rviz_visual_tools/share/rviz_visual_tools/package.ps1'
[2.092s] INFO:colcon.colcon_core.shell:Creating package descriptor '/home/azizi/kuka_ws/install/rviz_visual_tools/share/rviz_visual_tools/package.dsv'
[2.093s] INFO:colcon.colcon_core.shell:Creating package script '/home/azizi/kuka_ws/install/rviz_visual_tools/share/rviz_visual_tools/package.sh'
[2.095s] INFO:colcon.colcon_core.shell:Creating package script '/home/azizi/kuka_ws/install/rviz_visual_tools/share/rviz_visual_tools/package.bash'
[2.096s] INFO:colcon.colcon_core.shell:Creating package script '/home/azizi/kuka_ws/install/rviz_visual_tools/share/rviz_visual_tools/package.zsh'
[2.097s] Level 1:colcon.colcon_core.environment:create_file_with_runtime_dependencies(/home/azizi/kuka_ws/install/rviz_visual_tools/share/colcon-core/packages/rviz_visual_tools)
[2.098s] INFO:colcon.colcon_ros.task.ament_cmake.build:Building ROS package in '/home/azizi/kuka_ws/src/kr16_grasping' with build type 'ament_cmake'
[2.098s] INFO:colcon.colcon_cmake.task.cmake.build:Building CMake package in '/home/azizi/kuka_ws/src/kr16_grasping'
[2.100s] INFO:colcon.colcon_core.shell:Skip shell extension 'powershell' for command environment: Not usable outside of PowerShell
[2.100s] DEBUG:colcon.colcon_core.shell:Skip shell extension 'dsv' for command environment
[2.133s] DEBUG:colcon.colcon_core.event_handler.log_command:Invoking command in '/home/azizi/kuka_ws/build/kr16_grasping': AMENT_PREFIX_PATH=/home/azizi/kuka_ws/install/rviz_visual_tools:${AMENT_PREFIX_PATH} CMAKE_PREFIX_PATH=/home/azizi/kuka_ws/install/rviz_visual_tools:/opt/ros/galactic LD_LIBRARY_PATH=/home/azizi/kuka_ws/install/rviz_visual_tools/lib:${LD_LIBRARY_PATH} /usr/bin/cmake --build /home/azizi/kuka_ws/build/kr16_grasping -- -j4 -l4
[2.451s] DEBUG:colcon.colcon_core.event_handler.log_command:Invoked command in '/home/azizi/kuka_ws/build/kr16_grasping' returned '0': AMENT_PREFIX_PATH=/home/azizi/kuka_ws/install/rviz_visual_tools:${AMENT_PREFIX_PATH} CMAKE_PREFIX_PATH=/home/azizi/kuka_ws/install/rviz_visual_tools:/opt/ros/galactic LD_LIBRARY_PATH=/home/azizi/kuka_ws/install/rviz_visual_tools/lib:${LD_LIBRARY_PATH} /usr/bin/cmake --build /home/azizi/kuka_ws/build/kr16_grasping -- -j4 -l4
[2.536s] DEBUG:colcon.colcon_core.event_handler.log_command:Invoking command in '/home/azizi/kuka_ws/build/kr16_grasping': AMENT_PREFIX_PATH=/home/azizi/kuka_ws/install/rviz_visual_tools:${AMENT_PREFIX_PATH} CMAKE_PREFIX_PATH=/home/azizi/kuka_ws/install/rviz_visual_tools:/opt/ros/galactic LD_LIBRARY_PATH=/home/azizi/kuka_ws/install/rviz_visual_tools/lib:${LD_LIBRARY_PATH} /usr/bin/cmake --install /home/azizi/kuka_ws/build/kr16_grasping
[2.566s] Level 1:colcon.colcon_core.environment:create_environment_scripts_only(kr16_grasping)
[2.569s] Level 1:colcon.colcon_core.environment:checking '/home/azizi/kuka_ws/install/kr16_grasping' for CMake module files
[2.571s] Level 1:colcon.colcon_core.environment:checking '/home/azizi/kuka_ws/install/kr16_grasping' for CMake config files
[2.572s] Level 1:colcon.colcon_core.shell:create_environment_hook('kr16_grasping', 'cmake_prefix_path')
[2.573s] INFO:colcon.colcon_core.shell:Creating environment hook '/home/azizi/kuka_ws/install/kr16_grasping/share/kr16_grasping/hook/cmake_prefix_path.ps1'
[2.574s] INFO:colcon.colcon_core.shell:Creating environment descriptor '/home/azizi/kuka_ws/install/kr16_grasping/share/kr16_grasping/hook/cmake_prefix_path.dsv'
[2.575s] INFO:colcon.colcon_core.shell:Creating environment hook '/home/azizi/kuka_ws/install/kr16_grasping/share/kr16_grasping/hook/cmake_prefix_path.sh'
[2.576s] Level 1:colcon.colcon_core.environment:checking '/home/azizi/kuka_ws/install/kr16_grasping/lib'
[2.576s] Level 1:colcon.colcon_core.environment:checking '/home/azizi/kuka_ws/install/kr16_grasping/bin'
[2.576s] Level 1:colcon.colcon_core.environment:checking '/home/azizi/kuka_ws/install/kr16_grasping/lib/pkgconfig/kr16_grasping.pc'
[2.576s] Level 1:colcon.colcon_core.environment:checking '/home/azizi/kuka_ws/install/kr16_grasping/lib/python3.8/site-packages'
[2.577s] INFO:colcon.colcon_core.shell:Creating package script '/home/azizi/kuka_ws/install/kr16_grasping/share/kr16_grasping/package.ps1'
[2.579s] DEBUG:colcon.colcon_core.event_handler.log_command:Invoked command in '/home/azizi/kuka_ws/build/kr16_grasping' returned '0': AMENT_PREFIX_PATH=/home/azizi/kuka_ws/install/rviz_visual_tools:${AMENT_PREFIX_PATH} CMAKE_PREFIX_PATH=/home/azizi/kuka_ws/install/rviz_visual_tools:/opt/ros/galactic LD_LIBRARY_PATH=/home/azizi/kuka_ws/install/rviz_visual_tools/lib:${LD_LIBRARY_PATH} /usr/bin/cmake --install /home/azizi/kuka_ws/build/kr16_grasping
[2.580s] INFO:colcon.colcon_core.shell:Creating package descriptor '/home/azizi/kuka_ws/install/kr16_grasping/share/kr16_grasping/package.dsv'
[2.580s] INFO:colcon.colcon_core.shell:Creating package script '/home/azizi/kuka_ws/install/kr16_grasping/share/kr16_grasping/package.sh'
[2.581s] INFO:colcon.colcon_core.shell:Creating package script '/home/azizi/kuka_ws/install/kr16_grasping/share/kr16_grasping/package.bash'
[2.582s] INFO:colcon.colcon_core.shell:Creating package script '/home/azizi/kuka_ws/install/kr16_grasping/share/kr16_grasping/package.zsh'
[2.583s] Level 1:colcon.colcon_core.environment:create_file_with_runtime_dependencies(/home/azizi/kuka_ws/install/kr16_grasping/share/colcon-core/packages/kr16_grasping)
[2.643s] Level 1:colcon.colcon_core.environment:create_environment_scripts_only(kr16_grasping)
[2.645s] Level 1:colcon.colcon_core.environment:checking '/home/azizi/kuka_ws/install/kr16_grasping' for CMake module files
[2.646s] Level 1:colcon.colcon_core.environment:checking '/home/azizi/kuka_ws/install/kr16_grasping' for CMake config files
[2.646s] Level 1:colcon.colcon_core.shell:create_environment_hook('kr16_grasping', 'cmake_prefix_path')
[2.647s] INFO:colcon.colcon_core.shell:Creating environment hook '/home/azizi/kuka_ws/install/kr16_grasping/share/kr16_grasping/hook/cmake_prefix_path.ps1'
[2.648s] INFO:colcon.colcon_core.shell:Creating environment descriptor '/home/azizi/kuka_ws/install/kr16_grasping/share/kr16_grasping/hook/cmake_prefix_path.dsv'
[2.649s] INFO:colcon.colcon_core.shell:Creating environment hook '/home/azizi/kuka_ws/install/kr16_grasping/share/kr16_grasping/hook/cmake_prefix_path.sh'
[2.651s] Level 1:colcon.colcon_core.environment:checking '/home/azizi/kuka_ws/install/kr16_grasping/lib'
[2.651s] Level 1:colcon.colcon_core.environment:checking '/home/azizi/kuka_ws/install/kr16_grasping/bin'
[2.651s] Level 1:colcon.colcon_core.environment:checking '/home/azizi/kuka_ws/install/kr16_grasping/lib/pkgconfig/kr16_grasping.pc'
[2.651s] Level 1:colcon.colcon_core.environment:checking '/home/azizi/kuka_ws/install/kr16_grasping/lib/python3.8/site-packages'
[2.653s] INFO:colcon.colcon_core.shell:Creating package script '/home/azizi/kuka_ws/install/kr16_grasping/share/kr16_grasping/package.ps1'
[2.654s] INFO:colcon.colcon_core.shell:Creating package descriptor '/home/azizi/kuka_ws/install/kr16_grasping/share/kr16_grasping/package.dsv'
[2.655s] INFO:colcon.colcon_core.shell:Creating package script '/home/azizi/kuka_ws/install/kr16_grasping/share/kr16_grasping/package.sh'
[2.656s] INFO:colcon.colcon_core.shell:Creating package script '/home/azizi/kuka_ws/install/kr16_grasping/share/kr16_grasping/package.bash'
[2.657s] INFO:colcon.colcon_core.shell:Creating package script '/home/azizi/kuka_ws/install/kr16_grasping/share/kr16_grasping/package.zsh'
[2.658s] Level 1:colcon.colcon_core.environment:create_file_with_runtime_dependencies(/home/azizi/kuka_ws/install/kr16_grasping/share/colcon-core/packages/kr16_grasping)
[2.658s] DEBUG:colcon.colcon_parallel_executor.executor.parallel:closing loop
[2.659s] DEBUG:colcon.colcon_parallel_executor.executor.parallel:loop closed
[2.659s] DEBUG:colcon.colcon_parallel_executor.executor.parallel:run_until_complete finished with '0'
[2.659s] DEBUG:colcon.colcon_core.event_reactor:joining thread
[2.672s] INFO:colcon.colcon_core.plugin_system:Skipping extension 'colcon_notification.desktop_notification.terminal_notifier': Not used on non-Darwin systems
[2.672s] INFO:colcon.colcon_core.plugin_system:Skipping extension 'colcon_notification.desktop_notification.win32': Not used on non-Windows systems
[2.672s] INFO:colcon.colcon_notification.desktop_notification:Sending desktop notification using 'notify2'
[2.707s] DEBUG:colcon.colcon_core.event_reactor:joined thread
[2.708s] INFO:colcon.colcon_core.shell:Creating prefix script '/home/azizi/kuka_ws/install/local_setup.ps1'
[2.711s] INFO:colcon.colcon_core.shell:Creating prefix util module '/home/azizi/kuka_ws/install/_local_setup_util_ps1.py'
[2.714s] INFO:colcon.colcon_core.shell:Creating prefix chain script '/home/azizi/kuka_ws/install/setup.ps1'
[2.716s] INFO:colcon.colcon_core.shell:Creating prefix script '/home/azizi/kuka_ws/install/local_setup.sh'
[2.718s] INFO:colcon.colcon_core.shell:Creating prefix util module '/home/azizi/kuka_ws/install/_local_setup_util_sh.py'
[2.719s] INFO:colcon.colcon_core.shell:Creating prefix chain script '/home/azizi/kuka_ws/install/setup.sh'
[2.721s] INFO:colcon.colcon_core.shell:Creating prefix script '/home/azizi/kuka_ws/install/local_setup.bash'
[2.722s] INFO:colcon.colcon_core.shell:Creating prefix chain script '/home/azizi/kuka_ws/install/setup.bash'
[2.727s] INFO:colcon.colcon_core.shell:Creating prefix script '/home/azizi/kuka_ws/install/local_setup.zsh'
[2.729s] INFO:colcon.colcon_core.shell:Creating prefix chain script '/home/azizi/kuka_ws/install/setup.zsh'
