[0.365s] DEBUG:colcon:Command line arguments: ['/usr/bin/colcon', 'build', '--mixin', 'release']
[0.365s] DEBUG:colcon:Parsed command line arguments: Namespace(allow_overriding=[], ament_cmake_args=None, base_paths=['.'], build_base='build', catkin_cmake_args=None, catkin_skip_building_tests=False, cmake_args=['-DCMAKE_BUILD_TYPE=Release'], cmake_clean_cache=False, cmake_clean_first=False, cmake_force_configure=False, cmake_target=None, cmake_target_skip_unavailable=False, continue_on_error=False, event_handlers=None, executor='parallel', ignore_user_meta=False, install_base='install', log_base=None, log_level=None, main=<bound method BuildVerb.main of <colcon_core.verb.build.BuildVerb object at 0x7f4268513880>>, merge_install=False, metas=['./colcon.meta'], mixin=['release'], mixin_files=None, mixin_verb=('build',), packages_above=None, packages_above_and_dependencies=None, packages_above_depth=None, packages_end=None, packages_ignore=None, packages_ignore_regex=None, packages_select=None, packages_select_build_failed=False, packages_select_by_dep=None, packages_select_regex=None, packages_select_test_failures=False, packages_skip=None, packages_skip_build_finished=False, packages_skip_by_dep=None, packages_skip_regex=None, packages_skip_test_passed=False, packages_skip_up_to=None, packages_start=None, packages_up_to=None, packages_up_to_regex=None, parallel_workers=4, paths=None, symlink_install=False, test_result_base=None, verb_extension=<colcon_core.verb.build.BuildVerb object at 0x7f4268513880>, verb_name='build', verb_parser=<colcon_mixin.mixin.mixin_argument.MixinArgumentDecorator object at 0x7f4268513e50>)
[0.378s] Level 1:colcon.colcon_core.package_discovery:discover_packages(colcon_meta) check parameters
[0.379s] Level 1:colcon.colcon_core.package_discovery:discover_packages(recursive) check parameters
[0.379s] Level 1:colcon.colcon_core.package_discovery:discover_packages(ignore) check parameters
[0.379s] Level 1:colcon.colcon_core.package_discovery:discover_packages(path) check parameters
[0.379s] Level 1:colcon.colcon_core.package_discovery:discover_packages(colcon_meta) discover
[0.379s] Level 1:colcon.colcon_core.package_discovery:discover_packages(recursive) discover
[0.379s] INFO:colcon.colcon_core.package_discovery:Crawling recursively for packages in '/home/azizi/kuka_ws'
[0.379s] Level 1:colcon.colcon_core.package_identification:_identify(.) by extensions ['ignore', 'ignore_ament_install']
[0.379s] Level 1:colcon.colcon_core.package_identification:_identify(.) by extension 'ignore'
[0.379s] Level 1:colcon.colcon_core.package_identification:_identify(.) by extension 'ignore_ament_install'
[0.380s] Level 1:colcon.colcon_core.package_identification:_identify(.) by extensions ['colcon_pkg']
[0.380s] Level 1:colcon.colcon_core.package_identification:_identify(.) by extension 'colcon_pkg'
[0.380s] Level 1:colcon.colcon_core.package_identification:_identify(.) by extensions ['colcon_meta']
[0.380s] Level 1:colcon.colcon_core.package_identification:_identify(.) by extension 'colcon_meta'
[0.380s] Level 1:colcon.colcon_core.package_identification:_identify(.) by extensions ['ros']
[0.380s] Level 1:colcon.colcon_core.package_identification:_identify(.) by extension 'ros'
[0.401s] Level 1:colcon.colcon_core.package_identification:_identify(.) by extensions ['cmake', 'python']
[0.401s] Level 1:colcon.colcon_core.package_identification:_identify(.) by extension 'cmake'
[0.401s] Level 1:colcon.colcon_core.package_identification:_identify(.) by extension 'python'
[0.401s] Level 1:colcon.colcon_core.package_identification:_identify(.) by extensions ['python_setup_py']
[0.401s] Level 1:colcon.colcon_core.package_identification:_identify(.) by extension 'python_setup_py'
[0.402s] Level 1:colcon.colcon_core.package_identification:_identify(build) by extensions ['ignore', 'ignore_ament_install']
[0.402s] Level 1:colcon.colcon_core.package_identification:_identify(build) by extension 'ignore'
[0.402s] Level 1:colcon.colcon_core.package_identification:_identify(build) ignored
[0.402s] Level 1:colcon.colcon_core.package_identification:_identify(install) by extensions ['ignore', 'ignore_ament_install']
[0.402s] Level 1:colcon.colcon_core.package_identification:_identify(install) by extension 'ignore'
[0.402s] Level 1:colcon.colcon_core.package_identification:_identify(install) ignored
[0.403s] Level 1:colcon.colcon_core.package_identification:_identify(log) by extensions ['ignore', 'ignore_ament_install']
[0.403s] Level 1:colcon.colcon_core.package_identification:_identify(log) by extension 'ignore'
[0.403s] Level 1:colcon.colcon_core.package_identification:_identify(log) ignored
[0.403s] Level 1:colcon.colcon_core.package_identification:_identify(src) by extensions ['ignore', 'ignore_ament_install']
[0.403s] Level 1:colcon.colcon_core.package_identification:_identify(src) by extension 'ignore'
[0.403s] Level 1:colcon.colcon_core.package_identification:_identify(src) by extension 'ignore_ament_install'
[0.403s] Level 1:colcon.colcon_core.package_identification:_identify(src) by extensions ['colcon_pkg']
[0.403s] Level 1:colcon.colcon_core.package_identification:_identify(src) by extension 'colcon_pkg'
[0.403s] Level 1:colcon.colcon_core.package_identification:_identify(src) by extensions ['colcon_meta']
[0.403s] Level 1:colcon.colcon_core.package_identification:_identify(src) by extension 'colcon_meta'
[0.404s] Level 1:colcon.colcon_core.package_identification:_identify(src) by extensions ['ros']
[0.404s] Level 1:colcon.colcon_core.package_identification:_identify(src) by extension 'ros'
[0.404s] Level 1:colcon.colcon_core.package_identification:_identify(src) by extensions ['cmake', 'python']
[0.404s] Level 1:colcon.colcon_core.package_identification:_identify(src) by extension 'cmake'
[0.404s] Level 1:colcon.colcon_core.package_identification:_identify(src) by extension 'python'
[0.404s] Level 1:colcon.colcon_core.package_identification:_identify(src) by extensions ['python_setup_py']
[0.404s] Level 1:colcon.colcon_core.package_identification:_identify(src) by extension 'python_setup_py'
[0.404s] Level 1:colcon.colcon_core.package_identification:_identify(src/get_pose_client) by extensions ['ignore', 'ignore_ament_install']
[0.404s] Level 1:colcon.colcon_core.package_identification:_identify(src/get_pose_client) by extension 'ignore'
[0.405s] Level 1:colcon.colcon_core.package_identification:_identify(src/get_pose_client) by extension 'ignore_ament_install'
[0.405s] Level 1:colcon.colcon_core.package_identification:_identify(src/get_pose_client) by extensions ['colcon_pkg']
[0.405s] Level 1:colcon.colcon_core.package_identification:_identify(src/get_pose_client) by extension 'colcon_pkg'
[0.405s] Level 1:colcon.colcon_core.package_identification:_identify(src/get_pose_client) by extensions ['colcon_meta']
[0.405s] Level 1:colcon.colcon_core.package_identification:_identify(src/get_pose_client) by extension 'colcon_meta'
[0.405s] Level 1:colcon.colcon_core.package_identification:_identify(src/get_pose_client) by extensions ['ros']
[0.405s] Level 1:colcon.colcon_core.package_identification:_identify(src/get_pose_client) by extension 'ros'
[0.409s] DEBUG:colcon.colcon_core.package_identification:Package 'src/get_pose_client' with type 'ros.ament_cmake' and name 'get_pose_client'
[0.409s] Level 1:colcon.colcon_core.package_identification:_identify(src/kr16_description) by extensions ['ignore', 'ignore_ament_install']
[0.410s] Level 1:colcon.colcon_core.package_identification:_identify(src/kr16_description) by extension 'ignore'
[0.410s] Level 1:colcon.colcon_core.package_identification:_identify(src/kr16_description) by extension 'ignore_ament_install'
[0.410s] Level 1:colcon.colcon_core.package_identification:_identify(src/kr16_description) by extensions ['colcon_pkg']
[0.410s] Level 1:colcon.colcon_core.package_identification:_identify(src/kr16_description) by extension 'colcon_pkg'
[0.410s] Level 1:colcon.colcon_core.package_identification:_identify(src/kr16_description) by extensions ['colcon_meta']
[0.410s] Level 1:colcon.colcon_core.package_identification:_identify(src/kr16_description) by extension 'colcon_meta'
[0.410s] Level 1:colcon.colcon_core.package_identification:_identify(src/kr16_description) by extensions ['ros']
[0.410s] Level 1:colcon.colcon_core.package_identification:_identify(src/kr16_description) by extension 'ros'
[0.411s] DEBUG:colcon.colcon_core.package_identification:Package 'src/kr16_description' with type 'ros.ament_cmake' and name 'kr16_description'
[0.412s] Level 1:colcon.colcon_core.package_identification:_identify(src/kr16_grasping) by extensions ['ignore', 'ignore_ament_install']
[0.412s] Level 1:colcon.colcon_core.package_identification:_identify(src/kr16_grasping) by extension 'ignore'
[0.412s] Level 1:colcon.colcon_core.package_identification:_identify(src/kr16_grasping) by extension 'ignore_ament_install'
[0.412s] Level 1:colcon.colcon_core.package_identification:_identify(src/kr16_grasping) by extensions ['colcon_pkg']
[0.412s] Level 1:colcon.colcon_core.package_identification:_identify(src/kr16_grasping) by extension 'colcon_pkg'
[0.412s] Level 1:colcon.colcon_core.package_identification:_identify(src/kr16_grasping) by extensions ['colcon_meta']
[0.412s] Level 1:colcon.colcon_core.package_identification:_identify(src/kr16_grasping) by extension 'colcon_meta'
[0.412s] Level 1:colcon.colcon_core.package_identification:_identify(src/kr16_grasping) by extensions ['ros']
[0.412s] Level 1:colcon.colcon_core.package_identification:_identify(src/kr16_grasping) by extension 'ros'
[0.414s] DEBUG:colcon.colcon_core.package_identification:Package 'src/kr16_grasping' with type 'ros.ament_cmake' and name 'kr16_grasping'
[0.415s] Level 1:colcon.colcon_core.package_identification:_identify(src/kr16_scripts) by extensions ['ignore', 'ignore_ament_install']
[0.415s] Level 1:colcon.colcon_core.package_identification:_identify(src/kr16_scripts) by extension 'ignore'
[0.415s] Level 1:colcon.colcon_core.package_identification:_identify(src/kr16_scripts) by extension 'ignore_ament_install'
[0.415s] Level 1:colcon.colcon_core.package_identification:_identify(src/kr16_scripts) by extensions ['colcon_pkg']
[0.415s] Level 1:colcon.colcon_core.package_identification:_identify(src/kr16_scripts) by extension 'colcon_pkg'
[0.415s] Level 1:colcon.colcon_core.package_identification:_identify(src/kr16_scripts) by extensions ['colcon_meta']
[0.415s] Level 1:colcon.colcon_core.package_identification:_identify(src/kr16_scripts) by extension 'colcon_meta'
[0.415s] Level 1:colcon.colcon_core.package_identification:_identify(src/kr16_scripts) by extensions ['ros']
[0.415s] Level 1:colcon.colcon_core.package_identification:_identify(src/kr16_scripts) by extension 'ros'
[0.416s] DEBUG:colcon.colcon_core.package_identification:Package 'src/kr16_scripts' with type 'ros.ament_cmake' and name 'kr16_scripts'
[0.417s] Level 1:colcon.colcon_core.package_identification:_identify(src/kuka_kr16_moveit_config) by extensions ['ignore', 'ignore_ament_install']
[0.417s] Level 1:colcon.colcon_core.package_identification:_identify(src/kuka_kr16_moveit_config) by extension 'ignore'
[0.417s] Level 1:colcon.colcon_core.package_identification:_identify(src/kuka_kr16_moveit_config) by extension 'ignore_ament_install'
[0.417s] Level 1:colcon.colcon_core.package_identification:_identify(src/kuka_kr16_moveit_config) by extensions ['colcon_pkg']
[0.417s] Level 1:colcon.colcon_core.package_identification:_identify(src/kuka_kr16_moveit_config) by extension 'colcon_pkg'
[0.417s] Level 1:colcon.colcon_core.package_identification:_identify(src/kuka_kr16_moveit_config) by extensions ['colcon_meta']
[0.417s] Level 1:colcon.colcon_core.package_identification:_identify(src/kuka_kr16_moveit_config) by extension 'colcon_meta'
[0.417s] Level 1:colcon.colcon_core.package_identification:_identify(src/kuka_kr16_moveit_config) by extensions ['ros']
[0.417s] Level 1:colcon.colcon_core.package_identification:_identify(src/kuka_kr16_moveit_config) by extension 'ros'
[0.419s] DEBUG:colcon.colcon_core.package_identification:Package 'src/kuka_kr16_moveit_config' with type 'ros.ament_cmake' and name 'kuka_kr16_moveit_config'
[0.419s] Level 1:colcon.colcon_core.package_identification:_identify(src/rviz) by extensions ['ignore', 'ignore_ament_install']
[0.419s] Level 1:colcon.colcon_core.package_identification:_identify(src/rviz) by extension 'ignore'
[0.419s] Level 1:colcon.colcon_core.package_identification:_identify(src/rviz) by extension 'ignore_ament_install'
[0.419s] Level 1:colcon.colcon_core.package_identification:_identify(src/rviz) by extensions ['colcon_pkg']
[0.419s] Level 1:colcon.colcon_core.package_identification:_identify(src/rviz) by extension 'colcon_pkg'
[0.420s] Level 1:colcon.colcon_core.package_identification:_identify(src/rviz) by extensions ['colcon_meta']
[0.420s] Level 1:colcon.colcon_core.package_identification:_identify(src/rviz) by extension 'colcon_meta'
[0.420s] Level 1:colcon.colcon_core.package_identification:_identify(src/rviz) by extensions ['ros']
[0.420s] Level 1:colcon.colcon_core.package_identification:_identify(src/rviz) by extension 'ros'
[0.420s] Level 1:colcon.colcon_core.package_identification:_identify(src/rviz) by extensions ['cmake', 'python']
[0.420s] Level 1:colcon.colcon_core.package_identification:_identify(src/rviz) by extension 'cmake'
[0.420s] Level 1:colcon.colcon_core.package_identification:_identify(src/rviz) by extension 'python'
[0.420s] Level 1:colcon.colcon_core.package_identification:_identify(src/rviz) by extensions ['python_setup_py']
[0.420s] Level 1:colcon.colcon_core.package_identification:_identify(src/rviz) by extension 'python_setup_py'
[0.420s] Level 1:colcon.colcon_core.package_identification:_identify(src/rviz_visual_tools) by extensions ['ignore', 'ignore_ament_install']
[0.421s] Level 1:colcon.colcon_core.package_identification:_identify(src/rviz_visual_tools) by extension 'ignore'
[0.421s] Level 1:colcon.colcon_core.package_identification:_identify(src/rviz_visual_tools) by extension 'ignore_ament_install'
[0.421s] Level 1:colcon.colcon_core.package_identification:_identify(src/rviz_visual_tools) by extensions ['colcon_pkg']
[0.421s] Level 1:colcon.colcon_core.package_identification:_identify(src/rviz_visual_tools) by extension 'colcon_pkg'
[0.421s] Level 1:colcon.colcon_core.package_identification:_identify(src/rviz_visual_tools) by extensions ['colcon_meta']
[0.421s] Level 1:colcon.colcon_core.package_identification:_identify(src/rviz_visual_tools) by extension 'colcon_meta'
[0.421s] Level 1:colcon.colcon_core.package_identification:_identify(src/rviz_visual_tools) by extensions ['ros']
[0.421s] Level 1:colcon.colcon_core.package_identification:_identify(src/rviz_visual_tools) by extension 'ros'
[0.425s] DEBUG:colcon.colcon_core.package_identification:Package 'src/rviz_visual_tools' with type 'ros.ament_cmake' and name 'rviz_visual_tools'
[0.425s] Level 1:colcon.colcon_core.package_discovery:discover_packages(recursive) using defaults
[0.425s] Level 1:colcon.colcon_core.package_discovery:discover_packages(ignore) discover
[0.425s] Level 1:colcon.colcon_core.package_discovery:discover_packages(ignore) using defaults
[0.425s] Level 1:colcon.colcon_core.package_discovery:discover_packages(path) discover
[0.425s] Level 1:colcon.colcon_core.package_discovery:discover_packages(path) using defaults
[0.472s] Level 5:colcon.colcon_core.verb:set package 'get_pose_client' build argument 'cmake_args' from command line to '['-DCMAKE_BUILD_TYPE=Release']'
[0.472s] Level 5:colcon.colcon_core.verb:set package 'get_pose_client' build argument 'cmake_target' from command line to 'None'
[0.472s] Level 5:colcon.colcon_core.verb:set package 'get_pose_client' build argument 'cmake_target_skip_unavailable' from command line to 'False'
[0.473s] Level 5:colcon.colcon_core.verb:set package 'get_pose_client' build argument 'cmake_clean_cache' from command line to 'False'
[0.473s] Level 5:colcon.colcon_core.verb:set package 'get_pose_client' build argument 'cmake_clean_first' from command line to 'False'
[0.473s] Level 5:colcon.colcon_core.verb:set package 'get_pose_client' build argument 'cmake_force_configure' from command line to 'False'
[0.473s] Level 5:colcon.colcon_core.verb:set package 'get_pose_client' build argument 'ament_cmake_args' from command line to 'None'
[0.473s] Level 5:colcon.colcon_core.verb:set package 'get_pose_client' build argument 'catkin_cmake_args' from command line to 'None'
[0.473s] Level 5:colcon.colcon_core.verb:set package 'get_pose_client' build argument 'catkin_skip_building_tests' from command line to 'False'
[0.473s] DEBUG:colcon.colcon_core.verb:Building package 'get_pose_client' with the following arguments: {'ament_cmake_args': None, 'build_base': '/home/azizi/kuka_ws/build/get_pose_client', 'catkin_cmake_args': None, 'catkin_skip_building_tests': False, 'cmake_args': ['-DCMAKE_BUILD_TYPE=Release'], 'cmake_clean_cache': False, 'cmake_clean_first': False, 'cmake_force_configure': False, 'cmake_target': None, 'cmake_target_skip_unavailable': False, 'install_base': '/home/azizi/kuka_ws/install/get_pose_client', 'merge_install': False, 'path': '/home/azizi/kuka_ws/src/get_pose_client', 'symlink_install': False, 'test_result_base': None}
[0.474s] Level 5:colcon.colcon_core.verb:set package 'kr16_description' build argument 'cmake_args' from command line to '['-DCMAKE_BUILD_TYPE=Release']'
[0.474s] Level 5:colcon.colcon_core.verb:set package 'kr16_description' build argument 'cmake_target' from command line to 'None'
[0.474s] Level 5:colcon.colcon_core.verb:set package 'kr16_description' build argument 'cmake_target_skip_unavailable' from command line to 'False'
[0.474s] Level 5:colcon.colcon_core.verb:set package 'kr16_description' build argument 'cmake_clean_cache' from command line to 'False'
[0.474s] Level 5:colcon.colcon_core.verb:set package 'kr16_description' build argument 'cmake_clean_first' from command line to 'False'
[0.475s] Level 5:colcon.colcon_core.verb:set package 'kr16_description' build argument 'cmake_force_configure' from command line to 'False'
[0.475s] Level 5:colcon.colcon_core.verb:set package 'kr16_description' build argument 'ament_cmake_args' from command line to 'None'
[0.475s] Level 5:colcon.colcon_core.verb:set package 'kr16_description' build argument 'catkin_cmake_args' from command line to 'None'
[0.475s] Level 5:colcon.colcon_core.verb:set package 'kr16_description' build argument 'catkin_skip_building_tests' from command line to 'False'
[0.475s] DEBUG:colcon.colcon_core.verb:Building package 'kr16_description' with the following arguments: {'ament_cmake_args': None, 'build_base': '/home/azizi/kuka_ws/build/kr16_description', 'catkin_cmake_args': None, 'catkin_skip_building_tests': False, 'cmake_args': ['-DCMAKE_BUILD_TYPE=Release'], 'cmake_clean_cache': False, 'cmake_clean_first': False, 'cmake_force_configure': False, 'cmake_target': None, 'cmake_target_skip_unavailable': False, 'install_base': '/home/azizi/kuka_ws/install/kr16_description', 'merge_install': False, 'path': '/home/azizi/kuka_ws/src/kr16_description', 'symlink_install': False, 'test_result_base': None}
[0.476s] Level 5:colcon.colcon_core.verb:set package 'kr16_scripts' build argument 'cmake_args' from command line to '['-DCMAKE_BUILD_TYPE=Release']'
[0.476s] Level 5:colcon.colcon_core.verb:set package 'kr16_scripts' build argument 'cmake_target' from command line to 'None'
[0.476s] Level 5:colcon.colcon_core.verb:set package 'kr16_scripts' build argument 'cmake_target_skip_unavailable' from command line to 'False'
[0.476s] Level 5:colcon.colcon_core.verb:set package 'kr16_scripts' build argument 'cmake_clean_cache' from command line to 'False'
[0.476s] Level 5:colcon.colcon_core.verb:set package 'kr16_scripts' build argument 'cmake_clean_first' from command line to 'False'
[0.476s] Level 5:colcon.colcon_core.verb:set package 'kr16_scripts' build argument 'cmake_force_configure' from command line to 'False'
[0.476s] Level 5:colcon.colcon_core.verb:set package 'kr16_scripts' build argument 'ament_cmake_args' from command line to 'None'
[0.476s] Level 5:colcon.colcon_core.verb:set package 'kr16_scripts' build argument 'catkin_cmake_args' from command line to 'None'
[0.476s] Level 5:colcon.colcon_core.verb:set package 'kr16_scripts' build argument 'catkin_skip_building_tests' from command line to 'False'
[0.477s] DEBUG:colcon.colcon_core.verb:Building package 'kr16_scripts' with the following arguments: {'ament_cmake_args': None, 'build_base': '/home/azizi/kuka_ws/build/kr16_scripts', 'catkin_cmake_args': None, 'catkin_skip_building_tests': False, 'cmake_args': ['-DCMAKE_BUILD_TYPE=Release'], 'cmake_clean_cache': False, 'cmake_clean_first': False, 'cmake_force_configure': False, 'cmake_target': None, 'cmake_target_skip_unavailable': False, 'install_base': '/home/azizi/kuka_ws/install/kr16_scripts', 'merge_install': False, 'path': '/home/azizi/kuka_ws/src/kr16_scripts', 'symlink_install': False, 'test_result_base': None}
[0.478s] Level 5:colcon.colcon_core.verb:set package 'rviz_visual_tools' build argument 'cmake_args' from command line to '['-DCMAKE_BUILD_TYPE=Release']'
[0.478s] Level 5:colcon.colcon_core.verb:set package 'rviz_visual_tools' build argument 'cmake_target' from command line to 'None'
[0.478s] Level 5:colcon.colcon_core.verb:set package 'rviz_visual_tools' build argument 'cmake_target_skip_unavailable' from command line to 'False'
[0.478s] Level 5:colcon.colcon_core.verb:set package 'rviz_visual_tools' build argument 'cmake_clean_cache' from command line to 'False'
[0.478s] Level 5:colcon.colcon_core.verb:set package 'rviz_visual_tools' build argument 'cmake_clean_first' from command line to 'False'
[0.478s] Level 5:colcon.colcon_core.verb:set package 'rviz_visual_tools' build argument 'cmake_force_configure' from command line to 'False'
[0.478s] Level 5:colcon.colcon_core.verb:set package 'rviz_visual_tools' build argument 'ament_cmake_args' from command line to 'None'
[0.478s] Level 5:colcon.colcon_core.verb:set package 'rviz_visual_tools' build argument 'catkin_cmake_args' from command line to 'None'
[0.478s] Level 5:colcon.colcon_core.verb:set package 'rviz_visual_tools' build argument 'catkin_skip_building_tests' from command line to 'False'
[0.478s] DEBUG:colcon.colcon_core.verb:Building package 'rviz_visual_tools' with the following arguments: {'ament_cmake_args': None, 'build_base': '/home/azizi/kuka_ws/build/rviz_visual_tools', 'catkin_cmake_args': None, 'catkin_skip_building_tests': False, 'cmake_args': ['-DCMAKE_BUILD_TYPE=Release'], 'cmake_clean_cache': False, 'cmake_clean_first': False, 'cmake_force_configure': False, 'cmake_target': None, 'cmake_target_skip_unavailable': False, 'install_base': '/home/azizi/kuka_ws/install/rviz_visual_tools', 'merge_install': False, 'path': '/home/azizi/kuka_ws/src/rviz_visual_tools', 'symlink_install': False, 'test_result_base': None}
[0.479s] Level 5:colcon.colcon_core.verb:set package 'kr16_grasping' build argument 'cmake_args' from command line to '['-DCMAKE_BUILD_TYPE=Release']'
[0.480s] Level 5:colcon.colcon_core.verb:set package 'kr16_grasping' build argument 'cmake_target' from command line to 'None'
[0.480s] Level 5:colcon.colcon_core.verb:set package 'kr16_grasping' build argument 'cmake_target_skip_unavailable' from command line to 'False'
[0.480s] Level 5:colcon.colcon_core.verb:set package 'kr16_grasping' build argument 'cmake_clean_cache' from command line to 'False'
[0.480s] Level 5:colcon.colcon_core.verb:set package 'kr16_grasping' build argument 'cmake_clean_first' from command line to 'False'
[0.480s] Level 5:colcon.colcon_core.verb:set package 'kr16_grasping' build argument 'cmake_force_configure' from command line to 'False'
[0.480s] Level 5:colcon.colcon_core.verb:set package 'kr16_grasping' build argument 'ament_cmake_args' from command line to 'None'
[0.480s] Level 5:colcon.colcon_core.verb:set package 'kr16_grasping' build argument 'catkin_cmake_args' from command line to 'None'
[0.480s] Level 5:colcon.colcon_core.verb:set package 'kr16_grasping' build argument 'catkin_skip_building_tests' from command line to 'False'
[0.480s] DEBUG:colcon.colcon_core.verb:Building package 'kr16_grasping' with the following arguments: {'ament_cmake_args': None, 'build_base': '/home/azizi/kuka_ws/build/kr16_grasping', 'catkin_cmake_args': None, 'catkin_skip_building_tests': False, 'cmake_args': ['-DCMAKE_BUILD_TYPE=Release'], 'cmake_clean_cache': False, 'cmake_clean_first': False, 'cmake_force_configure': False, 'cmake_target': None, 'cmake_target_skip_unavailable': False, 'install_base': '/home/azizi/kuka_ws/install/kr16_grasping', 'merge_install': False, 'path': '/home/azizi/kuka_ws/src/kr16_grasping', 'symlink_install': False, 'test_result_base': None}
[0.481s] Level 5:colcon.colcon_core.verb:set package 'kuka_kr16_moveit_config' build argument 'cmake_args' from command line to '['-DCMAKE_BUILD_TYPE=Release']'
[0.481s] Level 5:colcon.colcon_core.verb:set package 'kuka_kr16_moveit_config' build argument 'cmake_target' from command line to 'None'
[0.481s] Level 5:colcon.colcon_core.verb:set package 'kuka_kr16_moveit_config' build argument 'cmake_target_skip_unavailable' from command line to 'False'
[0.482s] Level 5:colcon.colcon_core.verb:set package 'kuka_kr16_moveit_config' build argument 'cmake_clean_cache' from command line to 'False'
[0.482s] Level 5:colcon.colcon_core.verb:set package 'kuka_kr16_moveit_config' build argument 'cmake_clean_first' from command line to 'False'
[0.482s] Level 5:colcon.colcon_core.verb:set package 'kuka_kr16_moveit_config' build argument 'cmake_force_configure' from command line to 'False'
[0.482s] Level 5:colcon.colcon_core.verb:set package 'kuka_kr16_moveit_config' build argument 'ament_cmake_args' from command line to 'None'
[0.482s] Level 5:colcon.colcon_core.verb:set package 'kuka_kr16_moveit_config' build argument 'catkin_cmake_args' from command line to 'None'
[0.482s] Level 5:colcon.colcon_core.verb:set package 'kuka_kr16_moveit_config' build argument 'catkin_skip_building_tests' from command line to 'False'
[0.482s] DEBUG:colcon.colcon_core.verb:Building package 'kuka_kr16_moveit_config' with the following arguments: {'ament_cmake_args': None, 'build_base': '/home/azizi/kuka_ws/build/kuka_kr16_moveit_config', 'catkin_cmake_args': None, 'catkin_skip_building_tests': False, 'cmake_args': ['-DCMAKE_BUILD_TYPE=Release'], 'cmake_clean_cache': False, 'cmake_clean_first': False, 'cmake_force_configure': False, 'cmake_target': None, 'cmake_target_skip_unavailable': False, 'install_base': '/home/azizi/kuka_ws/install/kuka_kr16_moveit_config', 'merge_install': False, 'path': '/home/azizi/kuka_ws/src/kuka_kr16_moveit_config', 'symlink_install': False, 'test_result_base': None}
[0.489s] INFO:colcon.colcon_core.executor:Executing jobs using 'parallel' executor
[0.494s] DEBUG:colcon.colcon_parallel_executor.executor.parallel:run_until_complete
[0.494s] INFO:colcon.colcon_ros.task.ament_cmake.build:Building ROS package in '/home/azizi/kuka_ws/src/kr16_description' with build type 'ament_cmake'
[0.495s] INFO:colcon.colcon_cmake.task.cmake.build:Building CMake package in '/home/azizi/kuka_ws/src/kr16_description'
[0.520s] INFO:colcon.colcon_core.plugin_system:Skipping extension 'colcon_core.shell.bat': Not used on non-Windows systems
[0.520s] INFO:colcon.colcon_core.shell:Skip shell extension 'powershell' for command environment: Not usable outside of PowerShell
[0.520s] DEBUG:colcon.colcon_core.shell:Skip shell extension 'dsv' for command environment
[0.529s] INFO:colcon.colcon_ros.task.ament_cmake.build:Building ROS package in '/home/azizi/kuka_ws/src/rviz_visual_tools' with build type 'ament_cmake'
[0.530s] INFO:colcon.colcon_cmake.task.cmake.build:Building CMake package in '/home/azizi/kuka_ws/src/rviz_visual_tools'
[0.532s] INFO:colcon.colcon_core.shell:Skip shell extension 'powershell' for command environment: Not usable outside of PowerShell
[0.532s] DEBUG:colcon.colcon_core.shell:Skip shell extension 'dsv' for command environment
[0.540s] INFO:colcon.colcon_ros.task.ament_cmake.build:Building ROS package in '/home/azizi/kuka_ws/src/get_pose_client' with build type 'ament_cmake'
[0.541s] INFO:colcon.colcon_cmake.task.cmake.build:Building CMake package in '/home/azizi/kuka_ws/src/get_pose_client'
[0.543s] INFO:colcon.colcon_core.shell:Skip shell extension 'powershell' for command environment: Not usable outside of PowerShell
[0.544s] DEBUG:colcon.colcon_core.shell:Skip shell extension 'dsv' for command environment
[0.555s] INFO:colcon.colcon_ros.task.ament_cmake.build:Building ROS package in '/home/azizi/kuka_ws/src/kr16_scripts' with build type 'ament_cmake'
[0.557s] INFO:colcon.colcon_cmake.task.cmake.build:Building CMake package in '/home/azizi/kuka_ws/src/kr16_scripts'
[0.560s] INFO:colcon.colcon_core.shell:Skip shell extension 'powershell' for command environment: Not usable outside of PowerShell
[0.560s] DEBUG:colcon.colcon_core.shell:Skip shell extension 'dsv' for command environment
[0.586s] DEBUG:colcon.colcon_core.event_handler.log_command:Invoking command in '/home/azizi/kuka_ws/build/kr16_description': CMAKE_PREFIX_PATH=/opt/ros/galactic /usr/bin/cmake --build /home/azizi/kuka_ws/build/kr16_description -- -j4 -l4
[0.601s] DEBUG:colcon.colcon_core.event_handler.log_command:Invoking command in '/home/azizi/kuka_ws/build/rviz_visual_tools': CMAKE_PREFIX_PATH=/opt/ros/galactic /usr/bin/cmake --build /home/azizi/kuka_ws/build/rviz_visual_tools -- -j4 -l4
[0.620s] DEBUG:colcon.colcon_core.event_handler.log_command:Invoking command in '/home/azizi/kuka_ws/build/get_pose_client': CMAKE_PREFIX_PATH=/opt/ros/galactic /usr/bin/cmake --build /home/azizi/kuka_ws/build/get_pose_client -- -j4 -l4
[0.644s] DEBUG:colcon.colcon_core.event_handler.log_command:Invoking command in '/home/azizi/kuka_ws/build/kr16_scripts': CMAKE_PREFIX_PATH=/opt/ros/galactic /usr/bin/cmake --build /home/azizi/kuka_ws/build/kr16_scripts -- -j4 -l4
[0.717s] DEBUG:colcon.colcon_core.event_handler.log_command:Invoked command in '/home/azizi/kuka_ws/build/kr16_description' returned '0': CMAKE_PREFIX_PATH=/opt/ros/galactic /usr/bin/cmake --build /home/azizi/kuka_ws/build/kr16_description -- -j4 -l4
[0.744s] DEBUG:colcon.colcon_core.event_handler.log_command:Invoked command in '/home/azizi/kuka_ws/build/get_pose_client' returned '0': CMAKE_PREFIX_PATH=/opt/ros/galactic /usr/bin/cmake --build /home/azizi/kuka_ws/build/get_pose_client -- -j4 -l4
[0.774s] DEBUG:colcon.colcon_core.event_handler.log_command:Invoked command in '/home/azizi/kuka_ws/build/kr16_scripts' returned '0': CMAKE_PREFIX_PATH=/opt/ros/galactic /usr/bin/cmake --build /home/azizi/kuka_ws/build/kr16_scripts -- -j4 -l4
[0.861s] DEBUG:colcon.colcon_core.event_handler.log_command:Invoking command in '/home/azizi/kuka_ws/build/kr16_description': CMAKE_PREFIX_PATH=/opt/ros/galactic /usr/bin/cmake --install /home/azizi/kuka_ws/build/kr16_description
[0.881s] DEBUG:colcon.colcon_core.event_handler.log_command:Invoking command in '/home/azizi/kuka_ws/build/kr16_scripts': CMAKE_PREFIX_PATH=/opt/ros/galactic /usr/bin/cmake --install /home/azizi/kuka_ws/build/kr16_scripts
[0.901s] DEBUG:colcon.colcon_core.event_handler.log_command:Invoking command in '/home/azizi/kuka_ws/build/get_pose_client': CMAKE_PREFIX_PATH=/opt/ros/galactic /usr/bin/cmake --install /home/azizi/kuka_ws/build/get_pose_client
[0.914s] Level 1:colcon.colcon_core.environment:create_environment_scripts_only(kr16_description)
[0.946s] DEBUG:colcon.colcon_core.event_handler.log_command:Invoked command in '/home/azizi/kuka_ws/build/kr16_description' returned '0': CMAKE_PREFIX_PATH=/opt/ros/galactic /usr/bin/cmake --install /home/azizi/kuka_ws/build/kr16_description
[0.954s] Level 1:colcon.colcon_core.environment:checking '/home/azizi/kuka_ws/install/kr16_description' for CMake module files
[0.956s] Level 1:colcon.colcon_core.environment:checking '/home/azizi/kuka_ws/install/kr16_description' for CMake config files
[0.957s] Level 1:colcon.colcon_core.shell:create_environment_hook('kr16_description', 'cmake_prefix_path')
[0.959s] INFO:colcon.colcon_core.shell:Creating environment hook '/home/azizi/kuka_ws/install/kr16_description/share/kr16_description/hook/cmake_prefix_path.ps1'
[0.961s] INFO:colcon.colcon_core.shell:Creating environment descriptor '/home/azizi/kuka_ws/install/kr16_description/share/kr16_description/hook/cmake_prefix_path.dsv'
[0.962s] INFO:colcon.colcon_core.shell:Creating environment hook '/home/azizi/kuka_ws/install/kr16_description/share/kr16_description/hook/cmake_prefix_path.sh'
[0.975s] Level 1:colcon.colcon_core.environment:checking '/home/azizi/kuka_ws/install/kr16_description/bin'
[0.975s] Level 1:colcon.colcon_core.environment:checking '/home/azizi/kuka_ws/install/kr16_description/lib/pkgconfig/kr16_description.pc'
[0.976s] Level 1:colcon.colcon_core.environment:checking '/home/azizi/kuka_ws/install/kr16_description/lib/python3.8/site-packages'
[0.978s] INFO:colcon.colcon_core.shell:Creating package script '/home/azizi/kuka_ws/install/kr16_description/share/kr16_description/package.ps1'
[0.986s] INFO:colcon.colcon_core.shell:Creating package descriptor '/home/azizi/kuka_ws/install/kr16_description/share/kr16_description/package.dsv'
[0.989s] INFO:colcon.colcon_core.shell:Creating package script '/home/azizi/kuka_ws/install/kr16_description/share/kr16_description/package.sh'
[0.992s] INFO:colcon.colcon_core.shell:Creating package script '/home/azizi/kuka_ws/install/kr16_description/share/kr16_description/package.bash'
[0.994s] INFO:colcon.colcon_core.shell:Creating package script '/home/azizi/kuka_ws/install/kr16_description/share/kr16_description/package.zsh'
[0.996s] Level 1:colcon.colcon_core.environment:create_file_with_runtime_dependencies(/home/azizi/kuka_ws/install/kr16_description/share/colcon-core/packages/kr16_description)
[1.011s] Level 1:colcon.colcon_core.environment:create_environment_scripts_only(kr16_scripts)
[1.015s] Level 1:colcon.colcon_core.environment:checking '/home/azizi/kuka_ws/install/kr16_scripts' for CMake module files
[1.016s] DEBUG:colcon.colcon_core.event_handler.log_command:Invoked command in '/home/azizi/kuka_ws/build/kr16_scripts' returned '0': CMAKE_PREFIX_PATH=/opt/ros/galactic /usr/bin/cmake --install /home/azizi/kuka_ws/build/kr16_scripts
[1.018s] Level 1:colcon.colcon_core.environment:checking '/home/azizi/kuka_ws/install/kr16_scripts' for CMake config files
[1.019s] Level 1:colcon.colcon_core.shell:create_environment_hook('kr16_scripts', 'cmake_prefix_path')
[1.021s] INFO:colcon.colcon_core.shell:Creating environment hook '/home/azizi/kuka_ws/install/kr16_scripts/share/kr16_scripts/hook/cmake_prefix_path.ps1'
[1.023s] INFO:colcon.colcon_core.shell:Creating environment descriptor '/home/azizi/kuka_ws/install/kr16_scripts/share/kr16_scripts/hook/cmake_prefix_path.dsv'
[1.025s] INFO:colcon.colcon_core.shell:Creating environment hook '/home/azizi/kuka_ws/install/kr16_scripts/share/kr16_scripts/hook/cmake_prefix_path.sh'
[1.027s] Level 1:colcon.colcon_core.environment:checking '/home/azizi/kuka_ws/install/kr16_scripts/bin'
[1.027s] Level 1:colcon.colcon_core.environment:checking '/home/azizi/kuka_ws/install/kr16_scripts/lib/pkgconfig/kr16_scripts.pc'
[1.027s] Level 1:colcon.colcon_core.environment:checking '/home/azizi/kuka_ws/install/kr16_scripts/lib/python3.8/site-packages'
[1.029s] INFO:colcon.colcon_core.shell:Creating package script '/home/azizi/kuka_ws/install/kr16_scripts/share/kr16_scripts/package.ps1'
[1.030s] INFO:colcon.colcon_core.shell:Creating package descriptor '/home/azizi/kuka_ws/install/kr16_scripts/share/kr16_scripts/package.dsv'
[1.032s] INFO:colcon.colcon_core.shell:Creating package script '/home/azizi/kuka_ws/install/kr16_scripts/share/kr16_scripts/package.sh'
[1.033s] INFO:colcon.colcon_core.shell:Creating package script '/home/azizi/kuka_ws/install/kr16_scripts/share/kr16_scripts/package.bash'
[1.035s] INFO:colcon.colcon_core.shell:Creating package script '/home/azizi/kuka_ws/install/kr16_scripts/share/kr16_scripts/package.zsh'
[1.036s] Level 1:colcon.colcon_core.environment:create_file_with_runtime_dependencies(/home/azizi/kuka_ws/install/kr16_scripts/share/colcon-core/packages/kr16_scripts)
[1.045s] Level 1:colcon.colcon_core.environment:create_environment_scripts_only(get_pose_client)
[1.048s] Level 1:colcon.colcon_core.environment:checking '/home/azizi/kuka_ws/install/get_pose_client' for CMake module files
[1.051s] DEBUG:colcon.colcon_core.event_handler.log_command:Invoked command in '/home/azizi/kuka_ws/build/get_pose_client' returned '0': CMAKE_PREFIX_PATH=/opt/ros/galactic /usr/bin/cmake --install /home/azizi/kuka_ws/build/get_pose_client
[1.052s] Level 1:colcon.colcon_core.environment:checking '/home/azizi/kuka_ws/install/get_pose_client' for CMake config files
[1.052s] Level 1:colcon.colcon_core.shell:create_environment_hook('get_pose_client', 'cmake_prefix_path')
[1.054s] INFO:colcon.colcon_core.shell:Creating environment hook '/home/azizi/kuka_ws/install/get_pose_client/share/get_pose_client/hook/cmake_prefix_path.ps1'
[1.055s] INFO:colcon.colcon_core.shell:Creating environment descriptor '/home/azizi/kuka_ws/install/get_pose_client/share/get_pose_client/hook/cmake_prefix_path.dsv'
[1.056s] INFO:colcon.colcon_core.shell:Creating environment hook '/home/azizi/kuka_ws/install/get_pose_client/share/get_pose_client/hook/cmake_prefix_path.sh'
[1.058s] Level 1:colcon.colcon_core.environment:checking '/home/azizi/kuka_ws/install/get_pose_client/bin'
[1.058s] Level 1:colcon.colcon_core.environment:checking '/home/azizi/kuka_ws/install/get_pose_client/lib/pkgconfig/get_pose_client.pc'
[1.058s] Level 1:colcon.colcon_core.environment:checking '/home/azizi/kuka_ws/install/get_pose_client/lib/python3.8/site-packages'
[1.060s] INFO:colcon.colcon_core.shell:Creating package script '/home/azizi/kuka_ws/install/get_pose_client/share/get_pose_client/package.ps1'
[1.061s] INFO:colcon.colcon_core.shell:Creating package descriptor '/home/azizi/kuka_ws/install/get_pose_client/share/get_pose_client/package.dsv'
[1.062s] INFO:colcon.colcon_core.shell:Creating package script '/home/azizi/kuka_ws/install/get_pose_client/share/get_pose_client/package.sh'
[1.064s] INFO:colcon.colcon_core.shell:Creating package script '/home/azizi/kuka_ws/install/get_pose_client/share/get_pose_client/package.bash'
[1.065s] INFO:colcon.colcon_core.shell:Creating package script '/home/azizi/kuka_ws/install/get_pose_client/share/get_pose_client/package.zsh'
[1.066s] Level 1:colcon.colcon_core.environment:create_file_with_runtime_dependencies(/home/azizi/kuka_ws/install/get_pose_client/share/colcon-core/packages/get_pose_client)
[1.113s] Level 1:colcon.colcon_core.environment:create_environment_scripts_only(kr16_description)
[1.117s] Level 1:colcon.colcon_core.environment:checking '/home/azizi/kuka_ws/install/kr16_description' for CMake module files
[1.118s] Level 1:colcon.colcon_core.environment:checking '/home/azizi/kuka_ws/install/kr16_description' for CMake config files
[1.119s] Level 1:colcon.colcon_core.shell:create_environment_hook('kr16_description', 'cmake_prefix_path')
[1.121s] INFO:colcon.colcon_core.shell:Creating environment hook '/home/azizi/kuka_ws/install/kr16_description/share/kr16_description/hook/cmake_prefix_path.ps1'
[1.122s] INFO:colcon.colcon_core.shell:Creating environment descriptor '/home/azizi/kuka_ws/install/kr16_description/share/kr16_description/hook/cmake_prefix_path.dsv'
[1.123s] INFO:colcon.colcon_core.shell:Creating environment hook '/home/azizi/kuka_ws/install/kr16_description/share/kr16_description/hook/cmake_prefix_path.sh'
[1.125s] Level 1:colcon.colcon_core.environment:checking '/home/azizi/kuka_ws/install/kr16_description/bin'
[1.125s] Level 1:colcon.colcon_core.environment:checking '/home/azizi/kuka_ws/install/kr16_description/lib/pkgconfig/kr16_description.pc'
[1.126s] Level 1:colcon.colcon_core.environment:checking '/home/azizi/kuka_ws/install/kr16_description/lib/python3.8/site-packages'
[1.128s] INFO:colcon.colcon_core.shell:Creating package script '/home/azizi/kuka_ws/install/kr16_description/share/kr16_description/package.ps1'
[1.129s] INFO:colcon.colcon_core.shell:Creating package descriptor '/home/azizi/kuka_ws/install/kr16_description/share/kr16_description/package.dsv'
[1.131s] INFO:colcon.colcon_core.shell:Creating package script '/home/azizi/kuka_ws/install/kr16_description/share/kr16_description/package.sh'
[1.134s] INFO:colcon.colcon_core.shell:Creating package script '/home/azizi/kuka_ws/install/kr16_description/share/kr16_description/package.bash'
[1.135s] INFO:colcon.colcon_core.shell:Creating package script '/home/azizi/kuka_ws/install/kr16_description/share/kr16_description/package.zsh'
[1.137s] Level 1:colcon.colcon_core.environment:create_file_with_runtime_dependencies(/home/azizi/kuka_ws/install/kr16_description/share/colcon-core/packages/kr16_description)
[1.140s] INFO:colcon.colcon_ros.task.ament_cmake.build:Building ROS package in '/home/azizi/kuka_ws/src/kuka_kr16_moveit_config' with build type 'ament_cmake'
[1.141s] INFO:colcon.colcon_cmake.task.cmake.build:Building CMake package in '/home/azizi/kuka_ws/src/kuka_kr16_moveit_config'
[1.143s] INFO:colcon.colcon_core.shell:Skip shell extension 'powershell' for command environment: Not usable outside of PowerShell
[1.144s] DEBUG:colcon.colcon_core.shell:Skip shell extension 'dsv' for command environment
[1.166s] Level 1:colcon.colcon_core.environment:create_environment_scripts_only(kr16_scripts)
[1.173s] Level 1:colcon.colcon_core.environment:checking '/home/azizi/kuka_ws/install/kr16_scripts' for CMake module files
[1.174s] Level 1:colcon.colcon_core.environment:checking '/home/azizi/kuka_ws/install/kr16_scripts' for CMake config files
[1.174s] Level 1:colcon.colcon_core.shell:create_environment_hook('kr16_scripts', 'cmake_prefix_path')
[1.176s] INFO:colcon.colcon_core.shell:Creating environment hook '/home/azizi/kuka_ws/install/kr16_scripts/share/kr16_scripts/hook/cmake_prefix_path.ps1'
[1.178s] INFO:colcon.colcon_core.shell:Creating environment descriptor '/home/azizi/kuka_ws/install/kr16_scripts/share/kr16_scripts/hook/cmake_prefix_path.dsv'
[1.179s] INFO:colcon.colcon_core.shell:Creating environment hook '/home/azizi/kuka_ws/install/kr16_scripts/share/kr16_scripts/hook/cmake_prefix_path.sh'
[1.180s] Level 1:colcon.colcon_core.environment:checking '/home/azizi/kuka_ws/install/kr16_scripts/bin'
[1.180s] Level 1:colcon.colcon_core.environment:checking '/home/azizi/kuka_ws/install/kr16_scripts/lib/pkgconfig/kr16_scripts.pc'
[1.180s] Level 1:colcon.colcon_core.environment:checking '/home/azizi/kuka_ws/install/kr16_scripts/lib/python3.8/site-packages'
[1.181s] INFO:colcon.colcon_core.shell:Creating package script '/home/azizi/kuka_ws/install/kr16_scripts/share/kr16_scripts/package.ps1'
[1.182s] INFO:colcon.colcon_core.shell:Creating package descriptor '/home/azizi/kuka_ws/install/kr16_scripts/share/kr16_scripts/package.dsv'
[1.183s] INFO:colcon.colcon_core.shell:Creating package script '/home/azizi/kuka_ws/install/kr16_scripts/share/kr16_scripts/package.sh'
[1.184s] INFO:colcon.colcon_core.shell:Creating package script '/home/azizi/kuka_ws/install/kr16_scripts/share/kr16_scripts/package.bash'
[1.185s] INFO:colcon.colcon_core.shell:Creating package script '/home/azizi/kuka_ws/install/kr16_scripts/share/kr16_scripts/package.zsh'
[1.186s] Level 1:colcon.colcon_core.environment:create_file_with_runtime_dependencies(/home/azizi/kuka_ws/install/kr16_scripts/share/colcon-core/packages/kr16_scripts)
[1.187s] Level 1:colcon.colcon_core.environment:create_environment_scripts_only(get_pose_client)
[1.189s] Level 1:colcon.colcon_core.environment:checking '/home/azizi/kuka_ws/install/get_pose_client' for CMake module files
[1.191s] Level 1:colcon.colcon_core.environment:checking '/home/azizi/kuka_ws/install/get_pose_client' for CMake config files
[1.191s] Level 1:colcon.colcon_core.shell:create_environment_hook('get_pose_client', 'cmake_prefix_path')
[1.192s] INFO:colcon.colcon_core.shell:Creating environment hook '/home/azizi/kuka_ws/install/get_pose_client/share/get_pose_client/hook/cmake_prefix_path.ps1'
[1.193s] INFO:colcon.colcon_core.shell:Creating environment descriptor '/home/azizi/kuka_ws/install/get_pose_client/share/get_pose_client/hook/cmake_prefix_path.dsv'
[1.194s] INFO:colcon.colcon_core.shell:Creating environment hook '/home/azizi/kuka_ws/install/get_pose_client/share/get_pose_client/hook/cmake_prefix_path.sh'
[1.196s] Level 1:colcon.colcon_core.environment:checking '/home/azizi/kuka_ws/install/get_pose_client/bin'
[1.196s] Level 1:colcon.colcon_core.environment:checking '/home/azizi/kuka_ws/install/get_pose_client/lib/pkgconfig/get_pose_client.pc'
[1.196s] Level 1:colcon.colcon_core.environment:checking '/home/azizi/kuka_ws/install/get_pose_client/lib/python3.8/site-packages'
[1.198s] INFO:colcon.colcon_core.shell:Creating package script '/home/azizi/kuka_ws/install/get_pose_client/share/get_pose_client/package.ps1'
[1.200s] INFO:colcon.colcon_core.shell:Creating package descriptor '/home/azizi/kuka_ws/install/get_pose_client/share/get_pose_client/package.dsv'
[1.201s] INFO:colcon.colcon_core.shell:Creating package script '/home/azizi/kuka_ws/install/get_pose_client/share/get_pose_client/package.sh'
[1.202s] INFO:colcon.colcon_core.shell:Creating package script '/home/azizi/kuka_ws/install/get_pose_client/share/get_pose_client/package.bash'
[1.204s] INFO:colcon.colcon_core.shell:Creating package script '/home/azizi/kuka_ws/install/get_pose_client/share/get_pose_client/package.zsh'
[1.206s] Level 1:colcon.colcon_core.environment:create_file_with_runtime_dependencies(/home/azizi/kuka_ws/install/get_pose_client/share/colcon-core/packages/get_pose_client)
[1.217s] DEBUG:colcon.colcon_core.event_handler.log_command:Invoking command in '/home/azizi/kuka_ws/build/kuka_kr16_moveit_config': AMENT_PREFIX_PATH=/home/azizi/kuka_ws/install/kr16_description:${AMENT_PREFIX_PATH} CMAKE_PREFIX_PATH=/home/azizi/kuka_ws/install/kr16_description:/opt/ros/galactic /usr/bin/cmake --build /home/azizi/kuka_ws/build/kuka_kr16_moveit_config -- -j4 -l4
[1.290s] DEBUG:colcon.colcon_core.event_handler.log_command:Invoked command in '/home/azizi/kuka_ws/build/kuka_kr16_moveit_config' returned '0': AMENT_PREFIX_PATH=/home/azizi/kuka_ws/install/kr16_description:${AMENT_PREFIX_PATH} CMAKE_PREFIX_PATH=/home/azizi/kuka_ws/install/kr16_description:/opt/ros/galactic /usr/bin/cmake --build /home/azizi/kuka_ws/build/kuka_kr16_moveit_config -- -j4 -l4
[1.370s] DEBUG:colcon.colcon_core.event_handler.log_command:Invoking command in '/home/azizi/kuka_ws/build/kuka_kr16_moveit_config': AMENT_PREFIX_PATH=/home/azizi/kuka_ws/install/kr16_description:${AMENT_PREFIX_PATH} CMAKE_PREFIX_PATH=/home/azizi/kuka_ws/install/kr16_description:/opt/ros/galactic /usr/bin/cmake --install /home/azizi/kuka_ws/build/kuka_kr16_moveit_config
[1.451s] DEBUG:colcon.colcon_core.event_handler.log_command:Invoked command in '/home/azizi/kuka_ws/build/kuka_kr16_moveit_config' returned '1': AMENT_PREFIX_PATH=/home/azizi/kuka_ws/install/kr16_description:${AMENT_PREFIX_PATH} CMAKE_PREFIX_PATH=/home/azizi/kuka_ws/install/kr16_description:/opt/ros/galactic /usr/bin/cmake --install /home/azizi/kuka_ws/build/kuka_kr16_moveit_config
[1.491s] Level 1:colcon.colcon_core.environment:create_environment_scripts_only(kuka_kr16_moveit_config)
[1.494s] Level 1:colcon.colcon_core.environment:checking '/home/azizi/kuka_ws/install/kuka_kr16_moveit_config' for CMake module files
[1.496s] Level 1:colcon.colcon_core.environment:checking '/home/azizi/kuka_ws/install/kuka_kr16_moveit_config' for CMake config files
[1.497s] Level 1:colcon.colcon_core.shell:create_environment_hook('kuka_kr16_moveit_config', 'cmake_prefix_path')
[1.498s] INFO:colcon.colcon_core.shell:Creating environment hook '/home/azizi/kuka_ws/install/kuka_kr16_moveit_config/share/kuka_kr16_moveit_config/hook/cmake_prefix_path.ps1'
[1.500s] INFO:colcon.colcon_core.shell:Creating environment descriptor '/home/azizi/kuka_ws/install/kuka_kr16_moveit_config/share/kuka_kr16_moveit_config/hook/cmake_prefix_path.dsv'
[1.501s] INFO:colcon.colcon_core.shell:Creating environment hook '/home/azizi/kuka_ws/install/kuka_kr16_moveit_config/share/kuka_kr16_moveit_config/hook/cmake_prefix_path.sh'
[1.503s] Level 1:colcon.colcon_core.environment:checking '/home/azizi/kuka_ws/install/kuka_kr16_moveit_config/bin'
[1.503s] Level 1:colcon.colcon_core.environment:checking '/home/azizi/kuka_ws/install/kuka_kr16_moveit_config/lib/pkgconfig/kuka_kr16_moveit_config.pc'
[1.504s] Level 1:colcon.colcon_core.environment:checking '/home/azizi/kuka_ws/install/kuka_kr16_moveit_config/lib/python3.8/site-packages'
[1.505s] INFO:colcon.colcon_core.shell:Creating package script '/home/azizi/kuka_ws/install/kuka_kr16_moveit_config/share/kuka_kr16_moveit_config/package.ps1'
[1.507s] INFO:colcon.colcon_core.shell:Creating package descriptor '/home/azizi/kuka_ws/install/kuka_kr16_moveit_config/share/kuka_kr16_moveit_config/package.dsv'
[1.509s] INFO:colcon.colcon_core.shell:Creating package script '/home/azizi/kuka_ws/install/kuka_kr16_moveit_config/share/kuka_kr16_moveit_config/package.sh'
[1.510s] INFO:colcon.colcon_core.shell:Creating package script '/home/azizi/kuka_ws/install/kuka_kr16_moveit_config/share/kuka_kr16_moveit_config/package.bash'
[1.511s] INFO:colcon.colcon_core.shell:Creating package script '/home/azizi/kuka_ws/install/kuka_kr16_moveit_config/share/kuka_kr16_moveit_config/package.zsh'
[1.513s] Level 1:colcon.colcon_core.environment:create_file_with_runtime_dependencies(/home/azizi/kuka_ws/install/kuka_kr16_moveit_config/share/colcon-core/packages/kuka_kr16_moveit_config)
[1.712s] DEBUG:colcon.colcon_parallel_executor.executor.parallel:closing loop
[1.712s] DEBUG:colcon.colcon_parallel_executor.executor.parallel:loop closed
[1.712s] DEBUG:colcon.colcon_parallel_executor.executor.parallel:run_until_complete finished with '1'
[1.713s] DEBUG:colcon.colcon_core.event_reactor:joining thread
[1.728s] INFO:colcon.colcon_core.plugin_system:Skipping extension 'colcon_notification.desktop_notification.terminal_notifier': Not used on non-Darwin systems
[1.728s] INFO:colcon.colcon_core.plugin_system:Skipping extension 'colcon_notification.desktop_notification.win32': Not used on non-Windows systems
[1.728s] INFO:colcon.colcon_notification.desktop_notification:Sending desktop notification using 'notify2'
[1.762s] DEBUG:colcon.colcon_core.event_reactor:joined thread
[1.763s] INFO:colcon.colcon_core.shell:Creating prefix script '/home/azizi/kuka_ws/install/local_setup.ps1'
[1.765s] INFO:colcon.colcon_core.shell:Creating prefix util module '/home/azizi/kuka_ws/install/_local_setup_util_ps1.py'
[1.769s] INFO:colcon.colcon_core.shell:Creating prefix chain script '/home/azizi/kuka_ws/install/setup.ps1'
[1.772s] INFO:colcon.colcon_core.shell:Creating prefix script '/home/azizi/kuka_ws/install/local_setup.sh'
[1.774s] INFO:colcon.colcon_core.shell:Creating prefix util module '/home/azizi/kuka_ws/install/_local_setup_util_sh.py'
[1.775s] INFO:colcon.colcon_core.shell:Creating prefix chain script '/home/azizi/kuka_ws/install/setup.sh'
[1.776s] INFO:colcon.colcon_core.shell:Creating prefix script '/home/azizi/kuka_ws/install/local_setup.bash'
[1.777s] INFO:colcon.colcon_core.shell:Creating prefix chain script '/home/azizi/kuka_ws/install/setup.bash'
[1.779s] INFO:colcon.colcon_core.shell:Creating prefix script '/home/azizi/kuka_ws/install/local_setup.zsh'
[1.780s] INFO:colcon.colcon_core.shell:Creating prefix chain script '/home/azizi/kuka_ws/install/setup.zsh'
