[0.076s] Invoking command in '/home/azizi/kuka_ws/build/kuka_kr16_moveit_config': AMENT_PREFIX_PATH=/home/azizi/kuka_ws/install/kr16_description:${AMENT_PREFIX_PATH} CMAKE_PREFIX_PATH=/home/azizi/kuka_ws/install/kr16_description:/opt/ros/galactic /usr/bin/cmake --build /home/azizi/kuka_ws/build/kuka_kr16_moveit_config -- -j4 -l4
[0.149s] Invoked command in '/home/azizi/kuka_ws/build/kuka_kr16_moveit_config' returned '0': AMENT_PREFIX_PATH=/home/azizi/kuka_ws/install/kr16_description:${AMENT_PREFIX_PATH} CMAKE_PREFIX_PATH=/home/azizi/kuka_ws/install/kr16_description:/opt/ros/galactic /usr/bin/cmake --build /home/azizi/kuka_ws/build/kuka_kr16_moveit_config -- -j4 -l4
[0.229s] Invoking command in '/home/azizi/kuka_ws/build/kuka_kr16_moveit_config': AMENT_PREFIX_PATH=/home/azizi/kuka_ws/install/kr16_description:${AMENT_PREFIX_PATH} CMAKE_PREFIX_PATH=/home/azizi/kuka_ws/install/kr16_description:/opt/ros/galactic /usr/bin/cmake --install /home/azizi/kuka_ws/build/kuka_kr16_moveit_config
[0.255s] -- Install configuration: "Release"
[0.256s] -- Up-to-date: /home/azizi/kuka_ws/install/kuka_kr16_moveit_config/share/ament_index/resource_index/package_run_dependencies/kuka_kr16_moveit_config
[0.257s] -- Up-to-date: /home/azizi/kuka_ws/install/kuka_kr16_moveit_config/share/ament_index/resource_index/parent_prefix_path/kuka_kr16_moveit_config
[0.257s] -- Up-to-date: /home/azizi/kuka_ws/install/kuka_kr16_moveit_config/share/kuka_kr16_moveit_config/environment/ament_prefix_path.sh
[0.258s] -- Up-to-date: /home/azizi/kuka_ws/install/kuka_kr16_moveit_config/share/kuka_kr16_moveit_config/environment/ament_prefix_path.dsv
[0.259s] -- Up-to-date: /home/azizi/kuka_ws/install/kuka_kr16_moveit_config/share/kuka_kr16_moveit_config/environment/path.sh
[0.260s] -- Up-to-date: /home/azizi/kuka_ws/install/kuka_kr16_moveit_config/share/kuka_kr16_moveit_config/environment/path.dsv
[0.260s] -- Up-to-date: /home/azizi/kuka_ws/install/kuka_kr16_moveit_config/share/kuka_kr16_moveit_config/local_setup.bash
[0.261s] -- Up-to-date: /home/azizi/kuka_ws/install/kuka_kr16_moveit_config/share/kuka_kr16_moveit_config/local_setup.sh
[0.261s] -- Up-to-date: /home/azizi/kuka_ws/install/kuka_kr16_moveit_config/share/kuka_kr16_moveit_config/local_setup.zsh
[0.261s] -- Up-to-date: /home/azizi/kuka_ws/install/kuka_kr16_moveit_config/share/kuka_kr16_moveit_config/local_setup.dsv
[0.262s] -- Up-to-date: /home/azizi/kuka_ws/install/kuka_kr16_moveit_config/share/kuka_kr16_moveit_config/package.dsv
[0.263s] -- Up-to-date: /home/azizi/kuka_ws/install/kuka_kr16_moveit_config/share/ament_index/resource_index/packages/kuka_kr16_moveit_config
[0.263s] -- Up-to-date: /home/azizi/kuka_ws/install/kuka_kr16_moveit_config/share/kuka_kr16_moveit_config/cmake/kuka_kr16_moveit_configConfig.cmake
[0.264s] -- Up-to-date: /home/azizi/kuka_ws/install/kuka_kr16_moveit_config/share/kuka_kr16_moveit_config/cmake/kuka_kr16_moveit_configConfig-version.cmake
[0.265s] -- Up-to-date: /home/azizi/kuka_ws/install/kuka_kr16_moveit_config/share/kuka_kr16_moveit_config/package.xml
[0.266s] -- Up-to-date: /home/azizi/kuka_ws/install/kuka_kr16_moveit_config/share/kuka_kr16_moveit_config/launch
[0.267s] -- Up-to-date: /home/azizi/kuka_ws/install/kuka_kr16_moveit_config/share/kuka_kr16_moveit_config/launch/chomp_planning_pipeline.launch.xml
[0.268s] -- Up-to-date: /home/azizi/kuka_ws/install/kuka_kr16_moveit_config/share/kuka_kr16_moveit_config/launch/ros_control_moveit_controller_manager.launch.xml
[0.268s] -- Up-to-date: /home/azizi/kuka_ws/install/kuka_kr16_moveit_config/share/kuka_kr16_moveit_config/launch/demo.launch.py
[0.269s] -- Up-to-date: /home/azizi/kuka_ws/install/kuka_kr16_moveit_config/share/kuka_kr16_moveit_config/launch/kuka_kr16_2_moveit_sensor_manager.launch.xml
[0.269s] -- Up-to-date: /home/azizi/kuka_ws/install/kuka_kr16_moveit_config/share/kuka_kr16_moveit_config/launch/demo.launch
[0.270s] -- Up-to-date: /home/azizi/kuka_ws/install/kuka_kr16_moveit_config/share/kuka_kr16_moveit_config/launch/stomp_planning_pipeline.launch.xml
[0.271s] -- Up-to-date: /home/azizi/kuka_ws/install/kuka_kr16_moveit_config/share/kuka_kr16_moveit_config/launch/move_group.launch
[0.272s] -- Up-to-date: /home/azizi/kuka_ws/install/kuka_kr16_moveit_config/share/kuka_kr16_moveit_config/launch/trajectory_execution.launch.xml
[0.275s] -- Up-to-date: /home/azizi/kuka_ws/install/kuka_kr16_moveit_config/share/kuka_kr16_moveit_config/launch/pilz_industrial_motion_planner_planning_pipeline.launch.xml
[0.276s] -- Up-to-date: /home/azizi/kuka_ws/install/kuka_kr16_moveit_config/share/kuka_kr16_moveit_config/launch/default_warehouse_db.launch
[0.276s] -- Up-to-date: /home/azizi/kuka_ws/install/kuka_kr16_moveit_config/share/kuka_kr16_moveit_config/launch/run_benchmark_ompl.launch
[0.277s] -- Up-to-date: /home/azizi/kuka_ws/install/kuka_kr16_moveit_config/share/kuka_kr16_moveit_config/launch/planning_context.launch
[0.277s] -- Up-to-date: /home/azizi/kuka_ws/install/kuka_kr16_moveit_config/share/kuka_kr16_moveit_config/launch/warehouse_settings.launch.xml
[0.277s] -- Up-to-date: /home/azizi/kuka_ws/install/kuka_kr16_moveit_config/share/kuka_kr16_moveit_config/launch/gazebo.launch
[0.277s] -- Up-to-date: /home/azizi/kuka_ws/install/kuka_kr16_moveit_config/share/kuka_kr16_moveit_config/launch/moveit.rviz
[0.278s] -- Up-to-date: /home/azizi/kuka_ws/install/kuka_kr16_moveit_config/share/kuka_kr16_moveit_config/launch/simple_moveit_controller_manager.launch.xml
[0.278s] -- Up-to-date: /home/azizi/kuka_ws/install/kuka_kr16_moveit_config/share/kuka_kr16_moveit_config/launch/ros_controllers.launch
[0.278s] -- Up-to-date: /home/azizi/kuka_ws/install/kuka_kr16_moveit_config/share/kuka_kr16_moveit_config/launch/demo_gazebo.launch
[0.278s] -- Up-to-date: /home/azizi/kuka_ws/install/kuka_kr16_moveit_config/share/kuka_kr16_moveit_config/launch/planning_pipeline.launch.xml
[0.278s] -- Up-to-date: /home/azizi/kuka_ws/install/kuka_kr16_moveit_config/share/kuka_kr16_moveit_config/launch/warehouse.launch
[0.279s] -- Up-to-date: /home/azizi/kuka_ws/install/kuka_kr16_moveit_config/share/kuka_kr16_moveit_config/launch/fake_moveit_controller_manager.launch.xml
[0.279s] -- Up-to-date: /home/azizi/kuka_ws/install/kuka_kr16_moveit_config/share/kuka_kr16_moveit_config/launch/ompl_planning_pipeline.launch.xml
[0.279s] -- Up-to-date: /home/azizi/kuka_ws/install/kuka_kr16_moveit_config/share/kuka_kr16_moveit_config/launch/sensor_manager.launch.xml
[0.279s] -- Up-to-date: /home/azizi/kuka_ws/install/kuka_kr16_moveit_config/share/kuka_kr16_moveit_config/launch/joystick_control.launch
[0.280s] -- Up-to-date: /home/azizi/kuka_ws/install/kuka_kr16_moveit_config/share/kuka_kr16_moveit_config/launch/ompl-chomp_planning_pipeline.launch.xml
[0.280s] -- Up-to-date: /home/azizi/kuka_ws/install/kuka_kr16_moveit_config/share/kuka_kr16_moveit_config/launch/moveit_rviz.launch
[0.280s] -- Up-to-date: /home/azizi/kuka_ws/install/kuka_kr16_moveit_config/share/kuka_kr16_moveit_config/launch/my_planning_execution.launch.py
[0.280s] -- Up-to-date: /home/azizi/kuka_ws/install/kuka_kr16_moveit_config/share/kuka_kr16_moveit_config/config
[0.280s] -- Up-to-date: /home/azizi/kuka_ws/install/kuka_kr16_moveit_config/share/kuka_kr16_moveit_config/config/kr16_controllers.yaml
[0.281s] -- Up-to-date: /home/azizi/kuka_ws/install/kuka_kr16_moveit_config/share/kuka_kr16_moveit_config/config/initial_positions.yaml
[0.281s] -- Up-to-date: /home/azizi/kuka_ws/install/kuka_kr16_moveit_config/share/kuka_kr16_moveit_config/config/sensors_kinect_pointcloud.yaml
[0.281s] -- Up-to-date: /home/azizi/kuka_ws/install/kuka_kr16_moveit_config/share/kuka_kr16_moveit_config/config/kr16_ros_controllers.yaml
[0.281s] -- Up-to-date: /home/azizi/kuka_ws/install/kuka_kr16_moveit_config/share/kuka_kr16_moveit_config/config/ompl_planning.yaml
[0.281s] -- Up-to-date: /home/azizi/kuka_ws/install/kuka_kr16_moveit_config/share/kuka_kr16_moveit_config/config/fake_controllers.yaml
[0.282s] -- Up-to-date: /home/azizi/kuka_ws/install/kuka_kr16_moveit_config/share/kuka_kr16_moveit_config/config/joint_limits.yaml
[0.282s] -- Up-to-date: /home/azizi/kuka_ws/install/kuka_kr16_moveit_config/share/kuka_kr16_moveit_config/config/stomp_planning.yaml
[0.282s] -- Up-to-date: /home/azizi/kuka_ws/install/kuka_kr16_moveit_config/share/kuka_kr16_moveit_config/config/simple_moveit_controllers.yaml
[0.282s] -- Up-to-date: /home/azizi/kuka_ws/install/kuka_kr16_moveit_config/share/kuka_kr16_moveit_config/config/sensors_kinect_depthmap.yaml
[0.282s] -- Up-to-date: /home/azizi/kuka_ws/install/kuka_kr16_moveit_config/share/kuka_kr16_moveit_config/config/kuka_kr16_2.srdf
[0.283s] -- Up-to-date: /home/azizi/kuka_ws/install/kuka_kr16_moveit_config/share/kuka_kr16_moveit_config/config/lerp_planning.yaml
[0.283s] -- Up-to-date: /home/azizi/kuka_ws/install/kuka_kr16_moveit_config/share/kuka_kr16_moveit_config/config/gazebo_controllers.yaml
[0.283s] -- Up-to-date: /home/azizi/kuka_ws/install/kuka_kr16_moveit_config/share/kuka_kr16_moveit_config/config/chomp_planning.yaml
[0.283s] -- Up-to-date: /home/azizi/kuka_ws/install/kuka_kr16_moveit_config/share/kuka_kr16_moveit_config/config/cartesian_limits.yaml
[0.284s] -- Up-to-date: /home/azizi/kuka_ws/install/kuka_kr16_moveit_config/share/kuka_kr16_moveit_config/config/sensors_3d.yaml
[0.284s] -- Up-to-date: /home/azizi/kuka_ws/install/kuka_kr16_moveit_config/share/kuka_kr16_moveit_config/config/controllers.yaml
[0.284s] -- Up-to-date: /home/azizi/kuka_ws/install/kuka_kr16_moveit_config/share/kuka_kr16_moveit_config/config/ros_controllers.yaml
[0.284s] -- Up-to-date: /home/azizi/kuka_ws/install/kuka_kr16_moveit_config/share/kuka_kr16_moveit_config/config/kinematics.yaml
[0.285s] -- Up-to-date: /home/azizi/kuka_ws/install/kuka_kr16_moveit_config/share/kuka_kr16_moveit_config/config/trajopt_planning.yaml
[0.285s] -- Up-to-date: /home/azizi/kuka_ws/install/kuka_kr16_moveit_config/share/kuka_kr16_moveit_config/config
[0.287s] -- Up-to-date: /home/azizi/kuka_ws/install/kuka_kr16_moveit_config/share/kuka_kr16_moveit_config/config/kr16_controllers.yaml
[0.287s] -- Up-to-date: /home/azizi/kuka_ws/install/kuka_kr16_moveit_config/share/kuka_kr16_moveit_config/config/initial_positions.yaml
[0.288s] -- Up-to-date: /home/azizi/kuka_ws/install/kuka_kr16_moveit_config/share/kuka_kr16_moveit_config/config/sensors_kinect_pointcloud.yaml
[0.288s] -- Up-to-date: /home/azizi/kuka_ws/install/kuka_kr16_moveit_config/share/kuka_kr16_moveit_config/config/kr16_ros_controllers.yaml
[0.289s] -- Up-to-date: /home/azizi/kuka_ws/install/kuka_kr16_moveit_config/share/kuka_kr16_moveit_config/config/ompl_planning.yaml
[0.289s] -- Up-to-date: /home/azizi/kuka_ws/install/kuka_kr16_moveit_config/share/kuka_kr16_moveit_config/config/fake_controllers.yaml
[0.289s] -- Up-to-date: /home/azizi/kuka_ws/install/kuka_kr16_moveit_config/share/kuka_kr16_moveit_config/config/joint_limits.yaml
[0.290s] -- Up-to-date: /home/azizi/kuka_ws/install/kuka_kr16_moveit_config/share/kuka_kr16_moveit_config/config/stomp_planning.yaml
[0.290s] -- Up-to-date: /home/azizi/kuka_ws/install/kuka_kr16_moveit_config/share/kuka_kr16_moveit_config/config/simple_moveit_controllers.yaml
[0.290s] -- Up-to-date: /home/azizi/kuka_ws/install/kuka_kr16_moveit_config/share/kuka_kr16_moveit_config/config/sensors_kinect_depthmap.yaml
[0.290s] -- Up-to-date: /home/azizi/kuka_ws/install/kuka_kr16_moveit_config/share/kuka_kr16_moveit_config/config/kuka_kr16_2.srdf
[0.291s] -- Up-to-date: /home/azizi/kuka_ws/install/kuka_kr16_moveit_config/share/kuka_kr16_moveit_config/config/lerp_planning.yaml
[0.291s] -- Up-to-date: /home/azizi/kuka_ws/install/kuka_kr16_moveit_config/share/kuka_kr16_moveit_config/config/gazebo_controllers.yaml
[0.291s] -- Up-to-date: /home/azizi/kuka_ws/install/kuka_kr16_moveit_config/share/kuka_kr16_moveit_config/config/chomp_planning.yaml
[0.291s] -- Up-to-date: /home/azizi/kuka_ws/install/kuka_kr16_moveit_config/share/kuka_kr16_moveit_config/config/cartesian_limits.yaml
[0.292s] -- Up-to-date: /home/azizi/kuka_ws/install/kuka_kr16_moveit_config/share/kuka_kr16_moveit_config/config/sensors_3d.yaml
[0.292s] -- Up-to-date: /home/azizi/kuka_ws/install/kuka_kr16_moveit_config/share/kuka_kr16_moveit_config/config/controllers.yaml
[0.292s] -- Up-to-date: /home/azizi/kuka_ws/install/kuka_kr16_moveit_config/share/kuka_kr16_moveit_config/config/ros_controllers.yaml
[0.292s] -- Up-to-date: /home/azizi/kuka_ws/install/kuka_kr16_moveit_config/share/kuka_kr16_moveit_config/config/kinematics.yaml
[0.293s] -- Up-to-date: /home/azizi/kuka_ws/install/kuka_kr16_moveit_config/share/kuka_kr16_moveit_config/config/trajopt_planning.yaml
[0.293s] -- Up-to-date: /home/azizi/kuka_ws/install/kuka_kr16_moveit_config/share/kuka_kr16_moveit_config/launch
[0.293s] -- Up-to-date: /home/azizi/kuka_ws/install/kuka_kr16_moveit_config/share/kuka_kr16_moveit_config/launch/chomp_planning_pipeline.launch.xml
[0.294s] -- Up-to-date: /home/azizi/kuka_ws/install/kuka_kr16_moveit_config/share/kuka_kr16_moveit_config/launch/ros_control_moveit_controller_manager.launch.xml
[0.294s] -- Up-to-date: /home/azizi/kuka_ws/install/kuka_kr16_moveit_config/share/kuka_kr16_moveit_config/launch/demo.launch.py
[0.294s] -- Up-to-date: /home/azizi/kuka_ws/install/kuka_kr16_moveit_config/share/kuka_kr16_moveit_config/launch/kuka_kr16_2_moveit_sensor_manager.launch.xml
[0.294s] -- Up-to-date: /home/azizi/kuka_ws/install/kuka_kr16_moveit_config/share/kuka_kr16_moveit_config/launch/demo.launch
[0.295s] -- Up-to-date: /home/azizi/kuka_ws/install/kuka_kr16_moveit_config/share/kuka_kr16_moveit_config/launch/stomp_planning_pipeline.launch.xml
[0.297s] -- Up-to-date: /home/azizi/kuka_ws/install/kuka_kr16_moveit_config/share/kuka_kr16_moveit_config/launch/move_group.launch
[0.297s] -- Up-to-date: /home/azizi/kuka_ws/install/kuka_kr16_moveit_config/share/kuka_kr16_moveit_config/launch/trajectory_execution.launch.xml
[0.297s] -- Up-to-date: /home/azizi/kuka_ws/install/kuka_kr16_moveit_config/share/kuka_kr16_moveit_config/launch/pilz_industrial_motion_planner_planning_pipeline.launch.xml
[0.298s] -- Up-to-date: /home/azizi/kuka_ws/install/kuka_kr16_moveit_config/share/kuka_kr16_moveit_config/launch/default_warehouse_db.launch
[0.298s] -- Up-to-date: /home/azizi/kuka_ws/install/kuka_kr16_moveit_config/share/kuka_kr16_moveit_config/launch/run_benchmark_ompl.launch
[0.298s] -- Up-to-date: /home/azizi/kuka_ws/install/kuka_kr16_moveit_config/share/kuka_kr16_moveit_config/launch/planning_context.launch
[0.305s] -- Up-to-date: /home/azizi/kuka_ws/install/kuka_kr16_moveit_config/share/kuka_kr16_moveit_config/launch/warehouse_settings.launch.xml
[0.305s] -- Up-to-date: /home/azizi/kuka_ws/install/kuka_kr16_moveit_config/share/kuka_kr16_moveit_config/launch/gazebo.launch
[0.305s] -- Up-to-date: /home/azizi/kuka_ws/install/kuka_kr16_moveit_config/share/kuka_kr16_moveit_config/launch/moveit.rviz
[0.305s] -- Up-to-date: /home/azizi/kuka_ws/install/kuka_kr16_moveit_config/share/kuka_kr16_moveit_config/launch/simple_moveit_controller_manager.launch.xml
[0.306s] -- Up-to-date: /home/azizi/kuka_ws/install/kuka_kr16_moveit_config/share/kuka_kr16_moveit_config/launch/ros_controllers.launch
[0.306s] -- Up-to-date: /home/azizi/kuka_ws/install/kuka_kr16_moveit_config/share/kuka_kr16_moveit_config/launch/demo_gazebo.launch
[0.306s] -- Up-to-date: /home/azizi/kuka_ws/install/kuka_kr16_moveit_config/share/kuka_kr16_moveit_config/launch/planning_pipeline.launch.xml
[0.307s] -- Up-to-date: /home/azizi/kuka_ws/install/kuka_kr16_moveit_config/share/kuka_kr16_moveit_config/launch/warehouse.launch
[0.307s] -- Up-to-date: /home/azizi/kuka_ws/install/kuka_kr16_moveit_config/share/kuka_kr16_moveit_config/launch/fake_moveit_controller_manager.launch.xml
[0.307s] -- Up-to-date: /home/azizi/kuka_ws/install/kuka_kr16_moveit_config/share/kuka_kr16_moveit_config/launch/ompl_planning_pipeline.launch.xml
[0.308s] -- Up-to-date: /home/azizi/kuka_ws/install/kuka_kr16_moveit_config/share/kuka_kr16_moveit_config/launch/sensor_manager.launch.xml
[0.308s] -- Up-to-date: /home/azizi/kuka_ws/install/kuka_kr16_moveit_config/share/kuka_kr16_moveit_config/launch/joystick_control.launch
[0.308s] -- Up-to-date: /home/azizi/kuka_ws/install/kuka_kr16_moveit_config/share/kuka_kr16_moveit_config/launch/ompl-chomp_planning_pipeline.launch.xml
[0.308s] CMake Error at cmake_install.cmake:108 (file):
[0.309s]   file INSTALL cannot find
[0.309s]   "/home/azizi/kuka_ws/src/kuka_kr16_moveit_config/rviz": No such file or
[0.309s]   directory.
[0.309s] 
[0.309s] 
[0.310s] -- Up-to-date: /home/azizi/kuka_ws/install/kuka_kr16_moveit_config/share/kuka_kr16_moveit_config/launch/setup_assistant.launch
[0.310s] -- Up-to-date: /home/azizi/kuka_ws/install/kuka_kr16_moveit_config/share/kuka_kr16_moveit_config/launch/moveit_rviz.launch
[0.310s] -- Up-to-date: /home/azizi/kuka_ws/install/kuka_kr16_moveit_config/share/kuka_kr16_moveit_config/launch/my_planning_execution.launch.py
[0.311s] Invoked command in '/home/azizi/kuka_ws/build/kuka_kr16_moveit_config' returned '1': AMENT_PREFIX_PATH=/home/azizi/kuka_ws/install/kr16_description:${AMENT_PREFIX_PATH} CMAKE_PREFIX_PATH=/home/azizi/kuka_ws/install/kr16_description:/opt/ros/galactic /usr/bin/cmake --install /home/azizi/kuka_ws/build/kuka_kr16_moveit_config
