[0.049s] Invoking command in '/home/azizi/kuka_ws/build/kuka_kr16_moveit_config': AMENT_PREFIX_PATH=/home/azizi/kuka_ws/install/kr16_description:${AMENT_PREFIX_PATH} CMAKE_PREFIX_PATH=/home/azizi/kuka_ws/install/kr16_description:/opt/ros/galactic /usr/bin/cmake --build /home/azizi/kuka_ws/build/kuka_kr16_moveit_config -- -j4 -l4
[0.147s] Invoked command in '/home/azizi/kuka_ws/build/kuka_kr16_moveit_config' returned '0': AMENT_PREFIX_PATH=/home/azizi/kuka_ws/install/kr16_description:${AMENT_PREFIX_PATH} CMAKE_PREFIX_PATH=/home/azizi/kuka_ws/install/kr16_description:/opt/ros/galactic /usr/bin/cmake --build /home/azizi/kuka_ws/build/kuka_kr16_moveit_config -- -j4 -l4
[0.255s] Invoking command in '/home/azizi/kuka_ws/build/kuka_kr16_moveit_config': AMENT_PREFIX_PATH=/home/azizi/kuka_ws/install/kr16_description:${AMENT_PREFIX_PATH} CMAKE_PREFIX_PATH=/home/azizi/kuka_ws/install/kr16_description:/opt/ros/galactic /usr/bin/cmake --install /home/azizi/kuka_ws/build/kuka_kr16_moveit_config
[0.279s] -- Install configuration: "Release"
[0.279s] -- Up-to-date: /home/azizi/kuka_ws/install/kuka_kr16_moveit_config/share/ament_index/resource_index/package_run_dependencies/kuka_kr16_moveit_config
[0.280s] -- Up-to-date: /home/azizi/kuka_ws/install/kuka_kr16_moveit_config/share/ament_index/resource_index/parent_prefix_path/kuka_kr16_moveit_config
[0.280s] -- Up-to-date: /home/azizi/kuka_ws/install/kuka_kr16_moveit_config/share/kuka_kr16_moveit_config/environment/ament_prefix_path.sh
[0.280s] -- Up-to-date: /home/azizi/kuka_ws/install/kuka_kr16_moveit_config/share/kuka_kr16_moveit_config/environment/ament_prefix_path.dsv
[0.281s] -- Up-to-date: /home/azizi/kuka_ws/install/kuka_kr16_moveit_config/share/kuka_kr16_moveit_config/environment/path.sh
[0.281s] -- Up-to-date: /home/azizi/kuka_ws/install/kuka_kr16_moveit_config/share/kuka_kr16_moveit_config/environment/path.dsv
[0.282s] -- Up-to-date: /home/azizi/kuka_ws/install/kuka_kr16_moveit_config/share/kuka_kr16_moveit_config/local_setup.bash
[0.282s] -- Up-to-date: /home/azizi/kuka_ws/install/kuka_kr16_moveit_config/share/kuka_kr16_moveit_config/local_setup.sh
[0.283s] -- Up-to-date: /home/azizi/kuka_ws/install/kuka_kr16_moveit_config/share/kuka_kr16_moveit_config/local_setup.zsh
[0.284s] -- Up-to-date: /home/azizi/kuka_ws/install/kuka_kr16_moveit_config/share/kuka_kr16_moveit_config/local_setup.dsv
[0.284s] -- Installing: /home/azizi/kuka_ws/install/kuka_kr16_moveit_config/share/kuka_kr16_moveit_config/package.dsv
[0.285s] -- Up-to-date: /home/azizi/kuka_ws/install/kuka_kr16_moveit_config/share/ament_index/resource_index/packages/kuka_kr16_moveit_config
[0.286s] -- Up-to-date: /home/azizi/kuka_ws/install/kuka_kr16_moveit_config/share/kuka_kr16_moveit_config/cmake/kuka_kr16_moveit_configConfig.cmake
[0.287s] -- Up-to-date: /home/azizi/kuka_ws/install/kuka_kr16_moveit_config/share/kuka_kr16_moveit_config/cmake/kuka_kr16_moveit_configConfig-version.cmake
[0.287s] -- Up-to-date: /home/azizi/kuka_ws/install/kuka_kr16_moveit_config/share/kuka_kr16_moveit_config/package.xml
[0.288s] -- Up-to-date: /home/azizi/kuka_ws/install/kuka_kr16_moveit_config/share/kuka_kr16_moveit_config/launch
[0.288s] -- Up-to-date: /home/azizi/kuka_ws/install/kuka_kr16_moveit_config/share/kuka_kr16_moveit_config/launch/chomp_planning_pipeline.launch.xml
[0.288s] -- Up-to-date: /home/azizi/kuka_ws/install/kuka_kr16_moveit_config/share/kuka_kr16_moveit_config/launch/ros_control_moveit_controller_manager.launch.xml
[0.288s] -- Up-to-date: /home/azizi/kuka_ws/install/kuka_kr16_moveit_config/share/kuka_kr16_moveit_config/launch/demo.launch.py
[0.289s] -- Up-to-date: /home/azizi/kuka_ws/install/kuka_kr16_moveit_config/share/kuka_kr16_moveit_config/launch/kuka_kr16_2_moveit_sensor_manager.launch.xml
[0.289s] -- Up-to-date: /home/azizi/kuka_ws/install/kuka_kr16_moveit_config/share/kuka_kr16_moveit_config/launch/demo.launch
[0.289s] -- Up-to-date: /home/azizi/kuka_ws/install/kuka_kr16_moveit_config/share/kuka_kr16_moveit_config/launch/stomp_planning_pipeline.launch.xml
[0.289s] -- Up-to-date: /home/azizi/kuka_ws/install/kuka_kr16_moveit_config/share/kuka_kr16_moveit_config/launch/move_group.launch
[0.290s] -- Up-to-date: /home/azizi/kuka_ws/install/kuka_kr16_moveit_config/share/kuka_kr16_moveit_config/launch/trajectory_execution.launch.xml
[0.290s] -- Up-to-date: /home/azizi/kuka_ws/install/kuka_kr16_moveit_config/share/kuka_kr16_moveit_config/launch/pilz_industrial_motion_planner_planning_pipeline.launch.xml
[0.290s] -- Up-to-date: /home/azizi/kuka_ws/install/kuka_kr16_moveit_config/share/kuka_kr16_moveit_config/launch/default_warehouse_db.launch
[0.291s] -- Up-to-date: /home/azizi/kuka_ws/install/kuka_kr16_moveit_config/share/kuka_kr16_moveit_config/launch/run_benchmark_ompl.launch
[0.291s] -- Up-to-date: /home/azizi/kuka_ws/install/kuka_kr16_moveit_config/share/kuka_kr16_moveit_config/launch/planning_context.launch
[0.291s] -- Up-to-date: /home/azizi/kuka_ws/install/kuka_kr16_moveit_config/share/kuka_kr16_moveit_config/launch/warehouse_settings.launch.xml
[0.291s] -- Up-to-date: /home/azizi/kuka_ws/install/kuka_kr16_moveit_config/share/kuka_kr16_moveit_config/launch/gazebo.launch
[0.292s] -- Up-to-date: /home/azizi/kuka_ws/install/kuka_kr16_moveit_config/share/kuka_kr16_moveit_config/launch/moveit.rviz
[0.292s] -- Up-to-date: /home/azizi/kuka_ws/install/kuka_kr16_moveit_config/share/kuka_kr16_moveit_config/launch/simple_moveit_controller_manager.launch.xml
[0.292s] -- Up-to-date: /home/azizi/kuka_ws/install/kuka_kr16_moveit_config/share/kuka_kr16_moveit_config/launch/ros_controllers.launch
[0.292s] -- Up-to-date: /home/azizi/kuka_ws/install/kuka_kr16_moveit_config/share/kuka_kr16_moveit_config/launch/demo_gazebo.launch
[0.292s] -- Up-to-date: /home/azizi/kuka_ws/install/kuka_kr16_moveit_config/share/kuka_kr16_moveit_config/launch/planning_pipeline.launch.xml
[0.293s] -- Up-to-date: /home/azizi/kuka_ws/install/kuka_kr16_moveit_config/share/kuka_kr16_moveit_config/launch/warehouse.launch
[0.293s] -- Up-to-date: /home/azizi/kuka_ws/install/kuka_kr16_moveit_config/share/kuka_kr16_moveit_config/launch/fake_moveit_controller_manager.launch.xml
[0.300s] -- Up-to-date: /home/azizi/kuka_ws/install/kuka_kr16_moveit_config/share/kuka_kr16_moveit_config/launch/ompl_planning_pipeline.launch.xml
[0.301s] -- Up-to-date: /home/azizi/kuka_ws/install/kuka_kr16_moveit_config/share/kuka_kr16_moveit_config/launch/sensor_manager.launch.xml
[0.301s] -- Up-to-date: /home/azizi/kuka_ws/install/kuka_kr16_moveit_config/share/kuka_kr16_moveit_config/launch/joystick_control.launch
[0.301s] -- Up-to-date: /home/azizi/kuka_ws/install/kuka_kr16_moveit_config/share/kuka_kr16_moveit_config/launch/ompl-chomp_planning_pipeline.launch.xml
[0.302s] -- Up-to-date: /home/azizi/kuka_ws/install/kuka_kr16_moveit_config/share/kuka_kr16_moveit_config/launch/moveit_rviz.launch
[0.302s] -- Up-to-date: /home/azizi/kuka_ws/install/kuka_kr16_moveit_config/share/kuka_kr16_moveit_config/launch/my_planning_execution.launch.py
[0.302s] -- Up-to-date: /home/azizi/kuka_ws/install/kuka_kr16_moveit_config/share/kuka_kr16_moveit_config/config
[0.302s] -- Up-to-date: /home/azizi/kuka_ws/install/kuka_kr16_moveit_config/share/kuka_kr16_moveit_config/config/kr16_controllers.yaml
[0.303s] -- Up-to-date: /home/azizi/kuka_ws/install/kuka_kr16_moveit_config/share/kuka_kr16_moveit_config/config/initial_positions.yaml
[0.308s] -- Up-to-date: /home/azizi/kuka_ws/install/kuka_kr16_moveit_config/share/kuka_kr16_moveit_config/config/kr16.urdf.xacro
[0.308s] -- Up-to-date: /home/azizi/kuka_ws/install/kuka_kr16_moveit_config/share/kuka_kr16_moveit_config/config/sensors_kinect_pointcloud.yaml
[0.308s] -- Up-to-date: /home/azizi/kuka_ws/install/kuka_kr16_moveit_config/share/kuka_kr16_moveit_config/config/kr16_ros_controllers.yaml
[0.309s] -- Up-to-date: /home/azizi/kuka_ws/install/kuka_kr16_moveit_config/share/kuka_kr16_moveit_config/config/ompl_planning.yaml
[0.309s] -- Up-to-date: /home/azizi/kuka_ws/install/kuka_kr16_moveit_config/share/kuka_kr16_moveit_config/config/fake_controllers.yaml
[0.310s] -- Up-to-date: /home/azizi/kuka_ws/install/kuka_kr16_moveit_config/share/kuka_kr16_moveit_config/config/joint_limits.yaml
[0.310s] -- Up-to-date: /home/azizi/kuka_ws/install/kuka_kr16_moveit_config/share/kuka_kr16_moveit_config/config/stomp_planning.yaml
[0.311s] -- Up-to-date: /home/azizi/kuka_ws/install/kuka_kr16_moveit_config/share/kuka_kr16_moveit_config/config/simple_moveit_controllers.yaml
[0.311s] -- Up-to-date: /home/azizi/kuka_ws/install/kuka_kr16_moveit_config/share/kuka_kr16_moveit_config/config/sensors_kinect_depthmap.yaml
[0.311s] -- Up-to-date: /home/azizi/kuka_ws/install/kuka_kr16_moveit_config/share/kuka_kr16_moveit_config/config/kuka_kr16_2.srdf
[0.312s] -- Up-to-date: /home/azizi/kuka_ws/install/kuka_kr16_moveit_config/share/kuka_kr16_moveit_config/config/lerp_planning.yaml
[0.312s] -- Up-to-date: /home/azizi/kuka_ws/install/kuka_kr16_moveit_config/share/kuka_kr16_moveit_config/config/gazebo_controllers.yaml
[0.312s] -- Up-to-date: /home/azizi/kuka_ws/install/kuka_kr16_moveit_config/share/kuka_kr16_moveit_config/config/chomp_planning.yaml
[0.312s] -- Up-to-date: /home/azizi/kuka_ws/install/kuka_kr16_moveit_config/share/kuka_kr16_moveit_config/config/kr16_2_macro.xacro
[0.313s] -- Up-to-date: /home/azizi/kuka_ws/install/kuka_kr16_moveit_config/share/kuka_kr16_moveit_config/config/cartesian_limits.yaml
[0.313s] -- Up-to-date: /home/azizi/kuka_ws/install/kuka_kr16_moveit_config/share/kuka_kr16_moveit_config/config/kr16.ros2_control.xacro
[0.313s] -- Up-to-date: /home/azizi/kuka_ws/install/kuka_kr16_moveit_config/share/kuka_kr16_moveit_config/config/sensors_3d.yaml
[0.314s] -- Up-to-date: /home/azizi/kuka_ws/install/kuka_kr16_moveit_config/share/kuka_kr16_moveit_config/config/controllers.yaml
[0.314s] -- Up-to-date: /home/azizi/kuka_ws/install/kuka_kr16_moveit_config/share/kuka_kr16_moveit_config/config/ros_controllers.yaml
[0.314s] -- Up-to-date: /home/azizi/kuka_ws/install/kuka_kr16_moveit_config/share/kuka_kr16_moveit_config/config/kinematics.yaml
[0.315s] -- Up-to-date: /home/azizi/kuka_ws/install/kuka_kr16_moveit_config/share/kuka_kr16_moveit_config/config/trajopt_planning.yaml
[0.315s] -- Up-to-date: /home/azizi/kuka_ws/install/kuka_kr16_moveit_config/share/kuka_kr16_moveit_config/config
[0.315s] -- Up-to-date: /home/azizi/kuka_ws/install/kuka_kr16_moveit_config/share/kuka_kr16_moveit_config/config/kr16_controllers.yaml
[0.315s] -- Up-to-date: /home/azizi/kuka_ws/install/kuka_kr16_moveit_config/share/kuka_kr16_moveit_config/config/initial_positions.yaml
[0.316s] -- Up-to-date: /home/azizi/kuka_ws/install/kuka_kr16_moveit_config/share/kuka_kr16_moveit_config/config/kr16.urdf.xacro
[0.316s] -- Up-to-date: /home/azizi/kuka_ws/install/kuka_kr16_moveit_config/share/kuka_kr16_moveit_config/config/sensors_kinect_pointcloud.yaml
[0.316s] -- Up-to-date: /home/azizi/kuka_ws/install/kuka_kr16_moveit_config/share/kuka_kr16_moveit_config/config/kr16_ros_controllers.yaml
[0.316s] -- Up-to-date: /home/azizi/kuka_ws/install/kuka_kr16_moveit_config/share/kuka_kr16_moveit_config/config/ompl_planning.yaml
[0.317s] -- Up-to-date: /home/azizi/kuka_ws/install/kuka_kr16_moveit_config/share/kuka_kr16_moveit_config/config/fake_controllers.yaml
[0.317s] -- Up-to-date: /home/azizi/kuka_ws/install/kuka_kr16_moveit_config/share/kuka_kr16_moveit_config/config/joint_limits.yaml
[0.317s] -- Up-to-date: /home/azizi/kuka_ws/install/kuka_kr16_moveit_config/share/kuka_kr16_moveit_config/config/stomp_planning.yaml
[0.317s] -- Up-to-date: /home/azizi/kuka_ws/install/kuka_kr16_moveit_config/share/kuka_kr16_moveit_config/config/simple_moveit_controllers.yaml
[0.317s] -- Up-to-date: /home/azizi/kuka_ws/install/kuka_kr16_moveit_config/share/kuka_kr16_moveit_config/config/sensors_kinect_depthmap.yaml
[0.318s] -- Up-to-date: /home/azizi/kuka_ws/install/kuka_kr16_moveit_config/share/kuka_kr16_moveit_config/config/kuka_kr16_2.srdf
[0.318s] -- Up-to-date: /home/azizi/kuka_ws/install/kuka_kr16_moveit_config/share/kuka_kr16_moveit_config/config/lerp_planning.yaml
[0.318s] -- Up-to-date: /home/azizi/kuka_ws/install/kuka_kr16_moveit_config/share/kuka_kr16_moveit_config/config/gazebo_controllers.yaml
[0.318s] -- Up-to-date: /home/azizi/kuka_ws/install/kuka_kr16_moveit_config/share/kuka_kr16_moveit_config/config/chomp_planning.yaml
[0.319s] -- Up-to-date: /home/azizi/kuka_ws/install/kuka_kr16_moveit_config/share/kuka_kr16_moveit_config/config/kr16_2_macro.xacro
[0.319s] -- Up-to-date: /home/azizi/kuka_ws/install/kuka_kr16_moveit_config/share/kuka_kr16_moveit_config/config/cartesian_limits.yaml
[0.319s] -- Up-to-date: /home/azizi/kuka_ws/install/kuka_kr16_moveit_config/share/kuka_kr16_moveit_config/config/kr16.ros2_control.xacro
[0.319s] -- Up-to-date: /home/azizi/kuka_ws/install/kuka_kr16_moveit_config/share/kuka_kr16_moveit_config/config/sensors_3d.yaml
[0.319s] -- Up-to-date: /home/azizi/kuka_ws/install/kuka_kr16_moveit_config/share/kuka_kr16_moveit_config/config/controllers.yaml
[0.320s] -- Up-to-date: /home/azizi/kuka_ws/install/kuka_kr16_moveit_config/share/kuka_kr16_moveit_config/config/ros_controllers.yaml
[0.320s] -- Up-to-date: /home/azizi/kuka_ws/install/kuka_kr16_moveit_config/share/kuka_kr16_moveit_config/config/kinematics.yaml
[0.320s] -- Up-to-date: /home/azizi/kuka_ws/install/kuka_kr16_moveit_config/share/kuka_kr16_moveit_config/config/trajopt_planning.yaml
[0.320s] -- Up-to-date: /home/azizi/kuka_ws/install/kuka_kr16_moveit_config/share/kuka_kr16_moveit_config/launch
[0.331s] -- Up-to-date: /home/azizi/kuka_ws/install/kuka_kr16_moveit_config/share/kuka_kr16_moveit_config/launch/chomp_planning_pipeline.launch.xml
[0.331s] -- Up-to-date: /home/azizi/kuka_ws/install/kuka_kr16_moveit_config/share/kuka_kr16_moveit_config/launch/ros_control_moveit_controller_manager.launch.xml
[0.332s] -- Up-to-date: /home/azizi/kuka_ws/install/kuka_kr16_moveit_config/share/kuka_kr16_moveit_config/launch/demo.launch.py
[0.332s] -- Up-to-date: /home/azizi/kuka_ws/install/kuka_kr16_moveit_config/share/kuka_kr16_moveit_config/launch/kuka_kr16_2_moveit_sensor_manager.launch.xml
[0.332s] -- Up-to-date: /home/azizi/kuka_ws/install/kuka_kr16_moveit_config/share/kuka_kr16_moveit_config/launch/demo.launch
[0.332s] -- Up-to-date: /home/azizi/kuka_ws/install/kuka_kr16_moveit_config/share/kuka_kr16_moveit_config/launch/stomp_planning_pipeline.launch.xml
[0.333s] -- Up-to-date: /home/azizi/kuka_ws/install/kuka_kr16_moveit_config/share/kuka_kr16_moveit_config/launch/move_group.launch
[0.333s] -- Up-to-date: /home/azizi/kuka_ws/install/kuka_kr16_moveit_config/share/kuka_kr16_moveit_config/launch/trajectory_execution.launch.xml
[0.333s] -- Up-to-date: /home/azizi/kuka_ws/install/kuka_kr16_moveit_config/share/kuka_kr16_moveit_config/launch/pilz_industrial_motion_planner_planning_pipeline.launch.xml
[0.333s] -- Up-to-date: /home/azizi/kuka_ws/install/kuka_kr16_moveit_config/share/kuka_kr16_moveit_config/launch/default_warehouse_db.launch
[0.344s] -- Up-to-date: /home/azizi/kuka_ws/install/kuka_kr16_moveit_config/share/kuka_kr16_moveit_config/launch/run_benchmark_ompl.launch
[0.345s] -- Up-to-date: /home/azizi/kuka_ws/install/kuka_kr16_moveit_config/share/kuka_kr16_moveit_config/launch/planning_context.launch
[0.346s] -- Up-to-date: /home/azizi/kuka_ws/install/kuka_kr16_moveit_config/share/kuka_kr16_moveit_config/launch/warehouse_settings.launch.xml
[0.346s] -- Up-to-date: /home/azizi/kuka_ws/install/kuka_kr16_moveit_config/share/kuka_kr16_moveit_config/launch/gazebo.launch
[0.346s] -- Up-to-date: /home/azizi/kuka_ws/install/kuka_kr16_moveit_config/share/kuka_kr16_moveit_config/launch/moveit.rviz
[0.347s] -- Up-to-date: /home/azizi/kuka_ws/install/kuka_kr16_moveit_config/share/kuka_kr16_moveit_config/launch/simple_moveit_controller_manager.launch.xml
[0.347s] -- Up-to-date: /home/azizi/kuka_ws/install/kuka_kr16_moveit_config/share/kuka_kr16_moveit_config/launch/ros_controllers.launch
[0.347s] -- Up-to-date: /home/azizi/kuka_ws/install/kuka_kr16_moveit_config/share/kuka_kr16_moveit_config/launch/demo_gazebo.launch
[0.348s] -- Up-to-date: /home/azizi/kuka_ws/install/kuka_kr16_moveit_config/share/kuka_kr16_moveit_config/launch/planning_pipeline.launch.xml
[0.348s] -- Up-to-date: /home/azizi/kuka_ws/install/kuka_kr16_moveit_config/share/kuka_kr16_moveit_config/launch/warehouse.launch
[0.348s] -- Up-to-date: /home/azizi/kuka_ws/install/kuka_kr16_moveit_config/share/kuka_kr16_moveit_config/launch/fake_moveit_controller_manager.launch.xml
[0.348s] -- Up-to-date: /home/azizi/kuka_ws/install/kuka_kr16_moveit_config/share/kuka_kr16_moveit_config/launch/ompl_planning_pipeline.launch.xml
[0.349s] -- Up-to-date: /home/azizi/kuka_ws/install/kuka_kr16_moveit_config/share/kuka_kr16_moveit_config/launch/sensor_manager.launch.xml
[0.349s] -- Up-to-date: /home/azizi/kuka_ws/install/kuka_kr16_moveit_config/share/kuka_kr16_moveit_config/launch/joystick_control.launch
[0.349s] -- Up-to-date: /home/azizi/kuka_ws/install/kuka_kr16_moveit_config/share/kuka_kr16_moveit_config/launch/ompl-chomp_planning_pipeline.launch.xml
[0.349s] -- Up-to-date: /home/azizi/kuka_ws/install/kuka_kr16_moveit_config/share/kuka_kr16_moveit_config/launch/setup_assistant.launch
[0.349s] -- Up-to-date: /home/azizi/kuka_ws/install/kuka_kr16_moveit_config/share/kuka_kr16_moveit_config/launch/moveit_rviz.launch
[0.350s] -- Up-to-date: /home/azizi/kuka_ws/install/kuka_kr16_moveit_config/share/kuka_kr16_moveit_config/launch/my_planning_execution.launch.py
[0.351s] Invoked command in '/home/azizi/kuka_ws/build/kuka_kr16_moveit_config' returned '0': AMENT_PREFIX_PATH=/home/azizi/kuka_ws/install/kr16_description:${AMENT_PREFIX_PATH} CMAKE_PREFIX_PATH=/home/azizi/kuka_ws/install/kr16_description:/opt/ros/galactic /usr/bin/cmake --install /home/azizi/kuka_ws/build/kuka_kr16_moveit_config
