[0.069s] Invoking command in '/home/azizi/kuka_ws/build/kr16_description': CMAKE_PREFIX_PATH=/opt/ros/galactic /usr/bin/cmake /home/azizi/kuka_ws/src/kr16_description -DCMAKE_BUILD_TYPE=Release -DCMAKE_INSTALL_PREFIX=/home/azizi/kuka_ws/install/kr16_description
[0.658s] -- The C compiler identification is GNU 9.4.0
[1.037s] -- The CXX compiler identification is GNU 9.4.0
[1.049s] -- Check for working C compiler: /usr/bin/cc
[1.318s] -- Check for working C compiler: /usr/bin/cc -- works
[1.318s] -- Detecting C compiler ABI info
[1.521s] -- Detecting C compiler ABI info - done
[1.562s] -- Detecting C compile features
[1.564s] -- Detecting C compile features - done
[1.573s] -- Check for working CXX compiler: /usr/bin/c++
[1.894s] -- Check for working CXX compiler: /usr/bin/c++ -- works
[1.894s] -- Detecting CXX compiler ABI info
[2.387s] -- Detecting CXX compiler ABI info - done
[2.434s] -- Detecting CXX compile features
[2.438s] -- Detecting CXX compile features - done
[2.454s] -- Found ament_cmake: 1.1.5 (/opt/ros/galactic/share/ament_cmake/cmake)
[2.601s] -- Found PythonInterp: /usr/bin/python3 (found suitable version "3.8.10", minimum required is "3") 
[2.601s] -- Using PYTHON_EXECUTABLE: /usr/bin/python3
[3.173s] -- Configuring done
[3.180s] -- Generating done
[3.184s] -- Build files have been written to: /home/azizi/kuka_ws/build/kr16_description
[3.196s] Invoked command in '/home/azizi/kuka_ws/build/kr16_description' returned '0': CMAKE_PREFIX_PATH=/opt/ros/galactic /usr/bin/cmake /home/azizi/kuka_ws/src/kr16_description -DCMAKE_BUILD_TYPE=Release -DCMAKE_INSTALL_PREFIX=/home/azizi/kuka_ws/install/kr16_description
[3.198s] Invoking command in '/home/azizi/kuka_ws/build/kr16_description': CMAKE_PREFIX_PATH=/opt/ros/galactic /usr/bin/cmake --build /home/azizi/kuka_ws/build/kr16_description -- -j4 -l4
[3.372s] Invoked command in '/home/azizi/kuka_ws/build/kr16_description' returned '0': CMAKE_PREFIX_PATH=/opt/ros/galactic /usr/bin/cmake --build /home/azizi/kuka_ws/build/kr16_description -- -j4 -l4
[3.520s] Invoking command in '/home/azizi/kuka_ws/build/kr16_description': CMAKE_PREFIX_PATH=/opt/ros/galactic /usr/bin/cmake --install /home/azizi/kuka_ws/build/kr16_description
[3.549s] -- Install configuration: "Release"
[3.549s] -- Installing: /home/azizi/kuka_ws/install/kr16_description/share/ament_index/resource_index/package_run_dependencies/kr16_description
[3.549s] -- Installing: /home/azizi/kuka_ws/install/kr16_description/share/ament_index/resource_index/parent_prefix_path/kr16_description
[3.550s] -- Installing: /home/azizi/kuka_ws/install/kr16_description/share/kr16_description/environment/ament_prefix_path.sh
[3.550s] -- Installing: /home/azizi/kuka_ws/install/kr16_description/share/kr16_description/environment/ament_prefix_path.dsv
[3.550s] -- Installing: /home/azizi/kuka_ws/install/kr16_description/share/kr16_description/environment/path.sh
[3.550s] -- Installing: /home/azizi/kuka_ws/install/kr16_description/share/kr16_description/environment/path.dsv
[3.551s] -- Installing: /home/azizi/kuka_ws/install/kr16_description/share/kr16_description/local_setup.bash
[3.552s] -- Installing: /home/azizi/kuka_ws/install/kr16_description/share/kr16_description/local_setup.sh
[3.555s] -- Installing: /home/azizi/kuka_ws/install/kr16_description/share/kr16_description/local_setup.zsh
[3.556s] -- Installing: /home/azizi/kuka_ws/install/kr16_description/share/kr16_description/local_setup.dsv
[3.556s] -- Installing: /home/azizi/kuka_ws/install/kr16_description/share/kr16_description/package.dsv
[3.557s] -- Installing: /home/azizi/kuka_ws/install/kr16_description/share/ament_index/resource_index/packages/kr16_description
[3.578s] -- Installing: /home/azizi/kuka_ws/install/kr16_description/share/kr16_description/cmake/kr16_descriptionConfig.cmake
[3.578s] -- Installing: /home/azizi/kuka_ws/install/kr16_description/share/kr16_description/cmake/kr16_descriptionConfig-version.cmake
[3.578s] -- Installing: /home/azizi/kuka_ws/install/kr16_description/share/kr16_description/package.xml
[3.579s] -- Installing: /home/azizi/kuka_ws/install/kr16_description/share/kr16_description/meshes
[3.579s] -- Installing: /home/azizi/kuka_ws/install/kr16_description/share/kr16_description/meshes/collision
[3.579s] -- Installing: /home/azizi/kuka_ws/install/kr16_description/share/kr16_description/meshes/collision/link_4.stl
[3.579s] -- Installing: /home/azizi/kuka_ws/install/kr16_description/share/kr16_description/meshes/collision/base_link.stl
[3.579s] -- Installing: /home/azizi/kuka_ws/install/kr16_description/share/kr16_description/meshes/collision/link_6.stl
[3.580s] -- Installing: /home/azizi/kuka_ws/install/kr16_description/share/kr16_description/meshes/collision/link_5.stl
[3.580s] -- Installing: /home/azizi/kuka_ws/install/kr16_description/share/kr16_description/meshes/collision/gripper.stl
[3.586s] -- Installing: /home/azizi/kuka_ws/install/kr16_description/share/kr16_description/meshes/collision/link_3.stl
[3.586s] -- Installing: /home/azizi/kuka_ws/install/kr16_description/share/kr16_description/meshes/collision/link_1.stl
[3.586s] -- Installing: /home/azizi/kuka_ws/install/kr16_description/share/kr16_description/meshes/collision/link_2.stl
[3.587s] -- Installing: /home/azizi/kuka_ws/install/kr16_description/share/kr16_description/meshes/visual
[3.587s] -- Installing: /home/azizi/kuka_ws/install/kr16_description/share/kr16_description/meshes/visual/link_3.dae
[3.587s] -- Installing: /home/azizi/kuka_ws/install/kr16_description/share/kr16_description/meshes/visual/base_link.dae
[3.592s] -- Installing: /home/azizi/kuka_ws/install/kr16_description/share/kr16_description/meshes/visual/link_2.dae
[3.597s] -- Installing: /home/azizi/kuka_ws/install/kr16_description/share/kr16_description/meshes/visual/link_4.dae
[3.599s] -- Installing: /home/azizi/kuka_ws/install/kr16_description/share/kr16_description/meshes/visual/link_6.dae
[3.600s] -- Installing: /home/azizi/kuka_ws/install/kr16_description/share/kr16_description/meshes/visual/link_5.dae
[3.600s] -- Installing: /home/azizi/kuka_ws/install/kr16_description/share/kr16_description/meshes/visual/link_1.dae
[3.601s] -- Installing: /home/azizi/kuka_ws/install/kr16_description/share/kr16_description/urdf
[3.602s] -- Installing: /home/azizi/kuka_ws/install/kr16_description/share/kr16_description/urdf/initial_positions.yaml
[3.606s] -- Installing: /home/azizi/kuka_ws/install/kr16_description/share/kr16_description/urdf/kr16.urdf.xacro
[3.606s] -- Installing: /home/azizi/kuka_ws/install/kr16_description/share/kr16_description/urdf/kr16_2_macro.xacro
[3.607s] -- Installing: /home/azizi/kuka_ws/install/kr16_description/share/kr16_description/urdf/kr16.ros2_control.xacro
[3.607s] -- Installing: /home/azizi/kuka_ws/install/kr16_description/share/kr16_description/urdf/kr16.urdf
[3.612s] Invoked command in '/home/azizi/kuka_ws/build/kr16_description' returned '0': CMAKE_PREFIX_PATH=/opt/ros/galactic /usr/bin/cmake --install /home/azizi/kuka_ws/build/kr16_description
