[0.045s] Invoking command in '/home/azizi/kuka_ws/build/kuka_kr16_moveit_config': AMENT_PREFIX_PATH=/home/azizi/kuka_ws/install/kr16_description:${AMENT_PREFIX_PATH} CMAKE_PREFIX_PATH=/home/azizi/kuka_ws/install/kr16_description:/opt/ros/galactic /usr/bin/cmake --build /home/azizi/kuka_ws/build/kuka_kr16_moveit_config -- -j4 -l4
[0.202s] Invoked command in '/home/azizi/kuka_ws/build/kuka_kr16_moveit_config' returned '0': AMENT_PREFIX_PATH=/home/azizi/kuka_ws/install/kr16_description:${AMENT_PREFIX_PATH} CMAKE_PREFIX_PATH=/home/azizi/kuka_ws/install/kr16_description:/opt/ros/galactic /usr/bin/cmake --build /home/azizi/kuka_ws/build/kuka_kr16_moveit_config -- -j4 -l4
[0.339s] Invoking command in '/home/azizi/kuka_ws/build/kuka_kr16_moveit_config': AMENT_PREFIX_PATH=/home/azizi/kuka_ws/install/kr16_description:${AMENT_PREFIX_PATH} CMAKE_PREFIX_PATH=/home/azizi/kuka_ws/install/kr16_description:/opt/ros/galactic /usr/bin/cmake --install /home/azizi/kuka_ws/build/kuka_kr16_moveit_config
[0.363s] -- Install configuration: "Release"
[0.364s] -- Up-to-date: /home/azizi/kuka_ws/install/kuka_kr16_moveit_config/share/ament_index/resource_index/package_run_dependencies/kuka_kr16_moveit_config
[0.364s] -- Up-to-date: /home/azizi/kuka_ws/install/kuka_kr16_moveit_config/share/ament_index/resource_index/parent_prefix_path/kuka_kr16_moveit_config
[0.365s] -- Up-to-date: /home/azizi/kuka_ws/install/kuka_kr16_moveit_config/share/kuka_kr16_moveit_config/environment/ament_prefix_path.sh
[0.365s] -- Up-to-date: /home/azizi/kuka_ws/install/kuka_kr16_moveit_config/share/kuka_kr16_moveit_config/environment/ament_prefix_path.dsv
[0.366s] -- Up-to-date: /home/azizi/kuka_ws/install/kuka_kr16_moveit_config/share/kuka_kr16_moveit_config/environment/path.sh
[0.367s] -- Up-to-date: /home/azizi/kuka_ws/install/kuka_kr16_moveit_config/share/kuka_kr16_moveit_config/environment/path.dsv
[0.367s] -- Up-to-date: /home/azizi/kuka_ws/install/kuka_kr16_moveit_config/share/kuka_kr16_moveit_config/local_setup.bash
[0.367s] -- Up-to-date: /home/azizi/kuka_ws/install/kuka_kr16_moveit_config/share/kuka_kr16_moveit_config/local_setup.sh
[0.367s] -- Up-to-date: /home/azizi/kuka_ws/install/kuka_kr16_moveit_config/share/kuka_kr16_moveit_config/local_setup.zsh
[0.367s] -- Up-to-date: /home/azizi/kuka_ws/install/kuka_kr16_moveit_config/share/kuka_kr16_moveit_config/local_setup.dsv
[0.368s] -- Installing: /home/azizi/kuka_ws/install/kuka_kr16_moveit_config/share/kuka_kr16_moveit_config/package.dsv
[0.368s] -- Up-to-date: /home/azizi/kuka_ws/install/kuka_kr16_moveit_config/share/ament_index/resource_index/packages/kuka_kr16_moveit_config
[0.368s] -- Up-to-date: /home/azizi/kuka_ws/install/kuka_kr16_moveit_config/share/kuka_kr16_moveit_config/cmake/kuka_kr16_moveit_configConfig.cmake
[0.368s] -- Up-to-date: /home/azizi/kuka_ws/install/kuka_kr16_moveit_config/share/kuka_kr16_moveit_config/cmake/kuka_kr16_moveit_configConfig-version.cmake
[0.368s] -- Up-to-date: /home/azizi/kuka_ws/install/kuka_kr16_moveit_config/share/kuka_kr16_moveit_config/package.xml
[0.369s] -- Up-to-date: /home/azizi/kuka_ws/install/kuka_kr16_moveit_config/share/kuka_kr16_moveit_config/launch
[0.369s] -- Up-to-date: /home/azizi/kuka_ws/install/kuka_kr16_moveit_config/share/kuka_kr16_moveit_config/launch/chomp_planning_pipeline.launch.xml
[0.370s] -- Up-to-date: /home/azizi/kuka_ws/install/kuka_kr16_moveit_config/share/kuka_kr16_moveit_config/launch/ros_control_moveit_controller_manager.launch.xml
[0.371s] -- Up-to-date: /home/azizi/kuka_ws/install/kuka_kr16_moveit_config/share/kuka_kr16_moveit_config/launch/demo.launch.py
[0.372s] -- Up-to-date: /home/azizi/kuka_ws/install/kuka_kr16_moveit_config/share/kuka_kr16_moveit_config/launch/kuka_kr16_2_moveit_sensor_manager.launch.xml
[0.374s] -- Up-to-date: /home/azizi/kuka_ws/install/kuka_kr16_moveit_config/share/kuka_kr16_moveit_config/launch/demo.launch
[0.374s] -- Up-to-date: /home/azizi/kuka_ws/install/kuka_kr16_moveit_config/share/kuka_kr16_moveit_config/launch/stomp_planning_pipeline.launch.xml
[0.375s] -- Up-to-date: /home/azizi/kuka_ws/install/kuka_kr16_moveit_config/share/kuka_kr16_moveit_config/launch/move_group.launch
[0.375s] -- Up-to-date: /home/azizi/kuka_ws/install/kuka_kr16_moveit_config/share/kuka_kr16_moveit_config/launch/trajectory_execution.launch.xml
[0.375s] -- Up-to-date: /home/azizi/kuka_ws/install/kuka_kr16_moveit_config/share/kuka_kr16_moveit_config/launch/pilz_industrial_motion_planner_planning_pipeline.launch.xml
[0.376s] -- Up-to-date: /home/azizi/kuka_ws/install/kuka_kr16_moveit_config/share/kuka_kr16_moveit_config/launch/default_warehouse_db.launch
[0.376s] -- Up-to-date: /home/azizi/kuka_ws/install/kuka_kr16_moveit_config/share/kuka_kr16_moveit_config/launch/run_benchmark_ompl.launch
[0.377s] -- Up-to-date: /home/azizi/kuka_ws/install/kuka_kr16_moveit_config/share/kuka_kr16_moveit_config/launch/planning_context.launch
[0.377s] -- Up-to-date: /home/azizi/kuka_ws/install/kuka_kr16_moveit_config/share/kuka_kr16_moveit_config/launch/warehouse_settings.launch.xml
[0.377s] -- Up-to-date: /home/azizi/kuka_ws/install/kuka_kr16_moveit_config/share/kuka_kr16_moveit_config/launch/gazebo.launch
[0.377s] -- Up-to-date: /home/azizi/kuka_ws/install/kuka_kr16_moveit_config/share/kuka_kr16_moveit_config/launch/moveit.rviz
[0.377s] -- Up-to-date: /home/azizi/kuka_ws/install/kuka_kr16_moveit_config/share/kuka_kr16_moveit_config/launch/simple_moveit_controller_manager.launch.xml
[0.378s] -- Up-to-date: /home/azizi/kuka_ws/install/kuka_kr16_moveit_config/share/kuka_kr16_moveit_config/launch/ros_controllers.launch
[0.392s] -- Up-to-date: /home/azizi/kuka_ws/install/kuka_kr16_moveit_config/share/kuka_kr16_moveit_config/launch/demo_gazebo.launch
[0.393s] -- Up-to-date: /home/azizi/kuka_ws/install/kuka_kr16_moveit_config/share/kuka_kr16_moveit_config/launch/planning_pipeline.launch.xml
[0.393s] -- Up-to-date: /home/azizi/kuka_ws/install/kuka_kr16_moveit_config/share/kuka_kr16_moveit_config/launch/warehouse.launch
[0.394s] -- Up-to-date: /home/azizi/kuka_ws/install/kuka_kr16_moveit_config/share/kuka_kr16_moveit_config/launch/fake_moveit_controller_manager.launch.xml
[0.394s] -- Up-to-date: /home/azizi/kuka_ws/install/kuka_kr16_moveit_config/share/kuka_kr16_moveit_config/launch/ompl_planning_pipeline.launch.xml
[0.394s] -- Up-to-date: /home/azizi/kuka_ws/install/kuka_kr16_moveit_config/share/kuka_kr16_moveit_config/launch/sensor_manager.launch.xml
[0.394s] -- Up-to-date: /home/azizi/kuka_ws/install/kuka_kr16_moveit_config/share/kuka_kr16_moveit_config/launch/joystick_control.launch
[0.395s] -- Up-to-date: /home/azizi/kuka_ws/install/kuka_kr16_moveit_config/share/kuka_kr16_moveit_config/launch/ompl-chomp_planning_pipeline.launch.xml
[0.395s] -- Up-to-date: /home/azizi/kuka_ws/install/kuka_kr16_moveit_config/share/kuka_kr16_moveit_config/launch/moveit_rviz.launch
[0.395s] -- Installing: /home/azizi/kuka_ws/install/kuka_kr16_moveit_config/share/kuka_kr16_moveit_config/launch/my_planning_execution.launch.py
[0.395s] -- Up-to-date: /home/azizi/kuka_ws/install/kuka_kr16_moveit_config/share/kuka_kr16_moveit_config/config
[0.395s] -- Up-to-date: /home/azizi/kuka_ws/install/kuka_kr16_moveit_config/share/kuka_kr16_moveit_config/config/kr16_controllers.yaml
[0.396s] -- Up-to-date: /home/azizi/kuka_ws/install/kuka_kr16_moveit_config/share/kuka_kr16_moveit_config/config/initial_positions.yaml
[0.399s] -- Up-to-date: /home/azizi/kuka_ws/install/kuka_kr16_moveit_config/share/kuka_kr16_moveit_config/config/kr16.urdf.xacro
[0.400s] -- Up-to-date: /home/azizi/kuka_ws/install/kuka_kr16_moveit_config/share/kuka_kr16_moveit_config/config/sensors_kinect_pointcloud.yaml
[0.400s] -- Up-to-date: /home/azizi/kuka_ws/install/kuka_kr16_moveit_config/share/kuka_kr16_moveit_config/config/kr16_ros_controllers.yaml
[0.401s] -- Up-to-date: /home/azizi/kuka_ws/install/kuka_kr16_moveit_config/share/kuka_kr16_moveit_config/config/ompl_planning.yaml
[0.401s] -- Up-to-date: /home/azizi/kuka_ws/install/kuka_kr16_moveit_config/share/kuka_kr16_moveit_config/config/fake_controllers.yaml
[0.402s] -- Up-to-date: /home/azizi/kuka_ws/install/kuka_kr16_moveit_config/share/kuka_kr16_moveit_config/config/joint_limits.yaml
[0.403s] -- Up-to-date: /home/azizi/kuka_ws/install/kuka_kr16_moveit_config/share/kuka_kr16_moveit_config/config/stomp_planning.yaml
[0.404s] -- Up-to-date: /home/azizi/kuka_ws/install/kuka_kr16_moveit_config/share/kuka_kr16_moveit_config/config/simple_moveit_controllers.yaml
[0.404s] -- Up-to-date: /home/azizi/kuka_ws/install/kuka_kr16_moveit_config/share/kuka_kr16_moveit_config/config/sensors_kinect_depthmap.yaml
[0.406s] -- Up-to-date: /home/azizi/kuka_ws/install/kuka_kr16_moveit_config/share/kuka_kr16_moveit_config/config/kuka_kr16_2.srdf
[0.407s] -- Up-to-date: /home/azizi/kuka_ws/install/kuka_kr16_moveit_config/share/kuka_kr16_moveit_config/config/lerp_planning.yaml
[0.407s] -- Up-to-date: /home/azizi/kuka_ws/install/kuka_kr16_moveit_config/share/kuka_kr16_moveit_config/config/gazebo_controllers.yaml
[0.408s] -- Up-to-date: /home/azizi/kuka_ws/install/kuka_kr16_moveit_config/share/kuka_kr16_moveit_config/config/chomp_planning.yaml
[0.409s] -- Up-to-date: /home/azizi/kuka_ws/install/kuka_kr16_moveit_config/share/kuka_kr16_moveit_config/config/kr16_2_macro.xacro
[0.410s] -- Up-to-date: /home/azizi/kuka_ws/install/kuka_kr16_moveit_config/share/kuka_kr16_moveit_config/config/cartesian_limits.yaml
[0.410s] -- Up-to-date: /home/azizi/kuka_ws/install/kuka_kr16_moveit_config/share/kuka_kr16_moveit_config/config/kr16.ros2_control.xacro
[0.412s] -- Up-to-date: /home/azizi/kuka_ws/install/kuka_kr16_moveit_config/share/kuka_kr16_moveit_config/config/sensors_3d.yaml
[0.413s] -- Up-to-date: /home/azizi/kuka_ws/install/kuka_kr16_moveit_config/share/kuka_kr16_moveit_config/config/controllers.yaml
[0.413s] -- Up-to-date: /home/azizi/kuka_ws/install/kuka_kr16_moveit_config/share/kuka_kr16_moveit_config/config/ros_controllers.yaml
[0.415s] -- Up-to-date: /home/azizi/kuka_ws/install/kuka_kr16_moveit_config/share/kuka_kr16_moveit_config/config/kinematics.yaml
[0.415s] -- Up-to-date: /home/azizi/kuka_ws/install/kuka_kr16_moveit_config/share/kuka_kr16_moveit_config/config/trajopt_planning.yaml
[0.417s] -- Up-to-date: /home/azizi/kuka_ws/install/kuka_kr16_moveit_config/share/kuka_kr16_moveit_config/config
[0.417s] -- Up-to-date: /home/azizi/kuka_ws/install/kuka_kr16_moveit_config/share/kuka_kr16_moveit_config/config/kr16_controllers.yaml
[0.417s] -- Up-to-date: /home/azizi/kuka_ws/install/kuka_kr16_moveit_config/share/kuka_kr16_moveit_config/config/initial_positions.yaml
[0.417s] -- Up-to-date: /home/azizi/kuka_ws/install/kuka_kr16_moveit_config/share/kuka_kr16_moveit_config/config/kr16.urdf.xacro
[0.418s] -- Up-to-date: /home/azizi/kuka_ws/install/kuka_kr16_moveit_config/share/kuka_kr16_moveit_config/config/sensors_kinect_pointcloud.yaml
[0.418s] -- Up-to-date: /home/azizi/kuka_ws/install/kuka_kr16_moveit_config/share/kuka_kr16_moveit_config/config/kr16_ros_controllers.yaml
[0.418s] -- Up-to-date: /home/azizi/kuka_ws/install/kuka_kr16_moveit_config/share/kuka_kr16_moveit_config/config/ompl_planning.yaml
[0.418s] -- Up-to-date: /home/azizi/kuka_ws/install/kuka_kr16_moveit_config/share/kuka_kr16_moveit_config/config/fake_controllers.yaml
[0.419s] -- Up-to-date: /home/azizi/kuka_ws/install/kuka_kr16_moveit_config/share/kuka_kr16_moveit_config/config/joint_limits.yaml
[0.419s] -- Up-to-date: /home/azizi/kuka_ws/install/kuka_kr16_moveit_config/share/kuka_kr16_moveit_config/config/stomp_planning.yaml
[0.419s] -- Up-to-date: /home/azizi/kuka_ws/install/kuka_kr16_moveit_config/share/kuka_kr16_moveit_config/config/simple_moveit_controllers.yaml
[0.419s] -- Up-to-date: /home/azizi/kuka_ws/install/kuka_kr16_moveit_config/share/kuka_kr16_moveit_config/config/sensors_kinect_depthmap.yaml
[0.425s] -- Up-to-date: /home/azizi/kuka_ws/install/kuka_kr16_moveit_config/share/kuka_kr16_moveit_config/config/kuka_kr16_2.srdf
[0.426s] -- Up-to-date: /home/azizi/kuka_ws/install/kuka_kr16_moveit_config/share/kuka_kr16_moveit_config/config/lerp_planning.yaml
[0.427s] -- Up-to-date: /home/azizi/kuka_ws/install/kuka_kr16_moveit_config/share/kuka_kr16_moveit_config/config/gazebo_controllers.yaml
[0.427s] -- Up-to-date: /home/azizi/kuka_ws/install/kuka_kr16_moveit_config/share/kuka_kr16_moveit_config/config/chomp_planning.yaml
[0.428s] -- Up-to-date: /home/azizi/kuka_ws/install/kuka_kr16_moveit_config/share/kuka_kr16_moveit_config/config/kr16_2_macro.xacro
[0.429s] -- Up-to-date: /home/azizi/kuka_ws/install/kuka_kr16_moveit_config/share/kuka_kr16_moveit_config/config/cartesian_limits.yaml
[0.429s] -- Up-to-date: /home/azizi/kuka_ws/install/kuka_kr16_moveit_config/share/kuka_kr16_moveit_config/config/kr16.ros2_control.xacro
[0.430s] -- Up-to-date: /home/azizi/kuka_ws/install/kuka_kr16_moveit_config/share/kuka_kr16_moveit_config/config/sensors_3d.yaml
[0.430s] -- Up-to-date: /home/azizi/kuka_ws/install/kuka_kr16_moveit_config/share/kuka_kr16_moveit_config/config/controllers.yaml
[0.431s] -- Up-to-date: /home/azizi/kuka_ws/install/kuka_kr16_moveit_config/share/kuka_kr16_moveit_config/config/ros_controllers.yaml
[0.431s] -- Up-to-date: /home/azizi/kuka_ws/install/kuka_kr16_moveit_config/share/kuka_kr16_moveit_config/config/kinematics.yaml
[0.432s] -- Up-to-date: /home/azizi/kuka_ws/install/kuka_kr16_moveit_config/share/kuka_kr16_moveit_config/config/trajopt_planning.yaml
[0.433s] -- Up-to-date: /home/azizi/kuka_ws/install/kuka_kr16_moveit_config/share/kuka_kr16_moveit_config/launch
[0.433s] -- Up-to-date: /home/azizi/kuka_ws/install/kuka_kr16_moveit_config/share/kuka_kr16_moveit_config/launch/chomp_planning_pipeline.launch.xml
[0.434s] -- Up-to-date: /home/azizi/kuka_ws/install/kuka_kr16_moveit_config/share/kuka_kr16_moveit_config/launch/ros_control_moveit_controller_manager.launch.xml
[0.434s] -- Up-to-date: /home/azizi/kuka_ws/install/kuka_kr16_moveit_config/share/kuka_kr16_moveit_config/launch/demo.launch.py
[0.435s] -- Up-to-date: /home/azizi/kuka_ws/install/kuka_kr16_moveit_config/share/kuka_kr16_moveit_config/launch/kuka_kr16_2_moveit_sensor_manager.launch.xml
[0.436s] -- Up-to-date: /home/azizi/kuka_ws/install/kuka_kr16_moveit_config/share/kuka_kr16_moveit_config/launch/demo.launch
[0.436s] -- Up-to-date: /home/azizi/kuka_ws/install/kuka_kr16_moveit_config/share/kuka_kr16_moveit_config/launch/stomp_planning_pipeline.launch.xml
[0.437s] -- Up-to-date: /home/azizi/kuka_ws/install/kuka_kr16_moveit_config/share/kuka_kr16_moveit_config/launch/move_group.launch
[0.437s] -- Up-to-date: /home/azizi/kuka_ws/install/kuka_kr16_moveit_config/share/kuka_kr16_moveit_config/launch/trajectory_execution.launch.xml
[0.438s] -- Up-to-date: /home/azizi/kuka_ws/install/kuka_kr16_moveit_config/share/kuka_kr16_moveit_config/launch/pilz_industrial_motion_planner_planning_pipeline.launch.xml
[0.438s] -- Up-to-date: /home/azizi/kuka_ws/install/kuka_kr16_moveit_config/share/kuka_kr16_moveit_config/launch/default_warehouse_db.launch
[0.439s] -- Up-to-date: /home/azizi/kuka_ws/install/kuka_kr16_moveit_config/share/kuka_kr16_moveit_config/launch/run_benchmark_ompl.launch
[0.439s] -- Up-to-date: /home/azizi/kuka_ws/install/kuka_kr16_moveit_config/share/kuka_kr16_moveit_config/launch/planning_context.launch
[0.460s] -- Up-to-date: /home/azizi/kuka_ws/install/kuka_kr16_moveit_config/share/kuka_kr16_moveit_config/launch/warehouse_settings.launch.xml
[0.461s] -- Up-to-date: /home/azizi/kuka_ws/install/kuka_kr16_moveit_config/share/kuka_kr16_moveit_config/launch/gazebo.launch
[0.461s] -- Up-to-date: /home/azizi/kuka_ws/install/kuka_kr16_moveit_config/share/kuka_kr16_moveit_config/launch/moveit.rviz
[0.462s] -- Up-to-date: /home/azizi/kuka_ws/install/kuka_kr16_moveit_config/share/kuka_kr16_moveit_config/launch/simple_moveit_controller_manager.launch.xml
[0.462s] -- Up-to-date: /home/azizi/kuka_ws/install/kuka_kr16_moveit_config/share/kuka_kr16_moveit_config/launch/ros_controllers.launch
[0.462s] -- Up-to-date: /home/azizi/kuka_ws/install/kuka_kr16_moveit_config/share/kuka_kr16_moveit_config/launch/demo_gazebo.launch
[0.463s] -- Up-to-date: /home/azizi/kuka_ws/install/kuka_kr16_moveit_config/share/kuka_kr16_moveit_config/launch/planning_pipeline.launch.xml
[0.463s] -- Up-to-date: /home/azizi/kuka_ws/install/kuka_kr16_moveit_config/share/kuka_kr16_moveit_config/launch/warehouse.launch
[0.466s] -- Up-to-date: /home/azizi/kuka_ws/install/kuka_kr16_moveit_config/share/kuka_kr16_moveit_config/launch/fake_moveit_controller_manager.launch.xml
[0.466s] -- Up-to-date: /home/azizi/kuka_ws/install/kuka_kr16_moveit_config/share/kuka_kr16_moveit_config/launch/ompl_planning_pipeline.launch.xml
[0.467s] -- Up-to-date: /home/azizi/kuka_ws/install/kuka_kr16_moveit_config/share/kuka_kr16_moveit_config/launch/sensor_manager.launch.xml
[0.467s] -- Up-to-date: /home/azizi/kuka_ws/install/kuka_kr16_moveit_config/share/kuka_kr16_moveit_config/launch/joystick_control.launch
[0.467s] -- Up-to-date: /home/azizi/kuka_ws/install/kuka_kr16_moveit_config/share/kuka_kr16_moveit_config/launch/ompl-chomp_planning_pipeline.launch.xml
[0.468s] -- Up-to-date: /home/azizi/kuka_ws/install/kuka_kr16_moveit_config/share/kuka_kr16_moveit_config/launch/setup_assistant.launch
[0.468s] -- Up-to-date: /home/azizi/kuka_ws/install/kuka_kr16_moveit_config/share/kuka_kr16_moveit_config/launch/moveit_rviz.launch
[0.469s] -- Up-to-date: /home/azizi/kuka_ws/install/kuka_kr16_moveit_config/share/kuka_kr16_moveit_config/launch/my_planning_execution.launch.py
[0.470s] Invoked command in '/home/azizi/kuka_ws/build/kuka_kr16_moveit_config' returned '0': AMENT_PREFIX_PATH=/home/azizi/kuka_ws/install/kr16_description:${AMENT_PREFIX_PATH} CMAKE_PREFIX_PATH=/home/azizi/kuka_ws/install/kr16_description:/opt/ros/galactic /usr/bin/cmake --install /home/azizi/kuka_ws/build/kuka_kr16_moveit_config
