[0.320s] DEBUG:colcon:Command line arguments: ['/usr/bin/colcon', 'build', '--mixin', 'release']
[0.320s] DEBUG:colcon:Parsed command line arguments: Namespace(allow_overriding=[], ament_cmake_args=None, base_paths=['.'], build_base='build', catkin_cmake_args=None, catkin_skip_building_tests=False, cmake_args=['-DCMAKE_BUILD_TYPE=Release'], cmake_clean_cache=False, cmake_clean_first=False, cmake_force_configure=False, cmake_target=None, cmake_target_skip_unavailable=False, continue_on_error=False, event_handlers=None, executor='parallel', ignore_user_meta=False, install_base='install', log_base=None, log_level=None, main=<bound method BuildVerb.main of <colcon_core.verb.build.BuildVerb object at 0x7f3b40d32ac0>>, merge_install=False, metas=['./colcon.meta'], mixin=['release'], mixin_files=None, mixin_verb=('build',), packages_above=None, packages_above_and_dependencies=None, packages_above_depth=None, packages_end=None, packages_ignore=None, packages_ignore_regex=None, packages_select=None, packages_select_build_failed=False, packages_select_by_dep=None, packages_select_regex=None, packages_select_test_failures=False, packages_skip=None, packages_skip_build_finished=False, packages_skip_by_dep=None, packages_skip_regex=None, packages_skip_test_passed=False, packages_skip_up_to=None, packages_start=None, packages_up_to=None, packages_up_to_regex=None, parallel_workers=4, paths=None, symlink_install=False, test_result_base=None, verb_extension=<colcon_core.verb.build.BuildVerb object at 0x7f3b40d32ac0>, verb_name='build', verb_parser=<colcon_mixin.mixin.mixin_argument.MixinArgumentDecorator object at 0x7f3b40d400d0>)
[0.328s] Level 1:colcon.colcon_core.package_discovery:discover_packages(colcon_meta) check parameters
[0.329s] Level 1:colcon.colcon_core.package_discovery:discover_packages(recursive) check parameters
[0.329s] Level 1:colcon.colcon_core.package_discovery:discover_packages(ignore) check parameters
[0.329s] Level 1:colcon.colcon_core.package_discovery:discover_packages(path) check parameters
[0.329s] Level 1:colcon.colcon_core.package_discovery:discover_packages(colcon_meta) discover
[0.329s] Level 1:colcon.colcon_core.package_discovery:discover_packages(recursive) discover
[0.329s] INFO:colcon.colcon_core.package_discovery:Crawling recursively for packages in '/home/azizi/kuka_ws'
[0.329s] Level 1:colcon.colcon_core.package_identification:_identify(.) by extensions ['ignore', 'ignore_ament_install']
[0.329s] Level 1:colcon.colcon_core.package_identification:_identify(.) by extension 'ignore'
[0.330s] Level 1:colcon.colcon_core.package_identification:_identify(.) by extension 'ignore_ament_install'
[0.330s] Level 1:colcon.colcon_core.package_identification:_identify(.) by extensions ['colcon_pkg']
[0.330s] Level 1:colcon.colcon_core.package_identification:_identify(.) by extension 'colcon_pkg'
[0.330s] Level 1:colcon.colcon_core.package_identification:_identify(.) by extensions ['colcon_meta']
[0.330s] Level 1:colcon.colcon_core.package_identification:_identify(.) by extension 'colcon_meta'
[0.330s] Level 1:colcon.colcon_core.package_identification:_identify(.) by extensions ['ros']
[0.330s] Level 1:colcon.colcon_core.package_identification:_identify(.) by extension 'ros'
[0.350s] Level 1:colcon.colcon_core.package_identification:_identify(.) by extensions ['cmake', 'python']
[0.350s] Level 1:colcon.colcon_core.package_identification:_identify(.) by extension 'cmake'
[0.351s] Level 1:colcon.colcon_core.package_identification:_identify(.) by extension 'python'
[0.351s] Level 1:colcon.colcon_core.package_identification:_identify(.) by extensions ['python_setup_py']
[0.351s] Level 1:colcon.colcon_core.package_identification:_identify(.) by extension 'python_setup_py'
[0.351s] Level 1:colcon.colcon_core.package_identification:_identify(build) by extensions ['ignore', 'ignore_ament_install']
[0.351s] Level 1:colcon.colcon_core.package_identification:_identify(build) by extension 'ignore'
[0.351s] Level 1:colcon.colcon_core.package_identification:_identify(build) ignored
[0.352s] Level 1:colcon.colcon_core.package_identification:_identify(install) by extensions ['ignore', 'ignore_ament_install']
[0.352s] Level 1:colcon.colcon_core.package_identification:_identify(install) by extension 'ignore'
[0.352s] Level 1:colcon.colcon_core.package_identification:_identify(install) ignored
[0.352s] Level 1:colcon.colcon_core.package_identification:_identify(log) by extensions ['ignore', 'ignore_ament_install']
[0.352s] Level 1:colcon.colcon_core.package_identification:_identify(log) by extension 'ignore'
[0.352s] Level 1:colcon.colcon_core.package_identification:_identify(log) ignored
[0.353s] Level 1:colcon.colcon_core.package_identification:_identify(src) by extensions ['ignore', 'ignore_ament_install']
[0.353s] Level 1:colcon.colcon_core.package_identification:_identify(src) by extension 'ignore'
[0.353s] Level 1:colcon.colcon_core.package_identification:_identify(src) by extension 'ignore_ament_install'
[0.353s] Level 1:colcon.colcon_core.package_identification:_identify(src) by extensions ['colcon_pkg']
[0.353s] Level 1:colcon.colcon_core.package_identification:_identify(src) by extension 'colcon_pkg'
[0.353s] Level 1:colcon.colcon_core.package_identification:_identify(src) by extensions ['colcon_meta']
[0.353s] Level 1:colcon.colcon_core.package_identification:_identify(src) by extension 'colcon_meta'
[0.353s] Level 1:colcon.colcon_core.package_identification:_identify(src) by extensions ['ros']
[0.353s] Level 1:colcon.colcon_core.package_identification:_identify(src) by extension 'ros'
[0.354s] Level 1:colcon.colcon_core.package_identification:_identify(src) by extensions ['cmake', 'python']
[0.354s] Level 1:colcon.colcon_core.package_identification:_identify(src) by extension 'cmake'
[0.354s] Level 1:colcon.colcon_core.package_identification:_identify(src) by extension 'python'
[0.354s] Level 1:colcon.colcon_core.package_identification:_identify(src) by extensions ['python_setup_py']
[0.354s] Level 1:colcon.colcon_core.package_identification:_identify(src) by extension 'python_setup_py'
[0.354s] Level 1:colcon.colcon_core.package_identification:_identify(src/get_pose_client) by extensions ['ignore', 'ignore_ament_install']
[0.354s] Level 1:colcon.colcon_core.package_identification:_identify(src/get_pose_client) by extension 'ignore'
[0.355s] Level 1:colcon.colcon_core.package_identification:_identify(src/get_pose_client) by extension 'ignore_ament_install'
[0.355s] Level 1:colcon.colcon_core.package_identification:_identify(src/get_pose_client) by extensions ['colcon_pkg']
[0.355s] Level 1:colcon.colcon_core.package_identification:_identify(src/get_pose_client) by extension 'colcon_pkg'
[0.355s] Level 1:colcon.colcon_core.package_identification:_identify(src/get_pose_client) by extensions ['colcon_meta']
[0.355s] Level 1:colcon.colcon_core.package_identification:_identify(src/get_pose_client) by extension 'colcon_meta'
[0.355s] Level 1:colcon.colcon_core.package_identification:_identify(src/get_pose_client) by extensions ['ros']
[0.355s] Level 1:colcon.colcon_core.package_identification:_identify(src/get_pose_client) by extension 'ros'
[0.359s] DEBUG:colcon.colcon_core.package_identification:Package 'src/get_pose_client' with type 'ros.ament_cmake' and name 'get_pose_client'
[0.359s] Level 1:colcon.colcon_core.package_identification:_identify(src/kr16_description) by extensions ['ignore', 'ignore_ament_install']
[0.359s] Level 1:colcon.colcon_core.package_identification:_identify(src/kr16_description) by extension 'ignore'
[0.360s] Level 1:colcon.colcon_core.package_identification:_identify(src/kr16_description) by extension 'ignore_ament_install'
[0.360s] Level 1:colcon.colcon_core.package_identification:_identify(src/kr16_description) by extensions ['colcon_pkg']
[0.360s] Level 1:colcon.colcon_core.package_identification:_identify(src/kr16_description) by extension 'colcon_pkg'
[0.360s] Level 1:colcon.colcon_core.package_identification:_identify(src/kr16_description) by extensions ['colcon_meta']
[0.360s] Level 1:colcon.colcon_core.package_identification:_identify(src/kr16_description) by extension 'colcon_meta'
[0.360s] Level 1:colcon.colcon_core.package_identification:_identify(src/kr16_description) by extensions ['ros']
[0.360s] Level 1:colcon.colcon_core.package_identification:_identify(src/kr16_description) by extension 'ros'
[0.361s] DEBUG:colcon.colcon_core.package_identification:Package 'src/kr16_description' with type 'ros.ament_cmake' and name 'kr16_description'
[0.361s] Level 1:colcon.colcon_core.package_identification:_identify(src/kr16_grasping) by extensions ['ignore', 'ignore_ament_install']
[0.362s] Level 1:colcon.colcon_core.package_identification:_identify(src/kr16_grasping) by extension 'ignore'
[0.362s] Level 1:colcon.colcon_core.package_identification:_identify(src/kr16_grasping) by extension 'ignore_ament_install'
[0.362s] Level 1:colcon.colcon_core.package_identification:_identify(src/kr16_grasping) by extensions ['colcon_pkg']
[0.362s] Level 1:colcon.colcon_core.package_identification:_identify(src/kr16_grasping) by extension 'colcon_pkg'
[0.362s] Level 1:colcon.colcon_core.package_identification:_identify(src/kr16_grasping) by extensions ['colcon_meta']
[0.362s] Level 1:colcon.colcon_core.package_identification:_identify(src/kr16_grasping) by extension 'colcon_meta'
[0.362s] Level 1:colcon.colcon_core.package_identification:_identify(src/kr16_grasping) by extensions ['ros']
[0.362s] Level 1:colcon.colcon_core.package_identification:_identify(src/kr16_grasping) by extension 'ros'
[0.364s] DEBUG:colcon.colcon_core.package_identification:Package 'src/kr16_grasping' with type 'ros.ament_cmake' and name 'kr16_grasping'
[0.365s] Level 1:colcon.colcon_core.package_identification:_identify(src/kr16_scripts) by extensions ['ignore', 'ignore_ament_install']
[0.365s] Level 1:colcon.colcon_core.package_identification:_identify(src/kr16_scripts) by extension 'ignore'
[0.365s] Level 1:colcon.colcon_core.package_identification:_identify(src/kr16_scripts) by extension 'ignore_ament_install'
[0.365s] Level 1:colcon.colcon_core.package_identification:_identify(src/kr16_scripts) by extensions ['colcon_pkg']
[0.365s] Level 1:colcon.colcon_core.package_identification:_identify(src/kr16_scripts) by extension 'colcon_pkg'
[0.365s] Level 1:colcon.colcon_core.package_identification:_identify(src/kr16_scripts) by extensions ['colcon_meta']
[0.365s] Level 1:colcon.colcon_core.package_identification:_identify(src/kr16_scripts) by extension 'colcon_meta'
[0.366s] Level 1:colcon.colcon_core.package_identification:_identify(src/kr16_scripts) by extensions ['ros']
[0.366s] Level 1:colcon.colcon_core.package_identification:_identify(src/kr16_scripts) by extension 'ros'
[0.366s] DEBUG:colcon.colcon_core.package_identification:Package 'src/kr16_scripts' with type 'ros.ament_cmake' and name 'kr16_scripts'
[0.367s] Level 1:colcon.colcon_core.package_identification:_identify(src/kuka_kr16_moveit_config) by extensions ['ignore', 'ignore_ament_install']
[0.367s] Level 1:colcon.colcon_core.package_identification:_identify(src/kuka_kr16_moveit_config) by extension 'ignore'
[0.367s] Level 1:colcon.colcon_core.package_identification:_identify(src/kuka_kr16_moveit_config) by extension 'ignore_ament_install'
[0.367s] Level 1:colcon.colcon_core.package_identification:_identify(src/kuka_kr16_moveit_config) by extensions ['colcon_pkg']
[0.367s] Level 1:colcon.colcon_core.package_identification:_identify(src/kuka_kr16_moveit_config) by extension 'colcon_pkg'
[0.367s] Level 1:colcon.colcon_core.package_identification:_identify(src/kuka_kr16_moveit_config) by extensions ['colcon_meta']
[0.367s] Level 1:colcon.colcon_core.package_identification:_identify(src/kuka_kr16_moveit_config) by extension 'colcon_meta'
[0.368s] Level 1:colcon.colcon_core.package_identification:_identify(src/kuka_kr16_moveit_config) by extensions ['ros']
[0.368s] Level 1:colcon.colcon_core.package_identification:_identify(src/kuka_kr16_moveit_config) by extension 'ros'
[0.369s] DEBUG:colcon.colcon_core.package_identification:Package 'src/kuka_kr16_moveit_config' with type 'ros.ament_cmake' and name 'kuka_kr16_moveit_config'
[0.369s] Level 1:colcon.colcon_core.package_identification:_identify(src/rviz) by extensions ['ignore', 'ignore_ament_install']
[0.369s] Level 1:colcon.colcon_core.package_identification:_identify(src/rviz) by extension 'ignore'
[0.369s] Level 1:colcon.colcon_core.package_identification:_identify(src/rviz) by extension 'ignore_ament_install'
[0.369s] Level 1:colcon.colcon_core.package_identification:_identify(src/rviz) by extensions ['colcon_pkg']
[0.370s] Level 1:colcon.colcon_core.package_identification:_identify(src/rviz) by extension 'colcon_pkg'
[0.370s] Level 1:colcon.colcon_core.package_identification:_identify(src/rviz) by extensions ['colcon_meta']
[0.370s] Level 1:colcon.colcon_core.package_identification:_identify(src/rviz) by extension 'colcon_meta'
[0.370s] Level 1:colcon.colcon_core.package_identification:_identify(src/rviz) by extensions ['ros']
[0.370s] Level 1:colcon.colcon_core.package_identification:_identify(src/rviz) by extension 'ros'
[0.370s] Level 1:colcon.colcon_core.package_identification:_identify(src/rviz) by extensions ['cmake', 'python']
[0.370s] Level 1:colcon.colcon_core.package_identification:_identify(src/rviz) by extension 'cmake'
[0.370s] Level 1:colcon.colcon_core.package_identification:_identify(src/rviz) by extension 'python'
[0.370s] Level 1:colcon.colcon_core.package_identification:_identify(src/rviz) by extensions ['python_setup_py']
[0.370s] Level 1:colcon.colcon_core.package_identification:_identify(src/rviz) by extension 'python_setup_py'
[0.371s] Level 1:colcon.colcon_core.package_identification:_identify(src/rviz_visual_tools) by extensions ['ignore', 'ignore_ament_install']
[0.371s] Level 1:colcon.colcon_core.package_identification:_identify(src/rviz_visual_tools) by extension 'ignore'
[0.371s] Level 1:colcon.colcon_core.package_identification:_identify(src/rviz_visual_tools) by extension 'ignore_ament_install'
[0.371s] Level 1:colcon.colcon_core.package_identification:_identify(src/rviz_visual_tools) by extensions ['colcon_pkg']
[0.371s] Level 1:colcon.colcon_core.package_identification:_identify(src/rviz_visual_tools) by extension 'colcon_pkg'
[0.371s] Level 1:colcon.colcon_core.package_identification:_identify(src/rviz_visual_tools) by extensions ['colcon_meta']
[0.371s] Level 1:colcon.colcon_core.package_identification:_identify(src/rviz_visual_tools) by extension 'colcon_meta'
[0.372s] Level 1:colcon.colcon_core.package_identification:_identify(src/rviz_visual_tools) by extensions ['ros']
[0.372s] Level 1:colcon.colcon_core.package_identification:_identify(src/rviz_visual_tools) by extension 'ros'
[0.375s] DEBUG:colcon.colcon_core.package_identification:Package 'src/rviz_visual_tools' with type 'ros.ament_cmake' and name 'rviz_visual_tools'
[0.375s] Level 1:colcon.colcon_core.package_discovery:discover_packages(recursive) using defaults
[0.375s] Level 1:colcon.colcon_core.package_discovery:discover_packages(ignore) discover
[0.375s] Level 1:colcon.colcon_core.package_discovery:discover_packages(ignore) using defaults
[0.376s] Level 1:colcon.colcon_core.package_discovery:discover_packages(path) discover
[0.376s] Level 1:colcon.colcon_core.package_discovery:discover_packages(path) using defaults
[0.412s] Level 5:colcon.colcon_core.verb:set package 'get_pose_client' build argument 'cmake_args' from command line to '['-DCMAKE_BUILD_TYPE=Release']'
[0.413s] Level 5:colcon.colcon_core.verb:set package 'get_pose_client' build argument 'cmake_target' from command line to 'None'
[0.413s] Level 5:colcon.colcon_core.verb:set package 'get_pose_client' build argument 'cmake_target_skip_unavailable' from command line to 'False'
[0.413s] Level 5:colcon.colcon_core.verb:set package 'get_pose_client' build argument 'cmake_clean_cache' from command line to 'False'
[0.413s] Level 5:colcon.colcon_core.verb:set package 'get_pose_client' build argument 'cmake_clean_first' from command line to 'False'
[0.413s] Level 5:colcon.colcon_core.verb:set package 'get_pose_client' build argument 'cmake_force_configure' from command line to 'False'
[0.413s] Level 5:colcon.colcon_core.verb:set package 'get_pose_client' build argument 'ament_cmake_args' from command line to 'None'
[0.413s] Level 5:colcon.colcon_core.verb:set package 'get_pose_client' build argument 'catkin_cmake_args' from command line to 'None'
[0.413s] Level 5:colcon.colcon_core.verb:set package 'get_pose_client' build argument 'catkin_skip_building_tests' from command line to 'False'
[0.413s] DEBUG:colcon.colcon_core.verb:Building package 'get_pose_client' with the following arguments: {'ament_cmake_args': None, 'build_base': '/home/azizi/kuka_ws/build/get_pose_client', 'catkin_cmake_args': None, 'catkin_skip_building_tests': False, 'cmake_args': ['-DCMAKE_BUILD_TYPE=Release'], 'cmake_clean_cache': False, 'cmake_clean_first': False, 'cmake_force_configure': False, 'cmake_target': None, 'cmake_target_skip_unavailable': False, 'install_base': '/home/azizi/kuka_ws/install/get_pose_client', 'merge_install': False, 'path': '/home/azizi/kuka_ws/src/get_pose_client', 'symlink_install': False, 'test_result_base': None}
[0.415s] Level 5:colcon.colcon_core.verb:set package 'kr16_description' build argument 'cmake_args' from command line to '['-DCMAKE_BUILD_TYPE=Release']'
[0.415s] Level 5:colcon.colcon_core.verb:set package 'kr16_description' build argument 'cmake_target' from command line to 'None'
[0.415s] Level 5:colcon.colcon_core.verb:set package 'kr16_description' build argument 'cmake_target_skip_unavailable' from command line to 'False'
[0.415s] Level 5:colcon.colcon_core.verb:set package 'kr16_description' build argument 'cmake_clean_cache' from command line to 'False'
[0.415s] Level 5:colcon.colcon_core.verb:set package 'kr16_description' build argument 'cmake_clean_first' from command line to 'False'
[0.415s] Level 5:colcon.colcon_core.verb:set package 'kr16_description' build argument 'cmake_force_configure' from command line to 'False'
[0.415s] Level 5:colcon.colcon_core.verb:set package 'kr16_description' build argument 'ament_cmake_args' from command line to 'None'
[0.415s] Level 5:colcon.colcon_core.verb:set package 'kr16_description' build argument 'catkin_cmake_args' from command line to 'None'
[0.415s] Level 5:colcon.colcon_core.verb:set package 'kr16_description' build argument 'catkin_skip_building_tests' from command line to 'False'
[0.415s] DEBUG:colcon.colcon_core.verb:Building package 'kr16_description' with the following arguments: {'ament_cmake_args': None, 'build_base': '/home/azizi/kuka_ws/build/kr16_description', 'catkin_cmake_args': None, 'catkin_skip_building_tests': False, 'cmake_args': ['-DCMAKE_BUILD_TYPE=Release'], 'cmake_clean_cache': False, 'cmake_clean_first': False, 'cmake_force_configure': False, 'cmake_target': None, 'cmake_target_skip_unavailable': False, 'install_base': '/home/azizi/kuka_ws/install/kr16_description', 'merge_install': False, 'path': '/home/azizi/kuka_ws/src/kr16_description', 'symlink_install': False, 'test_result_base': None}
[0.416s] Level 5:colcon.colcon_core.verb:set package 'kr16_scripts' build argument 'cmake_args' from command line to '['-DCMAKE_BUILD_TYPE=Release']'
[0.417s] Level 5:colcon.colcon_core.verb:set package 'kr16_scripts' build argument 'cmake_target' from command line to 'None'
[0.417s] Level 5:colcon.colcon_core.verb:set package 'kr16_scripts' build argument 'cmake_target_skip_unavailable' from command line to 'False'
[0.417s] Level 5:colcon.colcon_core.verb:set package 'kr16_scripts' build argument 'cmake_clean_cache' from command line to 'False'
[0.417s] Level 5:colcon.colcon_core.verb:set package 'kr16_scripts' build argument 'cmake_clean_first' from command line to 'False'
[0.417s] Level 5:colcon.colcon_core.verb:set package 'kr16_scripts' build argument 'cmake_force_configure' from command line to 'False'
[0.417s] Level 5:colcon.colcon_core.verb:set package 'kr16_scripts' build argument 'ament_cmake_args' from command line to 'None'
[0.417s] Level 5:colcon.colcon_core.verb:set package 'kr16_scripts' build argument 'catkin_cmake_args' from command line to 'None'
[0.417s] Level 5:colcon.colcon_core.verb:set package 'kr16_scripts' build argument 'catkin_skip_building_tests' from command line to 'False'
[0.417s] DEBUG:colcon.colcon_core.verb:Building package 'kr16_scripts' with the following arguments: {'ament_cmake_args': None, 'build_base': '/home/azizi/kuka_ws/build/kr16_scripts', 'catkin_cmake_args': None, 'catkin_skip_building_tests': False, 'cmake_args': ['-DCMAKE_BUILD_TYPE=Release'], 'cmake_clean_cache': False, 'cmake_clean_first': False, 'cmake_force_configure': False, 'cmake_target': None, 'cmake_target_skip_unavailable': False, 'install_base': '/home/azizi/kuka_ws/install/kr16_scripts', 'merge_install': False, 'path': '/home/azizi/kuka_ws/src/kr16_scripts', 'symlink_install': False, 'test_result_base': None}
[0.418s] Level 5:colcon.colcon_core.verb:set package 'rviz_visual_tools' build argument 'cmake_args' from command line to '['-DCMAKE_BUILD_TYPE=Release']'
[0.419s] Level 5:colcon.colcon_core.verb:set package 'rviz_visual_tools' build argument 'cmake_target' from command line to 'None'
[0.419s] Level 5:colcon.colcon_core.verb:set package 'rviz_visual_tools' build argument 'cmake_target_skip_unavailable' from command line to 'False'
[0.419s] Level 5:colcon.colcon_core.verb:set package 'rviz_visual_tools' build argument 'cmake_clean_cache' from command line to 'False'
[0.419s] Level 5:colcon.colcon_core.verb:set package 'rviz_visual_tools' build argument 'cmake_clean_first' from command line to 'False'
[0.419s] Level 5:colcon.colcon_core.verb:set package 'rviz_visual_tools' build argument 'cmake_force_configure' from command line to 'False'
[0.419s] Level 5:colcon.colcon_core.verb:set package 'rviz_visual_tools' build argument 'ament_cmake_args' from command line to 'None'
[0.419s] Level 5:colcon.colcon_core.verb:set package 'rviz_visual_tools' build argument 'catkin_cmake_args' from command line to 'None'
[0.419s] Level 5:colcon.colcon_core.verb:set package 'rviz_visual_tools' build argument 'catkin_skip_building_tests' from command line to 'False'
[0.419s] DEBUG:colcon.colcon_core.verb:Building package 'rviz_visual_tools' with the following arguments: {'ament_cmake_args': None, 'build_base': '/home/azizi/kuka_ws/build/rviz_visual_tools', 'catkin_cmake_args': None, 'catkin_skip_building_tests': False, 'cmake_args': ['-DCMAKE_BUILD_TYPE=Release'], 'cmake_clean_cache': False, 'cmake_clean_first': False, 'cmake_force_configure': False, 'cmake_target': None, 'cmake_target_skip_unavailable': False, 'install_base': '/home/azizi/kuka_ws/install/rviz_visual_tools', 'merge_install': False, 'path': '/home/azizi/kuka_ws/src/rviz_visual_tools', 'symlink_install': False, 'test_result_base': None}
[0.420s] Level 5:colcon.colcon_core.verb:set package 'kr16_grasping' build argument 'cmake_args' from command line to '['-DCMAKE_BUILD_TYPE=Release']'
[0.421s] Level 5:colcon.colcon_core.verb:set package 'kr16_grasping' build argument 'cmake_target' from command line to 'None'
[0.421s] Level 5:colcon.colcon_core.verb:set package 'kr16_grasping' build argument 'cmake_target_skip_unavailable' from command line to 'False'
[0.421s] Level 5:colcon.colcon_core.verb:set package 'kr16_grasping' build argument 'cmake_clean_cache' from command line to 'False'
[0.421s] Level 5:colcon.colcon_core.verb:set package 'kr16_grasping' build argument 'cmake_clean_first' from command line to 'False'
[0.421s] Level 5:colcon.colcon_core.verb:set package 'kr16_grasping' build argument 'cmake_force_configure' from command line to 'False'
[0.421s] Level 5:colcon.colcon_core.verb:set package 'kr16_grasping' build argument 'ament_cmake_args' from command line to 'None'
[0.421s] Level 5:colcon.colcon_core.verb:set package 'kr16_grasping' build argument 'catkin_cmake_args' from command line to 'None'
[0.421s] Level 5:colcon.colcon_core.verb:set package 'kr16_grasping' build argument 'catkin_skip_building_tests' from command line to 'False'
[0.421s] DEBUG:colcon.colcon_core.verb:Building package 'kr16_grasping' with the following arguments: {'ament_cmake_args': None, 'build_base': '/home/azizi/kuka_ws/build/kr16_grasping', 'catkin_cmake_args': None, 'catkin_skip_building_tests': False, 'cmake_args': ['-DCMAKE_BUILD_TYPE=Release'], 'cmake_clean_cache': False, 'cmake_clean_first': False, 'cmake_force_configure': False, 'cmake_target': None, 'cmake_target_skip_unavailable': False, 'install_base': '/home/azizi/kuka_ws/install/kr16_grasping', 'merge_install': False, 'path': '/home/azizi/kuka_ws/src/kr16_grasping', 'symlink_install': False, 'test_result_base': None}
[0.423s] Level 5:colcon.colcon_core.verb:set package 'kuka_kr16_moveit_config' build argument 'cmake_args' from command line to '['-DCMAKE_BUILD_TYPE=Release']'
[0.423s] Level 5:colcon.colcon_core.verb:set package 'kuka_kr16_moveit_config' build argument 'cmake_target' from command line to 'None'
[0.423s] Level 5:colcon.colcon_core.verb:set package 'kuka_kr16_moveit_config' build argument 'cmake_target_skip_unavailable' from command line to 'False'
[0.423s] Level 5:colcon.colcon_core.verb:set package 'kuka_kr16_moveit_config' build argument 'cmake_clean_cache' from command line to 'False'
[0.423s] Level 5:colcon.colcon_core.verb:set package 'kuka_kr16_moveit_config' build argument 'cmake_clean_first' from command line to 'False'
[0.423s] Level 5:colcon.colcon_core.verb:set package 'kuka_kr16_moveit_config' build argument 'cmake_force_configure' from command line to 'False'
[0.423s] Level 5:colcon.colcon_core.verb:set package 'kuka_kr16_moveit_config' build argument 'ament_cmake_args' from command line to 'None'
[0.423s] Level 5:colcon.colcon_core.verb:set package 'kuka_kr16_moveit_config' build argument 'catkin_cmake_args' from command line to 'None'
[0.424s] Level 5:colcon.colcon_core.verb:set package 'kuka_kr16_moveit_config' build argument 'catkin_skip_building_tests' from command line to 'False'
[0.424s] DEBUG:colcon.colcon_core.verb:Building package 'kuka_kr16_moveit_config' with the following arguments: {'ament_cmake_args': None, 'build_base': '/home/azizi/kuka_ws/build/kuka_kr16_moveit_config', 'catkin_cmake_args': None, 'catkin_skip_building_tests': False, 'cmake_args': ['-DCMAKE_BUILD_TYPE=Release'], 'cmake_clean_cache': False, 'cmake_clean_first': False, 'cmake_force_configure': False, 'cmake_target': None, 'cmake_target_skip_unavailable': False, 'install_base': '/home/azizi/kuka_ws/install/kuka_kr16_moveit_config', 'merge_install': False, 'path': '/home/azizi/kuka_ws/src/kuka_kr16_moveit_config', 'symlink_install': False, 'test_result_base': None}
[0.430s] INFO:colcon.colcon_core.executor:Executing jobs using 'parallel' executor
[0.435s] DEBUG:colcon.colcon_parallel_executor.executor.parallel:run_until_complete
[0.436s] INFO:colcon.colcon_ros.task.ament_cmake.build:Building ROS package in '/home/azizi/kuka_ws/src/kr16_description' with build type 'ament_cmake'
[0.436s] INFO:colcon.colcon_cmake.task.cmake.build:Building CMake package in '/home/azizi/kuka_ws/src/kr16_description'
[0.457s] INFO:colcon.colcon_core.plugin_system:Skipping extension 'colcon_core.shell.bat': Not used on non-Windows systems
[0.458s] INFO:colcon.colcon_core.shell:Skip shell extension 'powershell' for command environment: Not usable outside of PowerShell
[0.458s] DEBUG:colcon.colcon_core.shell:Skip shell extension 'dsv' for command environment
[0.467s] INFO:colcon.colcon_ros.task.ament_cmake.build:Building ROS package in '/home/azizi/kuka_ws/src/rviz_visual_tools' with build type 'ament_cmake'
[0.468s] INFO:colcon.colcon_cmake.task.cmake.build:Building CMake package in '/home/azizi/kuka_ws/src/rviz_visual_tools'
[0.470s] INFO:colcon.colcon_core.shell:Skip shell extension 'powershell' for command environment: Not usable outside of PowerShell
[0.470s] DEBUG:colcon.colcon_core.shell:Skip shell extension 'dsv' for command environment
[0.479s] INFO:colcon.colcon_ros.task.ament_cmake.build:Building ROS package in '/home/azizi/kuka_ws/src/get_pose_client' with build type 'ament_cmake'
[0.480s] INFO:colcon.colcon_cmake.task.cmake.build:Building CMake package in '/home/azizi/kuka_ws/src/get_pose_client'
[0.482s] INFO:colcon.colcon_core.shell:Skip shell extension 'powershell' for command environment: Not usable outside of PowerShell
[0.483s] DEBUG:colcon.colcon_core.shell:Skip shell extension 'dsv' for command environment
[0.491s] INFO:colcon.colcon_ros.task.ament_cmake.build:Building ROS package in '/home/azizi/kuka_ws/src/kr16_scripts' with build type 'ament_cmake'
[0.498s] INFO:colcon.colcon_cmake.task.cmake.build:Building CMake package in '/home/azizi/kuka_ws/src/kr16_scripts'
[0.500s] INFO:colcon.colcon_core.shell:Skip shell extension 'powershell' for command environment: Not usable outside of PowerShell
[0.500s] DEBUG:colcon.colcon_core.shell:Skip shell extension 'dsv' for command environment
[0.528s] DEBUG:colcon.colcon_core.event_handler.log_command:Invoking command in '/home/azizi/kuka_ws/build/kr16_description': CMAKE_PREFIX_PATH=/opt/ros/galactic /usr/bin/cmake --build /home/azizi/kuka_ws/build/kr16_description -- -j4 -l4
[0.544s] DEBUG:colcon.colcon_core.event_handler.log_command:Invoking command in '/home/azizi/kuka_ws/build/rviz_visual_tools': CMAKE_PREFIX_PATH=/opt/ros/galactic /usr/bin/cmake --build /home/azizi/kuka_ws/build/rviz_visual_tools -- -j4 -l4
[0.553s] DEBUG:colcon.colcon_core.event_handler.log_command:Invoking command in '/home/azizi/kuka_ws/build/get_pose_client': CMAKE_PREFIX_PATH=/opt/ros/galactic /usr/bin/cmake --build /home/azizi/kuka_ws/build/get_pose_client -- -j4 -l4
[0.598s] DEBUG:colcon.colcon_core.event_handler.log_command:Invoking command in '/home/azizi/kuka_ws/build/kr16_scripts': CMAKE_PREFIX_PATH=/opt/ros/galactic /usr/bin/cmake --build /home/azizi/kuka_ws/build/kr16_scripts -- -j4 -l4
[0.664s] DEBUG:colcon.colcon_core.event_handler.log_command:Invoked command in '/home/azizi/kuka_ws/build/kr16_description' returned '0': CMAKE_PREFIX_PATH=/opt/ros/galactic /usr/bin/cmake --build /home/azizi/kuka_ws/build/kr16_description -- -j4 -l4
[0.698s] DEBUG:colcon.colcon_core.event_handler.log_command:Invoked command in '/home/azizi/kuka_ws/build/get_pose_client' returned '0': CMAKE_PREFIX_PATH=/opt/ros/galactic /usr/bin/cmake --build /home/azizi/kuka_ws/build/get_pose_client -- -j4 -l4
[0.820s] DEBUG:colcon.colcon_core.event_handler.log_command:Invoked command in '/home/azizi/kuka_ws/build/kr16_scripts' returned '0': CMAKE_PREFIX_PATH=/opt/ros/galactic /usr/bin/cmake --build /home/azizi/kuka_ws/build/kr16_scripts -- -j4 -l4
[0.907s] DEBUG:colcon.colcon_core.event_handler.log_command:Invoking command in '/home/azizi/kuka_ws/build/get_pose_client': CMAKE_PREFIX_PATH=/opt/ros/galactic /usr/bin/cmake --install /home/azizi/kuka_ws/build/get_pose_client
[0.924s] DEBUG:colcon.colcon_core.event_handler.log_command:Invoking command in '/home/azizi/kuka_ws/build/kr16_description': CMAKE_PREFIX_PATH=/opt/ros/galactic /usr/bin/cmake --install /home/azizi/kuka_ws/build/kr16_description
[1.001s] Level 1:colcon.colcon_core.environment:create_environment_scripts_only(get_pose_client)
[1.028s] DEBUG:colcon.colcon_core.event_handler.log_command:Invoked command in '/home/azizi/kuka_ws/build/get_pose_client' returned '0': CMAKE_PREFIX_PATH=/opt/ros/galactic /usr/bin/cmake --install /home/azizi/kuka_ws/build/get_pose_client
[1.029s] Level 1:colcon.colcon_core.environment:checking '/home/azizi/kuka_ws/install/get_pose_client' for CMake module files
[1.030s] Level 1:colcon.colcon_core.environment:checking '/home/azizi/kuka_ws/install/get_pose_client' for CMake config files
[1.043s] Level 1:colcon.colcon_core.shell:create_environment_hook('get_pose_client', 'cmake_prefix_path')
[1.045s] INFO:colcon.colcon_core.shell:Creating environment hook '/home/azizi/kuka_ws/install/get_pose_client/share/get_pose_client/hook/cmake_prefix_path.ps1'
[1.055s] INFO:colcon.colcon_core.shell:Creating environment descriptor '/home/azizi/kuka_ws/install/get_pose_client/share/get_pose_client/hook/cmake_prefix_path.dsv'
[1.056s] INFO:colcon.colcon_core.shell:Creating environment hook '/home/azizi/kuka_ws/install/get_pose_client/share/get_pose_client/hook/cmake_prefix_path.sh'
[1.062s] Level 1:colcon.colcon_core.environment:checking '/home/azizi/kuka_ws/install/get_pose_client/bin'
[1.063s] Level 1:colcon.colcon_core.environment:checking '/home/azizi/kuka_ws/install/get_pose_client/lib/pkgconfig/get_pose_client.pc'
[1.063s] Level 1:colcon.colcon_core.environment:checking '/home/azizi/kuka_ws/install/get_pose_client/lib/python3.8/site-packages'
[1.065s] INFO:colcon.colcon_core.shell:Creating package script '/home/azizi/kuka_ws/install/get_pose_client/share/get_pose_client/package.ps1'
[1.074s] INFO:colcon.colcon_core.shell:Creating package descriptor '/home/azizi/kuka_ws/install/get_pose_client/share/get_pose_client/package.dsv'
[1.076s] INFO:colcon.colcon_core.shell:Creating package script '/home/azizi/kuka_ws/install/get_pose_client/share/get_pose_client/package.sh'
[1.078s] INFO:colcon.colcon_core.shell:Creating package script '/home/azizi/kuka_ws/install/get_pose_client/share/get_pose_client/package.bash'
[1.081s] INFO:colcon.colcon_core.shell:Creating package script '/home/azizi/kuka_ws/install/get_pose_client/share/get_pose_client/package.zsh'
[1.083s] Level 1:colcon.colcon_core.environment:create_file_with_runtime_dependencies(/home/azizi/kuka_ws/install/get_pose_client/share/colcon-core/packages/get_pose_client)
[1.100s] Level 1:colcon.colcon_core.environment:create_environment_scripts_only(kr16_description)
[1.103s] Level 1:colcon.colcon_core.environment:checking '/home/azizi/kuka_ws/install/kr16_description' for CMake module files
[1.104s] Level 1:colcon.colcon_core.environment:checking '/home/azizi/kuka_ws/install/kr16_description' for CMake config files
[1.105s] Level 1:colcon.colcon_core.shell:create_environment_hook('kr16_description', 'cmake_prefix_path')
[1.107s] INFO:colcon.colcon_core.shell:Creating environment hook '/home/azizi/kuka_ws/install/kr16_description/share/kr16_description/hook/cmake_prefix_path.ps1'
[1.108s] INFO:colcon.colcon_core.shell:Creating environment descriptor '/home/azizi/kuka_ws/install/kr16_description/share/kr16_description/hook/cmake_prefix_path.dsv'
[1.109s] INFO:colcon.colcon_core.shell:Creating environment hook '/home/azizi/kuka_ws/install/kr16_description/share/kr16_description/hook/cmake_prefix_path.sh'
[1.111s] Level 1:colcon.colcon_core.environment:checking '/home/azizi/kuka_ws/install/kr16_description/bin'
[1.111s] Level 1:colcon.colcon_core.environment:checking '/home/azizi/kuka_ws/install/kr16_description/lib/pkgconfig/kr16_description.pc'
[1.111s] Level 1:colcon.colcon_core.environment:checking '/home/azizi/kuka_ws/install/kr16_description/lib/python3.8/site-packages'
[1.116s] INFO:colcon.colcon_core.shell:Creating package script '/home/azizi/kuka_ws/install/kr16_description/share/kr16_description/package.ps1'
[1.117s] DEBUG:colcon.colcon_core.event_handler.log_command:Invoked command in '/home/azizi/kuka_ws/build/kr16_description' returned '0': CMAKE_PREFIX_PATH=/opt/ros/galactic /usr/bin/cmake --install /home/azizi/kuka_ws/build/kr16_description
[1.118s] INFO:colcon.colcon_core.shell:Creating package descriptor '/home/azizi/kuka_ws/install/kr16_description/share/kr16_description/package.dsv'
[1.120s] INFO:colcon.colcon_core.shell:Creating package script '/home/azizi/kuka_ws/install/kr16_description/share/kr16_description/package.sh'
[1.121s] INFO:colcon.colcon_core.shell:Creating package script '/home/azizi/kuka_ws/install/kr16_description/share/kr16_description/package.bash'
[1.122s] INFO:colcon.colcon_core.shell:Creating package script '/home/azizi/kuka_ws/install/kr16_description/share/kr16_description/package.zsh'
[1.123s] Level 1:colcon.colcon_core.environment:create_file_with_runtime_dependencies(/home/azizi/kuka_ws/install/kr16_description/share/colcon-core/packages/kr16_description)
[1.138s] DEBUG:colcon.colcon_core.event_handler.log_command:Invoking command in '/home/azizi/kuka_ws/build/kr16_scripts': CMAKE_PREFIX_PATH=/opt/ros/galactic /usr/bin/cmake --install /home/azizi/kuka_ws/build/kr16_scripts
[1.162s] Level 1:colcon.colcon_core.environment:create_environment_scripts_only(get_pose_client)
[1.165s] Level 1:colcon.colcon_core.environment:checking '/home/azizi/kuka_ws/install/get_pose_client' for CMake module files
[1.176s] Level 1:colcon.colcon_core.environment:checking '/home/azizi/kuka_ws/install/get_pose_client' for CMake config files
[1.177s] Level 1:colcon.colcon_core.shell:create_environment_hook('get_pose_client', 'cmake_prefix_path')
[1.178s] INFO:colcon.colcon_core.shell:Creating environment hook '/home/azizi/kuka_ws/install/get_pose_client/share/get_pose_client/hook/cmake_prefix_path.ps1'
[1.179s] INFO:colcon.colcon_core.shell:Creating environment descriptor '/home/azizi/kuka_ws/install/get_pose_client/share/get_pose_client/hook/cmake_prefix_path.dsv'
[1.180s] INFO:colcon.colcon_core.shell:Creating environment hook '/home/azizi/kuka_ws/install/get_pose_client/share/get_pose_client/hook/cmake_prefix_path.sh'
[1.181s] Level 1:colcon.colcon_core.environment:checking '/home/azizi/kuka_ws/install/get_pose_client/bin'
[1.181s] Level 1:colcon.colcon_core.environment:checking '/home/azizi/kuka_ws/install/get_pose_client/lib/pkgconfig/get_pose_client.pc'
[1.182s] Level 1:colcon.colcon_core.environment:checking '/home/azizi/kuka_ws/install/get_pose_client/lib/python3.8/site-packages'
[1.183s] INFO:colcon.colcon_core.shell:Creating package script '/home/azizi/kuka_ws/install/get_pose_client/share/get_pose_client/package.ps1'
[1.184s] INFO:colcon.colcon_core.shell:Creating package descriptor '/home/azizi/kuka_ws/install/get_pose_client/share/get_pose_client/package.dsv'
[1.185s] INFO:colcon.colcon_core.shell:Creating package script '/home/azizi/kuka_ws/install/get_pose_client/share/get_pose_client/package.sh'
[1.186s] INFO:colcon.colcon_core.shell:Creating package script '/home/azizi/kuka_ws/install/get_pose_client/share/get_pose_client/package.bash'
[1.187s] INFO:colcon.colcon_core.shell:Creating package script '/home/azizi/kuka_ws/install/get_pose_client/share/get_pose_client/package.zsh'
[1.187s] Level 1:colcon.colcon_core.environment:create_file_with_runtime_dependencies(/home/azizi/kuka_ws/install/get_pose_client/share/colcon-core/packages/get_pose_client)
[1.191s] Level 1:colcon.colcon_core.environment:create_environment_scripts_only(kr16_scripts)
[1.194s] Level 1:colcon.colcon_core.environment:checking '/home/azizi/kuka_ws/install/kr16_scripts' for CMake module files
[1.195s] Level 1:colcon.colcon_core.environment:checking '/home/azizi/kuka_ws/install/kr16_scripts' for CMake config files
[1.196s] Level 1:colcon.colcon_core.shell:create_environment_hook('kr16_scripts', 'cmake_prefix_path')
[1.197s] INFO:colcon.colcon_core.shell:Creating environment hook '/home/azizi/kuka_ws/install/kr16_scripts/share/kr16_scripts/hook/cmake_prefix_path.ps1'
[1.198s] INFO:colcon.colcon_core.shell:Creating environment descriptor '/home/azizi/kuka_ws/install/kr16_scripts/share/kr16_scripts/hook/cmake_prefix_path.dsv'
[1.199s] DEBUG:colcon.colcon_core.event_handler.log_command:Invoked command in '/home/azizi/kuka_ws/build/kr16_scripts' returned '0': CMAKE_PREFIX_PATH=/opt/ros/galactic /usr/bin/cmake --install /home/azizi/kuka_ws/build/kr16_scripts
[1.200s] INFO:colcon.colcon_core.shell:Creating environment hook '/home/azizi/kuka_ws/install/kr16_scripts/share/kr16_scripts/hook/cmake_prefix_path.sh'
[1.202s] Level 1:colcon.colcon_core.environment:checking '/home/azizi/kuka_ws/install/kr16_scripts/bin'
[1.202s] Level 1:colcon.colcon_core.environment:checking '/home/azizi/kuka_ws/install/kr16_scripts/lib/pkgconfig/kr16_scripts.pc'
[1.203s] Level 1:colcon.colcon_core.environment:checking '/home/azizi/kuka_ws/install/kr16_scripts/lib/python3.8/site-packages'
[1.204s] INFO:colcon.colcon_core.shell:Creating package script '/home/azizi/kuka_ws/install/kr16_scripts/share/kr16_scripts/package.ps1'
[1.206s] INFO:colcon.colcon_core.shell:Creating package descriptor '/home/azizi/kuka_ws/install/kr16_scripts/share/kr16_scripts/package.dsv'
[1.207s] INFO:colcon.colcon_core.shell:Creating package script '/home/azizi/kuka_ws/install/kr16_scripts/share/kr16_scripts/package.sh'
[1.208s] INFO:colcon.colcon_core.shell:Creating package script '/home/azizi/kuka_ws/install/kr16_scripts/share/kr16_scripts/package.bash'
[1.210s] INFO:colcon.colcon_core.shell:Creating package script '/home/azizi/kuka_ws/install/kr16_scripts/share/kr16_scripts/package.zsh'
[1.212s] Level 1:colcon.colcon_core.environment:create_file_with_runtime_dependencies(/home/azizi/kuka_ws/install/kr16_scripts/share/colcon-core/packages/kr16_scripts)
[1.224s] Level 1:colcon.colcon_core.environment:create_environment_scripts_only(kr16_description)
[1.227s] Level 1:colcon.colcon_core.environment:checking '/home/azizi/kuka_ws/install/kr16_description' for CMake module files
[1.228s] Level 1:colcon.colcon_core.environment:checking '/home/azizi/kuka_ws/install/kr16_description' for CMake config files
[1.229s] Level 1:colcon.colcon_core.shell:create_environment_hook('kr16_description', 'cmake_prefix_path')
[1.231s] INFO:colcon.colcon_core.shell:Creating environment hook '/home/azizi/kuka_ws/install/kr16_description/share/kr16_description/hook/cmake_prefix_path.ps1'
[1.233s] INFO:colcon.colcon_core.shell:Creating environment descriptor '/home/azizi/kuka_ws/install/kr16_description/share/kr16_description/hook/cmake_prefix_path.dsv'
[1.234s] INFO:colcon.colcon_core.shell:Creating environment hook '/home/azizi/kuka_ws/install/kr16_description/share/kr16_description/hook/cmake_prefix_path.sh'
[1.235s] Level 1:colcon.colcon_core.environment:checking '/home/azizi/kuka_ws/install/kr16_description/bin'
[1.236s] Level 1:colcon.colcon_core.environment:checking '/home/azizi/kuka_ws/install/kr16_description/lib/pkgconfig/kr16_description.pc'
[1.236s] Level 1:colcon.colcon_core.environment:checking '/home/azizi/kuka_ws/install/kr16_description/lib/python3.8/site-packages'
[1.238s] INFO:colcon.colcon_core.shell:Creating package script '/home/azizi/kuka_ws/install/kr16_description/share/kr16_description/package.ps1'
[1.239s] INFO:colcon.colcon_core.shell:Creating package descriptor '/home/azizi/kuka_ws/install/kr16_description/share/kr16_description/package.dsv'
[1.241s] INFO:colcon.colcon_core.shell:Creating package script '/home/azizi/kuka_ws/install/kr16_description/share/kr16_description/package.sh'
[1.242s] INFO:colcon.colcon_core.shell:Creating package script '/home/azizi/kuka_ws/install/kr16_description/share/kr16_description/package.bash'
[1.243s] INFO:colcon.colcon_core.shell:Creating package script '/home/azizi/kuka_ws/install/kr16_description/share/kr16_description/package.zsh'
[1.245s] Level 1:colcon.colcon_core.environment:create_file_with_runtime_dependencies(/home/azizi/kuka_ws/install/kr16_description/share/colcon-core/packages/kr16_description)
[1.248s] INFO:colcon.colcon_ros.task.ament_cmake.build:Building ROS package in '/home/azizi/kuka_ws/src/kuka_kr16_moveit_config' with build type 'ament_cmake'
[1.248s] INFO:colcon.colcon_cmake.task.cmake.build:Building CMake package in '/home/azizi/kuka_ws/src/kuka_kr16_moveit_config'
[1.250s] INFO:colcon.colcon_core.shell:Skip shell extension 'powershell' for command environment: Not usable outside of PowerShell
[1.251s] DEBUG:colcon.colcon_core.shell:Skip shell extension 'dsv' for command environment
[1.271s] Level 1:colcon.colcon_core.environment:create_environment_scripts_only(kr16_scripts)
[1.274s] Level 1:colcon.colcon_core.environment:checking '/home/azizi/kuka_ws/install/kr16_scripts' for CMake module files
[1.277s] Level 1:colcon.colcon_core.environment:checking '/home/azizi/kuka_ws/install/kr16_scripts' for CMake config files
[1.277s] Level 1:colcon.colcon_core.shell:create_environment_hook('kr16_scripts', 'cmake_prefix_path')
[1.279s] INFO:colcon.colcon_core.shell:Creating environment hook '/home/azizi/kuka_ws/install/kr16_scripts/share/kr16_scripts/hook/cmake_prefix_path.ps1'
[1.281s] INFO:colcon.colcon_core.shell:Creating environment descriptor '/home/azizi/kuka_ws/install/kr16_scripts/share/kr16_scripts/hook/cmake_prefix_path.dsv'
[1.282s] INFO:colcon.colcon_core.shell:Creating environment hook '/home/azizi/kuka_ws/install/kr16_scripts/share/kr16_scripts/hook/cmake_prefix_path.sh'
[1.283s] Level 1:colcon.colcon_core.environment:checking '/home/azizi/kuka_ws/install/kr16_scripts/bin'
[1.284s] Level 1:colcon.colcon_core.environment:checking '/home/azizi/kuka_ws/install/kr16_scripts/lib/pkgconfig/kr16_scripts.pc'
[1.284s] Level 1:colcon.colcon_core.environment:checking '/home/azizi/kuka_ws/install/kr16_scripts/lib/python3.8/site-packages'
[1.286s] INFO:colcon.colcon_core.shell:Creating package script '/home/azizi/kuka_ws/install/kr16_scripts/share/kr16_scripts/package.ps1'
[1.288s] INFO:colcon.colcon_core.shell:Creating package descriptor '/home/azizi/kuka_ws/install/kr16_scripts/share/kr16_scripts/package.dsv'
[1.289s] INFO:colcon.colcon_core.shell:Creating package script '/home/azizi/kuka_ws/install/kr16_scripts/share/kr16_scripts/package.sh'
[1.291s] INFO:colcon.colcon_core.shell:Creating package script '/home/azizi/kuka_ws/install/kr16_scripts/share/kr16_scripts/package.bash'
[1.293s] INFO:colcon.colcon_core.shell:Creating package script '/home/azizi/kuka_ws/install/kr16_scripts/share/kr16_scripts/package.zsh'
[1.294s] Level 1:colcon.colcon_core.environment:create_file_with_runtime_dependencies(/home/azizi/kuka_ws/install/kr16_scripts/share/colcon-core/packages/kr16_scripts)
[1.308s] DEBUG:colcon.colcon_core.event_handler.log_command:Invoking command in '/home/azizi/kuka_ws/build/kuka_kr16_moveit_config': AMENT_PREFIX_PATH=/home/azizi/kuka_ws/install/kr16_description:${AMENT_PREFIX_PATH} CMAKE_PREFIX_PATH=/home/azizi/kuka_ws/install/kr16_description:/opt/ros/galactic /usr/bin/cmake --build /home/azizi/kuka_ws/build/kuka_kr16_moveit_config -- -j4 -l4
[1.427s] DEBUG:colcon.colcon_core.event_handler.log_command:Invoked command in '/home/azizi/kuka_ws/build/kuka_kr16_moveit_config' returned '0': AMENT_PREFIX_PATH=/home/azizi/kuka_ws/install/kr16_description:${AMENT_PREFIX_PATH} CMAKE_PREFIX_PATH=/home/azizi/kuka_ws/install/kr16_description:/opt/ros/galactic /usr/bin/cmake --build /home/azizi/kuka_ws/build/kuka_kr16_moveit_config -- -j4 -l4
[1.544s] DEBUG:colcon.colcon_core.event_handler.log_command:Invoking command in '/home/azizi/kuka_ws/build/kuka_kr16_moveit_config': AMENT_PREFIX_PATH=/home/azizi/kuka_ws/install/kr16_description:${AMENT_PREFIX_PATH} CMAKE_PREFIX_PATH=/home/azizi/kuka_ws/install/kr16_description:/opt/ros/galactic /usr/bin/cmake --install /home/azizi/kuka_ws/build/kuka_kr16_moveit_config
[1.603s] Level 1:colcon.colcon_core.environment:create_environment_scripts_only(kuka_kr16_moveit_config)
[1.606s] Level 1:colcon.colcon_core.environment:checking '/home/azizi/kuka_ws/install/kuka_kr16_moveit_config' for CMake module files
[1.608s] Level 1:colcon.colcon_core.environment:checking '/home/azizi/kuka_ws/install/kuka_kr16_moveit_config' for CMake config files
[1.609s] Level 1:colcon.colcon_core.shell:create_environment_hook('kuka_kr16_moveit_config', 'cmake_prefix_path')
[1.611s] INFO:colcon.colcon_core.shell:Creating environment hook '/home/azizi/kuka_ws/install/kuka_kr16_moveit_config/share/kuka_kr16_moveit_config/hook/cmake_prefix_path.ps1'
[1.612s] INFO:colcon.colcon_core.shell:Creating environment descriptor '/home/azizi/kuka_ws/install/kuka_kr16_moveit_config/share/kuka_kr16_moveit_config/hook/cmake_prefix_path.dsv'
[1.615s] INFO:colcon.colcon_core.shell:Creating environment hook '/home/azizi/kuka_ws/install/kuka_kr16_moveit_config/share/kuka_kr16_moveit_config/hook/cmake_prefix_path.sh'
[1.618s] Level 1:colcon.colcon_core.environment:checking '/home/azizi/kuka_ws/install/kuka_kr16_moveit_config/bin'
[1.621s] Level 1:colcon.colcon_core.environment:checking '/home/azizi/kuka_ws/install/kuka_kr16_moveit_config/lib/pkgconfig/kuka_kr16_moveit_config.pc'
[1.622s] Level 1:colcon.colcon_core.environment:checking '/home/azizi/kuka_ws/install/kuka_kr16_moveit_config/lib/python3.8/site-packages'
[1.625s] INFO:colcon.colcon_core.shell:Creating package script '/home/azizi/kuka_ws/install/kuka_kr16_moveit_config/share/kuka_kr16_moveit_config/package.ps1'
[1.629s] INFO:colcon.colcon_core.shell:Creating package descriptor '/home/azizi/kuka_ws/install/kuka_kr16_moveit_config/share/kuka_kr16_moveit_config/package.dsv'
[1.632s] INFO:colcon.colcon_core.shell:Creating package script '/home/azizi/kuka_ws/install/kuka_kr16_moveit_config/share/kuka_kr16_moveit_config/package.sh'
[1.636s] INFO:colcon.colcon_core.shell:Creating package script '/home/azizi/kuka_ws/install/kuka_kr16_moveit_config/share/kuka_kr16_moveit_config/package.bash'
[1.639s] INFO:colcon.colcon_core.shell:Creating package script '/home/azizi/kuka_ws/install/kuka_kr16_moveit_config/share/kuka_kr16_moveit_config/package.zsh'
[1.641s] Level 1:colcon.colcon_core.environment:create_file_with_runtime_dependencies(/home/azizi/kuka_ws/install/kuka_kr16_moveit_config/share/colcon-core/packages/kuka_kr16_moveit_config)
[1.657s] DEBUG:colcon.colcon_core.event_handler.log_command:Invoked command in '/home/azizi/kuka_ws/build/kuka_kr16_moveit_config' returned '0': AMENT_PREFIX_PATH=/home/azizi/kuka_ws/install/kr16_description:${AMENT_PREFIX_PATH} CMAKE_PREFIX_PATH=/home/azizi/kuka_ws/install/kr16_description:/opt/ros/galactic /usr/bin/cmake --install /home/azizi/kuka_ws/build/kuka_kr16_moveit_config
[1.711s] Level 1:colcon.colcon_core.environment:create_environment_scripts_only(kuka_kr16_moveit_config)
[1.714s] Level 1:colcon.colcon_core.environment:checking '/home/azizi/kuka_ws/install/kuka_kr16_moveit_config' for CMake module files
[1.715s] Level 1:colcon.colcon_core.environment:checking '/home/azizi/kuka_ws/install/kuka_kr16_moveit_config' for CMake config files
[1.716s] Level 1:colcon.colcon_core.shell:create_environment_hook('kuka_kr16_moveit_config', 'cmake_prefix_path')
[1.717s] INFO:colcon.colcon_core.shell:Creating environment hook '/home/azizi/kuka_ws/install/kuka_kr16_moveit_config/share/kuka_kr16_moveit_config/hook/cmake_prefix_path.ps1'
[1.720s] INFO:colcon.colcon_core.shell:Creating environment descriptor '/home/azizi/kuka_ws/install/kuka_kr16_moveit_config/share/kuka_kr16_moveit_config/hook/cmake_prefix_path.dsv'
[1.721s] INFO:colcon.colcon_core.shell:Creating environment hook '/home/azizi/kuka_ws/install/kuka_kr16_moveit_config/share/kuka_kr16_moveit_config/hook/cmake_prefix_path.sh'
[1.723s] Level 1:colcon.colcon_core.environment:checking '/home/azizi/kuka_ws/install/kuka_kr16_moveit_config/bin'
[1.723s] Level 1:colcon.colcon_core.environment:checking '/home/azizi/kuka_ws/install/kuka_kr16_moveit_config/lib/pkgconfig/kuka_kr16_moveit_config.pc'
[1.724s] Level 1:colcon.colcon_core.environment:checking '/home/azizi/kuka_ws/install/kuka_kr16_moveit_config/lib/python3.8/site-packages'
[1.725s] INFO:colcon.colcon_core.shell:Creating package script '/home/azizi/kuka_ws/install/kuka_kr16_moveit_config/share/kuka_kr16_moveit_config/package.ps1'
[1.727s] INFO:colcon.colcon_core.shell:Creating package descriptor '/home/azizi/kuka_ws/install/kuka_kr16_moveit_config/share/kuka_kr16_moveit_config/package.dsv'
[1.728s] INFO:colcon.colcon_core.shell:Creating package script '/home/azizi/kuka_ws/install/kuka_kr16_moveit_config/share/kuka_kr16_moveit_config/package.sh'
[1.729s] INFO:colcon.colcon_core.shell:Creating package script '/home/azizi/kuka_ws/install/kuka_kr16_moveit_config/share/kuka_kr16_moveit_config/package.bash'
[1.730s] INFO:colcon.colcon_core.shell:Creating package script '/home/azizi/kuka_ws/install/kuka_kr16_moveit_config/share/kuka_kr16_moveit_config/package.zsh'
[1.731s] Level 1:colcon.colcon_core.environment:create_file_with_runtime_dependencies(/home/azizi/kuka_ws/install/kuka_kr16_moveit_config/share/colcon-core/packages/kuka_kr16_moveit_config)
[1.901s] DEBUG:colcon.colcon_core.event_handler.log_command:Invoked command in '/home/azizi/kuka_ws/build/rviz_visual_tools' returned '0': CMAKE_PREFIX_PATH=/opt/ros/galactic /usr/bin/cmake --build /home/azizi/kuka_ws/build/rviz_visual_tools -- -j4 -l4
[2.077s] DEBUG:colcon.colcon_core.event_handler.log_command:Invoking command in '/home/azizi/kuka_ws/build/rviz_visual_tools': CMAKE_PREFIX_PATH=/opt/ros/galactic /usr/bin/cmake --install /home/azizi/kuka_ws/build/rviz_visual_tools
[2.134s] Level 1:colcon.colcon_core.environment:create_environment_scripts_only(rviz_visual_tools)
[2.137s] Level 1:colcon.colcon_core.environment:checking '/home/azizi/kuka_ws/install/rviz_visual_tools' for CMake module files
[2.139s] DEBUG:colcon.colcon_core.event_handler.log_command:Invoked command in '/home/azizi/kuka_ws/build/rviz_visual_tools' returned '0': CMAKE_PREFIX_PATH=/opt/ros/galactic /usr/bin/cmake --install /home/azizi/kuka_ws/build/rviz_visual_tools
[2.140s] Level 1:colcon.colcon_core.environment:checking '/home/azizi/kuka_ws/install/rviz_visual_tools' for CMake config files
[2.141s] Level 1:colcon.colcon_core.shell:create_environment_hook('rviz_visual_tools', 'cmake_prefix_path')
[2.142s] INFO:colcon.colcon_core.shell:Creating environment hook '/home/azizi/kuka_ws/install/rviz_visual_tools/share/rviz_visual_tools/hook/cmake_prefix_path.ps1'
[2.144s] INFO:colcon.colcon_core.shell:Creating environment descriptor '/home/azizi/kuka_ws/install/rviz_visual_tools/share/rviz_visual_tools/hook/cmake_prefix_path.dsv'
[2.145s] INFO:colcon.colcon_core.shell:Creating environment hook '/home/azizi/kuka_ws/install/rviz_visual_tools/share/rviz_visual_tools/hook/cmake_prefix_path.sh'
[2.146s] Level 1:colcon.colcon_core.environment:checking '/home/azizi/kuka_ws/install/rviz_visual_tools/lib'
[2.147s] Level 1:colcon.colcon_core.shell:create_environment_hook('rviz_visual_tools', 'ld_library_path_lib')
[2.148s] INFO:colcon.colcon_core.shell:Creating environment hook '/home/azizi/kuka_ws/install/rviz_visual_tools/share/rviz_visual_tools/hook/ld_library_path_lib.ps1'
[2.150s] INFO:colcon.colcon_core.shell:Creating environment descriptor '/home/azizi/kuka_ws/install/rviz_visual_tools/share/rviz_visual_tools/hook/ld_library_path_lib.dsv'
[2.150s] INFO:colcon.colcon_core.shell:Creating environment hook '/home/azizi/kuka_ws/install/rviz_visual_tools/share/rviz_visual_tools/hook/ld_library_path_lib.sh'
[2.152s] Level 1:colcon.colcon_core.environment:checking '/home/azizi/kuka_ws/install/rviz_visual_tools/bin'
[2.152s] Level 1:colcon.colcon_core.environment:checking '/home/azizi/kuka_ws/install/rviz_visual_tools/lib/pkgconfig/rviz_visual_tools.pc'
[2.152s] Level 1:colcon.colcon_core.environment:checking '/home/azizi/kuka_ws/install/rviz_visual_tools/lib/python3.8/site-packages'
[2.154s] INFO:colcon.colcon_core.shell:Creating package script '/home/azizi/kuka_ws/install/rviz_visual_tools/share/rviz_visual_tools/package.ps1'
[2.156s] INFO:colcon.colcon_core.shell:Creating package descriptor '/home/azizi/kuka_ws/install/rviz_visual_tools/share/rviz_visual_tools/package.dsv'
[2.157s] INFO:colcon.colcon_core.shell:Creating package script '/home/azizi/kuka_ws/install/rviz_visual_tools/share/rviz_visual_tools/package.sh'
[2.158s] INFO:colcon.colcon_core.shell:Creating package script '/home/azizi/kuka_ws/install/rviz_visual_tools/share/rviz_visual_tools/package.bash'
[2.159s] INFO:colcon.colcon_core.shell:Creating package script '/home/azizi/kuka_ws/install/rviz_visual_tools/share/rviz_visual_tools/package.zsh'
[2.160s] Level 1:colcon.colcon_core.environment:create_file_with_runtime_dependencies(/home/azizi/kuka_ws/install/rviz_visual_tools/share/colcon-core/packages/rviz_visual_tools)
[2.355s] Level 1:colcon.colcon_core.environment:create_environment_scripts_only(rviz_visual_tools)
[2.359s] Level 1:colcon.colcon_core.environment:checking '/home/azizi/kuka_ws/install/rviz_visual_tools' for CMake module files
[2.361s] Level 1:colcon.colcon_core.environment:checking '/home/azizi/kuka_ws/install/rviz_visual_tools' for CMake config files
[2.361s] Level 1:colcon.colcon_core.shell:create_environment_hook('rviz_visual_tools', 'cmake_prefix_path')
[2.363s] INFO:colcon.colcon_core.shell:Creating environment hook '/home/azizi/kuka_ws/install/rviz_visual_tools/share/rviz_visual_tools/hook/cmake_prefix_path.ps1'
[2.364s] INFO:colcon.colcon_core.shell:Creating environment descriptor '/home/azizi/kuka_ws/install/rviz_visual_tools/share/rviz_visual_tools/hook/cmake_prefix_path.dsv'
[2.365s] INFO:colcon.colcon_core.shell:Creating environment hook '/home/azizi/kuka_ws/install/rviz_visual_tools/share/rviz_visual_tools/hook/cmake_prefix_path.sh'
[2.367s] Level 1:colcon.colcon_core.environment:checking '/home/azizi/kuka_ws/install/rviz_visual_tools/lib'
[2.367s] Level 1:colcon.colcon_core.shell:create_environment_hook('rviz_visual_tools', 'ld_library_path_lib')
[2.369s] INFO:colcon.colcon_core.shell:Creating environment hook '/home/azizi/kuka_ws/install/rviz_visual_tools/share/rviz_visual_tools/hook/ld_library_path_lib.ps1'
[2.370s] INFO:colcon.colcon_core.shell:Creating environment descriptor '/home/azizi/kuka_ws/install/rviz_visual_tools/share/rviz_visual_tools/hook/ld_library_path_lib.dsv'
[2.371s] INFO:colcon.colcon_core.shell:Creating environment hook '/home/azizi/kuka_ws/install/rviz_visual_tools/share/rviz_visual_tools/hook/ld_library_path_lib.sh'
[2.373s] Level 1:colcon.colcon_core.environment:checking '/home/azizi/kuka_ws/install/rviz_visual_tools/bin'
[2.373s] Level 1:colcon.colcon_core.environment:checking '/home/azizi/kuka_ws/install/rviz_visual_tools/lib/pkgconfig/rviz_visual_tools.pc'
[2.374s] Level 1:colcon.colcon_core.environment:checking '/home/azizi/kuka_ws/install/rviz_visual_tools/lib/python3.8/site-packages'
[2.376s] INFO:colcon.colcon_core.shell:Creating package script '/home/azizi/kuka_ws/install/rviz_visual_tools/share/rviz_visual_tools/package.ps1'
[2.377s] INFO:colcon.colcon_core.shell:Creating package descriptor '/home/azizi/kuka_ws/install/rviz_visual_tools/share/rviz_visual_tools/package.dsv'
[2.379s] INFO:colcon.colcon_core.shell:Creating package script '/home/azizi/kuka_ws/install/rviz_visual_tools/share/rviz_visual_tools/package.sh'
[2.381s] INFO:colcon.colcon_core.shell:Creating package script '/home/azizi/kuka_ws/install/rviz_visual_tools/share/rviz_visual_tools/package.bash'
[2.382s] INFO:colcon.colcon_core.shell:Creating package script '/home/azizi/kuka_ws/install/rviz_visual_tools/share/rviz_visual_tools/package.zsh'
[2.383s] Level 1:colcon.colcon_core.environment:create_file_with_runtime_dependencies(/home/azizi/kuka_ws/install/rviz_visual_tools/share/colcon-core/packages/rviz_visual_tools)
[2.384s] INFO:colcon.colcon_ros.task.ament_cmake.build:Building ROS package in '/home/azizi/kuka_ws/src/kr16_grasping' with build type 'ament_cmake'
[2.385s] INFO:colcon.colcon_cmake.task.cmake.build:Building CMake package in '/home/azizi/kuka_ws/src/kr16_grasping'
[2.387s] INFO:colcon.colcon_core.shell:Skip shell extension 'powershell' for command environment: Not usable outside of PowerShell
[2.387s] DEBUG:colcon.colcon_core.shell:Skip shell extension 'dsv' for command environment
[2.436s] DEBUG:colcon.colcon_core.event_handler.log_command:Invoking command in '/home/azizi/kuka_ws/build/kr16_grasping': AMENT_PREFIX_PATH=/home/azizi/kuka_ws/install/rviz_visual_tools:${AMENT_PREFIX_PATH} CMAKE_PREFIX_PATH=/home/azizi/kuka_ws/install/rviz_visual_tools:/opt/ros/galactic LD_LIBRARY_PATH=/home/azizi/kuka_ws/install/rviz_visual_tools/lib:${LD_LIBRARY_PATH} /usr/bin/cmake --build /home/azizi/kuka_ws/build/kr16_grasping -- -j4 -l4
[2.738s] DEBUG:colcon.colcon_core.event_handler.log_command:Invoked command in '/home/azizi/kuka_ws/build/kr16_grasping' returned '0': AMENT_PREFIX_PATH=/home/azizi/kuka_ws/install/rviz_visual_tools:${AMENT_PREFIX_PATH} CMAKE_PREFIX_PATH=/home/azizi/kuka_ws/install/rviz_visual_tools:/opt/ros/galactic LD_LIBRARY_PATH=/home/azizi/kuka_ws/install/rviz_visual_tools/lib:${LD_LIBRARY_PATH} /usr/bin/cmake --build /home/azizi/kuka_ws/build/kr16_grasping -- -j4 -l4
[2.824s] DEBUG:colcon.colcon_core.event_handler.log_command:Invoking command in '/home/azizi/kuka_ws/build/kr16_grasping': AMENT_PREFIX_PATH=/home/azizi/kuka_ws/install/rviz_visual_tools:${AMENT_PREFIX_PATH} CMAKE_PREFIX_PATH=/home/azizi/kuka_ws/install/rviz_visual_tools:/opt/ros/galactic LD_LIBRARY_PATH=/home/azizi/kuka_ws/install/rviz_visual_tools/lib:${LD_LIBRARY_PATH} /usr/bin/cmake --install /home/azizi/kuka_ws/build/kr16_grasping
[2.860s] Level 1:colcon.colcon_core.environment:create_environment_scripts_only(kr16_grasping)
[2.861s] DEBUG:colcon.colcon_core.event_handler.log_command:Invoked command in '/home/azizi/kuka_ws/build/kr16_grasping' returned '0': AMENT_PREFIX_PATH=/home/azizi/kuka_ws/install/rviz_visual_tools:${AMENT_PREFIX_PATH} CMAKE_PREFIX_PATH=/home/azizi/kuka_ws/install/rviz_visual_tools:/opt/ros/galactic LD_LIBRARY_PATH=/home/azizi/kuka_ws/install/rviz_visual_tools/lib:${LD_LIBRARY_PATH} /usr/bin/cmake --install /home/azizi/kuka_ws/build/kr16_grasping
[2.865s] Level 1:colcon.colcon_core.environment:checking '/home/azizi/kuka_ws/install/kr16_grasping' for CMake module files
[2.866s] Level 1:colcon.colcon_core.environment:checking '/home/azizi/kuka_ws/install/kr16_grasping' for CMake config files
[2.867s] Level 1:colcon.colcon_core.shell:create_environment_hook('kr16_grasping', 'cmake_prefix_path')
[2.869s] INFO:colcon.colcon_core.shell:Creating environment hook '/home/azizi/kuka_ws/install/kr16_grasping/share/kr16_grasping/hook/cmake_prefix_path.ps1'
[2.870s] INFO:colcon.colcon_core.shell:Creating environment descriptor '/home/azizi/kuka_ws/install/kr16_grasping/share/kr16_grasping/hook/cmake_prefix_path.dsv'
[2.871s] INFO:colcon.colcon_core.shell:Creating environment hook '/home/azizi/kuka_ws/install/kr16_grasping/share/kr16_grasping/hook/cmake_prefix_path.sh'
[2.873s] Level 1:colcon.colcon_core.environment:checking '/home/azizi/kuka_ws/install/kr16_grasping/lib'
[2.873s] Level 1:colcon.colcon_core.environment:checking '/home/azizi/kuka_ws/install/kr16_grasping/bin'
[2.874s] Level 1:colcon.colcon_core.environment:checking '/home/azizi/kuka_ws/install/kr16_grasping/lib/pkgconfig/kr16_grasping.pc'
[2.874s] Level 1:colcon.colcon_core.environment:checking '/home/azizi/kuka_ws/install/kr16_grasping/lib/python3.8/site-packages'
[2.876s] INFO:colcon.colcon_core.shell:Creating package script '/home/azizi/kuka_ws/install/kr16_grasping/share/kr16_grasping/package.ps1'
[2.877s] INFO:colcon.colcon_core.shell:Creating package descriptor '/home/azizi/kuka_ws/install/kr16_grasping/share/kr16_grasping/package.dsv'
[2.878s] INFO:colcon.colcon_core.shell:Creating package script '/home/azizi/kuka_ws/install/kr16_grasping/share/kr16_grasping/package.sh'
[2.879s] INFO:colcon.colcon_core.shell:Creating package script '/home/azizi/kuka_ws/install/kr16_grasping/share/kr16_grasping/package.bash'
[2.881s] INFO:colcon.colcon_core.shell:Creating package script '/home/azizi/kuka_ws/install/kr16_grasping/share/kr16_grasping/package.zsh'
[2.882s] Level 1:colcon.colcon_core.environment:create_file_with_runtime_dependencies(/home/azizi/kuka_ws/install/kr16_grasping/share/colcon-core/packages/kr16_grasping)
[2.956s] Level 1:colcon.colcon_core.environment:create_environment_scripts_only(kr16_grasping)
[2.959s] Level 1:colcon.colcon_core.environment:checking '/home/azizi/kuka_ws/install/kr16_grasping' for CMake module files
[2.960s] Level 1:colcon.colcon_core.environment:checking '/home/azizi/kuka_ws/install/kr16_grasping' for CMake config files
[2.961s] Level 1:colcon.colcon_core.shell:create_environment_hook('kr16_grasping', 'cmake_prefix_path')
[2.963s] INFO:colcon.colcon_core.shell:Creating environment hook '/home/azizi/kuka_ws/install/kr16_grasping/share/kr16_grasping/hook/cmake_prefix_path.ps1'
[2.964s] INFO:colcon.colcon_core.shell:Creating environment descriptor '/home/azizi/kuka_ws/install/kr16_grasping/share/kr16_grasping/hook/cmake_prefix_path.dsv'
[2.965s] INFO:colcon.colcon_core.shell:Creating environment hook '/home/azizi/kuka_ws/install/kr16_grasping/share/kr16_grasping/hook/cmake_prefix_path.sh'
[2.967s] Level 1:colcon.colcon_core.environment:checking '/home/azizi/kuka_ws/install/kr16_grasping/lib'
[2.967s] Level 1:colcon.colcon_core.environment:checking '/home/azizi/kuka_ws/install/kr16_grasping/bin'
[2.967s] Level 1:colcon.colcon_core.environment:checking '/home/azizi/kuka_ws/install/kr16_grasping/lib/pkgconfig/kr16_grasping.pc'
[2.968s] Level 1:colcon.colcon_core.environment:checking '/home/azizi/kuka_ws/install/kr16_grasping/lib/python3.8/site-packages'
[2.970s] INFO:colcon.colcon_core.shell:Creating package script '/home/azizi/kuka_ws/install/kr16_grasping/share/kr16_grasping/package.ps1'
[2.971s] INFO:colcon.colcon_core.shell:Creating package descriptor '/home/azizi/kuka_ws/install/kr16_grasping/share/kr16_grasping/package.dsv'
[2.973s] INFO:colcon.colcon_core.shell:Creating package script '/home/azizi/kuka_ws/install/kr16_grasping/share/kr16_grasping/package.sh'
[2.974s] INFO:colcon.colcon_core.shell:Creating package script '/home/azizi/kuka_ws/install/kr16_grasping/share/kr16_grasping/package.bash'
[2.975s] INFO:colcon.colcon_core.shell:Creating package script '/home/azizi/kuka_ws/install/kr16_grasping/share/kr16_grasping/package.zsh'
[2.977s] Level 1:colcon.colcon_core.environment:create_file_with_runtime_dependencies(/home/azizi/kuka_ws/install/kr16_grasping/share/colcon-core/packages/kr16_grasping)
[2.978s] DEBUG:colcon.colcon_parallel_executor.executor.parallel:closing loop
[2.979s] DEBUG:colcon.colcon_parallel_executor.executor.parallel:loop closed
[2.979s] DEBUG:colcon.colcon_parallel_executor.executor.parallel:run_until_complete finished with '0'
[2.980s] DEBUG:colcon.colcon_core.event_reactor:joining thread
[2.999s] INFO:colcon.colcon_core.plugin_system:Skipping extension 'colcon_notification.desktop_notification.terminal_notifier': Not used on non-Darwin systems
[2.999s] INFO:colcon.colcon_core.plugin_system:Skipping extension 'colcon_notification.desktop_notification.win32': Not used on non-Windows systems
[2.999s] INFO:colcon.colcon_notification.desktop_notification:Sending desktop notification using 'notify2'
[3.040s] DEBUG:colcon.colcon_core.event_reactor:joined thread
[3.042s] INFO:colcon.colcon_core.shell:Creating prefix script '/home/azizi/kuka_ws/install/local_setup.ps1'
[3.045s] INFO:colcon.colcon_core.shell:Creating prefix util module '/home/azizi/kuka_ws/install/_local_setup_util_ps1.py'
[3.049s] INFO:colcon.colcon_core.shell:Creating prefix chain script '/home/azizi/kuka_ws/install/setup.ps1'
[3.057s] INFO:colcon.colcon_core.shell:Creating prefix script '/home/azizi/kuka_ws/install/local_setup.sh'
[3.059s] INFO:colcon.colcon_core.shell:Creating prefix util module '/home/azizi/kuka_ws/install/_local_setup_util_sh.py'
[3.060s] INFO:colcon.colcon_core.shell:Creating prefix chain script '/home/azizi/kuka_ws/install/setup.sh'
[3.063s] INFO:colcon.colcon_core.shell:Creating prefix script '/home/azizi/kuka_ws/install/local_setup.bash'
[3.065s] INFO:colcon.colcon_core.shell:Creating prefix chain script '/home/azizi/kuka_ws/install/setup.bash'
[3.068s] INFO:colcon.colcon_core.shell:Creating prefix script '/home/azizi/kuka_ws/install/local_setup.zsh'
[3.070s] INFO:colcon.colcon_core.shell:Creating prefix chain script '/home/azizi/kuka_ws/install/setup.zsh'
