[0.048s] Invoking command in '/home/azizi/kuka_ws/build/get_pose_client': CMAKE_PREFIX_PATH=/opt/ros/galactic /usr/bin/cmake /home/azizi/kuka_ws/src/get_pose_client -DCMAKE_BUILD_TYPE=Release -DCMAKE_INSTALL_PREFIX=/home/azizi/kuka_ws/install/get_pose_client
[0.616s] -- The C compiler identification is GNU 9.4.0
[0.961s] -- The CXX compiler identification is GNU 9.4.0
[0.983s] -- Check for working C compiler: /usr/bin/cc
[1.278s] -- Check for working C compiler: /usr/bin/cc -- works
[1.279s] -- Detecting C compiler ABI info
[1.463s] -- Detecting C compiler ABI info - done
[1.506s] -- Detecting C compile features
[1.507s] -- Detecting C compile features - done
[1.522s] -- Check for working CXX compiler: /usr/bin/c++
[1.962s] -- Check for working CXX compiler: /usr/bin/c++ -- works
[1.986s] -- Detecting CXX compiler ABI info
[2.348s] -- Detecting CXX compiler ABI info - done
[2.411s] -- Detecting CXX compile features
[2.413s] -- Detecting CXX compile features - done
[2.420s] -- Found ament_cmake: 1.1.5 (/opt/ros/galactic/share/ament_cmake/cmake)
[2.511s] -- Found PythonInterp: /usr/bin/python3 (found suitable version "3.8.10", minimum required is "3") 
[2.512s] -- Using PYTHON_EXECUTABLE: /usr/bin/python3
[2.887s] -- Found ament_lint_auto: 0.10.6 (/opt/ros/galactic/share/ament_lint_auto/cmake)
[3.181s] -- Added test 'copyright' to check source files copyright and LICENSE
[3.204s] -- Added test 'flake8' to check Python code syntax and style conventions
[3.219s] -- Added test 'lint_cmake' to check CMake code style
[3.219s] -- Added test 'pep257' to check Python code against some of the style conventions in PEP 257
[3.236s] -- Added test 'xmllint' to check XML markup files
[3.240s] -- Configuring done
[3.248s] -- Generating done
[3.253s] -- Build files have been written to: /home/azizi/kuka_ws/build/get_pose_client
[3.274s] Invoked command in '/home/azizi/kuka_ws/build/get_pose_client' returned '0': CMAKE_PREFIX_PATH=/opt/ros/galactic /usr/bin/cmake /home/azizi/kuka_ws/src/get_pose_client -DCMAKE_BUILD_TYPE=Release -DCMAKE_INSTALL_PREFIX=/home/azizi/kuka_ws/install/get_pose_client
[3.277s] Invoking command in '/home/azizi/kuka_ws/build/get_pose_client': CMAKE_PREFIX_PATH=/opt/ros/galactic /usr/bin/cmake --build /home/azizi/kuka_ws/build/get_pose_client -- -j4 -l4
[3.507s] Invoked command in '/home/azizi/kuka_ws/build/get_pose_client' returned '0': CMAKE_PREFIX_PATH=/opt/ros/galactic /usr/bin/cmake --build /home/azizi/kuka_ws/build/get_pose_client -- -j4 -l4
[3.662s] Invoking command in '/home/azizi/kuka_ws/build/get_pose_client': CMAKE_PREFIX_PATH=/opt/ros/galactic /usr/bin/cmake --install /home/azizi/kuka_ws/build/get_pose_client
[3.686s] -- Install configuration: "Release"
[3.686s] -- Installing: /home/azizi/kuka_ws/install/get_pose_client/share/ament_index/resource_index/package_run_dependencies/get_pose_client
[3.687s] -- Installing: /home/azizi/kuka_ws/install/get_pose_client/share/ament_index/resource_index/parent_prefix_path/get_pose_client
[3.687s] -- Installing: /home/azizi/kuka_ws/install/get_pose_client/share/get_pose_client/environment/ament_prefix_path.sh
[3.687s] -- Installing: /home/azizi/kuka_ws/install/get_pose_client/share/get_pose_client/environment/ament_prefix_path.dsv
[3.687s] -- Installing: /home/azizi/kuka_ws/install/get_pose_client/share/get_pose_client/environment/path.sh
[3.688s] -- Installing: /home/azizi/kuka_ws/install/get_pose_client/share/get_pose_client/environment/path.dsv
[3.688s] -- Installing: /home/azizi/kuka_ws/install/get_pose_client/share/get_pose_client/local_setup.bash
[3.688s] -- Installing: /home/azizi/kuka_ws/install/get_pose_client/share/get_pose_client/local_setup.sh
[3.689s] -- Installing: /home/azizi/kuka_ws/install/get_pose_client/share/get_pose_client/local_setup.zsh
[3.689s] -- Installing: /home/azizi/kuka_ws/install/get_pose_client/share/get_pose_client/local_setup.dsv
[3.689s] -- Installing: /home/azizi/kuka_ws/install/get_pose_client/share/get_pose_client/package.dsv
[3.690s] -- Installing: /home/azizi/kuka_ws/install/get_pose_client/share/ament_index/resource_index/packages/get_pose_client
[3.690s] -- Installing: /home/azizi/kuka_ws/install/get_pose_client/share/get_pose_client/cmake/get_pose_clientConfig.cmake
[3.690s] -- Installing: /home/azizi/kuka_ws/install/get_pose_client/share/get_pose_client/cmake/get_pose_clientConfig-version.cmake
[3.690s] -- Installing: /home/azizi/kuka_ws/install/get_pose_client/share/get_pose_client/package.xml
[3.752s] Invoked command in '/home/azizi/kuka_ws/build/get_pose_client' returned '0': CMAKE_PREFIX_PATH=/opt/ros/galactic /usr/bin/cmake --install /home/azizi/kuka_ws/build/get_pose_client
