[0.055s] Invoking command in '/home/azizi/kuka_ws/build/rviz_visual_tools': CMAKE_PREFIX_PATH=/opt/ros/galactic /usr/bin/cmake --build /home/azizi/kuka_ws/build/rviz_visual_tools -- -j4 -l4
[0.231s] [  2%] [34m[1mAutomatic MOC for target rviz_visual_tools_gui[0m
[0.232s] [  5%] [34m[1mAutomatic MOC for target rviz_visual_tools_remote_control[0m
[0.249s] [  7%] [34m[1mAutomatic MOC for target gtest[0m
[0.274s] [ 10%] [34m[1mAutomatic MOC for target gtest_main[0m
[0.283s] [ 10%] Built target rviz_visual_tools_gui_autogen
[0.299s] [ 10%] Built target rviz_visual_tools_remote_control_autogen
[0.336s] [ 10%] Built target gtest_autogen
[0.356s] [ 10%] Built target gtest_main_autogen
[0.394s] [ 17%] Built target rviz_visual_tools_remote_control
[0.418s] [ 25%] Built target gtest
[0.460s] [ 38%] Built target rviz_visual_tools_gui
[0.478s] [ 46%] Built target gtest_main
[0.499s] [ 48%] [34m[1mAutomatic MOC for target rviz_visual_tools[0m
[0.548s] [ 48%] Built target rviz_visual_tools_autogen
[0.687s] [ 58%] Built target rviz_visual_tools
[0.771s] [ 61%] [34m[1mAutomatic MOC for target rviz_visual_tools_rvt_test[0m
[0.773s] [ 64%] [34m[1mAutomatic MOC for target rviz_visual_tools_demo[0m
[0.778s] [ 66%] [34m[1mAutomatic MOC for target rviz_visual_tools_imarker_simple[0m
[0.830s] [ 66%] Built target rviz_visual_tools_rvt_test_autogen
[0.860s] [ 66%] Built target rviz_visual_tools_demo_autogen
[0.862s] [ 66%] Built target rviz_visual_tools_imarker_simple_autogen
[0.957s] [ 74%] Built target rviz_visual_tools_rvt_test
[0.985s] [ 82%] Built target rviz_visual_tools_demo
[0.998s] [ 89%] Built target rviz_visual_tools_imarker_simple
[1.052s] [ 92%] [34m[1mAutomatic MOC for target rviz_visual_tools_imarker_simple_demo[0m
[1.092s] [ 92%] Built target rviz_visual_tools_imarker_simple_demo_autogen
[1.185s] [100%] Built target rviz_visual_tools_imarker_simple_demo
[1.215s] Invoked command in '/home/azizi/kuka_ws/build/rviz_visual_tools' returned '0': CMAKE_PREFIX_PATH=/opt/ros/galactic /usr/bin/cmake --build /home/azizi/kuka_ws/build/rviz_visual_tools -- -j4 -l4
[1.334s] Invoking command in '/home/azizi/kuka_ws/build/rviz_visual_tools': CMAKE_PREFIX_PATH=/opt/ros/galactic /usr/bin/cmake --install /home/azizi/kuka_ws/build/rviz_visual_tools
[1.353s] -- Install configuration: "Release"
[1.353s] -- Up-to-date: /home/azizi/kuka_ws/install/rviz_visual_tools/share/rviz_visual_tools/plugin_description.xml
[1.354s] -- Up-to-date: /home/azizi/kuka_ws/install/rviz_visual_tools/lib/librviz_visual_tools.so
[1.354s] -- Up-to-date: /home/azizi/kuka_ws/install/rviz_visual_tools/lib/librviz_visual_tools_remote_control.so
[1.356s] -- Up-to-date: /home/azizi/kuka_ws/install/rviz_visual_tools/lib/librviz_visual_tools_gui.so
[1.357s] -- Up-to-date: /home/azizi/kuka_ws/install/rviz_visual_tools/lib/librviz_visual_tools_imarker_simple.so
[1.358s] -- Up-to-date: /home/azizi/kuka_ws/install/rviz_visual_tools/lib/rviz_visual_tools/rviz_visual_tools_demo
[1.359s] -- Up-to-date: /home/azizi/kuka_ws/install/rviz_visual_tools/lib/rviz_visual_tools/rviz_visual_tools_imarker_simple_demo
[1.360s] -- Up-to-date: /home/azizi/kuka_ws/install/rviz_visual_tools/include
[1.360s] -- Up-to-date: /home/azizi/kuka_ws/install/rviz_visual_tools/include/rviz_visual_tools
[1.360s] -- Up-to-date: /home/azizi/kuka_ws/install/rviz_visual_tools/include/rviz_visual_tools/key_tool.hpp
[1.361s] -- Up-to-date: /home/azizi/kuka_ws/install/rviz_visual_tools/include/rviz_visual_tools/imarker_simple.hpp
[1.361s] -- Up-to-date: /home/azizi/kuka_ws/install/rviz_visual_tools/include/rviz_visual_tools/rviz_visual_tools_gui.hpp
[1.361s] -- Up-to-date: /home/azizi/kuka_ws/install/rviz_visual_tools/include/rviz_visual_tools/rviz_visual_tools.hpp
[1.362s] -- Up-to-date: /home/azizi/kuka_ws/install/rviz_visual_tools/include/rviz_visual_tools/tf_visual_tools.hpp
[1.362s] -- Up-to-date: /home/azizi/kuka_ws/install/rviz_visual_tools/include/rviz_visual_tools/remote_reciever.hpp
[1.362s] -- Up-to-date: /home/azizi/kuka_ws/install/rviz_visual_tools/include/rviz_visual_tools/remote_control.hpp
[1.363s] -- Up-to-date: /home/azizi/kuka_ws/install/rviz_visual_tools/share/rviz_visual_tools/launch
[1.363s] -- Up-to-date: /home/azizi/kuka_ws/install/rviz_visual_tools/share/rviz_visual_tools/launch/demo_rviz.launch.py
[1.363s] -- Up-to-date: /home/azizi/kuka_ws/install/rviz_visual_tools/share/rviz_visual_tools/launch/demo.rviz
[1.364s] -- Up-to-date: /home/azizi/kuka_ws/install/rviz_visual_tools/share/rviz_visual_tools/launch/demo_combined.launch.py
[1.364s] -- Up-to-date: /home/azizi/kuka_ws/install/rviz_visual_tools/share/rviz_visual_tools/launch/rvt_test.launch
[1.364s] -- Up-to-date: /home/azizi/kuka_ws/install/rviz_visual_tools/share/rviz_visual_tools/environment/library_path.sh
[1.364s] -- Up-to-date: /home/azizi/kuka_ws/install/rviz_visual_tools/share/rviz_visual_tools/environment/library_path.dsv
[1.365s] -- Up-to-date: /home/azizi/kuka_ws/install/rviz_visual_tools/share/ament_index/resource_index/package_run_dependencies/rviz_visual_tools
[1.365s] -- Up-to-date: /home/azizi/kuka_ws/install/rviz_visual_tools/share/ament_index/resource_index/parent_prefix_path/rviz_visual_tools
[1.365s] -- Up-to-date: /home/azizi/kuka_ws/install/rviz_visual_tools/share/rviz_visual_tools/environment/ament_prefix_path.sh
[1.365s] -- Up-to-date: /home/azizi/kuka_ws/install/rviz_visual_tools/share/rviz_visual_tools/environment/ament_prefix_path.dsv
[1.365s] -- Up-to-date: /home/azizi/kuka_ws/install/rviz_visual_tools/share/rviz_visual_tools/environment/path.sh
[1.366s] -- Up-to-date: /home/azizi/kuka_ws/install/rviz_visual_tools/share/rviz_visual_tools/environment/path.dsv
[1.366s] -- Up-to-date: /home/azizi/kuka_ws/install/rviz_visual_tools/share/rviz_visual_tools/local_setup.bash
[1.366s] -- Up-to-date: /home/azizi/kuka_ws/install/rviz_visual_tools/share/rviz_visual_tools/local_setup.sh
[1.366s] -- Up-to-date: /home/azizi/kuka_ws/install/rviz_visual_tools/share/rviz_visual_tools/local_setup.zsh
[1.366s] -- Up-to-date: /home/azizi/kuka_ws/install/rviz_visual_tools/share/rviz_visual_tools/local_setup.dsv
[1.367s] -- Installing: /home/azizi/kuka_ws/install/rviz_visual_tools/share/rviz_visual_tools/package.dsv
[1.367s] -- Up-to-date: /home/azizi/kuka_ws/install/rviz_visual_tools/share/ament_index/resource_index/packages/rviz_visual_tools
[1.367s] -- Up-to-date: /home/azizi/kuka_ws/install/rviz_visual_tools/share/ament_index/resource_index/rviz_common__pluginlib__plugin/rviz_visual_tools
[1.368s] -- Up-to-date: /home/azizi/kuka_ws/install/rviz_visual_tools/share/rviz_visual_tools/cmake/export_rviz_visual_toolsExport.cmake
[1.371s] -- Up-to-date: /home/azizi/kuka_ws/install/rviz_visual_tools/share/rviz_visual_tools/cmake/export_rviz_visual_toolsExport-release.cmake
[1.371s] -- Up-to-date: /home/azizi/kuka_ws/install/rviz_visual_tools/share/rviz_visual_tools/cmake/ament_cmake_export_targets-extras.cmake
[1.372s] -- Up-to-date: /home/azizi/kuka_ws/install/rviz_visual_tools/share/rviz_visual_tools/cmake/ament_cmake_export_dependencies-extras.cmake
[1.372s] -- Up-to-date: /home/azizi/kuka_ws/install/rviz_visual_tools/share/rviz_visual_tools/cmake/ament_cmake_export_include_directories-extras.cmake
[1.373s] -- Up-to-date: /home/azizi/kuka_ws/install/rviz_visual_tools/share/rviz_visual_tools/cmake/ament_cmake_export_libraries-extras.cmake
[1.373s] -- Up-to-date: /home/azizi/kuka_ws/install/rviz_visual_tools/share/rviz_visual_tools/cmake/rviz_visual_toolsConfig.cmake
[1.374s] -- Up-to-date: /home/azizi/kuka_ws/install/rviz_visual_tools/share/rviz_visual_tools/cmake/rviz_visual_toolsConfig-version.cmake
[1.374s] -- Up-to-date: /home/azizi/kuka_ws/install/rviz_visual_tools/share/rviz_visual_tools/package.xml
[1.375s] Invoked command in '/home/azizi/kuka_ws/build/rviz_visual_tools' returned '0': CMAKE_PREFIX_PATH=/opt/ros/galactic /usr/bin/cmake --install /home/azizi/kuka_ws/build/rviz_visual_tools
