[0.090s] Invoking command in '/home/azizi/kuka_ws/build/kr16_description': CMAKE_PREFIX_PATH=/opt/ros/galactic /usr/bin/cmake --build /home/azizi/kuka_ws/build/kr16_description -- -j4 -l4
[0.221s] Invoked command in '/home/azizi/kuka_ws/build/kr16_description' returned '0': CMAKE_PREFIX_PATH=/opt/ros/galactic /usr/bin/cmake --build /home/azizi/kuka_ws/build/kr16_description -- -j4 -l4
[0.365s] Invoking command in '/home/azizi/kuka_ws/build/kr16_description': CMAKE_PREFIX_PATH=/opt/ros/galactic /usr/bin/cmake --install /home/azizi/kuka_ws/build/kr16_description
[0.406s] -- Install configuration: "Release"
[0.407s] -- Up-to-date: /home/azizi/kuka_ws/install/kr16_description/share/ament_index/resource_index/package_run_dependencies/kr16_description
[0.407s] -- Up-to-date: /home/azizi/kuka_ws/install/kr16_description/share/ament_index/resource_index/parent_prefix_path/kr16_description
[0.409s] -- Up-to-date: /home/azizi/kuka_ws/install/kr16_description/share/kr16_description/environment/ament_prefix_path.sh
[0.410s] -- Up-to-date: /home/azizi/kuka_ws/install/kr16_description/share/kr16_description/environment/ament_prefix_path.dsv
[0.410s] -- Up-to-date: /home/azizi/kuka_ws/install/kr16_description/share/kr16_description/environment/path.sh
[0.411s] -- Up-to-date: /home/azizi/kuka_ws/install/kr16_description/share/kr16_description/environment/path.dsv
[0.411s] -- Up-to-date: /home/azizi/kuka_ws/install/kr16_description/share/kr16_description/local_setup.bash
[0.412s] -- Up-to-date: /home/azizi/kuka_ws/install/kr16_description/share/kr16_description/local_setup.sh
[0.412s] -- Up-to-date: /home/azizi/kuka_ws/install/kr16_description/share/kr16_description/local_setup.zsh
[0.413s] -- Up-to-date: /home/azizi/kuka_ws/install/kr16_description/share/kr16_description/local_setup.dsv
[0.413s] -- Up-to-date: /home/azizi/kuka_ws/install/kr16_description/share/kr16_description/package.dsv
[0.414s] -- Up-to-date: /home/azizi/kuka_ws/install/kr16_description/share/ament_index/resource_index/packages/kr16_description
[0.415s] -- Up-to-date: /home/azizi/kuka_ws/install/kr16_description/share/kr16_description/cmake/kr16_descriptionConfig.cmake
[0.415s] -- Up-to-date: /home/azizi/kuka_ws/install/kr16_description/share/kr16_description/cmake/kr16_descriptionConfig-version.cmake
[0.416s] -- Up-to-date: /home/azizi/kuka_ws/install/kr16_description/share/kr16_description/package.xml
[0.422s] -- Up-to-date: /home/azizi/kuka_ws/install/kr16_description/share/kr16_description/meshes
[0.423s] -- Up-to-date: /home/azizi/kuka_ws/install/kr16_description/share/kr16_description/meshes/collision
[0.424s] -- Up-to-date: /home/azizi/kuka_ws/install/kr16_description/share/kr16_description/meshes/collision/link_4.stl
[0.425s] -- Up-to-date: /home/azizi/kuka_ws/install/kr16_description/share/kr16_description/meshes/collision/base_link.stl
[0.426s] -- Up-to-date: /home/azizi/kuka_ws/install/kr16_description/share/kr16_description/meshes/collision/link_6.stl
[0.429s] -- Up-to-date: /home/azizi/kuka_ws/install/kr16_description/share/kr16_description/meshes/collision/link_5.stl
[0.432s] -- Up-to-date: /home/azizi/kuka_ws/install/kr16_description/share/kr16_description/meshes/collision/gripper.stl
[0.433s] -- Up-to-date: /home/azizi/kuka_ws/install/kr16_description/share/kr16_description/meshes/collision/link_3.stl
[0.434s] -- Up-to-date: /home/azizi/kuka_ws/install/kr16_description/share/kr16_description/meshes/collision/link_1.stl
[0.435s] -- Up-to-date: /home/azizi/kuka_ws/install/kr16_description/share/kr16_description/meshes/collision/link_2.stl
[0.437s] -- Up-to-date: /home/azizi/kuka_ws/install/kr16_description/share/kr16_description/meshes/visual
[0.438s] -- Up-to-date: /home/azizi/kuka_ws/install/kr16_description/share/kr16_description/meshes/visual/link_3.dae
[0.441s] -- Up-to-date: /home/azizi/kuka_ws/install/kr16_description/share/kr16_description/meshes/visual/base_link.dae
[0.442s] -- Up-to-date: /home/azizi/kuka_ws/install/kr16_description/share/kr16_description/meshes/visual/link_2.dae
[0.442s] -- Up-to-date: /home/azizi/kuka_ws/install/kr16_description/share/kr16_description/meshes/visual/link_4.dae
[0.442s] -- Up-to-date: /home/azizi/kuka_ws/install/kr16_description/share/kr16_description/meshes/visual/link_6.dae
[0.443s] -- Up-to-date: /home/azizi/kuka_ws/install/kr16_description/share/kr16_description/meshes/visual/link_5.dae
[0.444s] -- Up-to-date: /home/azizi/kuka_ws/install/kr16_description/share/kr16_description/meshes/visual/link_1.dae
[0.444s] -- Up-to-date: /home/azizi/kuka_ws/install/kr16_description/share/kr16_description/urdf
[0.444s] -- Up-to-date: /home/azizi/kuka_ws/install/kr16_description/share/kr16_description/urdf/initial_positions.yaml
[0.445s] -- Up-to-date: /home/azizi/kuka_ws/install/kr16_description/share/kr16_description/urdf/kr16.urdf.xacro
[0.445s] -- Up-to-date: /home/azizi/kuka_ws/install/kr16_description/share/kr16_description/urdf/kr16_2_macro.xacro
[0.446s] -- Up-to-date: /home/azizi/kuka_ws/install/kr16_description/share/kr16_description/urdf/kr16.ros2_control.xacro
[0.447s] -- Up-to-date: /home/azizi/kuka_ws/install/kr16_description/share/kr16_description/urdf/kr16.urdf
[0.450s] Invoked command in '/home/azizi/kuka_ws/build/kr16_description' returned '0': CMAKE_PREFIX_PATH=/opt/ros/galactic /usr/bin/cmake --install /home/azizi/kuka_ws/build/kr16_description
