[0.071s] Invoking command in '/home/azizi/kuka_ws/build/kr16_description': CMAKE_PREFIX_PATH=/opt/ros/galactic /usr/bin/cmake --build /home/azizi/kuka_ws/build/kr16_description -- -j4 -l4
[0.202s] Invoked command in '/home/azizi/kuka_ws/build/kr16_description' returned '0': CMAKE_PREFIX_PATH=/opt/ros/galactic /usr/bin/cmake --build /home/azizi/kuka_ws/build/kr16_description -- -j4 -l4
[0.321s] Invoking command in '/home/azizi/kuka_ws/build/kr16_description': CMAKE_PREFIX_PATH=/opt/ros/galactic /usr/bin/cmake --install /home/azizi/kuka_ws/build/kr16_description
[0.349s] -- Install configuration: "Release"
[0.350s] -- Up-to-date: /home/azizi/kuka_ws/install/kr16_description/share/ament_index/resource_index/package_run_dependencies/kr16_description
[0.351s] -- Up-to-date: /home/azizi/kuka_ws/install/kr16_description/share/ament_index/resource_index/parent_prefix_path/kr16_description
[0.352s] -- Up-to-date: /home/azizi/kuka_ws/install/kr16_description/share/kr16_description/environment/ament_prefix_path.sh
[0.353s] -- Up-to-date: /home/azizi/kuka_ws/install/kr16_description/share/kr16_description/environment/ament_prefix_path.dsv
[0.353s] -- Up-to-date: /home/azizi/kuka_ws/install/kr16_description/share/kr16_description/environment/path.sh
[0.354s] -- Up-to-date: /home/azizi/kuka_ws/install/kr16_description/share/kr16_description/environment/path.dsv
[0.354s] -- Up-to-date: /home/azizi/kuka_ws/install/kr16_description/share/kr16_description/local_setup.bash
[0.362s] -- Up-to-date: /home/azizi/kuka_ws/install/kr16_description/share/kr16_description/local_setup.sh
[0.363s] -- Up-to-date: /home/azizi/kuka_ws/install/kr16_description/share/kr16_description/local_setup.zsh
[0.372s] -- Up-to-date: /home/azizi/kuka_ws/install/kr16_description/share/kr16_description/local_setup.dsv
[0.372s] -- Installing: /home/azizi/kuka_ws/install/kr16_description/share/kr16_description/package.dsv
[0.373s] -- Up-to-date: /home/azizi/kuka_ws/install/kr16_description/share/ament_index/resource_index/packages/kr16_description
[0.373s] -- Up-to-date: /home/azizi/kuka_ws/install/kr16_description/share/kr16_description/cmake/kr16_descriptionConfig.cmake
[0.374s] -- Up-to-date: /home/azizi/kuka_ws/install/kr16_description/share/kr16_description/cmake/kr16_descriptionConfig-version.cmake
[0.374s] -- Up-to-date: /home/azizi/kuka_ws/install/kr16_description/share/kr16_description/package.xml
[0.375s] -- Up-to-date: /home/azizi/kuka_ws/install/kr16_description/share/kr16_description/meshes
[0.375s] -- Up-to-date: /home/azizi/kuka_ws/install/kr16_description/share/kr16_description/meshes/collision
[0.376s] -- Up-to-date: /home/azizi/kuka_ws/install/kr16_description/share/kr16_description/meshes/collision/link_4.stl
[0.376s] -- Up-to-date: /home/azizi/kuka_ws/install/kr16_description/share/kr16_description/meshes/collision/base_link.stl
[0.377s] -- Up-to-date: /home/azizi/kuka_ws/install/kr16_description/share/kr16_description/meshes/collision/link_6.stl
[0.377s] -- Up-to-date: /home/azizi/kuka_ws/install/kr16_description/share/kr16_description/meshes/collision/link_5.stl
[0.377s] -- Up-to-date: /home/azizi/kuka_ws/install/kr16_description/share/kr16_description/meshes/collision/gripper.stl
[0.378s] -- Up-to-date: /home/azizi/kuka_ws/install/kr16_description/share/kr16_description/meshes/collision/link_3.stl
[0.378s] -- Up-to-date: /home/azizi/kuka_ws/install/kr16_description/share/kr16_description/meshes/collision/link_1.stl
[0.379s] -- Up-to-date: /home/azizi/kuka_ws/install/kr16_description/share/kr16_description/meshes/collision/link_2.stl
[0.379s] -- Up-to-date: /home/azizi/kuka_ws/install/kr16_description/share/kr16_description/meshes/visual
[0.380s] -- Up-to-date: /home/azizi/kuka_ws/install/kr16_description/share/kr16_description/meshes/visual/link_3.dae
[0.380s] -- Up-to-date: /home/azizi/kuka_ws/install/kr16_description/share/kr16_description/meshes/visual/base_link.dae
[0.380s] -- Up-to-date: /home/azizi/kuka_ws/install/kr16_description/share/kr16_description/meshes/visual/link_2.dae
[0.383s] -- Up-to-date: /home/azizi/kuka_ws/install/kr16_description/share/kr16_description/meshes/visual/link_4.dae
[0.383s] -- Up-to-date: /home/azizi/kuka_ws/install/kr16_description/share/kr16_description/meshes/visual/link_6.dae
[0.384s] -- Up-to-date: /home/azizi/kuka_ws/install/kr16_description/share/kr16_description/meshes/visual/link_5.dae
[0.384s] -- Up-to-date: /home/azizi/kuka_ws/install/kr16_description/share/kr16_description/meshes/visual/link_1.dae
[0.384s] -- Up-to-date: /home/azizi/kuka_ws/install/kr16_description/share/kr16_description/urdf
[0.384s] -- Up-to-date: /home/azizi/kuka_ws/install/kr16_description/share/kr16_description/urdf/initial_positions.yaml
[0.384s] -- Up-to-date: /home/azizi/kuka_ws/install/kr16_description/share/kr16_description/urdf/kr16.urdf
[0.385s] Invoked command in '/home/azizi/kuka_ws/build/kr16_description' returned '0': CMAKE_PREFIX_PATH=/opt/ros/galactic /usr/bin/cmake --install /home/azizi/kuka_ws/build/kr16_description
