[0.059s] Invoking command in '/home/azizi/kuka_ws/build/rviz_visual_tools': CMAKE_PREFIX_PATH=/opt/ros/galactic /usr/bin/cmake --build /home/azizi/kuka_ws/build/rviz_visual_tools -- -j4 -l4
[0.226s] [  2%] [34m[1mAutomatic MOC for target gtest_main[0m
[0.237s] [  5%] [34m[1mAutomatic MOC for target rviz_visual_tools_gui[0m
[0.248s] [  7%] [34m[1mAutomatic MOC for target rviz_visual_tools_remote_control[0m
[0.258s] [ 10%] [34m[1mAutomatic MOC for target gtest[0m
[0.292s] [ 10%] Built target rviz_visual_tools_gui_autogen
[0.301s] [ 10%] Built target gtest_main_autogen
[0.366s] [ 10%] Built target rviz_visual_tools_remote_control_autogen
[0.366s] [ 10%] Built target gtest_autogen
[0.413s] [ 17%] Built target gtest_main
[0.424s] [ 25%] Built target gtest
[0.439s] [ 38%] Built target rviz_visual_tools_gui
[0.473s] [ 46%] Built target rviz_visual_tools_remote_control
[0.527s] [ 48%] [34m[1mAutomatic MOC for target rviz_visual_tools[0m
[0.578s] [ 48%] Built target rviz_visual_tools_autogen
[0.698s] [ 58%] Built target rviz_visual_tools
[0.794s] [ 61%] [34m[1mAutomatic MOC for target rviz_visual_tools_imarker_simple[0m
[0.794s] [ 64%] [34m[1mAutomatic MOC for target rviz_visual_tools_rvt_test[0m
[0.795s] [ 66%] [34m[1mAutomatic MOC for target rviz_visual_tools_demo[0m
[0.849s] [ 66%] Built target rviz_visual_tools_imarker_simple_autogen
[0.858s] [ 66%] Built target rviz_visual_tools_rvt_test_autogen
[0.878s] [ 66%] Built target rviz_visual_tools_demo_autogen
[1.012s] [ 74%] Built target rviz_visual_tools_rvt_test
[1.064s] [ 82%] Built target rviz_visual_tools_imarker_simple
[1.066s] [ 89%] Built target rviz_visual_tools_demo
[1.088s] [ 92%] [34m[1mAutomatic MOC for target rviz_visual_tools_imarker_simple_demo[0m
[1.132s] [ 92%] Built target rviz_visual_tools_imarker_simple_demo_autogen
[1.216s] [100%] Built target rviz_visual_tools_imarker_simple_demo
[1.252s] Invoked command in '/home/azizi/kuka_ws/build/rviz_visual_tools' returned '0': CMAKE_PREFIX_PATH=/opt/ros/galactic /usr/bin/cmake --build /home/azizi/kuka_ws/build/rviz_visual_tools -- -j4 -l4
[1.375s] Invoking command in '/home/azizi/kuka_ws/build/rviz_visual_tools': CMAKE_PREFIX_PATH=/opt/ros/galactic /usr/bin/cmake --install /home/azizi/kuka_ws/build/rviz_visual_tools
[1.389s] -- Install configuration: "Release"
[1.390s] -- Up-to-date: /home/azizi/kuka_ws/install/rviz_visual_tools/share/rviz_visual_tools/plugin_description.xml
[1.392s] -- Up-to-date: /home/azizi/kuka_ws/install/rviz_visual_tools/lib/librviz_visual_tools.so
[1.392s] -- Up-to-date: /home/azizi/kuka_ws/install/rviz_visual_tools/lib/librviz_visual_tools_remote_control.so
[1.392s] -- Up-to-date: /home/azizi/kuka_ws/install/rviz_visual_tools/lib/librviz_visual_tools_gui.so
[1.393s] -- Up-to-date: /home/azizi/kuka_ws/install/rviz_visual_tools/lib/librviz_visual_tools_imarker_simple.so
[1.394s] -- Up-to-date: /home/azizi/kuka_ws/install/rviz_visual_tools/lib/rviz_visual_tools/rviz_visual_tools_demo
[1.395s] -- Up-to-date: /home/azizi/kuka_ws/install/rviz_visual_tools/lib/rviz_visual_tools/rviz_visual_tools_imarker_simple_demo
[1.396s] -- Up-to-date: /home/azizi/kuka_ws/install/rviz_visual_tools/include
[1.397s] -- Up-to-date: /home/azizi/kuka_ws/install/rviz_visual_tools/include/rviz_visual_tools
[1.397s] -- Up-to-date: /home/azizi/kuka_ws/install/rviz_visual_tools/include/rviz_visual_tools/key_tool.hpp
[1.398s] -- Up-to-date: /home/azizi/kuka_ws/install/rviz_visual_tools/include/rviz_visual_tools/imarker_simple.hpp
[1.398s] -- Up-to-date: /home/azizi/kuka_ws/install/rviz_visual_tools/include/rviz_visual_tools/rviz_visual_tools_gui.hpp
[1.398s] -- Up-to-date: /home/azizi/kuka_ws/install/rviz_visual_tools/include/rviz_visual_tools/rviz_visual_tools.hpp
[1.399s] -- Up-to-date: /home/azizi/kuka_ws/install/rviz_visual_tools/include/rviz_visual_tools/tf_visual_tools.hpp
[1.399s] -- Up-to-date: /home/azizi/kuka_ws/install/rviz_visual_tools/include/rviz_visual_tools/remote_reciever.hpp
[1.399s] -- Up-to-date: /home/azizi/kuka_ws/install/rviz_visual_tools/include/rviz_visual_tools/remote_control.hpp
[1.400s] -- Up-to-date: /home/azizi/kuka_ws/install/rviz_visual_tools/share/rviz_visual_tools/launch
[1.400s] -- Up-to-date: /home/azizi/kuka_ws/install/rviz_visual_tools/share/rviz_visual_tools/launch/demo_rviz.launch.py
[1.401s] -- Up-to-date: /home/azizi/kuka_ws/install/rviz_visual_tools/share/rviz_visual_tools/launch/demo.rviz
[1.401s] -- Up-to-date: /home/azizi/kuka_ws/install/rviz_visual_tools/share/rviz_visual_tools/launch/demo_combined.launch.py
[1.401s] -- Up-to-date: /home/azizi/kuka_ws/install/rviz_visual_tools/share/rviz_visual_tools/launch/rvt_test.launch
[1.401s] -- Up-to-date: /home/azizi/kuka_ws/install/rviz_visual_tools/share/rviz_visual_tools/environment/library_path.sh
[1.402s] -- Up-to-date: /home/azizi/kuka_ws/install/rviz_visual_tools/share/rviz_visual_tools/environment/library_path.dsv
[1.402s] -- Up-to-date: /home/azizi/kuka_ws/install/rviz_visual_tools/share/ament_index/resource_index/package_run_dependencies/rviz_visual_tools
[1.402s] -- Up-to-date: /home/azizi/kuka_ws/install/rviz_visual_tools/share/ament_index/resource_index/parent_prefix_path/rviz_visual_tools
[1.403s] -- Up-to-date: /home/azizi/kuka_ws/install/rviz_visual_tools/share/rviz_visual_tools/environment/ament_prefix_path.sh
[1.403s] -- Up-to-date: /home/azizi/kuka_ws/install/rviz_visual_tools/share/rviz_visual_tools/environment/ament_prefix_path.dsv
[1.404s] -- Up-to-date: /home/azizi/kuka_ws/install/rviz_visual_tools/share/rviz_visual_tools/environment/path.sh
[1.407s] -- Up-to-date: /home/azizi/kuka_ws/install/rviz_visual_tools/share/rviz_visual_tools/environment/path.dsv
[1.407s] -- Up-to-date: /home/azizi/kuka_ws/install/rviz_visual_tools/share/rviz_visual_tools/local_setup.bash
[1.408s] -- Up-to-date: /home/azizi/kuka_ws/install/rviz_visual_tools/share/rviz_visual_tools/local_setup.sh
[1.408s] -- Up-to-date: /home/azizi/kuka_ws/install/rviz_visual_tools/share/rviz_visual_tools/local_setup.zsh
[1.408s] -- Up-to-date: /home/azizi/kuka_ws/install/rviz_visual_tools/share/rviz_visual_tools/local_setup.dsv
[1.409s] -- Installing: /home/azizi/kuka_ws/install/rviz_visual_tools/share/rviz_visual_tools/package.dsv
[1.409s] -- Up-to-date: /home/azizi/kuka_ws/install/rviz_visual_tools/share/ament_index/resource_index/packages/rviz_visual_tools
[1.409s] -- Up-to-date: /home/azizi/kuka_ws/install/rviz_visual_tools/share/ament_index/resource_index/rviz_common__pluginlib__plugin/rviz_visual_tools
[1.409s] -- Up-to-date: /home/azizi/kuka_ws/install/rviz_visual_tools/share/rviz_visual_tools/cmake/export_rviz_visual_toolsExport.cmake
[1.410s] -- Up-to-date: /home/azizi/kuka_ws/install/rviz_visual_tools/share/rviz_visual_tools/cmake/export_rviz_visual_toolsExport-release.cmake
[1.410s] -- Up-to-date: /home/azizi/kuka_ws/install/rviz_visual_tools/share/rviz_visual_tools/cmake/ament_cmake_export_targets-extras.cmake
[1.410s] -- Up-to-date: /home/azizi/kuka_ws/install/rviz_visual_tools/share/rviz_visual_tools/cmake/ament_cmake_export_dependencies-extras.cmake
[1.411s] -- Up-to-date: /home/azizi/kuka_ws/install/rviz_visual_tools/share/rviz_visual_tools/cmake/ament_cmake_export_include_directories-extras.cmake
[1.411s] -- Up-to-date: /home/azizi/kuka_ws/install/rviz_visual_tools/share/rviz_visual_tools/cmake/ament_cmake_export_libraries-extras.cmake
[1.411s] -- Up-to-date: /home/azizi/kuka_ws/install/rviz_visual_tools/share/rviz_visual_tools/cmake/rviz_visual_toolsConfig.cmake
[1.411s] -- Up-to-date: /home/azizi/kuka_ws/install/rviz_visual_tools/share/rviz_visual_tools/cmake/rviz_visual_toolsConfig-version.cmake
[1.412s] -- Up-to-date: /home/azizi/kuka_ws/install/rviz_visual_tools/share/rviz_visual_tools/package.xml
[1.412s] Invoked command in '/home/azizi/kuka_ws/build/rviz_visual_tools' returned '0': CMAKE_PREFIX_PATH=/opt/ros/galactic /usr/bin/cmake --install /home/azizi/kuka_ws/build/rviz_visual_tools
