[0.339s] DEBUG:colcon:Command line arguments: ['/usr/bin/colcon', 'build', '--mixin', 'release']
[0.339s] DEBUG:colcon:Parsed command line arguments: Namespace(allow_overriding=[], ament_cmake_args=None, base_paths=['.'], build_base='build', catkin_cmake_args=None, catkin_skip_building_tests=False, cmake_args=['-DCMAKE_BUILD_TYPE=Release'], cmake_clean_cache=False, cmake_clean_first=False, cmake_force_configure=False, cmake_target=None, cmake_target_skip_unavailable=False, continue_on_error=False, event_handlers=None, executor='parallel', ignore_user_meta=False, install_base='install', log_base=None, log_level=None, main=<bound method BuildVerb.main of <colcon_core.verb.build.BuildVerb object at 0x7fc44b32fa00>>, merge_install=False, metas=['./colcon.meta'], mixin=['release'], mixin_files=None, mixin_verb=('build',), packages_above=None, packages_above_and_dependencies=None, packages_above_depth=None, packages_end=None, packages_ignore=None, packages_ignore_regex=None, packages_select=None, packages_select_build_failed=False, packages_select_by_dep=None, packages_select_regex=None, packages_select_test_failures=False, packages_skip=None, packages_skip_build_finished=False, packages_skip_by_dep=None, packages_skip_regex=None, packages_skip_test_passed=False, packages_skip_up_to=None, packages_start=None, packages_up_to=None, packages_up_to_regex=None, parallel_workers=4, paths=None, symlink_install=False, test_result_base=None, verb_extension=<colcon_core.verb.build.BuildVerb object at 0x7fc44b32fa00>, verb_name='build', verb_parser=<colcon_mixin.mixin.mixin_argument.MixinArgumentDecorator object at 0x7fc44b32ffd0>)
[0.350s] Level 1:colcon.colcon_core.package_discovery:discover_packages(colcon_meta) check parameters
[0.350s] Level 1:colcon.colcon_core.package_discovery:discover_packages(recursive) check parameters
[0.350s] Level 1:colcon.colcon_core.package_discovery:discover_packages(ignore) check parameters
[0.350s] Level 1:colcon.colcon_core.package_discovery:discover_packages(path) check parameters
[0.350s] Level 1:colcon.colcon_core.package_discovery:discover_packages(colcon_meta) discover
[0.351s] Level 1:colcon.colcon_core.package_discovery:discover_packages(recursive) discover
[0.351s] INFO:colcon.colcon_core.package_discovery:Crawling recursively for packages in '/home/azizi/kuka_ws'
[0.351s] Level 1:colcon.colcon_core.package_identification:_identify(.) by extensions ['ignore', 'ignore_ament_install']
[0.351s] Level 1:colcon.colcon_core.package_identification:_identify(.) by extension 'ignore'
[0.351s] Level 1:colcon.colcon_core.package_identification:_identify(.) by extension 'ignore_ament_install'
[0.351s] Level 1:colcon.colcon_core.package_identification:_identify(.) by extensions ['colcon_pkg']
[0.351s] Level 1:colcon.colcon_core.package_identification:_identify(.) by extension 'colcon_pkg'
[0.351s] Level 1:colcon.colcon_core.package_identification:_identify(.) by extensions ['colcon_meta']
[0.351s] Level 1:colcon.colcon_core.package_identification:_identify(.) by extension 'colcon_meta'
[0.351s] Level 1:colcon.colcon_core.package_identification:_identify(.) by extensions ['ros']
[0.351s] Level 1:colcon.colcon_core.package_identification:_identify(.) by extension 'ros'
[0.372s] Level 1:colcon.colcon_core.package_identification:_identify(.) by extensions ['cmake', 'python']
[0.372s] Level 1:colcon.colcon_core.package_identification:_identify(.) by extension 'cmake'
[0.373s] Level 1:colcon.colcon_core.package_identification:_identify(.) by extension 'python'
[0.373s] Level 1:colcon.colcon_core.package_identification:_identify(.) by extensions ['python_setup_py']
[0.373s] Level 1:colcon.colcon_core.package_identification:_identify(.) by extension 'python_setup_py'
[0.373s] Level 1:colcon.colcon_core.package_identification:_identify(build) by extensions ['ignore', 'ignore_ament_install']
[0.373s] Level 1:colcon.colcon_core.package_identification:_identify(build) by extension 'ignore'
[0.373s] Level 1:colcon.colcon_core.package_identification:_identify(build) ignored
[0.373s] Level 1:colcon.colcon_core.package_identification:_identify(install) by extensions ['ignore', 'ignore_ament_install']
[0.374s] Level 1:colcon.colcon_core.package_identification:_identify(install) by extension 'ignore'
[0.374s] Level 1:colcon.colcon_core.package_identification:_identify(install) ignored
[0.374s] Level 1:colcon.colcon_core.package_identification:_identify(log) by extensions ['ignore', 'ignore_ament_install']
[0.374s] Level 1:colcon.colcon_core.package_identification:_identify(log) by extension 'ignore'
[0.374s] Level 1:colcon.colcon_core.package_identification:_identify(log) ignored
[0.374s] Level 1:colcon.colcon_core.package_identification:_identify(src) by extensions ['ignore', 'ignore_ament_install']
[0.374s] Level 1:colcon.colcon_core.package_identification:_identify(src) by extension 'ignore'
[0.375s] Level 1:colcon.colcon_core.package_identification:_identify(src) by extension 'ignore_ament_install'
[0.375s] Level 1:colcon.colcon_core.package_identification:_identify(src) by extensions ['colcon_pkg']
[0.375s] Level 1:colcon.colcon_core.package_identification:_identify(src) by extension 'colcon_pkg'
[0.375s] Level 1:colcon.colcon_core.package_identification:_identify(src) by extensions ['colcon_meta']
[0.375s] Level 1:colcon.colcon_core.package_identification:_identify(src) by extension 'colcon_meta'
[0.375s] Level 1:colcon.colcon_core.package_identification:_identify(src) by extensions ['ros']
[0.375s] Level 1:colcon.colcon_core.package_identification:_identify(src) by extension 'ros'
[0.375s] Level 1:colcon.colcon_core.package_identification:_identify(src) by extensions ['cmake', 'python']
[0.375s] Level 1:colcon.colcon_core.package_identification:_identify(src) by extension 'cmake'
[0.376s] Level 1:colcon.colcon_core.package_identification:_identify(src) by extension 'python'
[0.376s] Level 1:colcon.colcon_core.package_identification:_identify(src) by extensions ['python_setup_py']
[0.376s] Level 1:colcon.colcon_core.package_identification:_identify(src) by extension 'python_setup_py'
[0.376s] Level 1:colcon.colcon_core.package_identification:_identify(src/get_pose_client) by extensions ['ignore', 'ignore_ament_install']
[0.376s] Level 1:colcon.colcon_core.package_identification:_identify(src/get_pose_client) by extension 'ignore'
[0.376s] Level 1:colcon.colcon_core.package_identification:_identify(src/get_pose_client) by extension 'ignore_ament_install'
[0.376s] Level 1:colcon.colcon_core.package_identification:_identify(src/get_pose_client) by extensions ['colcon_pkg']
[0.376s] Level 1:colcon.colcon_core.package_identification:_identify(src/get_pose_client) by extension 'colcon_pkg'
[0.377s] Level 1:colcon.colcon_core.package_identification:_identify(src/get_pose_client) by extensions ['colcon_meta']
[0.377s] Level 1:colcon.colcon_core.package_identification:_identify(src/get_pose_client) by extension 'colcon_meta'
[0.377s] Level 1:colcon.colcon_core.package_identification:_identify(src/get_pose_client) by extensions ['ros']
[0.377s] Level 1:colcon.colcon_core.package_identification:_identify(src/get_pose_client) by extension 'ros'
[0.381s] DEBUG:colcon.colcon_core.package_identification:Package 'src/get_pose_client' with type 'ros.ament_cmake' and name 'get_pose_client'
[0.381s] Level 1:colcon.colcon_core.package_identification:_identify(src/kr16_description) by extensions ['ignore', 'ignore_ament_install']
[0.381s] Level 1:colcon.colcon_core.package_identification:_identify(src/kr16_description) by extension 'ignore'
[0.382s] Level 1:colcon.colcon_core.package_identification:_identify(src/kr16_description) by extension 'ignore_ament_install'
[0.382s] Level 1:colcon.colcon_core.package_identification:_identify(src/kr16_description) by extensions ['colcon_pkg']
[0.382s] Level 1:colcon.colcon_core.package_identification:_identify(src/kr16_description) by extension 'colcon_pkg'
[0.382s] Level 1:colcon.colcon_core.package_identification:_identify(src/kr16_description) by extensions ['colcon_meta']
[0.382s] Level 1:colcon.colcon_core.package_identification:_identify(src/kr16_description) by extension 'colcon_meta'
[0.382s] Level 1:colcon.colcon_core.package_identification:_identify(src/kr16_description) by extensions ['ros']
[0.382s] Level 1:colcon.colcon_core.package_identification:_identify(src/kr16_description) by extension 'ros'
[0.383s] DEBUG:colcon.colcon_core.package_identification:Package 'src/kr16_description' with type 'ros.ament_cmake' and name 'kr16_description'
[0.384s] Level 1:colcon.colcon_core.package_identification:_identify(src/kr16_grasping) by extensions ['ignore', 'ignore_ament_install']
[0.384s] Level 1:colcon.colcon_core.package_identification:_identify(src/kr16_grasping) by extension 'ignore'
[0.384s] Level 1:colcon.colcon_core.package_identification:_identify(src/kr16_grasping) by extension 'ignore_ament_install'
[0.384s] Level 1:colcon.colcon_core.package_identification:_identify(src/kr16_grasping) by extensions ['colcon_pkg']
[0.384s] Level 1:colcon.colcon_core.package_identification:_identify(src/kr16_grasping) by extension 'colcon_pkg'
[0.384s] Level 1:colcon.colcon_core.package_identification:_identify(src/kr16_grasping) by extensions ['colcon_meta']
[0.384s] Level 1:colcon.colcon_core.package_identification:_identify(src/kr16_grasping) by extension 'colcon_meta'
[0.384s] Level 1:colcon.colcon_core.package_identification:_identify(src/kr16_grasping) by extensions ['ros']
[0.385s] Level 1:colcon.colcon_core.package_identification:_identify(src/kr16_grasping) by extension 'ros'
[0.387s] DEBUG:colcon.colcon_core.package_identification:Package 'src/kr16_grasping' with type 'ros.ament_cmake' and name 'kr16_grasping'
[0.387s] Level 1:colcon.colcon_core.package_identification:_identify(src/kr16_scripts) by extensions ['ignore', 'ignore_ament_install']
[0.387s] Level 1:colcon.colcon_core.package_identification:_identify(src/kr16_scripts) by extension 'ignore'
[0.387s] Level 1:colcon.colcon_core.package_identification:_identify(src/kr16_scripts) by extension 'ignore_ament_install'
[0.387s] Level 1:colcon.colcon_core.package_identification:_identify(src/kr16_scripts) by extensions ['colcon_pkg']
[0.387s] Level 1:colcon.colcon_core.package_identification:_identify(src/kr16_scripts) by extension 'colcon_pkg'
[0.388s] Level 1:colcon.colcon_core.package_identification:_identify(src/kr16_scripts) by extensions ['colcon_meta']
[0.388s] Level 1:colcon.colcon_core.package_identification:_identify(src/kr16_scripts) by extension 'colcon_meta'
[0.388s] Level 1:colcon.colcon_core.package_identification:_identify(src/kr16_scripts) by extensions ['ros']
[0.388s] Level 1:colcon.colcon_core.package_identification:_identify(src/kr16_scripts) by extension 'ros'
[0.389s] DEBUG:colcon.colcon_core.package_identification:Package 'src/kr16_scripts' with type 'ros.ament_cmake' and name 'kr16_scripts'
[0.389s] Level 1:colcon.colcon_core.package_identification:_identify(src/kuka_kr16_moveit_config) by extensions ['ignore', 'ignore_ament_install']
[0.389s] Level 1:colcon.colcon_core.package_identification:_identify(src/kuka_kr16_moveit_config) by extension 'ignore'
[0.389s] Level 1:colcon.colcon_core.package_identification:_identify(src/kuka_kr16_moveit_config) by extension 'ignore_ament_install'
[0.389s] Level 1:colcon.colcon_core.package_identification:_identify(src/kuka_kr16_moveit_config) by extensions ['colcon_pkg']
[0.390s] Level 1:colcon.colcon_core.package_identification:_identify(src/kuka_kr16_moveit_config) by extension 'colcon_pkg'
[0.390s] Level 1:colcon.colcon_core.package_identification:_identify(src/kuka_kr16_moveit_config) by extensions ['colcon_meta']
[0.390s] Level 1:colcon.colcon_core.package_identification:_identify(src/kuka_kr16_moveit_config) by extension 'colcon_meta'
[0.390s] Level 1:colcon.colcon_core.package_identification:_identify(src/kuka_kr16_moveit_config) by extensions ['ros']
[0.390s] Level 1:colcon.colcon_core.package_identification:_identify(src/kuka_kr16_moveit_config) by extension 'ros'
[0.391s] DEBUG:colcon.colcon_core.package_identification:Package 'src/kuka_kr16_moveit_config' with type 'ros.ament_cmake' and name 'kuka_kr16_moveit_config'
[0.391s] Level 1:colcon.colcon_core.package_identification:_identify(src/rviz) by extensions ['ignore', 'ignore_ament_install']
[0.392s] Level 1:colcon.colcon_core.package_identification:_identify(src/rviz) by extension 'ignore'
[0.392s] Level 1:colcon.colcon_core.package_identification:_identify(src/rviz) by extension 'ignore_ament_install'
[0.392s] Level 1:colcon.colcon_core.package_identification:_identify(src/rviz) by extensions ['colcon_pkg']
[0.392s] Level 1:colcon.colcon_core.package_identification:_identify(src/rviz) by extension 'colcon_pkg'
[0.392s] Level 1:colcon.colcon_core.package_identification:_identify(src/rviz) by extensions ['colcon_meta']
[0.392s] Level 1:colcon.colcon_core.package_identification:_identify(src/rviz) by extension 'colcon_meta'
[0.393s] Level 1:colcon.colcon_core.package_identification:_identify(src/rviz) by extensions ['ros']
[0.393s] Level 1:colcon.colcon_core.package_identification:_identify(src/rviz) by extension 'ros'
[0.393s] Level 1:colcon.colcon_core.package_identification:_identify(src/rviz) by extensions ['cmake', 'python']
[0.393s] Level 1:colcon.colcon_core.package_identification:_identify(src/rviz) by extension 'cmake'
[0.393s] Level 1:colcon.colcon_core.package_identification:_identify(src/rviz) by extension 'python'
[0.393s] Level 1:colcon.colcon_core.package_identification:_identify(src/rviz) by extensions ['python_setup_py']
[0.393s] Level 1:colcon.colcon_core.package_identification:_identify(src/rviz) by extension 'python_setup_py'
[0.393s] Level 1:colcon.colcon_core.package_identification:_identify(src/rviz_visual_tools) by extensions ['ignore', 'ignore_ament_install']
[0.393s] Level 1:colcon.colcon_core.package_identification:_identify(src/rviz_visual_tools) by extension 'ignore'
[0.394s] Level 1:colcon.colcon_core.package_identification:_identify(src/rviz_visual_tools) by extension 'ignore_ament_install'
[0.394s] Level 1:colcon.colcon_core.package_identification:_identify(src/rviz_visual_tools) by extensions ['colcon_pkg']
[0.394s] Level 1:colcon.colcon_core.package_identification:_identify(src/rviz_visual_tools) by extension 'colcon_pkg'
[0.394s] Level 1:colcon.colcon_core.package_identification:_identify(src/rviz_visual_tools) by extensions ['colcon_meta']
[0.394s] Level 1:colcon.colcon_core.package_identification:_identify(src/rviz_visual_tools) by extension 'colcon_meta'
[0.394s] Level 1:colcon.colcon_core.package_identification:_identify(src/rviz_visual_tools) by extensions ['ros']
[0.394s] Level 1:colcon.colcon_core.package_identification:_identify(src/rviz_visual_tools) by extension 'ros'
[0.398s] DEBUG:colcon.colcon_core.package_identification:Package 'src/rviz_visual_tools' with type 'ros.ament_cmake' and name 'rviz_visual_tools'
[0.398s] Level 1:colcon.colcon_core.package_discovery:discover_packages(recursive) using defaults
[0.398s] Level 1:colcon.colcon_core.package_discovery:discover_packages(ignore) discover
[0.398s] Level 1:colcon.colcon_core.package_discovery:discover_packages(ignore) using defaults
[0.398s] Level 1:colcon.colcon_core.package_discovery:discover_packages(path) discover
[0.398s] Level 1:colcon.colcon_core.package_discovery:discover_packages(path) using defaults
[0.444s] Level 5:colcon.colcon_core.verb:set package 'get_pose_client' build argument 'cmake_args' from command line to '['-DCMAKE_BUILD_TYPE=Release']'
[0.444s] Level 5:colcon.colcon_core.verb:set package 'get_pose_client' build argument 'cmake_target' from command line to 'None'
[0.444s] Level 5:colcon.colcon_core.verb:set package 'get_pose_client' build argument 'cmake_target_skip_unavailable' from command line to 'False'
[0.444s] Level 5:colcon.colcon_core.verb:set package 'get_pose_client' build argument 'cmake_clean_cache' from command line to 'False'
[0.444s] Level 5:colcon.colcon_core.verb:set package 'get_pose_client' build argument 'cmake_clean_first' from command line to 'False'
[0.444s] Level 5:colcon.colcon_core.verb:set package 'get_pose_client' build argument 'cmake_force_configure' from command line to 'False'
[0.444s] Level 5:colcon.colcon_core.verb:set package 'get_pose_client' build argument 'ament_cmake_args' from command line to 'None'
[0.444s] Level 5:colcon.colcon_core.verb:set package 'get_pose_client' build argument 'catkin_cmake_args' from command line to 'None'
[0.444s] Level 5:colcon.colcon_core.verb:set package 'get_pose_client' build argument 'catkin_skip_building_tests' from command line to 'False'
[0.444s] DEBUG:colcon.colcon_core.verb:Building package 'get_pose_client' with the following arguments: {'ament_cmake_args': None, 'build_base': '/home/azizi/kuka_ws/build/get_pose_client', 'catkin_cmake_args': None, 'catkin_skip_building_tests': False, 'cmake_args': ['-DCMAKE_BUILD_TYPE=Release'], 'cmake_clean_cache': False, 'cmake_clean_first': False, 'cmake_force_configure': False, 'cmake_target': None, 'cmake_target_skip_unavailable': False, 'install_base': '/home/azizi/kuka_ws/install/get_pose_client', 'merge_install': False, 'path': '/home/azizi/kuka_ws/src/get_pose_client', 'symlink_install': False, 'test_result_base': None}
[0.445s] Level 5:colcon.colcon_core.verb:set package 'kr16_description' build argument 'cmake_args' from command line to '['-DCMAKE_BUILD_TYPE=Release']'
[0.446s] Level 5:colcon.colcon_core.verb:set package 'kr16_description' build argument 'cmake_target' from command line to 'None'
[0.446s] Level 5:colcon.colcon_core.verb:set package 'kr16_description' build argument 'cmake_target_skip_unavailable' from command line to 'False'
[0.446s] Level 5:colcon.colcon_core.verb:set package 'kr16_description' build argument 'cmake_clean_cache' from command line to 'False'
[0.446s] Level 5:colcon.colcon_core.verb:set package 'kr16_description' build argument 'cmake_clean_first' from command line to 'False'
[0.446s] Level 5:colcon.colcon_core.verb:set package 'kr16_description' build argument 'cmake_force_configure' from command line to 'False'
[0.446s] Level 5:colcon.colcon_core.verb:set package 'kr16_description' build argument 'ament_cmake_args' from command line to 'None'
[0.446s] Level 5:colcon.colcon_core.verb:set package 'kr16_description' build argument 'catkin_cmake_args' from command line to 'None'
[0.446s] Level 5:colcon.colcon_core.verb:set package 'kr16_description' build argument 'catkin_skip_building_tests' from command line to 'False'
[0.446s] DEBUG:colcon.colcon_core.verb:Building package 'kr16_description' with the following arguments: {'ament_cmake_args': None, 'build_base': '/home/azizi/kuka_ws/build/kr16_description', 'catkin_cmake_args': None, 'catkin_skip_building_tests': False, 'cmake_args': ['-DCMAKE_BUILD_TYPE=Release'], 'cmake_clean_cache': False, 'cmake_clean_first': False, 'cmake_force_configure': False, 'cmake_target': None, 'cmake_target_skip_unavailable': False, 'install_base': '/home/azizi/kuka_ws/install/kr16_description', 'merge_install': False, 'path': '/home/azizi/kuka_ws/src/kr16_description', 'symlink_install': False, 'test_result_base': None}
[0.448s] Level 5:colcon.colcon_core.verb:set package 'kr16_scripts' build argument 'cmake_args' from command line to '['-DCMAKE_BUILD_TYPE=Release']'
[0.448s] Level 5:colcon.colcon_core.verb:set package 'kr16_scripts' build argument 'cmake_target' from command line to 'None'
[0.448s] Level 5:colcon.colcon_core.verb:set package 'kr16_scripts' build argument 'cmake_target_skip_unavailable' from command line to 'False'
[0.448s] Level 5:colcon.colcon_core.verb:set package 'kr16_scripts' build argument 'cmake_clean_cache' from command line to 'False'
[0.448s] Level 5:colcon.colcon_core.verb:set package 'kr16_scripts' build argument 'cmake_clean_first' from command line to 'False'
[0.448s] Level 5:colcon.colcon_core.verb:set package 'kr16_scripts' build argument 'cmake_force_configure' from command line to 'False'
[0.448s] Level 5:colcon.colcon_core.verb:set package 'kr16_scripts' build argument 'ament_cmake_args' from command line to 'None'
[0.448s] Level 5:colcon.colcon_core.verb:set package 'kr16_scripts' build argument 'catkin_cmake_args' from command line to 'None'
[0.448s] Level 5:colcon.colcon_core.verb:set package 'kr16_scripts' build argument 'catkin_skip_building_tests' from command line to 'False'
[0.448s] DEBUG:colcon.colcon_core.verb:Building package 'kr16_scripts' with the following arguments: {'ament_cmake_args': None, 'build_base': '/home/azizi/kuka_ws/build/kr16_scripts', 'catkin_cmake_args': None, 'catkin_skip_building_tests': False, 'cmake_args': ['-DCMAKE_BUILD_TYPE=Release'], 'cmake_clean_cache': False, 'cmake_clean_first': False, 'cmake_force_configure': False, 'cmake_target': None, 'cmake_target_skip_unavailable': False, 'install_base': '/home/azizi/kuka_ws/install/kr16_scripts', 'merge_install': False, 'path': '/home/azizi/kuka_ws/src/kr16_scripts', 'symlink_install': False, 'test_result_base': None}
[0.450s] Level 5:colcon.colcon_core.verb:set package 'rviz_visual_tools' build argument 'cmake_args' from command line to '['-DCMAKE_BUILD_TYPE=Release']'
[0.450s] Level 5:colcon.colcon_core.verb:set package 'rviz_visual_tools' build argument 'cmake_target' from command line to 'None'
[0.450s] Level 5:colcon.colcon_core.verb:set package 'rviz_visual_tools' build argument 'cmake_target_skip_unavailable' from command line to 'False'
[0.450s] Level 5:colcon.colcon_core.verb:set package 'rviz_visual_tools' build argument 'cmake_clean_cache' from command line to 'False'
[0.450s] Level 5:colcon.colcon_core.verb:set package 'rviz_visual_tools' build argument 'cmake_clean_first' from command line to 'False'
[0.450s] Level 5:colcon.colcon_core.verb:set package 'rviz_visual_tools' build argument 'cmake_force_configure' from command line to 'False'
[0.450s] Level 5:colcon.colcon_core.verb:set package 'rviz_visual_tools' build argument 'ament_cmake_args' from command line to 'None'
[0.450s] Level 5:colcon.colcon_core.verb:set package 'rviz_visual_tools' build argument 'catkin_cmake_args' from command line to 'None'
[0.450s] Level 5:colcon.colcon_core.verb:set package 'rviz_visual_tools' build argument 'catkin_skip_building_tests' from command line to 'False'
[0.450s] DEBUG:colcon.colcon_core.verb:Building package 'rviz_visual_tools' with the following arguments: {'ament_cmake_args': None, 'build_base': '/home/azizi/kuka_ws/build/rviz_visual_tools', 'catkin_cmake_args': None, 'catkin_skip_building_tests': False, 'cmake_args': ['-DCMAKE_BUILD_TYPE=Release'], 'cmake_clean_cache': False, 'cmake_clean_first': False, 'cmake_force_configure': False, 'cmake_target': None, 'cmake_target_skip_unavailable': False, 'install_base': '/home/azizi/kuka_ws/install/rviz_visual_tools', 'merge_install': False, 'path': '/home/azizi/kuka_ws/src/rviz_visual_tools', 'symlink_install': False, 'test_result_base': None}
[0.451s] Level 5:colcon.colcon_core.verb:set package 'kr16_grasping' build argument 'cmake_args' from command line to '['-DCMAKE_BUILD_TYPE=Release']'
[0.452s] Level 5:colcon.colcon_core.verb:set package 'kr16_grasping' build argument 'cmake_target' from command line to 'None'
[0.452s] Level 5:colcon.colcon_core.verb:set package 'kr16_grasping' build argument 'cmake_target_skip_unavailable' from command line to 'False'
[0.452s] Level 5:colcon.colcon_core.verb:set package 'kr16_grasping' build argument 'cmake_clean_cache' from command line to 'False'
[0.452s] Level 5:colcon.colcon_core.verb:set package 'kr16_grasping' build argument 'cmake_clean_first' from command line to 'False'
[0.452s] Level 5:colcon.colcon_core.verb:set package 'kr16_grasping' build argument 'cmake_force_configure' from command line to 'False'
[0.452s] Level 5:colcon.colcon_core.verb:set package 'kr16_grasping' build argument 'ament_cmake_args' from command line to 'None'
[0.452s] Level 5:colcon.colcon_core.verb:set package 'kr16_grasping' build argument 'catkin_cmake_args' from command line to 'None'
[0.452s] Level 5:colcon.colcon_core.verb:set package 'kr16_grasping' build argument 'catkin_skip_building_tests' from command line to 'False'
[0.452s] DEBUG:colcon.colcon_core.verb:Building package 'kr16_grasping' with the following arguments: {'ament_cmake_args': None, 'build_base': '/home/azizi/kuka_ws/build/kr16_grasping', 'catkin_cmake_args': None, 'catkin_skip_building_tests': False, 'cmake_args': ['-DCMAKE_BUILD_TYPE=Release'], 'cmake_clean_cache': False, 'cmake_clean_first': False, 'cmake_force_configure': False, 'cmake_target': None, 'cmake_target_skip_unavailable': False, 'install_base': '/home/azizi/kuka_ws/install/kr16_grasping', 'merge_install': False, 'path': '/home/azizi/kuka_ws/src/kr16_grasping', 'symlink_install': False, 'test_result_base': None}
[0.453s] Level 5:colcon.colcon_core.verb:set package 'kuka_kr16_moveit_config' build argument 'cmake_args' from command line to '['-DCMAKE_BUILD_TYPE=Release']'
[0.453s] Level 5:colcon.colcon_core.verb:set package 'kuka_kr16_moveit_config' build argument 'cmake_target' from command line to 'None'
[0.453s] Level 5:colcon.colcon_core.verb:set package 'kuka_kr16_moveit_config' build argument 'cmake_target_skip_unavailable' from command line to 'False'
[0.453s] Level 5:colcon.colcon_core.verb:set package 'kuka_kr16_moveit_config' build argument 'cmake_clean_cache' from command line to 'False'
[0.454s] Level 5:colcon.colcon_core.verb:set package 'kuka_kr16_moveit_config' build argument 'cmake_clean_first' from command line to 'False'
[0.454s] Level 5:colcon.colcon_core.verb:set package 'kuka_kr16_moveit_config' build argument 'cmake_force_configure' from command line to 'False'
[0.454s] Level 5:colcon.colcon_core.verb:set package 'kuka_kr16_moveit_config' build argument 'ament_cmake_args' from command line to 'None'
[0.454s] Level 5:colcon.colcon_core.verb:set package 'kuka_kr16_moveit_config' build argument 'catkin_cmake_args' from command line to 'None'
[0.454s] Level 5:colcon.colcon_core.verb:set package 'kuka_kr16_moveit_config' build argument 'catkin_skip_building_tests' from command line to 'False'
[0.454s] DEBUG:colcon.colcon_core.verb:Building package 'kuka_kr16_moveit_config' with the following arguments: {'ament_cmake_args': None, 'build_base': '/home/azizi/kuka_ws/build/kuka_kr16_moveit_config', 'catkin_cmake_args': None, 'catkin_skip_building_tests': False, 'cmake_args': ['-DCMAKE_BUILD_TYPE=Release'], 'cmake_clean_cache': False, 'cmake_clean_first': False, 'cmake_force_configure': False, 'cmake_target': None, 'cmake_target_skip_unavailable': False, 'install_base': '/home/azizi/kuka_ws/install/kuka_kr16_moveit_config', 'merge_install': False, 'path': '/home/azizi/kuka_ws/src/kuka_kr16_moveit_config', 'symlink_install': False, 'test_result_base': None}
[0.461s] INFO:colcon.colcon_core.executor:Executing jobs using 'parallel' executor
[0.465s] DEBUG:colcon.colcon_parallel_executor.executor.parallel:run_until_complete
[0.466s] INFO:colcon.colcon_ros.task.ament_cmake.build:Building ROS package in '/home/azizi/kuka_ws/src/kr16_description' with build type 'ament_cmake'
[0.467s] INFO:colcon.colcon_cmake.task.cmake.build:Building CMake package in '/home/azizi/kuka_ws/src/kr16_description'
[0.489s] INFO:colcon.colcon_core.plugin_system:Skipping extension 'colcon_core.shell.bat': Not used on non-Windows systems
[0.489s] INFO:colcon.colcon_core.shell:Skip shell extension 'powershell' for command environment: Not usable outside of PowerShell
[0.489s] DEBUG:colcon.colcon_core.shell:Skip shell extension 'dsv' for command environment
[0.498s] INFO:colcon.colcon_ros.task.ament_cmake.build:Building ROS package in '/home/azizi/kuka_ws/src/rviz_visual_tools' with build type 'ament_cmake'
[0.500s] INFO:colcon.colcon_cmake.task.cmake.build:Building CMake package in '/home/azizi/kuka_ws/src/rviz_visual_tools'
[0.501s] INFO:colcon.colcon_core.shell:Skip shell extension 'powershell' for command environment: Not usable outside of PowerShell
[0.501s] DEBUG:colcon.colcon_core.shell:Skip shell extension 'dsv' for command environment
[0.509s] INFO:colcon.colcon_ros.task.ament_cmake.build:Building ROS package in '/home/azizi/kuka_ws/src/get_pose_client' with build type 'ament_cmake'
[0.510s] INFO:colcon.colcon_cmake.task.cmake.build:Building CMake package in '/home/azizi/kuka_ws/src/get_pose_client'
[0.511s] INFO:colcon.colcon_core.shell:Skip shell extension 'powershell' for command environment: Not usable outside of PowerShell
[0.512s] DEBUG:colcon.colcon_core.shell:Skip shell extension 'dsv' for command environment
[0.519s] INFO:colcon.colcon_ros.task.ament_cmake.build:Building ROS package in '/home/azizi/kuka_ws/src/kr16_scripts' with build type 'ament_cmake'
[0.520s] INFO:colcon.colcon_cmake.task.cmake.build:Building CMake package in '/home/azizi/kuka_ws/src/kr16_scripts'
[0.521s] INFO:colcon.colcon_core.shell:Skip shell extension 'powershell' for command environment: Not usable outside of PowerShell
[0.521s] DEBUG:colcon.colcon_core.shell:Skip shell extension 'dsv' for command environment
[0.543s] DEBUG:colcon.colcon_core.event_handler.log_command:Invoking command in '/home/azizi/kuka_ws/build/kr16_description': CMAKE_PREFIX_PATH=/opt/ros/galactic /usr/bin/cmake --build /home/azizi/kuka_ws/build/kr16_description -- -j4 -l4
[0.561s] DEBUG:colcon.colcon_core.event_handler.log_command:Invoking command in '/home/azizi/kuka_ws/build/rviz_visual_tools': CMAKE_PREFIX_PATH=/opt/ros/galactic /usr/bin/cmake --build /home/azizi/kuka_ws/build/rviz_visual_tools -- -j4 -l4
[0.568s] DEBUG:colcon.colcon_core.event_handler.log_command:Invoking command in '/home/azizi/kuka_ws/build/get_pose_client': CMAKE_PREFIX_PATH=/opt/ros/galactic /usr/bin/cmake --build /home/azizi/kuka_ws/build/get_pose_client -- -j4 -l4
[0.578s] DEBUG:colcon.colcon_core.event_handler.log_command:Invoking command in '/home/azizi/kuka_ws/build/kr16_scripts': CMAKE_PREFIX_PATH=/opt/ros/galactic /usr/bin/cmake --build /home/azizi/kuka_ws/build/kr16_scripts -- -j4 -l4
[0.683s] DEBUG:colcon.colcon_core.event_handler.log_command:Invoked command in '/home/azizi/kuka_ws/build/get_pose_client' returned '0': CMAKE_PREFIX_PATH=/opt/ros/galactic /usr/bin/cmake --build /home/azizi/kuka_ws/build/get_pose_client -- -j4 -l4
[0.703s] DEBUG:colcon.colcon_core.event_handler.log_command:Invoked command in '/home/azizi/kuka_ws/build/kr16_scripts' returned '0': CMAKE_PREFIX_PATH=/opt/ros/galactic /usr/bin/cmake --build /home/azizi/kuka_ws/build/kr16_scripts -- -j4 -l4
[0.715s] DEBUG:colcon.colcon_core.event_handler.log_command:Invoked command in '/home/azizi/kuka_ws/build/kr16_description' returned '0': CMAKE_PREFIX_PATH=/opt/ros/galactic /usr/bin/cmake --build /home/azizi/kuka_ws/build/kr16_description -- -j4 -l4
[0.844s] DEBUG:colcon.colcon_core.event_handler.log_command:Invoking command in '/home/azizi/kuka_ws/build/get_pose_client': CMAKE_PREFIX_PATH=/opt/ros/galactic /usr/bin/cmake --install /home/azizi/kuka_ws/build/get_pose_client
[0.854s] DEBUG:colcon.colcon_core.event_handler.log_command:Invoking command in '/home/azizi/kuka_ws/build/kr16_scripts': CMAKE_PREFIX_PATH=/opt/ros/galactic /usr/bin/cmake --install /home/azizi/kuka_ws/build/kr16_scripts
[0.873s] DEBUG:colcon.colcon_core.event_handler.log_command:Invoking command in '/home/azizi/kuka_ws/build/kr16_description': CMAKE_PREFIX_PATH=/opt/ros/galactic /usr/bin/cmake --install /home/azizi/kuka_ws/build/kr16_description
[0.890s] Level 1:colcon.colcon_core.environment:create_environment_scripts_only(get_pose_client)
[0.892s] DEBUG:colcon.colcon_core.event_handler.log_command:Invoked command in '/home/azizi/kuka_ws/build/get_pose_client' returned '0': CMAKE_PREFIX_PATH=/opt/ros/galactic /usr/bin/cmake --install /home/azizi/kuka_ws/build/get_pose_client
[0.910s] Level 1:colcon.colcon_core.environment:checking '/home/azizi/kuka_ws/install/get_pose_client' for CMake module files
[0.930s] Level 1:colcon.colcon_core.environment:checking '/home/azizi/kuka_ws/install/get_pose_client' for CMake config files
[0.933s] Level 1:colcon.colcon_core.shell:create_environment_hook('get_pose_client', 'cmake_prefix_path')
[0.936s] INFO:colcon.colcon_core.shell:Creating environment hook '/home/azizi/kuka_ws/install/get_pose_client/share/get_pose_client/hook/cmake_prefix_path.ps1'
[0.938s] INFO:colcon.colcon_core.shell:Creating environment descriptor '/home/azizi/kuka_ws/install/get_pose_client/share/get_pose_client/hook/cmake_prefix_path.dsv'
[0.941s] INFO:colcon.colcon_core.shell:Creating environment hook '/home/azizi/kuka_ws/install/get_pose_client/share/get_pose_client/hook/cmake_prefix_path.sh'
[0.946s] Level 1:colcon.colcon_core.environment:checking '/home/azizi/kuka_ws/install/get_pose_client/bin'
[0.947s] Level 1:colcon.colcon_core.environment:checking '/home/azizi/kuka_ws/install/get_pose_client/lib/pkgconfig/get_pose_client.pc'
[0.947s] Level 1:colcon.colcon_core.environment:checking '/home/azizi/kuka_ws/install/get_pose_client/lib/python3.8/site-packages'
[0.949s] INFO:colcon.colcon_core.shell:Creating package script '/home/azizi/kuka_ws/install/get_pose_client/share/get_pose_client/package.ps1'
[0.951s] INFO:colcon.colcon_core.shell:Creating package descriptor '/home/azizi/kuka_ws/install/get_pose_client/share/get_pose_client/package.dsv'
[0.952s] INFO:colcon.colcon_core.shell:Creating package script '/home/azizi/kuka_ws/install/get_pose_client/share/get_pose_client/package.sh'
[0.954s] INFO:colcon.colcon_core.shell:Creating package script '/home/azizi/kuka_ws/install/get_pose_client/share/get_pose_client/package.bash'
[0.956s] INFO:colcon.colcon_core.shell:Creating package script '/home/azizi/kuka_ws/install/get_pose_client/share/get_pose_client/package.zsh'
[0.958s] Level 1:colcon.colcon_core.environment:create_file_with_runtime_dependencies(/home/azizi/kuka_ws/install/get_pose_client/share/colcon-core/packages/get_pose_client)
[0.975s] Level 1:colcon.colcon_core.environment:create_environment_scripts_only(kr16_description)
[0.976s] DEBUG:colcon.colcon_core.event_handler.log_command:Invoked command in '/home/azizi/kuka_ws/build/kr16_description' returned '0': CMAKE_PREFIX_PATH=/opt/ros/galactic /usr/bin/cmake --install /home/azizi/kuka_ws/build/kr16_description
[0.979s] Level 1:colcon.colcon_core.environment:checking '/home/azizi/kuka_ws/install/kr16_description' for CMake module files
[0.983s] Level 1:colcon.colcon_core.environment:checking '/home/azizi/kuka_ws/install/kr16_description' for CMake config files
[0.992s] Level 1:colcon.colcon_core.shell:create_environment_hook('kr16_description', 'cmake_prefix_path')
[0.994s] INFO:colcon.colcon_core.shell:Creating environment hook '/home/azizi/kuka_ws/install/kr16_description/share/kr16_description/hook/cmake_prefix_path.ps1'
[0.996s] INFO:colcon.colcon_core.shell:Creating environment descriptor '/home/azizi/kuka_ws/install/kr16_description/share/kr16_description/hook/cmake_prefix_path.dsv'
[0.998s] INFO:colcon.colcon_core.shell:Creating environment hook '/home/azizi/kuka_ws/install/kr16_description/share/kr16_description/hook/cmake_prefix_path.sh'
[1.000s] Level 1:colcon.colcon_core.environment:checking '/home/azizi/kuka_ws/install/kr16_description/bin'
[1.004s] Level 1:colcon.colcon_core.environment:checking '/home/azizi/kuka_ws/install/kr16_description/lib/pkgconfig/kr16_description.pc'
[1.005s] Level 1:colcon.colcon_core.environment:checking '/home/azizi/kuka_ws/install/kr16_description/lib/python3.8/site-packages'
[1.006s] INFO:colcon.colcon_core.shell:Creating package script '/home/azizi/kuka_ws/install/kr16_description/share/kr16_description/package.ps1'
[1.009s] INFO:colcon.colcon_core.shell:Creating package descriptor '/home/azizi/kuka_ws/install/kr16_description/share/kr16_description/package.dsv'
[1.010s] INFO:colcon.colcon_core.shell:Creating package script '/home/azizi/kuka_ws/install/kr16_description/share/kr16_description/package.sh'
[1.012s] INFO:colcon.colcon_core.shell:Creating package script '/home/azizi/kuka_ws/install/kr16_description/share/kr16_description/package.bash'
[1.013s] INFO:colcon.colcon_core.shell:Creating package script '/home/azizi/kuka_ws/install/kr16_description/share/kr16_description/package.zsh'
[1.014s] Level 1:colcon.colcon_core.environment:create_file_with_runtime_dependencies(/home/azizi/kuka_ws/install/kr16_description/share/colcon-core/packages/kr16_description)
[1.024s] Level 1:colcon.colcon_core.environment:create_environment_scripts_only(kr16_scripts)
[1.028s] Level 1:colcon.colcon_core.environment:checking '/home/azizi/kuka_ws/install/kr16_scripts' for CMake module files
[1.029s] DEBUG:colcon.colcon_core.event_handler.log_command:Invoked command in '/home/azizi/kuka_ws/build/kr16_scripts' returned '0': CMAKE_PREFIX_PATH=/opt/ros/galactic /usr/bin/cmake --install /home/azizi/kuka_ws/build/kr16_scripts
[1.031s] Level 1:colcon.colcon_core.environment:checking '/home/azizi/kuka_ws/install/kr16_scripts' for CMake config files
[1.031s] Level 1:colcon.colcon_core.shell:create_environment_hook('kr16_scripts', 'cmake_prefix_path')
[1.033s] INFO:colcon.colcon_core.shell:Creating environment hook '/home/azizi/kuka_ws/install/kr16_scripts/share/kr16_scripts/hook/cmake_prefix_path.ps1'
[1.036s] INFO:colcon.colcon_core.shell:Creating environment descriptor '/home/azizi/kuka_ws/install/kr16_scripts/share/kr16_scripts/hook/cmake_prefix_path.dsv'
[1.037s] INFO:colcon.colcon_core.shell:Creating environment hook '/home/azizi/kuka_ws/install/kr16_scripts/share/kr16_scripts/hook/cmake_prefix_path.sh'
[1.039s] Level 1:colcon.colcon_core.environment:checking '/home/azizi/kuka_ws/install/kr16_scripts/bin'
[1.039s] Level 1:colcon.colcon_core.environment:checking '/home/azizi/kuka_ws/install/kr16_scripts/lib/pkgconfig/kr16_scripts.pc'
[1.040s] Level 1:colcon.colcon_core.environment:checking '/home/azizi/kuka_ws/install/kr16_scripts/lib/python3.8/site-packages'
[1.042s] INFO:colcon.colcon_core.shell:Creating package script '/home/azizi/kuka_ws/install/kr16_scripts/share/kr16_scripts/package.ps1'
[1.044s] INFO:colcon.colcon_core.shell:Creating package descriptor '/home/azizi/kuka_ws/install/kr16_scripts/share/kr16_scripts/package.dsv'
[1.045s] INFO:colcon.colcon_core.shell:Creating package script '/home/azizi/kuka_ws/install/kr16_scripts/share/kr16_scripts/package.sh'
[1.047s] INFO:colcon.colcon_core.shell:Creating package script '/home/azizi/kuka_ws/install/kr16_scripts/share/kr16_scripts/package.bash'
[1.048s] INFO:colcon.colcon_core.shell:Creating package script '/home/azizi/kuka_ws/install/kr16_scripts/share/kr16_scripts/package.zsh'
[1.049s] Level 1:colcon.colcon_core.environment:create_file_with_runtime_dependencies(/home/azizi/kuka_ws/install/kr16_scripts/share/colcon-core/packages/kr16_scripts)
[1.102s] Level 1:colcon.colcon_core.environment:create_environment_scripts_only(kr16_description)
[1.107s] Level 1:colcon.colcon_core.environment:checking '/home/azizi/kuka_ws/install/kr16_description' for CMake module files
[1.108s] Level 1:colcon.colcon_core.environment:checking '/home/azizi/kuka_ws/install/kr16_description' for CMake config files
[1.109s] Level 1:colcon.colcon_core.shell:create_environment_hook('kr16_description', 'cmake_prefix_path')
[1.111s] INFO:colcon.colcon_core.shell:Creating environment hook '/home/azizi/kuka_ws/install/kr16_description/share/kr16_description/hook/cmake_prefix_path.ps1'
[1.113s] INFO:colcon.colcon_core.shell:Creating environment descriptor '/home/azizi/kuka_ws/install/kr16_description/share/kr16_description/hook/cmake_prefix_path.dsv'
[1.114s] INFO:colcon.colcon_core.shell:Creating environment hook '/home/azizi/kuka_ws/install/kr16_description/share/kr16_description/hook/cmake_prefix_path.sh'
[1.116s] Level 1:colcon.colcon_core.environment:checking '/home/azizi/kuka_ws/install/kr16_description/bin'
[1.116s] Level 1:colcon.colcon_core.environment:checking '/home/azizi/kuka_ws/install/kr16_description/lib/pkgconfig/kr16_description.pc'
[1.116s] Level 1:colcon.colcon_core.environment:checking '/home/azizi/kuka_ws/install/kr16_description/lib/python3.8/site-packages'
[1.117s] INFO:colcon.colcon_core.shell:Creating package script '/home/azizi/kuka_ws/install/kr16_description/share/kr16_description/package.ps1'
[1.118s] INFO:colcon.colcon_core.shell:Creating package descriptor '/home/azizi/kuka_ws/install/kr16_description/share/kr16_description/package.dsv'
[1.119s] INFO:colcon.colcon_core.shell:Creating package script '/home/azizi/kuka_ws/install/kr16_description/share/kr16_description/package.sh'
[1.120s] INFO:colcon.colcon_core.shell:Creating package script '/home/azizi/kuka_ws/install/kr16_description/share/kr16_description/package.bash'
[1.121s] INFO:colcon.colcon_core.shell:Creating package script '/home/azizi/kuka_ws/install/kr16_description/share/kr16_description/package.zsh'
[1.122s] Level 1:colcon.colcon_core.environment:create_file_with_runtime_dependencies(/home/azizi/kuka_ws/install/kr16_description/share/colcon-core/packages/kr16_description)
[1.125s] INFO:colcon.colcon_ros.task.ament_cmake.build:Building ROS package in '/home/azizi/kuka_ws/src/kuka_kr16_moveit_config' with build type 'ament_cmake'
[1.125s] INFO:colcon.colcon_cmake.task.cmake.build:Building CMake package in '/home/azizi/kuka_ws/src/kuka_kr16_moveit_config'
[1.127s] INFO:colcon.colcon_core.shell:Skip shell extension 'powershell' for command environment: Not usable outside of PowerShell
[1.127s] DEBUG:colcon.colcon_core.shell:Skip shell extension 'dsv' for command environment
[1.151s] Level 1:colcon.colcon_core.environment:create_environment_scripts_only(get_pose_client)
[1.154s] Level 1:colcon.colcon_core.environment:checking '/home/azizi/kuka_ws/install/get_pose_client' for CMake module files
[1.156s] Level 1:colcon.colcon_core.environment:checking '/home/azizi/kuka_ws/install/get_pose_client' for CMake config files
[1.156s] Level 1:colcon.colcon_core.shell:create_environment_hook('get_pose_client', 'cmake_prefix_path')
[1.158s] INFO:colcon.colcon_core.shell:Creating environment hook '/home/azizi/kuka_ws/install/get_pose_client/share/get_pose_client/hook/cmake_prefix_path.ps1'
[1.160s] INFO:colcon.colcon_core.shell:Creating environment descriptor '/home/azizi/kuka_ws/install/get_pose_client/share/get_pose_client/hook/cmake_prefix_path.dsv'
[1.161s] INFO:colcon.colcon_core.shell:Creating environment hook '/home/azizi/kuka_ws/install/get_pose_client/share/get_pose_client/hook/cmake_prefix_path.sh'
[1.162s] Level 1:colcon.colcon_core.environment:checking '/home/azizi/kuka_ws/install/get_pose_client/bin'
[1.162s] Level 1:colcon.colcon_core.environment:checking '/home/azizi/kuka_ws/install/get_pose_client/lib/pkgconfig/get_pose_client.pc'
[1.163s] Level 1:colcon.colcon_core.environment:checking '/home/azizi/kuka_ws/install/get_pose_client/lib/python3.8/site-packages'
[1.165s] INFO:colcon.colcon_core.shell:Creating package script '/home/azizi/kuka_ws/install/get_pose_client/share/get_pose_client/package.ps1'
[1.166s] INFO:colcon.colcon_core.shell:Creating package descriptor '/home/azizi/kuka_ws/install/get_pose_client/share/get_pose_client/package.dsv'
[1.168s] INFO:colcon.colcon_core.shell:Creating package script '/home/azizi/kuka_ws/install/get_pose_client/share/get_pose_client/package.sh'
[1.169s] INFO:colcon.colcon_core.shell:Creating package script '/home/azizi/kuka_ws/install/get_pose_client/share/get_pose_client/package.bash'
[1.171s] INFO:colcon.colcon_core.shell:Creating package script '/home/azizi/kuka_ws/install/get_pose_client/share/get_pose_client/package.zsh'
[1.173s] Level 1:colcon.colcon_core.environment:create_file_with_runtime_dependencies(/home/azizi/kuka_ws/install/get_pose_client/share/colcon-core/packages/get_pose_client)
[1.175s] Level 1:colcon.colcon_core.environment:create_environment_scripts_only(kr16_scripts)
[1.179s] Level 1:colcon.colcon_core.environment:checking '/home/azizi/kuka_ws/install/kr16_scripts' for CMake module files
[1.181s] Level 1:colcon.colcon_core.environment:checking '/home/azizi/kuka_ws/install/kr16_scripts' for CMake config files
[1.181s] Level 1:colcon.colcon_core.shell:create_environment_hook('kr16_scripts', 'cmake_prefix_path')
[1.187s] INFO:colcon.colcon_core.shell:Creating environment hook '/home/azizi/kuka_ws/install/kr16_scripts/share/kr16_scripts/hook/cmake_prefix_path.ps1'
[1.189s] INFO:colcon.colcon_core.shell:Creating environment descriptor '/home/azizi/kuka_ws/install/kr16_scripts/share/kr16_scripts/hook/cmake_prefix_path.dsv'
[1.190s] INFO:colcon.colcon_core.shell:Creating environment hook '/home/azizi/kuka_ws/install/kr16_scripts/share/kr16_scripts/hook/cmake_prefix_path.sh'
[1.195s] Level 1:colcon.colcon_core.environment:checking '/home/azizi/kuka_ws/install/kr16_scripts/bin'
[1.196s] Level 1:colcon.colcon_core.environment:checking '/home/azizi/kuka_ws/install/kr16_scripts/lib/pkgconfig/kr16_scripts.pc'
[1.196s] Level 1:colcon.colcon_core.environment:checking '/home/azizi/kuka_ws/install/kr16_scripts/lib/python3.8/site-packages'
[1.198s] INFO:colcon.colcon_core.shell:Creating package script '/home/azizi/kuka_ws/install/kr16_scripts/share/kr16_scripts/package.ps1'
[1.200s] INFO:colcon.colcon_core.shell:Creating package descriptor '/home/azizi/kuka_ws/install/kr16_scripts/share/kr16_scripts/package.dsv'
[1.202s] INFO:colcon.colcon_core.shell:Creating package script '/home/azizi/kuka_ws/install/kr16_scripts/share/kr16_scripts/package.sh'
[1.203s] INFO:colcon.colcon_core.shell:Creating package script '/home/azizi/kuka_ws/install/kr16_scripts/share/kr16_scripts/package.bash'
[1.204s] INFO:colcon.colcon_core.shell:Creating package script '/home/azizi/kuka_ws/install/kr16_scripts/share/kr16_scripts/package.zsh'
[1.205s] Level 1:colcon.colcon_core.environment:create_file_with_runtime_dependencies(/home/azizi/kuka_ws/install/kr16_scripts/share/colcon-core/packages/kr16_scripts)
[1.218s] DEBUG:colcon.colcon_core.event_handler.log_command:Invoking command in '/home/azizi/kuka_ws/build/kuka_kr16_moveit_config': AMENT_PREFIX_PATH=/home/azizi/kuka_ws/install/kr16_description:${AMENT_PREFIX_PATH} CMAKE_PREFIX_PATH=/home/azizi/kuka_ws/install/kr16_description:/opt/ros/galactic /usr/bin/cmake --build /home/azizi/kuka_ws/build/kuka_kr16_moveit_config -- -j4 -l4
[1.383s] DEBUG:colcon.colcon_core.event_handler.log_command:Invoked command in '/home/azizi/kuka_ws/build/kuka_kr16_moveit_config' returned '0': AMENT_PREFIX_PATH=/home/azizi/kuka_ws/install/kr16_description:${AMENT_PREFIX_PATH} CMAKE_PREFIX_PATH=/home/azizi/kuka_ws/install/kr16_description:/opt/ros/galactic /usr/bin/cmake --build /home/azizi/kuka_ws/build/kuka_kr16_moveit_config -- -j4 -l4
[1.557s] DEBUG:colcon.colcon_core.event_handler.log_command:Invoking command in '/home/azizi/kuka_ws/build/kuka_kr16_moveit_config': AMENT_PREFIX_PATH=/home/azizi/kuka_ws/install/kr16_description:${AMENT_PREFIX_PATH} CMAKE_PREFIX_PATH=/home/azizi/kuka_ws/install/kr16_description:/opt/ros/galactic /usr/bin/cmake --install /home/azizi/kuka_ws/build/kuka_kr16_moveit_config
[1.604s] Level 1:colcon.colcon_core.environment:create_environment_scripts_only(kuka_kr16_moveit_config)
[1.607s] Level 1:colcon.colcon_core.environment:checking '/home/azizi/kuka_ws/install/kuka_kr16_moveit_config' for CMake module files
[1.615s] Level 1:colcon.colcon_core.environment:checking '/home/azizi/kuka_ws/install/kuka_kr16_moveit_config' for CMake config files
[1.617s] Level 1:colcon.colcon_core.shell:create_environment_hook('kuka_kr16_moveit_config', 'cmake_prefix_path')
[1.619s] INFO:colcon.colcon_core.shell:Creating environment hook '/home/azizi/kuka_ws/install/kuka_kr16_moveit_config/share/kuka_kr16_moveit_config/hook/cmake_prefix_path.ps1'
[1.620s] INFO:colcon.colcon_core.shell:Creating environment descriptor '/home/azizi/kuka_ws/install/kuka_kr16_moveit_config/share/kuka_kr16_moveit_config/hook/cmake_prefix_path.dsv'
[1.622s] INFO:colcon.colcon_core.shell:Creating environment hook '/home/azizi/kuka_ws/install/kuka_kr16_moveit_config/share/kuka_kr16_moveit_config/hook/cmake_prefix_path.sh'
[1.626s] Level 1:colcon.colcon_core.environment:checking '/home/azizi/kuka_ws/install/kuka_kr16_moveit_config/bin'
[1.627s] Level 1:colcon.colcon_core.environment:checking '/home/azizi/kuka_ws/install/kuka_kr16_moveit_config/lib/pkgconfig/kuka_kr16_moveit_config.pc'
[1.628s] Level 1:colcon.colcon_core.environment:checking '/home/azizi/kuka_ws/install/kuka_kr16_moveit_config/lib/python3.8/site-packages'
[1.627s] DEBUG:colcon.colcon_core.event_handler.log_command:Invoked command in '/home/azizi/kuka_ws/build/kuka_kr16_moveit_config' returned '0': AMENT_PREFIX_PATH=/home/azizi/kuka_ws/install/kr16_description:${AMENT_PREFIX_PATH} CMAKE_PREFIX_PATH=/home/azizi/kuka_ws/install/kr16_description:/opt/ros/galactic /usr/bin/cmake --install /home/azizi/kuka_ws/build/kuka_kr16_moveit_config
[1.630s] INFO:colcon.colcon_core.shell:Creating package script '/home/azizi/kuka_ws/install/kuka_kr16_moveit_config/share/kuka_kr16_moveit_config/package.ps1'
[1.632s] INFO:colcon.colcon_core.shell:Creating package descriptor '/home/azizi/kuka_ws/install/kuka_kr16_moveit_config/share/kuka_kr16_moveit_config/package.dsv'
[1.633s] INFO:colcon.colcon_core.shell:Creating package script '/home/azizi/kuka_ws/install/kuka_kr16_moveit_config/share/kuka_kr16_moveit_config/package.sh'
[1.634s] INFO:colcon.colcon_core.shell:Creating package script '/home/azizi/kuka_ws/install/kuka_kr16_moveit_config/share/kuka_kr16_moveit_config/package.bash'
[1.634s] INFO:colcon.colcon_core.shell:Creating package script '/home/azizi/kuka_ws/install/kuka_kr16_moveit_config/share/kuka_kr16_moveit_config/package.zsh'
[1.635s] Level 1:colcon.colcon_core.environment:create_file_with_runtime_dependencies(/home/azizi/kuka_ws/install/kuka_kr16_moveit_config/share/colcon-core/packages/kuka_kr16_moveit_config)
[1.684s] Level 1:colcon.colcon_core.environment:create_environment_scripts_only(kuka_kr16_moveit_config)
[1.687s] Level 1:colcon.colcon_core.environment:checking '/home/azizi/kuka_ws/install/kuka_kr16_moveit_config' for CMake module files
[1.688s] Level 1:colcon.colcon_core.environment:checking '/home/azizi/kuka_ws/install/kuka_kr16_moveit_config' for CMake config files
[1.689s] Level 1:colcon.colcon_core.shell:create_environment_hook('kuka_kr16_moveit_config', 'cmake_prefix_path')
[1.691s] INFO:colcon.colcon_core.shell:Creating environment hook '/home/azizi/kuka_ws/install/kuka_kr16_moveit_config/share/kuka_kr16_moveit_config/hook/cmake_prefix_path.ps1'
[1.692s] INFO:colcon.colcon_core.shell:Creating environment descriptor '/home/azizi/kuka_ws/install/kuka_kr16_moveit_config/share/kuka_kr16_moveit_config/hook/cmake_prefix_path.dsv'
[1.693s] INFO:colcon.colcon_core.shell:Creating environment hook '/home/azizi/kuka_ws/install/kuka_kr16_moveit_config/share/kuka_kr16_moveit_config/hook/cmake_prefix_path.sh'
[1.694s] Level 1:colcon.colcon_core.environment:checking '/home/azizi/kuka_ws/install/kuka_kr16_moveit_config/bin'
[1.695s] Level 1:colcon.colcon_core.environment:checking '/home/azizi/kuka_ws/install/kuka_kr16_moveit_config/lib/pkgconfig/kuka_kr16_moveit_config.pc'
[1.695s] Level 1:colcon.colcon_core.environment:checking '/home/azizi/kuka_ws/install/kuka_kr16_moveit_config/lib/python3.8/site-packages'
[1.697s] INFO:colcon.colcon_core.shell:Creating package script '/home/azizi/kuka_ws/install/kuka_kr16_moveit_config/share/kuka_kr16_moveit_config/package.ps1'
[1.698s] INFO:colcon.colcon_core.shell:Creating package descriptor '/home/azizi/kuka_ws/install/kuka_kr16_moveit_config/share/kuka_kr16_moveit_config/package.dsv'
[1.699s] INFO:colcon.colcon_core.shell:Creating package script '/home/azizi/kuka_ws/install/kuka_kr16_moveit_config/share/kuka_kr16_moveit_config/package.sh'
[1.700s] INFO:colcon.colcon_core.shell:Creating package script '/home/azizi/kuka_ws/install/kuka_kr16_moveit_config/share/kuka_kr16_moveit_config/package.bash'
[1.702s] INFO:colcon.colcon_core.shell:Creating package script '/home/azizi/kuka_ws/install/kuka_kr16_moveit_config/share/kuka_kr16_moveit_config/package.zsh'
[1.703s] Level 1:colcon.colcon_core.environment:create_file_with_runtime_dependencies(/home/azizi/kuka_ws/install/kuka_kr16_moveit_config/share/colcon-core/packages/kuka_kr16_moveit_config)
[1.755s] DEBUG:colcon.colcon_core.event_handler.log_command:Invoked command in '/home/azizi/kuka_ws/build/rviz_visual_tools' returned '0': CMAKE_PREFIX_PATH=/opt/ros/galactic /usr/bin/cmake --build /home/azizi/kuka_ws/build/rviz_visual_tools -- -j4 -l4
[1.878s] DEBUG:colcon.colcon_core.event_handler.log_command:Invoking command in '/home/azizi/kuka_ws/build/rviz_visual_tools': CMAKE_PREFIX_PATH=/opt/ros/galactic /usr/bin/cmake --install /home/azizi/kuka_ws/build/rviz_visual_tools
[1.920s] Level 1:colcon.colcon_core.environment:create_environment_scripts_only(rviz_visual_tools)
[1.922s] Level 1:colcon.colcon_core.environment:checking '/home/azizi/kuka_ws/install/rviz_visual_tools' for CMake module files
[1.929s] DEBUG:colcon.colcon_core.event_handler.log_command:Invoked command in '/home/azizi/kuka_ws/build/rviz_visual_tools' returned '0': CMAKE_PREFIX_PATH=/opt/ros/galactic /usr/bin/cmake --install /home/azizi/kuka_ws/build/rviz_visual_tools
[1.930s] Level 1:colcon.colcon_core.environment:checking '/home/azizi/kuka_ws/install/rviz_visual_tools' for CMake config files
[1.931s] Level 1:colcon.colcon_core.shell:create_environment_hook('rviz_visual_tools', 'cmake_prefix_path')
[1.932s] INFO:colcon.colcon_core.shell:Creating environment hook '/home/azizi/kuka_ws/install/rviz_visual_tools/share/rviz_visual_tools/hook/cmake_prefix_path.ps1'
[1.933s] INFO:colcon.colcon_core.shell:Creating environment descriptor '/home/azizi/kuka_ws/install/rviz_visual_tools/share/rviz_visual_tools/hook/cmake_prefix_path.dsv'
[1.933s] INFO:colcon.colcon_core.shell:Creating environment hook '/home/azizi/kuka_ws/install/rviz_visual_tools/share/rviz_visual_tools/hook/cmake_prefix_path.sh'
[1.935s] Level 1:colcon.colcon_core.environment:checking '/home/azizi/kuka_ws/install/rviz_visual_tools/lib'
[1.935s] Level 1:colcon.colcon_core.shell:create_environment_hook('rviz_visual_tools', 'ld_library_path_lib')
[1.936s] INFO:colcon.colcon_core.shell:Creating environment hook '/home/azizi/kuka_ws/install/rviz_visual_tools/share/rviz_visual_tools/hook/ld_library_path_lib.ps1'
[1.937s] INFO:colcon.colcon_core.shell:Creating environment descriptor '/home/azizi/kuka_ws/install/rviz_visual_tools/share/rviz_visual_tools/hook/ld_library_path_lib.dsv'
[1.938s] INFO:colcon.colcon_core.shell:Creating environment hook '/home/azizi/kuka_ws/install/rviz_visual_tools/share/rviz_visual_tools/hook/ld_library_path_lib.sh'
[1.938s] Level 1:colcon.colcon_core.environment:checking '/home/azizi/kuka_ws/install/rviz_visual_tools/bin'
[1.939s] Level 1:colcon.colcon_core.environment:checking '/home/azizi/kuka_ws/install/rviz_visual_tools/lib/pkgconfig/rviz_visual_tools.pc'
[1.939s] Level 1:colcon.colcon_core.environment:checking '/home/azizi/kuka_ws/install/rviz_visual_tools/lib/python3.8/site-packages'
[1.940s] INFO:colcon.colcon_core.shell:Creating package script '/home/azizi/kuka_ws/install/rviz_visual_tools/share/rviz_visual_tools/package.ps1'
[1.941s] INFO:colcon.colcon_core.shell:Creating package descriptor '/home/azizi/kuka_ws/install/rviz_visual_tools/share/rviz_visual_tools/package.dsv'
[1.942s] INFO:colcon.colcon_core.shell:Creating package script '/home/azizi/kuka_ws/install/rviz_visual_tools/share/rviz_visual_tools/package.sh'
[1.943s] INFO:colcon.colcon_core.shell:Creating package script '/home/azizi/kuka_ws/install/rviz_visual_tools/share/rviz_visual_tools/package.bash'
[1.944s] INFO:colcon.colcon_core.shell:Creating package script '/home/azizi/kuka_ws/install/rviz_visual_tools/share/rviz_visual_tools/package.zsh'
[1.944s] Level 1:colcon.colcon_core.environment:create_file_with_runtime_dependencies(/home/azizi/kuka_ws/install/rviz_visual_tools/share/colcon-core/packages/rviz_visual_tools)
[2.080s] Level 1:colcon.colcon_core.environment:create_environment_scripts_only(rviz_visual_tools)
[2.082s] Level 1:colcon.colcon_core.environment:checking '/home/azizi/kuka_ws/install/rviz_visual_tools' for CMake module files
[2.083s] Level 1:colcon.colcon_core.environment:checking '/home/azizi/kuka_ws/install/rviz_visual_tools' for CMake config files
[2.084s] Level 1:colcon.colcon_core.shell:create_environment_hook('rviz_visual_tools', 'cmake_prefix_path')
[2.085s] INFO:colcon.colcon_core.shell:Creating environment hook '/home/azizi/kuka_ws/install/rviz_visual_tools/share/rviz_visual_tools/hook/cmake_prefix_path.ps1'
[2.086s] INFO:colcon.colcon_core.shell:Creating environment descriptor '/home/azizi/kuka_ws/install/rviz_visual_tools/share/rviz_visual_tools/hook/cmake_prefix_path.dsv'
[2.086s] INFO:colcon.colcon_core.shell:Creating environment hook '/home/azizi/kuka_ws/install/rviz_visual_tools/share/rviz_visual_tools/hook/cmake_prefix_path.sh'
[2.088s] Level 1:colcon.colcon_core.environment:checking '/home/azizi/kuka_ws/install/rviz_visual_tools/lib'
[2.088s] Level 1:colcon.colcon_core.shell:create_environment_hook('rviz_visual_tools', 'ld_library_path_lib')
[2.089s] INFO:colcon.colcon_core.shell:Creating environment hook '/home/azizi/kuka_ws/install/rviz_visual_tools/share/rviz_visual_tools/hook/ld_library_path_lib.ps1'
[2.089s] INFO:colcon.colcon_core.shell:Creating environment descriptor '/home/azizi/kuka_ws/install/rviz_visual_tools/share/rviz_visual_tools/hook/ld_library_path_lib.dsv'
[2.090s] INFO:colcon.colcon_core.shell:Creating environment hook '/home/azizi/kuka_ws/install/rviz_visual_tools/share/rviz_visual_tools/hook/ld_library_path_lib.sh'
[2.091s] Level 1:colcon.colcon_core.environment:checking '/home/azizi/kuka_ws/install/rviz_visual_tools/bin'
[2.092s] Level 1:colcon.colcon_core.environment:checking '/home/azizi/kuka_ws/install/rviz_visual_tools/lib/pkgconfig/rviz_visual_tools.pc'
[2.092s] Level 1:colcon.colcon_core.environment:checking '/home/azizi/kuka_ws/install/rviz_visual_tools/lib/python3.8/site-packages'
[2.093s] INFO:colcon.colcon_core.shell:Creating package script '/home/azizi/kuka_ws/install/rviz_visual_tools/share/rviz_visual_tools/package.ps1'
[2.094s] INFO:colcon.colcon_core.shell:Creating package descriptor '/home/azizi/kuka_ws/install/rviz_visual_tools/share/rviz_visual_tools/package.dsv'
[2.096s] INFO:colcon.colcon_core.shell:Creating package script '/home/azizi/kuka_ws/install/rviz_visual_tools/share/rviz_visual_tools/package.sh'
[2.097s] INFO:colcon.colcon_core.shell:Creating package script '/home/azizi/kuka_ws/install/rviz_visual_tools/share/rviz_visual_tools/package.bash'
[2.098s] INFO:colcon.colcon_core.shell:Creating package script '/home/azizi/kuka_ws/install/rviz_visual_tools/share/rviz_visual_tools/package.zsh'
[2.099s] Level 1:colcon.colcon_core.environment:create_file_with_runtime_dependencies(/home/azizi/kuka_ws/install/rviz_visual_tools/share/colcon-core/packages/rviz_visual_tools)
[2.100s] INFO:colcon.colcon_ros.task.ament_cmake.build:Building ROS package in '/home/azizi/kuka_ws/src/kr16_grasping' with build type 'ament_cmake'
[2.101s] INFO:colcon.colcon_cmake.task.cmake.build:Building CMake package in '/home/azizi/kuka_ws/src/kr16_grasping'
[2.102s] INFO:colcon.colcon_core.shell:Skip shell extension 'powershell' for command environment: Not usable outside of PowerShell
[2.103s] DEBUG:colcon.colcon_core.shell:Skip shell extension 'dsv' for command environment
[2.135s] DEBUG:colcon.colcon_core.event_handler.log_command:Invoking command in '/home/azizi/kuka_ws/build/kr16_grasping': AMENT_PREFIX_PATH=/home/azizi/kuka_ws/install/rviz_visual_tools:${AMENT_PREFIX_PATH} CMAKE_PREFIX_PATH=/home/azizi/kuka_ws/install/rviz_visual_tools:/opt/ros/galactic LD_LIBRARY_PATH=/home/azizi/kuka_ws/install/rviz_visual_tools/lib:${LD_LIBRARY_PATH} /usr/bin/cmake --build /home/azizi/kuka_ws/build/kr16_grasping -- -j4 -l4
[2.419s] DEBUG:colcon.colcon_core.event_handler.log_command:Invoked command in '/home/azizi/kuka_ws/build/kr16_grasping' returned '0': AMENT_PREFIX_PATH=/home/azizi/kuka_ws/install/rviz_visual_tools:${AMENT_PREFIX_PATH} CMAKE_PREFIX_PATH=/home/azizi/kuka_ws/install/rviz_visual_tools:/opt/ros/galactic LD_LIBRARY_PATH=/home/azizi/kuka_ws/install/rviz_visual_tools/lib:${LD_LIBRARY_PATH} /usr/bin/cmake --build /home/azizi/kuka_ws/build/kr16_grasping -- -j4 -l4
[2.486s] DEBUG:colcon.colcon_core.event_handler.log_command:Invoking command in '/home/azizi/kuka_ws/build/kr16_grasping': AMENT_PREFIX_PATH=/home/azizi/kuka_ws/install/rviz_visual_tools:${AMENT_PREFIX_PATH} CMAKE_PREFIX_PATH=/home/azizi/kuka_ws/install/rviz_visual_tools:/opt/ros/galactic LD_LIBRARY_PATH=/home/azizi/kuka_ws/install/rviz_visual_tools/lib:${LD_LIBRARY_PATH} /usr/bin/cmake --install /home/azizi/kuka_ws/build/kr16_grasping
[2.545s] Level 1:colcon.colcon_core.environment:create_environment_scripts_only(kr16_grasping)
[2.548s] Level 1:colcon.colcon_core.environment:checking '/home/azizi/kuka_ws/install/kr16_grasping' for CMake module files
[2.550s] Level 1:colcon.colcon_core.environment:checking '/home/azizi/kuka_ws/install/kr16_grasping' for CMake config files
[2.551s] Level 1:colcon.colcon_core.shell:create_environment_hook('kr16_grasping', 'cmake_prefix_path')
[2.553s] INFO:colcon.colcon_core.shell:Creating environment hook '/home/azizi/kuka_ws/install/kr16_grasping/share/kr16_grasping/hook/cmake_prefix_path.ps1'
[2.555s] INFO:colcon.colcon_core.shell:Creating environment descriptor '/home/azizi/kuka_ws/install/kr16_grasping/share/kr16_grasping/hook/cmake_prefix_path.dsv'
[2.556s] DEBUG:colcon.colcon_core.event_handler.log_command:Invoked command in '/home/azizi/kuka_ws/build/kr16_grasping' returned '0': AMENT_PREFIX_PATH=/home/azizi/kuka_ws/install/rviz_visual_tools:${AMENT_PREFIX_PATH} CMAKE_PREFIX_PATH=/home/azizi/kuka_ws/install/rviz_visual_tools:/opt/ros/galactic LD_LIBRARY_PATH=/home/azizi/kuka_ws/install/rviz_visual_tools/lib:${LD_LIBRARY_PATH} /usr/bin/cmake --install /home/azizi/kuka_ws/build/kr16_grasping
[2.557s] INFO:colcon.colcon_core.shell:Creating environment hook '/home/azizi/kuka_ws/install/kr16_grasping/share/kr16_grasping/hook/cmake_prefix_path.sh'
[2.558s] Level 1:colcon.colcon_core.environment:checking '/home/azizi/kuka_ws/install/kr16_grasping/lib'
[2.559s] Level 1:colcon.colcon_core.environment:checking '/home/azizi/kuka_ws/install/kr16_grasping/bin'
[2.559s] Level 1:colcon.colcon_core.environment:checking '/home/azizi/kuka_ws/install/kr16_grasping/lib/pkgconfig/kr16_grasping.pc'
[2.559s] Level 1:colcon.colcon_core.environment:checking '/home/azizi/kuka_ws/install/kr16_grasping/lib/python3.8/site-packages'
[2.561s] INFO:colcon.colcon_core.shell:Creating package script '/home/azizi/kuka_ws/install/kr16_grasping/share/kr16_grasping/package.ps1'
[2.562s] INFO:colcon.colcon_core.shell:Creating package descriptor '/home/azizi/kuka_ws/install/kr16_grasping/share/kr16_grasping/package.dsv'
[2.563s] INFO:colcon.colcon_core.shell:Creating package script '/home/azizi/kuka_ws/install/kr16_grasping/share/kr16_grasping/package.sh'
[2.564s] INFO:colcon.colcon_core.shell:Creating package script '/home/azizi/kuka_ws/install/kr16_grasping/share/kr16_grasping/package.bash'
[2.565s] INFO:colcon.colcon_core.shell:Creating package script '/home/azizi/kuka_ws/install/kr16_grasping/share/kr16_grasping/package.zsh'
[2.566s] Level 1:colcon.colcon_core.environment:create_file_with_runtime_dependencies(/home/azizi/kuka_ws/install/kr16_grasping/share/colcon-core/packages/kr16_grasping)
[2.639s] Level 1:colcon.colcon_core.environment:create_environment_scripts_only(kr16_grasping)
[2.645s] Level 1:colcon.colcon_core.environment:checking '/home/azizi/kuka_ws/install/kr16_grasping' for CMake module files
[2.646s] Level 1:colcon.colcon_core.environment:checking '/home/azizi/kuka_ws/install/kr16_grasping' for CMake config files
[2.647s] Level 1:colcon.colcon_core.shell:create_environment_hook('kr16_grasping', 'cmake_prefix_path')
[2.648s] INFO:colcon.colcon_core.shell:Creating environment hook '/home/azizi/kuka_ws/install/kr16_grasping/share/kr16_grasping/hook/cmake_prefix_path.ps1'
[2.650s] INFO:colcon.colcon_core.shell:Creating environment descriptor '/home/azizi/kuka_ws/install/kr16_grasping/share/kr16_grasping/hook/cmake_prefix_path.dsv'
[2.651s] INFO:colcon.colcon_core.shell:Creating environment hook '/home/azizi/kuka_ws/install/kr16_grasping/share/kr16_grasping/hook/cmake_prefix_path.sh'
[2.652s] Level 1:colcon.colcon_core.environment:checking '/home/azizi/kuka_ws/install/kr16_grasping/lib'
[2.653s] Level 1:colcon.colcon_core.environment:checking '/home/azizi/kuka_ws/install/kr16_grasping/bin'
[2.653s] Level 1:colcon.colcon_core.environment:checking '/home/azizi/kuka_ws/install/kr16_grasping/lib/pkgconfig/kr16_grasping.pc'
[2.653s] Level 1:colcon.colcon_core.environment:checking '/home/azizi/kuka_ws/install/kr16_grasping/lib/python3.8/site-packages'
[2.655s] INFO:colcon.colcon_core.shell:Creating package script '/home/azizi/kuka_ws/install/kr16_grasping/share/kr16_grasping/package.ps1'
[2.657s] INFO:colcon.colcon_core.shell:Creating package descriptor '/home/azizi/kuka_ws/install/kr16_grasping/share/kr16_grasping/package.dsv'
[2.659s] INFO:colcon.colcon_core.shell:Creating package script '/home/azizi/kuka_ws/install/kr16_grasping/share/kr16_grasping/package.sh'
[2.660s] INFO:colcon.colcon_core.shell:Creating package script '/home/azizi/kuka_ws/install/kr16_grasping/share/kr16_grasping/package.bash'
[2.661s] INFO:colcon.colcon_core.shell:Creating package script '/home/azizi/kuka_ws/install/kr16_grasping/share/kr16_grasping/package.zsh'
[2.662s] Level 1:colcon.colcon_core.environment:create_file_with_runtime_dependencies(/home/azizi/kuka_ws/install/kr16_grasping/share/colcon-core/packages/kr16_grasping)
[2.663s] DEBUG:colcon.colcon_parallel_executor.executor.parallel:closing loop
[2.664s] DEBUG:colcon.colcon_parallel_executor.executor.parallel:loop closed
[2.665s] DEBUG:colcon.colcon_parallel_executor.executor.parallel:run_until_complete finished with '0'
[2.665s] DEBUG:colcon.colcon_core.event_reactor:joining thread
[2.701s] INFO:colcon.colcon_core.plugin_system:Skipping extension 'colcon_notification.desktop_notification.terminal_notifier': Not used on non-Darwin systems
[2.701s] INFO:colcon.colcon_core.plugin_system:Skipping extension 'colcon_notification.desktop_notification.win32': Not used on non-Windows systems
[2.701s] INFO:colcon.colcon_notification.desktop_notification:Sending desktop notification using 'notify2'
[2.739s] DEBUG:colcon.colcon_core.event_reactor:joined thread
[2.740s] INFO:colcon.colcon_core.shell:Creating prefix script '/home/azizi/kuka_ws/install/local_setup.ps1'
[2.743s] INFO:colcon.colcon_core.shell:Creating prefix util module '/home/azizi/kuka_ws/install/_local_setup_util_ps1.py'
[2.747s] INFO:colcon.colcon_core.shell:Creating prefix chain script '/home/azizi/kuka_ws/install/setup.ps1'
[2.752s] INFO:colcon.colcon_core.shell:Creating prefix script '/home/azizi/kuka_ws/install/local_setup.sh'
[2.754s] INFO:colcon.colcon_core.shell:Creating prefix util module '/home/azizi/kuka_ws/install/_local_setup_util_sh.py'
[2.755s] INFO:colcon.colcon_core.shell:Creating prefix chain script '/home/azizi/kuka_ws/install/setup.sh'
[2.758s] INFO:colcon.colcon_core.shell:Creating prefix script '/home/azizi/kuka_ws/install/local_setup.bash'
[2.760s] INFO:colcon.colcon_core.shell:Creating prefix chain script '/home/azizi/kuka_ws/install/setup.bash'
[2.764s] INFO:colcon.colcon_core.shell:Creating prefix script '/home/azizi/kuka_ws/install/local_setup.zsh'
[2.767s] INFO:colcon.colcon_core.shell:Creating prefix chain script '/home/azizi/kuka_ws/install/setup.zsh'
