[0.055s] Invoking command in '/home/azizi/kuka_ws/build/rviz_visual_tools': CMAKE_PREFIX_PATH=/opt/ros/galactic /usr/bin/cmake --build /home/azizi/kuka_ws/build/rviz_visual_tools -- -j4 -l4
[0.318s] [  2%] [34m[1mAutomatic MOC for target gtest[0m
[0.319s] [  5%] [34m[1mAutomatic MOC for target gtest_main[0m
[0.332s] [  7%] [34m[1mAutomatic MOC for target rviz_visual_tools_gui[0m
[0.367s] [ 10%] [34m[1mAutomatic MOC for target rviz_visual_tools_remote_control[0m
[0.412s] [ 10%] Built target rviz_visual_tools_gui_autogen
[0.415s] [ 10%] Built target gtest_autogen
[0.438s] [ 10%] Built target gtest_main_autogen
[0.447s] [ 10%] Built target rviz_visual_tools_remote_control_autogen
[0.493s] [ 17%] Built target gtest
[0.536s] [ 25%] Built target gtest_main
[0.590s] [ 33%] Built target rviz_visual_tools_remote_control
[0.625s] [ 46%] Built target rviz_visual_tools_gui
[0.655s] [ 48%] [34m[1mAutomatic MOC for target rviz_visual_tools[0m
[0.700s] [ 48%] Built target rviz_visual_tools_autogen
[0.817s] [ 58%] Built target rviz_visual_tools
[0.870s] [ 61%] [34m[1mAutomatic MOC for target rviz_visual_tools_rvt_test[0m
[0.873s] [ 64%] [34m[1mAutomatic MOC for target rviz_visual_tools_demo[0m
[0.890s] [ 66%] [34m[1mAutomatic MOC for target rviz_visual_tools_imarker_simple[0m
[0.946s] [ 66%] Built target rviz_visual_tools_demo_autogen
[0.949s] [ 66%] Built target rviz_visual_tools_rvt_test_autogen
[1.045s] [ 66%] Built target rviz_visual_tools_imarker_simple_autogen
[1.070s] [ 74%] Built target rviz_visual_tools_demo
[1.081s] [ 82%] Built target rviz_visual_tools_rvt_test
[1.143s] [ 89%] Built target rviz_visual_tools_imarker_simple
[1.197s] [ 92%] [34m[1mAutomatic MOC for target rviz_visual_tools_imarker_simple_demo[0m
[1.240s] [ 92%] Built target rviz_visual_tools_imarker_simple_demo_autogen
[1.314s] [100%] Built target rviz_visual_tools_imarker_simple_demo
[1.334s] Invoked command in '/home/azizi/kuka_ws/build/rviz_visual_tools' returned '0': CMAKE_PREFIX_PATH=/opt/ros/galactic /usr/bin/cmake --build /home/azizi/kuka_ws/build/rviz_visual_tools -- -j4 -l4
[1.481s] Invoking command in '/home/azizi/kuka_ws/build/rviz_visual_tools': CMAKE_PREFIX_PATH=/opt/ros/galactic /usr/bin/cmake --install /home/azizi/kuka_ws/build/rviz_visual_tools
[1.504s] -- Install configuration: "Release"
[1.504s] -- Up-to-date: /home/azizi/kuka_ws/install/rviz_visual_tools/share/rviz_visual_tools/plugin_description.xml
[1.505s] -- Up-to-date: /home/azizi/kuka_ws/install/rviz_visual_tools/lib/librviz_visual_tools.so
[1.507s] -- Up-to-date: /home/azizi/kuka_ws/install/rviz_visual_tools/lib/librviz_visual_tools_remote_control.so
[1.510s] -- Up-to-date: /home/azizi/kuka_ws/install/rviz_visual_tools/lib/librviz_visual_tools_gui.so
[1.512s] -- Up-to-date: /home/azizi/kuka_ws/install/rviz_visual_tools/lib/librviz_visual_tools_imarker_simple.so
[1.512s] -- Up-to-date: /home/azizi/kuka_ws/install/rviz_visual_tools/lib/rviz_visual_tools/rviz_visual_tools_demo
[1.513s] -- Up-to-date: /home/azizi/kuka_ws/install/rviz_visual_tools/lib/rviz_visual_tools/rviz_visual_tools_imarker_simple_demo
[1.514s] -- Up-to-date: /home/azizi/kuka_ws/install/rviz_visual_tools/include
[1.514s] -- Up-to-date: /home/azizi/kuka_ws/install/rviz_visual_tools/include/rviz_visual_tools
[1.515s] -- Up-to-date: /home/azizi/kuka_ws/install/rviz_visual_tools/include/rviz_visual_tools/key_tool.hpp
[1.515s] -- Up-to-date: /home/azizi/kuka_ws/install/rviz_visual_tools/include/rviz_visual_tools/imarker_simple.hpp
[1.516s] -- Up-to-date: /home/azizi/kuka_ws/install/rviz_visual_tools/include/rviz_visual_tools/rviz_visual_tools_gui.hpp
[1.517s] -- Up-to-date: /home/azizi/kuka_ws/install/rviz_visual_tools/include/rviz_visual_tools/rviz_visual_tools.hpp
[1.517s] -- Up-to-date: /home/azizi/kuka_ws/install/rviz_visual_tools/include/rviz_visual_tools/tf_visual_tools.hpp
[1.517s] -- Up-to-date: /home/azizi/kuka_ws/install/rviz_visual_tools/include/rviz_visual_tools/remote_reciever.hpp
[1.518s] -- Up-to-date: /home/azizi/kuka_ws/install/rviz_visual_tools/include/rviz_visual_tools/remote_control.hpp
[1.518s] -- Up-to-date: /home/azizi/kuka_ws/install/rviz_visual_tools/share/rviz_visual_tools/launch
[1.519s] -- Up-to-date: /home/azizi/kuka_ws/install/rviz_visual_tools/share/rviz_visual_tools/launch/demo_rviz.launch.py
[1.519s] -- Up-to-date: /home/azizi/kuka_ws/install/rviz_visual_tools/share/rviz_visual_tools/launch/demo.rviz
[1.519s] -- Up-to-date: /home/azizi/kuka_ws/install/rviz_visual_tools/share/rviz_visual_tools/launch/demo_combined.launch.py
[1.519s] -- Up-to-date: /home/azizi/kuka_ws/install/rviz_visual_tools/share/rviz_visual_tools/launch/rvt_test.launch
[1.520s] -- Up-to-date: /home/azizi/kuka_ws/install/rviz_visual_tools/share/rviz_visual_tools/environment/library_path.sh
[1.520s] -- Up-to-date: /home/azizi/kuka_ws/install/rviz_visual_tools/share/rviz_visual_tools/environment/library_path.dsv
[1.520s] -- Up-to-date: /home/azizi/kuka_ws/install/rviz_visual_tools/share/ament_index/resource_index/package_run_dependencies/rviz_visual_tools
[1.520s] -- Up-to-date: /home/azizi/kuka_ws/install/rviz_visual_tools/share/ament_index/resource_index/parent_prefix_path/rviz_visual_tools
[1.521s] -- Up-to-date: /home/azizi/kuka_ws/install/rviz_visual_tools/share/rviz_visual_tools/environment/ament_prefix_path.sh
[1.525s] -- Up-to-date: /home/azizi/kuka_ws/install/rviz_visual_tools/share/rviz_visual_tools/environment/ament_prefix_path.dsv
[1.526s] -- Up-to-date: /home/azizi/kuka_ws/install/rviz_visual_tools/share/rviz_visual_tools/environment/path.sh
[1.526s] -- Up-to-date: /home/azizi/kuka_ws/install/rviz_visual_tools/share/rviz_visual_tools/environment/path.dsv
[1.528s] -- Up-to-date: /home/azizi/kuka_ws/install/rviz_visual_tools/share/rviz_visual_tools/local_setup.bash
[1.529s] -- Up-to-date: /home/azizi/kuka_ws/install/rviz_visual_tools/share/rviz_visual_tools/local_setup.sh
[1.529s] -- Up-to-date: /home/azizi/kuka_ws/install/rviz_visual_tools/share/rviz_visual_tools/local_setup.zsh
[1.530s] -- Up-to-date: /home/azizi/kuka_ws/install/rviz_visual_tools/share/rviz_visual_tools/local_setup.dsv
[1.537s] -- Installing: /home/azizi/kuka_ws/install/rviz_visual_tools/share/rviz_visual_tools/package.dsv
[1.538s] -- Up-to-date: /home/azizi/kuka_ws/install/rviz_visual_tools/share/ament_index/resource_index/packages/rviz_visual_tools
[1.538s] -- Up-to-date: /home/azizi/kuka_ws/install/rviz_visual_tools/share/ament_index/resource_index/rviz_common__pluginlib__plugin/rviz_visual_tools
[1.539s] -- Up-to-date: /home/azizi/kuka_ws/install/rviz_visual_tools/share/rviz_visual_tools/cmake/export_rviz_visual_toolsExport.cmake
[1.539s] -- Up-to-date: /home/azizi/kuka_ws/install/rviz_visual_tools/share/rviz_visual_tools/cmake/export_rviz_visual_toolsExport-release.cmake
[1.540s] -- Up-to-date: /home/azizi/kuka_ws/install/rviz_visual_tools/share/rviz_visual_tools/cmake/ament_cmake_export_targets-extras.cmake
[1.541s] -- Up-to-date: /home/azizi/kuka_ws/install/rviz_visual_tools/share/rviz_visual_tools/cmake/ament_cmake_export_dependencies-extras.cmake
[1.541s] -- Up-to-date: /home/azizi/kuka_ws/install/rviz_visual_tools/share/rviz_visual_tools/cmake/ament_cmake_export_include_directories-extras.cmake
[1.542s] -- Up-to-date: /home/azizi/kuka_ws/install/rviz_visual_tools/share/rviz_visual_tools/cmake/ament_cmake_export_libraries-extras.cmake
[1.545s] -- Up-to-date: /home/azizi/kuka_ws/install/rviz_visual_tools/share/rviz_visual_tools/cmake/rviz_visual_toolsConfig.cmake
[1.545s] -- Up-to-date: /home/azizi/kuka_ws/install/rviz_visual_tools/share/rviz_visual_tools/cmake/rviz_visual_toolsConfig-version.cmake
[1.545s] -- Up-to-date: /home/azizi/kuka_ws/install/rviz_visual_tools/share/rviz_visual_tools/package.xml
[1.546s] Invoked command in '/home/azizi/kuka_ws/build/rviz_visual_tools' returned '0': CMAKE_PREFIX_PATH=/opt/ros/galactic /usr/bin/cmake --install /home/azizi/kuka_ws/build/rviz_visual_tools
