[0.059s] Invoking command in '/home/azizi/kuka_ws/build/kuka_kr16_moveit_config': AMENT_PREFIX_PATH=/home/azizi/kuka_ws/install/kr16_description:${AMENT_PREFIX_PATH} CMAKE_PREFIX_PATH=/home/azizi/kuka_ws/install/kr16_description:/opt/ros/galactic /usr/bin/cmake --build /home/azizi/kuka_ws/build/kuka_kr16_moveit_config -- -j4 -l4
[0.170s] Invoked command in '/home/azizi/kuka_ws/build/kuka_kr16_moveit_config' returned '0': AMENT_PREFIX_PATH=/home/azizi/kuka_ws/install/kr16_description:${AMENT_PREFIX_PATH} CMAKE_PREFIX_PATH=/home/azizi/kuka_ws/install/kr16_description:/opt/ros/galactic /usr/bin/cmake --build /home/azizi/kuka_ws/build/kuka_kr16_moveit_config -- -j4 -l4
[0.289s] Invoking command in '/home/azizi/kuka_ws/build/kuka_kr16_moveit_config': AMENT_PREFIX_PATH=/home/azizi/kuka_ws/install/kr16_description:${AMENT_PREFIX_PATH} CMAKE_PREFIX_PATH=/home/azizi/kuka_ws/install/kr16_description:/opt/ros/galactic /usr/bin/cmake --install /home/azizi/kuka_ws/build/kuka_kr16_moveit_config
[0.339s] -- Install configuration: "Release"
[0.340s] -- Up-to-date: /home/azizi/kuka_ws/install/kuka_kr16_moveit_config/share/ament_index/resource_index/package_run_dependencies/kuka_kr16_moveit_config
[0.341s] -- Up-to-date: /home/azizi/kuka_ws/install/kuka_kr16_moveit_config/share/ament_index/resource_index/parent_prefix_path/kuka_kr16_moveit_config
[0.342s] -- Up-to-date: /home/azizi/kuka_ws/install/kuka_kr16_moveit_config/share/kuka_kr16_moveit_config/environment/ament_prefix_path.sh
[0.342s] -- Up-to-date: /home/azizi/kuka_ws/install/kuka_kr16_moveit_config/share/kuka_kr16_moveit_config/environment/ament_prefix_path.dsv
[0.343s] -- Up-to-date: /home/azizi/kuka_ws/install/kuka_kr16_moveit_config/share/kuka_kr16_moveit_config/environment/path.sh
[0.343s] -- Up-to-date: /home/azizi/kuka_ws/install/kuka_kr16_moveit_config/share/kuka_kr16_moveit_config/environment/path.dsv
[0.343s] -- Up-to-date: /home/azizi/kuka_ws/install/kuka_kr16_moveit_config/share/kuka_kr16_moveit_config/local_setup.bash
[0.344s] -- Up-to-date: /home/azizi/kuka_ws/install/kuka_kr16_moveit_config/share/kuka_kr16_moveit_config/local_setup.sh
[0.344s] -- Up-to-date: /home/azizi/kuka_ws/install/kuka_kr16_moveit_config/share/kuka_kr16_moveit_config/local_setup.zsh
[0.345s] -- Up-to-date: /home/azizi/kuka_ws/install/kuka_kr16_moveit_config/share/kuka_kr16_moveit_config/local_setup.dsv
[0.345s] -- Up-to-date: /home/azizi/kuka_ws/install/kuka_kr16_moveit_config/share/kuka_kr16_moveit_config/package.dsv
[0.345s] -- Up-to-date: /home/azizi/kuka_ws/install/kuka_kr16_moveit_config/share/ament_index/resource_index/packages/kuka_kr16_moveit_config
[0.346s] -- Up-to-date: /home/azizi/kuka_ws/install/kuka_kr16_moveit_config/share/kuka_kr16_moveit_config/cmake/kuka_kr16_moveit_configConfig.cmake
[0.346s] -- Up-to-date: /home/azizi/kuka_ws/install/kuka_kr16_moveit_config/share/kuka_kr16_moveit_config/cmake/kuka_kr16_moveit_configConfig-version.cmake
[0.346s] -- Up-to-date: /home/azizi/kuka_ws/install/kuka_kr16_moveit_config/share/kuka_kr16_moveit_config/package.xml
[0.346s] -- Up-to-date: /home/azizi/kuka_ws/install/kuka_kr16_moveit_config/share/kuka_kr16_moveit_config/launch
[0.346s] -- Up-to-date: /home/azizi/kuka_ws/install/kuka_kr16_moveit_config/share/kuka_kr16_moveit_config/launch/chomp_planning_pipeline.launch.xml
[0.347s] -- Up-to-date: /home/azizi/kuka_ws/install/kuka_kr16_moveit_config/share/kuka_kr16_moveit_config/launch/ros_control_moveit_controller_manager.launch.xml
[0.347s] -- Up-to-date: /home/azizi/kuka_ws/install/kuka_kr16_moveit_config/share/kuka_kr16_moveit_config/launch/demo.launch.py
[0.347s] -- Up-to-date: /home/azizi/kuka_ws/install/kuka_kr16_moveit_config/share/kuka_kr16_moveit_config/launch/kuka_kr16_2_moveit_sensor_manager.launch.xml
[0.347s] -- Up-to-date: /home/azizi/kuka_ws/install/kuka_kr16_moveit_config/share/kuka_kr16_moveit_config/launch/demo.launch
[0.347s] -- Up-to-date: /home/azizi/kuka_ws/install/kuka_kr16_moveit_config/share/kuka_kr16_moveit_config/launch/stomp_planning_pipeline.launch.xml
[0.348s] -- Up-to-date: /home/azizi/kuka_ws/install/kuka_kr16_moveit_config/share/kuka_kr16_moveit_config/launch/move_group.launch
[0.348s] -- Up-to-date: /home/azizi/kuka_ws/install/kuka_kr16_moveit_config/share/kuka_kr16_moveit_config/launch/trajectory_execution.launch.xml
[0.348s] -- Up-to-date: /home/azizi/kuka_ws/install/kuka_kr16_moveit_config/share/kuka_kr16_moveit_config/launch/pilz_industrial_motion_planner_planning_pipeline.launch.xml
[0.348s] -- Up-to-date: /home/azizi/kuka_ws/install/kuka_kr16_moveit_config/share/kuka_kr16_moveit_config/launch/default_warehouse_db.launch
[0.348s] -- Up-to-date: /home/azizi/kuka_ws/install/kuka_kr16_moveit_config/share/kuka_kr16_moveit_config/launch/run_benchmark_ompl.launch
[0.349s] -- Up-to-date: /home/azizi/kuka_ws/install/kuka_kr16_moveit_config/share/kuka_kr16_moveit_config/launch/planning_context.launch
[0.349s] -- Up-to-date: /home/azizi/kuka_ws/install/kuka_kr16_moveit_config/share/kuka_kr16_moveit_config/launch/warehouse_settings.launch.xml
[0.349s] -- Up-to-date: /home/azizi/kuka_ws/install/kuka_kr16_moveit_config/share/kuka_kr16_moveit_config/launch/gazebo.launch
[0.350s] -- Up-to-date: /home/azizi/kuka_ws/install/kuka_kr16_moveit_config/share/kuka_kr16_moveit_config/launch/moveit.rviz
[0.351s] -- Up-to-date: /home/azizi/kuka_ws/install/kuka_kr16_moveit_config/share/kuka_kr16_moveit_config/launch/simple_moveit_controller_manager.launch.xml
[0.351s] -- Up-to-date: /home/azizi/kuka_ws/install/kuka_kr16_moveit_config/share/kuka_kr16_moveit_config/launch/ros_controllers.launch
[0.352s] -- Up-to-date: /home/azizi/kuka_ws/install/kuka_kr16_moveit_config/share/kuka_kr16_moveit_config/launch/demo_gazebo.launch
[0.352s] -- Up-to-date: /home/azizi/kuka_ws/install/kuka_kr16_moveit_config/share/kuka_kr16_moveit_config/launch/planning_pipeline.launch.xml
[0.353s] -- Up-to-date: /home/azizi/kuka_ws/install/kuka_kr16_moveit_config/share/kuka_kr16_moveit_config/launch/warehouse.launch
[0.354s] -- Up-to-date: /home/azizi/kuka_ws/install/kuka_kr16_moveit_config/share/kuka_kr16_moveit_config/launch/fake_moveit_controller_manager.launch.xml
[0.354s] -- Up-to-date: /home/azizi/kuka_ws/install/kuka_kr16_moveit_config/share/kuka_kr16_moveit_config/launch/ompl_planning_pipeline.launch.xml
[0.355s] -- Up-to-date: /home/azizi/kuka_ws/install/kuka_kr16_moveit_config/share/kuka_kr16_moveit_config/launch/sensor_manager.launch.xml
[0.355s] -- Up-to-date: /home/azizi/kuka_ws/install/kuka_kr16_moveit_config/share/kuka_kr16_moveit_config/launch/joystick_control.launch
[0.355s] -- Up-to-date: /home/azizi/kuka_ws/install/kuka_kr16_moveit_config/share/kuka_kr16_moveit_config/launch/ompl-chomp_planning_pipeline.launch.xml
[0.356s] -- Up-to-date: /home/azizi/kuka_ws/install/kuka_kr16_moveit_config/share/kuka_kr16_moveit_config/launch/moveit_rviz.launch
[0.356s] -- Up-to-date: /home/azizi/kuka_ws/install/kuka_kr16_moveit_config/share/kuka_kr16_moveit_config/launch/my_planning_execution.launch.py
[0.357s] -- Up-to-date: /home/azizi/kuka_ws/install/kuka_kr16_moveit_config/share/kuka_kr16_moveit_config/config
[0.358s] -- Up-to-date: /home/azizi/kuka_ws/install/kuka_kr16_moveit_config/share/kuka_kr16_moveit_config/config/kr16_controllers.yaml
[0.358s] -- Up-to-date: /home/azizi/kuka_ws/install/kuka_kr16_moveit_config/share/kuka_kr16_moveit_config/config/initial_positions.yaml
[0.359s] -- Up-to-date: /home/azizi/kuka_ws/install/kuka_kr16_moveit_config/share/kuka_kr16_moveit_config/config/sensors_kinect_pointcloud.yaml
[0.359s] -- Up-to-date: /home/azizi/kuka_ws/install/kuka_kr16_moveit_config/share/kuka_kr16_moveit_config/config/kr16_ros_controllers.yaml
[0.359s] -- Up-to-date: /home/azizi/kuka_ws/install/kuka_kr16_moveit_config/share/kuka_kr16_moveit_config/config/ompl_planning.yaml
[0.360s] -- Up-to-date: /home/azizi/kuka_ws/install/kuka_kr16_moveit_config/share/kuka_kr16_moveit_config/config/fake_controllers.yaml
[0.360s] -- Up-to-date: /home/azizi/kuka_ws/install/kuka_kr16_moveit_config/share/kuka_kr16_moveit_config/config/joint_limits.yaml
[0.360s] -- Up-to-date: /home/azizi/kuka_ws/install/kuka_kr16_moveit_config/share/kuka_kr16_moveit_config/config/stomp_planning.yaml
[0.360s] -- Up-to-date: /home/azizi/kuka_ws/install/kuka_kr16_moveit_config/share/kuka_kr16_moveit_config/config/simple_moveit_controllers.yaml
[0.376s] -- Up-to-date: /home/azizi/kuka_ws/install/kuka_kr16_moveit_config/share/kuka_kr16_moveit_config/config/sensors_kinect_depthmap.yaml
[0.376s] -- Up-to-date: /home/azizi/kuka_ws/install/kuka_kr16_moveit_config/share/kuka_kr16_moveit_config/config/kuka_kr16_2.srdf
[0.376s] -- Up-to-date: /home/azizi/kuka_ws/install/kuka_kr16_moveit_config/share/kuka_kr16_moveit_config/config/lerp_planning.yaml
[0.378s] -- Up-to-date: /home/azizi/kuka_ws/install/kuka_kr16_moveit_config/share/kuka_kr16_moveit_config/config/gazebo_controllers.yaml
[0.378s] -- Up-to-date: /home/azizi/kuka_ws/install/kuka_kr16_moveit_config/share/kuka_kr16_moveit_config/config/chomp_planning.yaml
[0.378s] -- Up-to-date: /home/azizi/kuka_ws/install/kuka_kr16_moveit_config/share/kuka_kr16_moveit_config/config/cartesian_limits.yaml
[0.378s] -- Up-to-date: /home/azizi/kuka_ws/install/kuka_kr16_moveit_config/share/kuka_kr16_moveit_config/config/sensors_3d.yaml
[0.379s] -- Up-to-date: /home/azizi/kuka_ws/install/kuka_kr16_moveit_config/share/kuka_kr16_moveit_config/config/controllers.yaml
[0.379s] -- Up-to-date: /home/azizi/kuka_ws/install/kuka_kr16_moveit_config/share/kuka_kr16_moveit_config/config/ros_controllers.yaml
[0.379s] -- Up-to-date: /home/azizi/kuka_ws/install/kuka_kr16_moveit_config/share/kuka_kr16_moveit_config/config/kinematics.yaml
[0.379s] -- Up-to-date: /home/azizi/kuka_ws/install/kuka_kr16_moveit_config/share/kuka_kr16_moveit_config/config/trajopt_planning.yaml
[0.379s] -- Up-to-date: /home/azizi/kuka_ws/install/kuka_kr16_moveit_config/share/kuka_kr16_moveit_config/config
[0.380s] -- Up-to-date: /home/azizi/kuka_ws/install/kuka_kr16_moveit_config/share/kuka_kr16_moveit_config/config/kr16_controllers.yaml
[0.380s] -- Up-to-date: /home/azizi/kuka_ws/install/kuka_kr16_moveit_config/share/kuka_kr16_moveit_config/config/initial_positions.yaml
[0.380s] -- Up-to-date: /home/azizi/kuka_ws/install/kuka_kr16_moveit_config/share/kuka_kr16_moveit_config/config/sensors_kinect_pointcloud.yaml
[0.380s] -- Up-to-date: /home/azizi/kuka_ws/install/kuka_kr16_moveit_config/share/kuka_kr16_moveit_config/config/kr16_ros_controllers.yaml
[0.380s] -- Up-to-date: /home/azizi/kuka_ws/install/kuka_kr16_moveit_config/share/kuka_kr16_moveit_config/config/ompl_planning.yaml
[0.381s] -- Up-to-date: /home/azizi/kuka_ws/install/kuka_kr16_moveit_config/share/kuka_kr16_moveit_config/config/fake_controllers.yaml
[0.381s] -- Up-to-date: /home/azizi/kuka_ws/install/kuka_kr16_moveit_config/share/kuka_kr16_moveit_config/config/joint_limits.yaml
[0.381s] -- Up-to-date: /home/azizi/kuka_ws/install/kuka_kr16_moveit_config/share/kuka_kr16_moveit_config/config/stomp_planning.yaml
[0.382s] -- Up-to-date: /home/azizi/kuka_ws/install/kuka_kr16_moveit_config/share/kuka_kr16_moveit_config/config/simple_moveit_controllers.yaml
[0.382s] -- Up-to-date: /home/azizi/kuka_ws/install/kuka_kr16_moveit_config/share/kuka_kr16_moveit_config/config/sensors_kinect_depthmap.yaml
[0.382s] -- Up-to-date: /home/azizi/kuka_ws/install/kuka_kr16_moveit_config/share/kuka_kr16_moveit_config/config/kuka_kr16_2.srdf
[0.383s] -- Up-to-date: /home/azizi/kuka_ws/install/kuka_kr16_moveit_config/share/kuka_kr16_moveit_config/config/lerp_planning.yaml
[0.383s] -- Up-to-date: /home/azizi/kuka_ws/install/kuka_kr16_moveit_config/share/kuka_kr16_moveit_config/config/gazebo_controllers.yaml
[0.383s] -- Up-to-date: /home/azizi/kuka_ws/install/kuka_kr16_moveit_config/share/kuka_kr16_moveit_config/config/chomp_planning.yaml
[0.383s] -- Up-to-date: /home/azizi/kuka_ws/install/kuka_kr16_moveit_config/share/kuka_kr16_moveit_config/config/cartesian_limits.yaml
[0.383s] -- Up-to-date: /home/azizi/kuka_ws/install/kuka_kr16_moveit_config/share/kuka_kr16_moveit_config/config/sensors_3d.yaml
[0.384s] -- Up-to-date: /home/azizi/kuka_ws/install/kuka_kr16_moveit_config/share/kuka_kr16_moveit_config/config/controllers.yaml
[0.384s] -- Up-to-date: /home/azizi/kuka_ws/install/kuka_kr16_moveit_config/share/kuka_kr16_moveit_config/config/ros_controllers.yaml
[0.384s] -- Up-to-date: /home/azizi/kuka_ws/install/kuka_kr16_moveit_config/share/kuka_kr16_moveit_config/config/kinematics.yaml
[0.384s] -- Up-to-date: /home/azizi/kuka_ws/install/kuka_kr16_moveit_config/share/kuka_kr16_moveit_config/config/trajopt_planning.yaml
[0.384s] -- Up-to-date: /home/azizi/kuka_ws/install/kuka_kr16_moveit_config/share/kuka_kr16_moveit_config/launch
[0.384s] -- Up-to-date: /home/azizi/kuka_ws/install/kuka_kr16_moveit_config/share/kuka_kr16_moveit_config/launch/chomp_planning_pipeline.launch.xml
[0.385s] -- Up-to-date: /home/azizi/kuka_ws/install/kuka_kr16_moveit_config/share/kuka_kr16_moveit_config/launch/ros_control_moveit_controller_manager.launch.xml
[0.385s] -- Up-to-date: /home/azizi/kuka_ws/install/kuka_kr16_moveit_config/share/kuka_kr16_moveit_config/launch/demo.launch.py
[0.385s] -- Up-to-date: /home/azizi/kuka_ws/install/kuka_kr16_moveit_config/share/kuka_kr16_moveit_config/launch/kuka_kr16_2_moveit_sensor_manager.launch.xml
[0.385s] -- Up-to-date: /home/azizi/kuka_ws/install/kuka_kr16_moveit_config/share/kuka_kr16_moveit_config/launch/demo.launch
[0.386s] -- Up-to-date: /home/azizi/kuka_ws/install/kuka_kr16_moveit_config/share/kuka_kr16_moveit_config/launch/stomp_planning_pipeline.launch.xml
[0.386s] -- Up-to-date: /home/azizi/kuka_ws/install/kuka_kr16_moveit_config/share/kuka_kr16_moveit_config/launch/move_group.launch
[0.386s] -- Up-to-date: /home/azizi/kuka_ws/install/kuka_kr16_moveit_config/share/kuka_kr16_moveit_config/launch/trajectory_execution.launch.xml
[0.387s] -- Up-to-date: /home/azizi/kuka_ws/install/kuka_kr16_moveit_config/share/kuka_kr16_moveit_config/launch/pilz_industrial_motion_planner_planning_pipeline.launch.xml
[0.387s] -- Up-to-date: /home/azizi/kuka_ws/install/kuka_kr16_moveit_config/share/kuka_kr16_moveit_config/launch/default_warehouse_db.launch
[0.387s] -- Up-to-date: /home/azizi/kuka_ws/install/kuka_kr16_moveit_config/share/kuka_kr16_moveit_config/launch/run_benchmark_ompl.launch
[0.387s] -- Up-to-date: /home/azizi/kuka_ws/install/kuka_kr16_moveit_config/share/kuka_kr16_moveit_config/launch/planning_context.launch
[0.387s] -- Up-to-date: /home/azizi/kuka_ws/install/kuka_kr16_moveit_config/share/kuka_kr16_moveit_config/launch/warehouse_settings.launch.xml
[0.388s] -- Up-to-date: /home/azizi/kuka_ws/install/kuka_kr16_moveit_config/share/kuka_kr16_moveit_config/launch/gazebo.launch
[0.388s] -- Up-to-date: /home/azizi/kuka_ws/install/kuka_kr16_moveit_config/share/kuka_kr16_moveit_config/launch/moveit.rviz
[0.388s] -- Up-to-date: /home/azizi/kuka_ws/install/kuka_kr16_moveit_config/share/kuka_kr16_moveit_config/launch/simple_moveit_controller_manager.launch.xml
[0.388s] -- Up-to-date: /home/azizi/kuka_ws/install/kuka_kr16_moveit_config/share/kuka_kr16_moveit_config/launch/ros_controllers.launch
[0.389s] -- Up-to-date: /home/azizi/kuka_ws/install/kuka_kr16_moveit_config/share/kuka_kr16_moveit_config/launch/demo_gazebo.launch
[0.413s] -- Up-to-date: /home/azizi/kuka_ws/install/kuka_kr16_moveit_config/share/kuka_kr16_moveit_config/launch/planning_pipeline.launch.xml
[0.414s] -- Up-to-date: /home/azizi/kuka_ws/install/kuka_kr16_moveit_config/share/kuka_kr16_moveit_config/launch/warehouse.launch
[0.415s] -- Up-to-date: /home/azizi/kuka_ws/install/kuka_kr16_moveit_config/share/kuka_kr16_moveit_config/launch/fake_moveit_controller_manager.launch.xml
[0.415s] -- Up-to-date: /home/azizi/kuka_ws/install/kuka_kr16_moveit_config/share/kuka_kr16_moveit_config/launch/ompl_planning_pipeline.launch.xml
[0.415s] -- Up-to-date: /home/azizi/kuka_ws/install/kuka_kr16_moveit_config/share/kuka_kr16_moveit_config/launch/sensor_manager.launch.xml
[0.415s] -- Up-to-date: /home/azizi/kuka_ws/install/kuka_kr16_moveit_config/share/kuka_kr16_moveit_config/launch/joystick_control.launch
[0.416s] -- Up-to-date: /home/azizi/kuka_ws/install/kuka_kr16_moveit_config/share/kuka_kr16_moveit_config/launch/ompl-chomp_planning_pipeline.launch.xml
[0.416s] -- Up-to-date: /home/azizi/kuka_ws/install/kuka_kr16_moveit_config/share/kuka_kr16_moveit_config/launch/setup_assistant.launch
[0.416s] -- Up-to-date: /home/azizi/kuka_ws/install/kuka_kr16_moveit_config/share/kuka_kr16_moveit_config/launch/moveit_rviz.launch
[0.416s] -- Up-to-date: /home/azizi/kuka_ws/install/kuka_kr16_moveit_config/share/kuka_kr16_moveit_config/launch/my_planning_execution.launch.py
[0.417s] Invoked command in '/home/azizi/kuka_ws/build/kuka_kr16_moveit_config' returned '0': AMENT_PREFIX_PATH=/home/azizi/kuka_ws/install/kr16_description:${AMENT_PREFIX_PATH} CMAKE_PREFIX_PATH=/home/azizi/kuka_ws/install/kr16_description:/opt/ros/galactic /usr/bin/cmake --install /home/azizi/kuka_ws/build/kuka_kr16_moveit_config
