[0.044s] Invoking command in '/home/azizi/kuka_ws/build/kr16_scripts': CMAKE_PREFIX_PATH=/opt/ros/galactic /usr/bin/cmake /home/azizi/kuka_ws/src/kr16_scripts -DCMAKE_BUILD_TYPE=Release -DCMAKE_INSTALL_PREFIX=/home/azizi/kuka_ws/install/kr16_scripts
[0.633s] -- The C compiler identification is GNU 9.4.0
[0.920s] -- The CXX compiler identification is GNU 9.4.0
[0.934s] -- Check for working C compiler: /usr/bin/cc
[1.200s] -- Check for working C compiler: /usr/bin/cc -- works
[1.211s] -- Detecting C compiler ABI info
[1.589s] -- Detecting C compiler ABI info - done
[1.631s] -- Detecting C compile features
[1.632s] -- Detecting C compile features - done
[1.641s] -- Check for working CXX compiler: /usr/bin/c++
[1.978s] -- Check for working CXX compiler: /usr/bin/c++ -- works
[1.984s] -- Detecting CXX compiler ABI info
[2.307s] -- Detecting CXX compiler ABI info - done
[2.376s] -- Detecting CXX compile features
[2.376s] -- Detecting CXX compile features - done
[2.404s] -- Found ament_cmake: 1.1.5 (/opt/ros/galactic/share/ament_cmake/cmake)
[2.509s] -- Found PythonInterp: /usr/bin/python3 (found suitable version "3.8.10", minimum required is "3") 
[2.510s] -- Using PYTHON_EXECUTABLE: /usr/bin/python3
[2.883s] -- Found ament_lint_auto: 0.10.6 (/opt/ros/galactic/share/ament_lint_auto/cmake)
[3.176s] -- Added test 'copyright' to check source files copyright and LICENSE
[3.179s] -- Added test 'cppcheck' to perform static code analysis on C / C++ code
[3.179s] -- Configured cppcheck include dirs: 
[3.179s] -- Configured cppcheck exclude dirs and/or files: 
[3.182s] -- Added test 'cpplint' to check C / C++ code against the Google style
[3.183s] -- Configured cpplint exclude dirs and/or files: 
[3.186s] -- Added test 'lint_cmake' to check CMake code style
[3.191s] -- Added test 'uncrustify' to check C / C++ code style
[3.192s] -- Configured uncrustify additional arguments: 
[3.194s] -- Added test 'xmllint' to check XML markup files
[3.209s] -- Configuring done
[3.210s] -- Generating done
[3.213s] -- Build files have been written to: /home/azizi/kuka_ws/build/kr16_scripts
[3.228s] Invoked command in '/home/azizi/kuka_ws/build/kr16_scripts' returned '0': CMAKE_PREFIX_PATH=/opt/ros/galactic /usr/bin/cmake /home/azizi/kuka_ws/src/kr16_scripts -DCMAKE_BUILD_TYPE=Release -DCMAKE_INSTALL_PREFIX=/home/azizi/kuka_ws/install/kr16_scripts
[3.230s] Invoking command in '/home/azizi/kuka_ws/build/kr16_scripts': CMAKE_PREFIX_PATH=/opt/ros/galactic /usr/bin/cmake --build /home/azizi/kuka_ws/build/kr16_scripts -- -j4 -l4
[3.512s] Invoked command in '/home/azizi/kuka_ws/build/kr16_scripts' returned '0': CMAKE_PREFIX_PATH=/opt/ros/galactic /usr/bin/cmake --build /home/azizi/kuka_ws/build/kr16_scripts -- -j4 -l4
[3.633s] Invoking command in '/home/azizi/kuka_ws/build/kr16_scripts': CMAKE_PREFIX_PATH=/opt/ros/galactic /usr/bin/cmake --install /home/azizi/kuka_ws/build/kr16_scripts
[3.687s] -- Install configuration: "Release"
[3.688s] -- Installing: /home/azizi/kuka_ws/install/kr16_scripts/share/ament_index/resource_index/package_run_dependencies/kr16_scripts
[3.688s] -- Installing: /home/azizi/kuka_ws/install/kr16_scripts/share/ament_index/resource_index/parent_prefix_path/kr16_scripts
[3.689s] -- Installing: /home/azizi/kuka_ws/install/kr16_scripts/share/kr16_scripts/environment/ament_prefix_path.sh
[3.690s] -- Installing: /home/azizi/kuka_ws/install/kr16_scripts/share/kr16_scripts/environment/ament_prefix_path.dsv
[3.690s] -- Installing: /home/azizi/kuka_ws/install/kr16_scripts/share/kr16_scripts/environment/path.sh
[3.695s] -- Installing: /home/azizi/kuka_ws/install/kr16_scripts/share/kr16_scripts/environment/path.dsv
[3.695s] -- Installing: /home/azizi/kuka_ws/install/kr16_scripts/share/kr16_scripts/local_setup.bash
[3.696s] -- Installing: /home/azizi/kuka_ws/install/kr16_scripts/share/kr16_scripts/local_setup.sh
[3.696s] -- Installing: /home/azizi/kuka_ws/install/kr16_scripts/share/kr16_scripts/local_setup.zsh
[3.696s] -- Installing: /home/azizi/kuka_ws/install/kr16_scripts/share/kr16_scripts/local_setup.dsv
[3.696s] -- Installing: /home/azizi/kuka_ws/install/kr16_scripts/share/kr16_scripts/package.dsv
[3.696s] -- Installing: /home/azizi/kuka_ws/install/kr16_scripts/share/ament_index/resource_index/packages/kr16_scripts
[3.696s] -- Installing: /home/azizi/kuka_ws/install/kr16_scripts/share/kr16_scripts/cmake/kr16_scriptsConfig.cmake
[3.696s] -- Installing: /home/azizi/kuka_ws/install/kr16_scripts/share/kr16_scripts/cmake/kr16_scriptsConfig-version.cmake
[3.697s] -- Installing: /home/azizi/kuka_ws/install/kr16_scripts/share/kr16_scripts/package.xml
[3.768s] Invoked command in '/home/azizi/kuka_ws/build/kr16_scripts' returned '0': CMAKE_PREFIX_PATH=/opt/ros/galactic /usr/bin/cmake --install /home/azizi/kuka_ws/build/kr16_scripts
